[1.399s] Invoking command in '/home/mike54pfeiffer/Desktop/School/ROB599/ROB599_ws/build/rob599_msgs': CMAKE_PREFIX_PATH=${CMAKE_PREFIX_PATH}:/opt/ros/jazzy DEBUGINFOD_URLS=https://debuginfod.ubuntu.com /usr/bin/cmake --build /home/mike54pfeiffer/Desktop/School/ROB599/ROB599_ws/build/rob599_msgs -- -j12 -l12
[1.544s] [  1%] Built target rob599_msgs__rosidl_generator_type_description
[1.583s] [  1%] Built target ament_cmake_python_copy_rob599_msgs
[1.603s] [  3%] Built target rob599_msgs__cpp
[1.615s] [ 25%] Built target rob599_msgs__rosidl_generator_c
[1.693s] [ 43%] Built target rob599_msgs__rosidl_typesupport_introspection_c
[1.694s] [ 43%] Built target rob599_msgs__rosidl_typesupport_c
[1.701s] [ 62%] Built target rob599_msgs__rosidl_typesupport_introspection_cpp
[1.702s] [ 62%] Built target rob599_msgs__rosidl_typesupport_cpp
[1.704s] [ 71%] Built target rob599_msgs__rosidl_typesupport_fastrtps_cpp
[1.706s] [ 81%] Built target rob599_msgs__rosidl_typesupport_fastrtps_c
[1.759s] [ 81%] Built target rob599_msgs
[1.811s] [ 82%] Built target rob599_msgs__py
[1.879s] [ 90%] Built target rob599_msgs__rosidl_generator_py
[1.946s] [ 93%] Built target rob599_msgs_s__rosidl_typesupport_introspection_c
[1.948s] [ 96%] Built target rob599_msgs_s__rosidl_typesupport_c
[1.951s] [100%] Built target rob599_msgs_s__rosidl_typesupport_fastrtps_c
[2.286s] running egg_info
[2.361s] writing rob599_msgs.egg-info/PKG-INFO
[2.361s] writing dependency_links to rob599_msgs.egg-info/dependency_links.txt
[2.362s] writing top-level names to rob599_msgs.egg-info/top_level.txt
[2.592s] reading manifest file 'rob599_msgs.egg-info/SOURCES.txt'
[2.593s] writing manifest file 'rob599_msgs.egg-info/SOURCES.txt'
[2.661s] [100%] Built target ament_cmake_python_build_rob599_msgs_egg
