[1.357s] Invoking command in '/home/mike54pfeiffer/Desktop/School/ROB599/ROB599_ws/src/hw2': DEBUGINFOD_URLS=https://debuginfod.ubuntu.com PYTHONPATH=/home/mike54pfeiffer/Desktop/School/ROB599/ROB599_ws/build/hw2/prefix_override:/usr/lib/python3/dist-packages/colcon_core/task/python/colcon_distutils_commands:/home/mike54pfeiffer/Desktop/School/ROB599/ROB599_ws/install/hw2/lib/python3.12/site-packages:${PYTHONPATH} /usr/bin/python3 -W ignore:setup.py install is deprecated -W ignore:easy_install command is deprecated setup.py egg_info --egg-base ../../build/hw2 build --build-base /home/mike54pfeiffer/Desktop/School/ROB599/ROB599_ws/build/hw2/build install --record /home/mike54pfeiffer/Desktop/School/ROB599/ROB599_ws/build/hw2/install.log --single-version-externally-managed install_data
[1.643s] running egg_info
[1.668s] writing ../../build/hw2/hw2.egg-info/PKG-INFO
[1.677s] writing dependency_links to ../../build/hw2/hw2.egg-info/dependency_links.txt
[1.677s] writing entry points to ../../build/hw2/hw2.egg-info/entry_points.txt
[1.677s] writing requirements to ../../build/hw2/hw2.egg-info/requires.txt
[1.678s] writing top-level names to ../../build/hw2/hw2.egg-info/top_level.txt
[1.728s] reading manifest file '../../build/hw2/hw2.egg-info/SOURCES.txt'
[1.728s] adding license file 'LICENSE'
[1.729s] writing manifest file '../../build/hw2/hw2.egg-info/SOURCES.txt'
[1.729s] running build
[1.729s] running build_py
[1.729s] copying hw2/oscope.py -> /home/mike54pfeiffer/Desktop/School/ROB599/ROB599_ws/build/hw2/build/lib/hw2
[1.730s] running install
[1.735s] running install_lib
[1.759s] copying /home/mike54pfeiffer/Desktop/School/ROB599/ROB599_ws/build/hw2/build/lib/hw2/oscope.py -> /home/mike54pfeiffer/Desktop/School/ROB599/ROB599_ws/install/hw2/lib/python3.12/site-packages/hw2
[1.760s] byte-compiling /home/mike54pfeiffer/Desktop/School/ROB599/ROB599_ws/install/hw2/lib/python3.12/site-packages/hw2/oscope.py to oscope.cpython-312.pyc
[1.761s] running install_data
[1.761s] running install_egg_info
[1.785s] Copying ../../build/hw2/hw2.egg-info to /home/mike54pfeiffer/Desktop/School/ROB599/ROB599_ws/install/hw2/lib/python3.12/site-packages/hw2-0.0.1-py3.12.egg-info
[1.786s] running install_scripts
[1.947s] Installing fast_wave script to /home/mike54pfeiffer/Desktop/School/ROB599/ROB599_ws/install/hw2/lib/hw2
[1.947s] Installing oscope script to /home/mike54pfeiffer/Desktop/School/ROB599/ROB599_ws/install/hw2/lib/hw2
[1.948s] Installing slow_wave script to /home/mike54pfeiffer/Desktop/School/ROB599/ROB599_ws/install/hw2/lib/hw2
[1.948s] writing list of installed files to '/home/mike54pfeiffer/Desktop/School/ROB599/ROB599_ws/build/hw2/install.log'
[1.994s] Invoked command in '/home/mike54pfeiffer/Desktop/School/ROB599/ROB599_ws/src/hw2' returned '0': DEBUGINFOD_URLS=https://debuginfod.ubuntu.com PYTHONPATH=/home/mike54pfeiffer/Desktop/School/ROB599/ROB599_ws/build/hw2/prefix_override:/usr/lib/python3/dist-packages/colcon_core/task/python/colcon_distutils_commands:/home/mike54pfeiffer/Desktop/School/ROB599/ROB599_ws/install/hw2/lib/python3.12/site-packages:${PYTHONPATH} /usr/bin/python3 -W ignore:setup.py install is deprecated -W ignore:easy_install command is deprecated setup.py egg_info --egg-base ../../build/hw2 build --build-base /home/mike54pfeiffer/Desktop/School/ROB599/ROB599_ws/build/hw2/build install --record /home/mike54pfeiffer/Desktop/School/ROB599/ROB599_ws/build/hw2/install.log --single-version-externally-managed install_data
