[1.601s] Invoking command in '/home/mike54pfeiffer/Desktop/School/ROB599/ROB599_ws/src/hw2': DEBUGINFOD_URLS=https://debuginfod.ubuntu.com PYTHONPATH=/home/mike54pfeiffer/Desktop/School/ROB599/ROB599_ws/build/hw2/prefix_override:/usr/lib/python3/dist-packages/colcon_core/task/python/colcon_distutils_commands:/home/mike54pfeiffer/Desktop/School/ROB599/ROB599_ws/install/hw2/lib/python3.12/site-packages:${PYTHONPATH} /usr/bin/python3 -W ignore:setup.py install is deprecated -W ignore:easy_install command is deprecated setup.py egg_info --egg-base ../../build/hw2 build --build-base /home/mike54pfeiffer/Desktop/School/ROB599/ROB599_ws/build/hw2/build install --record /home/mike54pfeiffer/Desktop/School/ROB599/ROB599_ws/build/hw2/install.log --single-version-externally-managed install_data
[1.924s] running egg_info
[1.948s] writing ../../build/hw2/hw2.egg-info/PKG-INFO
[1.948s] writing dependency_links to ../../build/hw2/hw2.egg-info/dependency_links.txt
[1.948s] writing entry points to ../../build/hw2/hw2.egg-info/entry_points.txt
[1.948s] writing requirements to ../../build/hw2/hw2.egg-info/requires.txt
[1.948s] writing top-level names to ../../build/hw2/hw2.egg-info/top_level.txt
[1.996s] reading manifest file '../../build/hw2/hw2.egg-info/SOURCES.txt'
[1.996s] adding license file 'LICENSE'
[1.997s] writing manifest file '../../build/hw2/hw2.egg-info/SOURCES.txt'
[1.997s] running build
[1.997s] running build_py
[1.997s] running install
[2.003s] running install_lib
[2.033s] running install_data
[2.033s] running install_egg_info
[2.059s] removing '/home/mike54pfeiffer/Desktop/School/ROB599/ROB599_ws/install/hw2/lib/python3.12/site-packages/hw2-0.0.1-py3.12.egg-info' (and everything under it)
[2.059s] Copying ../../build/hw2/hw2.egg-info to /home/mike54pfeiffer/Desktop/School/ROB599/ROB599_ws/install/hw2/lib/python3.12/site-packages/hw2-0.0.1-py3.12.egg-info
[2.060s] running install_scripts
[2.231s] Installing fast_wave script to /home/mike54pfeiffer/Desktop/School/ROB599/ROB599_ws/install/hw2/lib/hw2
[2.232s] Installing limiter script to /home/mike54pfeiffer/Desktop/School/ROB599/ROB599_ws/install/hw2/lib/hw2
[2.232s] Installing oscope script to /home/mike54pfeiffer/Desktop/School/ROB599/ROB599_ws/install/hw2/lib/hw2
[2.232s] Installing slow_wave script to /home/mike54pfeiffer/Desktop/School/ROB599/ROB599_ws/install/hw2/lib/hw2
[2.233s] writing list of installed files to '/home/mike54pfeiffer/Desktop/School/ROB599/ROB599_ws/build/hw2/install.log'
[2.283s] Invoked command in '/home/mike54pfeiffer/Desktop/School/ROB599/ROB599_ws/src/hw2' returned '0': DEBUGINFOD_URLS=https://debuginfod.ubuntu.com PYTHONPATH=/home/mike54pfeiffer/Desktop/School/ROB599/ROB599_ws/build/hw2/prefix_override:/usr/lib/python3/dist-packages/colcon_core/task/python/colcon_distutils_commands:/home/mike54pfeiffer/Desktop/School/ROB599/ROB599_ws/install/hw2/lib/python3.12/site-packages:${PYTHONPATH} /usr/bin/python3 -W ignore:setup.py install is deprecated -W ignore:easy_install command is deprecated setup.py egg_info --egg-base ../../build/hw2 build --build-base /home/mike54pfeiffer/Desktop/School/ROB599/ROB599_ws/build/hw2/build install --record /home/mike54pfeiffer/Desktop/School/ROB599/ROB599_ws/build/hw2/install.log --single-version-externally-managed install_data
