running egg_info
writing ../../build/hw4/hw4.egg-info/PKG-INFO
writing dependency_links to ../../build/hw4/hw4.egg-info/dependency_links.txt
writing entry points to ../../build/hw4/hw4.egg-info/entry_points.txt
writing requirements to ../../build/hw4/hw4.egg-info/requires.txt
writing top-level names to ../../build/hw4/hw4.egg-info/top_level.txt
reading manifest file '../../build/hw4/hw4.egg-info/SOURCES.txt'
adding license file 'LICENSE'
writing manifest file '../../build/hw4/hw4.egg-info/SOURCES.txt'
running build
running build_py
running install
running install_lib
running install_data
creating /home/mike54pfeiffer/Desktop/School/ROB599/ROB599_ws/install/hw4/share/hw4/launch
copying launch/wave.py -> /home/mike54pfeiffer/Desktop/School/ROB599/ROB599_ws/install/hw4/share/hw4/launch
running install_egg_info
removing '/home/mike54pfeiffer/Desktop/School/ROB599/ROB599_ws/install/hw4/lib/python3.12/site-packages/hw4-0.0.1-py3.12.egg-info' (and everything under it)
Copying ../../build/hw4/hw4.egg-info to /home/mike54pfeiffer/Desktop/School/ROB599/ROB599_ws/install/hw4/lib/python3.12/site-packages/hw4-0.0.1-py3.12.egg-info
running install_scripts
Installing limiter script to /home/mike54pfeiffer/Desktop/School/ROB599/ROB599_ws/install/hw4/lib/hw4
Installing oscope script to /home/mike54pfeiffer/Desktop/School/ROB599/ROB599_ws/install/hw4/lib/hw4
writing list of installed files to '/home/mike54pfeiffer/Desktop/School/ROB599/ROB599_ws/build/hw4/install.log'
