[0.036s] Invoking command in '/home/mike54pfeiffer/Desktop/School/ROB599/ROB599_ws/build/hw4_interfaces': CMAKE_PREFIX_PATH=${CMAKE_PREFIX_PATH}:/home/mike54pfeiffer/Desktop/School/ROB599/ROB599_ws/install/rob599_basic:/home/mike54pfeiffer/Desktop/School/ROB599/ROB599_ws/install/hw4:/home/mike54pfeiffer/Desktop/School/ROB599/ROB599_ws/install/hw3:/home/mike54pfeiffer/Desktop/School/ROB599/ROB599_ws/install/hw2:/opt/ros/jazzy DEBUGINFOD_URLS=https://debuginfod.ubuntu.com /usr/bin/cmake --build /home/mike54pfeiffer/Desktop/School/ROB599/ROB599_ws/build/hw4_interfaces -- -j12 -l12
[0.726s] [  2%] Built target hw4_interfaces__rosidl_generator_type_description
[0.727s] [  2%] Built target ament_cmake_python_copy_hw4_interfaces
[0.727s] [  5%] Built target hw4_interfaces__cpp
[0.727s] [ 20%] Built target hw4_interfaces__rosidl_generator_c
[0.727s] [ 29%] Built target hw4_interfaces__rosidl_typesupport_introspection_cpp
[0.727s] [ 47%] Built target hw4_interfaces__rosidl_typesupport_fastrtps_c
[0.727s] [ 47%] Built target hw4_interfaces__rosidl_typesupport_fastrtps_cpp
[0.727s] [ 55%] Built target hw4_interfaces__rosidl_typesupport_cpp
[0.728s] [ 64%] Built target hw4_interfaces__rosidl_typesupport_introspection_c
[0.728s] [ 73%] Built target hw4_interfaces__rosidl_typesupport_c
[0.728s] [ 73%] Built target hw4_interfaces
[0.728s] [ 76%] Built target hw4_interfaces__py
[0.728s] [ 82%] Built target hw4_interfaces__rosidl_generator_py
[0.728s] [ 94%] Built target hw4_interfaces_s__rosidl_typesupport_fastrtps_c
[0.728s] [ 94%] Built target hw4_interfaces_s__rosidl_typesupport_introspection_c
[0.729s] [100%] Built target hw4_interfaces_s__rosidl_typesupport_c
[0.729s] running egg_info
[0.729s] writing hw4_interfaces.egg-info/PKG-INFO
[0.729s] writing dependency_links to hw4_interfaces.egg-info/dependency_links.txt
[0.729s] writing top-level names to hw4_interfaces.egg-info/top_level.txt
[0.729s] reading manifest file 'hw4_interfaces.egg-info/SOURCES.txt'
[0.730s] writing manifest file 'hw4_interfaces.egg-info/SOURCES.txt'
[0.730s] [100%] Built target ament_cmake_python_build_hw4_interfaces_egg
[0.744s] Invoked command in '/home/mike54pfeiffer/Desktop/School/ROB599/ROB599_ws/build/hw4_interfaces' returned '0': CMAKE_PREFIX_PATH=${CMAKE_PREFIX_PATH}:/home/mike54pfeiffer/Desktop/School/ROB599/ROB599_ws/install/rob599_basic:/home/mike54pfeiffer/Desktop/School/ROB599/ROB599_ws/install/hw4:/home/mike54pfeiffer/Desktop/School/ROB599/ROB599_ws/install/hw3:/home/mike54pfeiffer/Desktop/School/ROB599/ROB599_ws/install/hw2:/opt/ros/jazzy DEBUGINFOD_URLS=https://debuginfod.ubuntu.com /usr/bin/cmake --build /home/mike54pfeiffer/Desktop/School/ROB599/ROB599_ws/build/hw4_interfaces -- -j12 -l12
[0.745s] Invoking command in '/home/mike54pfeiffer/Desktop/School/ROB599/ROB599_ws/build/hw4_interfaces': CMAKE_PREFIX_PATH=${CMAKE_PREFIX_PATH}:/home/mike54pfeiffer/Desktop/School/ROB599/ROB599_ws/install/rob599_basic:/home/mike54pfeiffer/Desktop/School/ROB599/ROB599_ws/install/hw4:/home/mike54pfeiffer/Desktop/School/ROB599/ROB599_ws/install/hw3:/home/mike54pfeiffer/Desktop/School/ROB599/ROB599_ws/install/hw2:/opt/ros/jazzy DEBUGINFOD_URLS=https://debuginfod.ubuntu.com /usr/bin/cmake --install /home/mike54pfeiffer/Desktop/School/ROB599/ROB599_ws/build/hw4_interfaces
[0.758s] -- Install configuration: ""
[0.761s] -- Up-to-date: /home/mike54pfeiffer/Desktop/School/ROB599/ROB599_ws/install/hw4_interfaces/share/ament_index/resource_index/rosidl_interfaces/hw4_interfaces
[0.762s] -- Up-to-date: /home/mike54pfeiffer/Desktop/School/ROB599/ROB599_ws/install/hw4_interfaces/share/hw4_interfaces/action/RocketLaunch.json
[0.762s] -- Up-to-date: /home/mike54pfeiffer/Desktop/School/ROB599/ROB599_ws/install/hw4_interfaces/include/hw4_interfaces/hw4_interfaces
[0.762s] -- Up-to-date: /home/mike54pfeiffer/Desktop/School/ROB599/ROB599_ws/install/hw4_interfaces/include/hw4_interfaces/hw4_interfaces/action
[0.762s] -- Up-to-date: /home/mike54pfeiffer/Desktop/School/ROB599/ROB599_ws/install/hw4_interfaces/include/hw4_interfaces/hw4_interfaces/action/rocket_launch.h
[0.762s] -- Up-to-date: /home/mike54pfeiffer/Desktop/School/ROB599/ROB599_ws/install/hw4_interfaces/include/hw4_interfaces/hw4_interfaces/action/detail
[0.762s] -- Up-to-date: /home/mike54pfeiffer/Desktop/School/ROB599/ROB599_ws/install/hw4_interfaces/include/hw4_interfaces/hw4_interfaces/action/detail/rocket_launch__struct.h
[0.763s] -- Up-to-date: /home/mike54pfeiffer/Desktop/School/ROB599/ROB599_ws/install/hw4_interfaces/include/hw4_interfaces/hw4_interfaces/action/detail/rocket_launch__functions.c
[0.763s] -- Up-to-date: /home/mike54pfeiffer/Desktop/School/ROB599/ROB599_ws/install/hw4_interfaces/include/hw4_interfaces/hw4_interfaces/action/detail/rocket_launch__functions.h
[0.763s] -- Up-to-date: /home/mike54pfeiffer/Desktop/School/ROB599/ROB599_ws/install/hw4_interfaces/include/hw4_interfaces/hw4_interfaces/action/detail/rocket_launch__type_support.h
[0.763s] -- Up-to-date: /home/mike54pfeiffer/Desktop/School/ROB599/ROB599_ws/install/hw4_interfaces/include/hw4_interfaces/hw4_interfaces/action/detail/rocket_launch__type_support.c
[0.763s] -- Up-to-date: /home/mike54pfeiffer/Desktop/School/ROB599/ROB599_ws/install/hw4_interfaces/include/hw4_interfaces/hw4_interfaces/action/detail/rocket_launch__description.c
[0.763s] -- Up-to-date: /home/mike54pfeiffer/Desktop/School/ROB599/ROB599_ws/install/hw4_interfaces/include/hw4_interfaces/hw4_interfaces/msg
[0.763s] -- Up-to-date: /home/mike54pfeiffer/Desktop/School/ROB599/ROB599_ws/install/hw4_interfaces/include/hw4_interfaces/hw4_interfaces/msg/rosidl_generator_c__visibility_control.h
[0.763s] -- Up-to-date: /home/mike54pfeiffer/Desktop/School/ROB599/ROB599_ws/install/hw4_interfaces/share/hw4_interfaces/environment/library_path.sh
[0.763s] -- Up-to-date: /home/mike54pfeiffer/Desktop/School/ROB599/ROB599_ws/install/hw4_interfaces/share/hw4_interfaces/environment/library_path.dsv
[0.763s] -- Up-to-date: /home/mike54pfeiffer/Desktop/School/ROB599/ROB599_ws/install/hw4_interfaces/lib/libhw4_interfaces__rosidl_generator_c.so
[0.763s] -- Up-to-date: /home/mike54pfeiffer/Desktop/School/ROB599/ROB599_ws/install/hw4_interfaces/include/hw4_interfaces/hw4_interfaces
[0.764s] -- Up-to-date: /home/mike54pfeiffer/Desktop/School/ROB599/ROB599_ws/install/hw4_interfaces/include/hw4_interfaces/hw4_interfaces/action
[0.764s] -- Up-to-date: /home/mike54pfeiffer/Desktop/School/ROB599/ROB599_ws/install/hw4_interfaces/include/hw4_interfaces/hw4_interfaces/action/detail
[0.764s] -- Up-to-date: /home/mike54pfeiffer/Desktop/School/ROB599/ROB599_ws/install/hw4_interfaces/include/hw4_interfaces/hw4_interfaces/action/detail/rocket_launch__rosidl_typesupport_fastrtps_c.h
[0.764s] -- Up-to-date: /home/mike54pfeiffer/Desktop/School/ROB599/ROB599_ws/install/hw4_interfaces/include/hw4_interfaces/hw4_interfaces/msg
[0.764s] -- Up-to-date: /home/mike54pfeiffer/Desktop/School/ROB599/ROB599_ws/install/hw4_interfaces/include/hw4_interfaces/hw4_interfaces/msg/rosidl_typesupport_fastrtps_c__visibility_control.h
[0.764s] -- Up-to-date: /home/mike54pfeiffer/Desktop/School/ROB599/ROB599_ws/install/hw4_interfaces/lib/libhw4_interfaces__rosidl_typesupport_fastrtps_c.so
[0.764s] -- Up-to-date: /home/mike54pfeiffer/Desktop/School/ROB599/ROB599_ws/install/hw4_interfaces/include/hw4_interfaces/hw4_interfaces
[0.764s] -- Up-to-date: /home/mike54pfeiffer/Desktop/School/ROB599/ROB599_ws/install/hw4_interfaces/include/hw4_interfaces/hw4_interfaces/action
[0.764s] -- Up-to-date: /home/mike54pfeiffer/Desktop/School/ROB599/ROB599_ws/install/hw4_interfaces/include/hw4_interfaces/hw4_interfaces/action/detail
[0.764s] -- Up-to-date: /home/mike54pfeiffer/Desktop/School/ROB599/ROB599_ws/install/hw4_interfaces/include/hw4_interfaces/hw4_interfaces/action/detail/rocket_launch__type_support.c
[0.764s] -- Up-to-date: /home/mike54pfeiffer/Desktop/School/ROB599/ROB599_ws/install/hw4_interfaces/include/hw4_interfaces/hw4_interfaces/action/detail/rocket_launch__rosidl_typesupport_introspection_c.h
[0.765s] -- Up-to-date: /home/mike54pfeiffer/Desktop/School/ROB599/ROB599_ws/install/hw4_interfaces/include/hw4_interfaces/hw4_interfaces/msg
[0.765s] -- Up-to-date: /home/mike54pfeiffer/Desktop/School/ROB599/ROB599_ws/install/hw4_interfaces/include/hw4_interfaces/hw4_interfaces/msg/rosidl_typesupport_introspection_c__visibility_control.h
[0.765s] -- Up-to-date: /home/mike54pfeiffer/Desktop/School/ROB599/ROB599_ws/install/hw4_interfaces/lib/libhw4_interfaces__rosidl_typesupport_introspection_c.so
[0.765s] -- Up-to-date: /home/mike54pfeiffer/Desktop/School/ROB599/ROB599_ws/install/hw4_interfaces/lib/libhw4_interfaces__rosidl_typesupport_c.so
[0.765s] -- Up-to-date: /home/mike54pfeiffer/Desktop/School/ROB599/ROB599_ws/install/hw4_interfaces/include/hw4_interfaces/hw4_interfaces
[0.765s] -- Up-to-date: /home/mike54pfeiffer/Desktop/School/ROB599/ROB599_ws/install/hw4_interfaces/include/hw4_interfaces/hw4_interfaces/action
[0.766s] -- Up-to-date: /home/mike54pfeiffer/Desktop/School/ROB599/ROB599_ws/install/hw4_interfaces/include/hw4_interfaces/hw4_interfaces/action/detail
[0.766s] -- Up-to-date: /home/mike54pfeiffer/Desktop/School/ROB599/ROB599_ws/install/hw4_interfaces/include/hw4_interfaces/hw4_interfaces/action/detail/rocket_launch__traits.hpp
[0.766s] -- Up-to-date: /home/mike54pfeiffer/Desktop/School/ROB599/ROB599_ws/install/hw4_interfaces/include/hw4_interfaces/hw4_interfaces/action/detail/rocket_launch__struct.hpp
[0.766s] -- Up-to-date: /home/mike54pfeiffer/Desktop/School/ROB599/ROB599_ws/install/hw4_interfaces/include/hw4_interfaces/hw4_interfaces/action/detail/rocket_launch__type_support.hpp
[0.766s] -- Up-to-date: /home/mike54pfeiffer/Desktop/School/ROB599/ROB599_ws/install/hw4_interfaces/include/hw4_interfaces/hw4_interfaces/action/detail/rocket_launch__builder.hpp
[0.766s] -- Up-to-date: /home/mike54pfeiffer/Desktop/School/ROB599/ROB599_ws/install/hw4_interfaces/include/hw4_interfaces/hw4_interfaces/action/rocket_launch.hpp
[0.766s] -- Up-to-date: /home/mike54pfeiffer/Desktop/School/ROB599/ROB599_ws/install/hw4_interfaces/include/hw4_interfaces/hw4_interfaces/msg
[0.766s] -- Up-to-date: /home/mike54pfeiffer/Desktop/School/ROB599/ROB599_ws/install/hw4_interfaces/include/hw4_interfaces/hw4_interfaces/msg/rosidl_generator_cpp__visibility_control.hpp
[0.766s] -- Up-to-date: /home/mike54pfeiffer/Desktop/School/ROB599/ROB599_ws/install/hw4_interfaces/include/hw4_interfaces/hw4_interfaces
[0.766s] -- Up-to-date: /home/mike54pfeiffer/Desktop/School/ROB599/ROB599_ws/install/hw4_interfaces/include/hw4_interfaces/hw4_interfaces/action
[0.767s] -- Up-to-date: /home/mike54pfeiffer/Desktop/School/ROB599/ROB599_ws/install/hw4_interfaces/include/hw4_interfaces/hw4_interfaces/action/detail
[0.767s] -- Up-to-date: /home/mike54pfeiffer/Desktop/School/ROB599/ROB599_ws/install/hw4_interfaces/include/hw4_interfaces/hw4_interfaces/action/detail/dds_fastrtps
[0.767s] -- Up-to-date: /home/mike54pfeiffer/Desktop/School/ROB599/ROB599_ws/install/hw4_interfaces/include/hw4_interfaces/hw4_interfaces/action/detail/rocket_launch__rosidl_typesupport_fastrtps_cpp.hpp
[0.767s] -- Up-to-date: /home/mike54pfeiffer/Desktop/School/ROB599/ROB599_ws/install/hw4_interfaces/include/hw4_interfaces/hw4_interfaces/msg
[0.767s] -- Up-to-date: /home/mike54pfeiffer/Desktop/School/ROB599/ROB599_ws/install/hw4_interfaces/include/hw4_interfaces/hw4_interfaces/msg/rosidl_typesupport_fastrtps_cpp__visibility_control.h
[0.767s] -- Up-to-date: /home/mike54pfeiffer/Desktop/School/ROB599/ROB599_ws/install/hw4_interfaces/lib/libhw4_interfaces__rosidl_typesupport_fastrtps_cpp.so
[0.768s] -- Up-to-date: /home/mike54pfeiffer/Desktop/School/ROB599/ROB599_ws/install/hw4_interfaces/include/hw4_interfaces/hw4_interfaces
[0.768s] -- Up-to-date: /home/mike54pfeiffer/Desktop/School/ROB599/ROB599_ws/install/hw4_interfaces/include/hw4_interfaces/hw4_interfaces/action
[0.768s] -- Up-to-date: /home/mike54pfeiffer/Desktop/School/ROB599/ROB599_ws/install/hw4_interfaces/include/hw4_interfaces/hw4_interfaces/action/detail
[0.768s] -- Up-to-date: /home/mike54pfeiffer/Desktop/School/ROB599/ROB599_ws/install/hw4_interfaces/include/hw4_interfaces/hw4_interfaces/action/detail/rocket_launch__rosidl_typesupport_introspection_cpp.hpp
[0.768s] -- Up-to-date: /home/mike54pfeiffer/Desktop/School/ROB599/ROB599_ws/install/hw4_interfaces/include/hw4_interfaces/hw4_interfaces/action/detail/rocket_launch__type_support.cpp
[0.769s] -- Up-to-date: /home/mike54pfeiffer/Desktop/School/ROB599/ROB599_ws/install/hw4_interfaces/lib/libhw4_interfaces__rosidl_typesupport_introspection_cpp.so
[0.769s] -- Up-to-date: /home/mike54pfeiffer/Desktop/School/ROB599/ROB599_ws/install/hw4_interfaces/lib/libhw4_interfaces__rosidl_typesupport_cpp.so
[0.770s] -- Up-to-date: /home/mike54pfeiffer/Desktop/School/ROB599/ROB599_ws/install/hw4_interfaces/share/hw4_interfaces/environment/pythonpath.sh
[0.770s] -- Up-to-date: /home/mike54pfeiffer/Desktop/School/ROB599/ROB599_ws/install/hw4_interfaces/share/hw4_interfaces/environment/pythonpath.dsv
[0.770s] -- Up-to-date: /home/mike54pfeiffer/Desktop/School/ROB599/ROB599_ws/install/hw4_interfaces/lib/python3.12/site-packages/hw4_interfaces-0.0.0-py3.12.egg-info
[0.770s] -- Installing: /home/mike54pfeiffer/Desktop/School/ROB599/ROB599_ws/install/hw4_interfaces/lib/python3.12/site-packages/hw4_interfaces-0.0.0-py3.12.egg-info/dependency_links.txt
[0.770s] -- Installing: /home/mike54pfeiffer/Desktop/School/ROB599/ROB599_ws/install/hw4_interfaces/lib/python3.12/site-packages/hw4_interfaces-0.0.0-py3.12.egg-info/top_level.txt
[0.771s] -- Installing: /home/mike54pfeiffer/Desktop/School/ROB599/ROB599_ws/install/hw4_interfaces/lib/python3.12/site-packages/hw4_interfaces-0.0.0-py3.12.egg-info/SOURCES.txt
[0.771s] -- Installing: /home/mike54pfeiffer/Desktop/School/ROB599/ROB599_ws/install/hw4_interfaces/lib/python3.12/site-packages/hw4_interfaces-0.0.0-py3.12.egg-info/PKG-INFO
[0.771s] -- Up-to-date: /home/mike54pfeiffer/Desktop/School/ROB599/ROB599_ws/install/hw4_interfaces/lib/python3.12/site-packages/hw4_interfaces
[0.771s] -- Up-to-date: /home/mike54pfeiffer/Desktop/School/ROB599/ROB599_ws/install/hw4_interfaces/lib/python3.12/site-packages/hw4_interfaces/action
[0.772s] -- Up-to-date: /home/mike54pfeiffer/Desktop/School/ROB599/ROB599_ws/install/hw4_interfaces/lib/python3.12/site-packages/hw4_interfaces/action/_rocket_launch.py
[0.772s] -- Up-to-date: /home/mike54pfeiffer/Desktop/School/ROB599/ROB599_ws/install/hw4_interfaces/lib/python3.12/site-packages/hw4_interfaces/action/__init__.py
[0.772s] -- Up-to-date: /home/mike54pfeiffer/Desktop/School/ROB599/ROB599_ws/install/hw4_interfaces/lib/python3.12/site-packages/hw4_interfaces/action/_rocket_launch_s.c
[0.772s] -- Up-to-date: /home/mike54pfeiffer/Desktop/School/ROB599/ROB599_ws/install/hw4_interfaces/lib/python3.12/site-packages/hw4_interfaces/hw4_interfaces_s__rosidl_typesupport_introspection_c.so
[0.772s] -- Up-to-date: /home/mike54pfeiffer/Desktop/School/ROB599/ROB599_ws/install/hw4_interfaces/lib/python3.12/site-packages/hw4_interfaces/__init__.py
[0.772s] -- Up-to-date: /home/mike54pfeiffer/Desktop/School/ROB599/ROB599_ws/install/hw4_interfaces/lib/python3.12/site-packages/hw4_interfaces/hw4_interfaces_s__rosidl_typesupport_fastrtps_c.so
[0.772s] -- Up-to-date: /home/mike54pfeiffer/Desktop/School/ROB599/ROB599_ws/install/hw4_interfaces/lib/python3.12/site-packages/hw4_interfaces/_hw4_interfaces_s.ep.rosidl_typesupport_introspection_c.c
[0.772s] -- Up-to-date: /home/mike54pfeiffer/Desktop/School/ROB599/ROB599_ws/install/hw4_interfaces/lib/python3.12/site-packages/hw4_interfaces/hw4_interfaces_s__rosidl_typesupport_c.so
[0.772s] -- Up-to-date: /home/mike54pfeiffer/Desktop/School/ROB599/ROB599_ws/install/hw4_interfaces/lib/python3.12/site-packages/hw4_interfaces/_hw4_interfaces_s.ep.rosidl_typesupport_c.c
[0.772s] -- Up-to-date: /home/mike54pfeiffer/Desktop/School/ROB599/ROB599_ws/install/hw4_interfaces/lib/python3.12/site-packages/hw4_interfaces/_hw4_interfaces_s.ep.rosidl_typesupport_fastrtps_c.c
[0.817s] Listing '/home/mike54pfeiffer/Desktop/School/ROB599/ROB599_ws/install/hw4_interfaces/lib/python3.12/site-packages/hw4_interfaces'...
[0.817s] Listing '/home/mike54pfeiffer/Desktop/School/ROB599/ROB599_ws/install/hw4_interfaces/lib/python3.12/site-packages/hw4_interfaces/action'...
[0.830s] -- Up-to-date: /home/mike54pfeiffer/Desktop/School/ROB599/ROB599_ws/install/hw4_interfaces/lib/python3.12/site-packages/hw4_interfaces/hw4_interfaces_s__rosidl_typesupport_fastrtps_c.so
[0.831s] -- Up-to-date: /home/mike54pfeiffer/Desktop/School/ROB599/ROB599_ws/install/hw4_interfaces/lib/python3.12/site-packages/hw4_interfaces/hw4_interfaces_s__rosidl_typesupport_introspection_c.so
[0.831s] -- Up-to-date: /home/mike54pfeiffer/Desktop/School/ROB599/ROB599_ws/install/hw4_interfaces/lib/python3.12/site-packages/hw4_interfaces/hw4_interfaces_s__rosidl_typesupport_c.so
[0.835s] -- Up-to-date: /home/mike54pfeiffer/Desktop/School/ROB599/ROB599_ws/install/hw4_interfaces/lib/libhw4_interfaces__rosidl_generator_py.so
[0.835s] -- Up-to-date: /home/mike54pfeiffer/Desktop/School/ROB599/ROB599_ws/install/hw4_interfaces/share/hw4_interfaces/action/RocketLaunch.idl
[0.835s] -- Up-to-date: /home/mike54pfeiffer/Desktop/School/ROB599/ROB599_ws/install/hw4_interfaces/share/hw4_interfaces/action/RocketLaunch.action
[0.836s] -- Up-to-date: /home/mike54pfeiffer/Desktop/School/ROB599/ROB599_ws/install/hw4_interfaces/share/ament_index/resource_index/package_run_dependencies/hw4_interfaces
[0.836s] -- Up-to-date: /home/mike54pfeiffer/Desktop/School/ROB599/ROB599_ws/install/hw4_interfaces/share/ament_index/resource_index/parent_prefix_path/hw4_interfaces
[0.836s] -- Up-to-date: /home/mike54pfeiffer/Desktop/School/ROB599/ROB599_ws/install/hw4_interfaces/share/hw4_interfaces/environment/ament_prefix_path.sh
[0.836s] -- Up-to-date: /home/mike54pfeiffer/Desktop/School/ROB599/ROB599_ws/install/hw4_interfaces/share/hw4_interfaces/environment/ament_prefix_path.dsv
[0.837s] -- Up-to-date: /home/mike54pfeiffer/Desktop/School/ROB599/ROB599_ws/install/hw4_interfaces/share/hw4_interfaces/environment/path.sh
[0.838s] -- Up-to-date: /home/mike54pfeiffer/Desktop/School/ROB599/ROB599_ws/install/hw4_interfaces/share/hw4_interfaces/environment/path.dsv
[0.838s] -- Up-to-date: /home/mike54pfeiffer/Desktop/School/ROB599/ROB599_ws/install/hw4_interfaces/share/hw4_interfaces/local_setup.bash
[0.839s] -- Up-to-date: /home/mike54pfeiffer/Desktop/School/ROB599/ROB599_ws/install/hw4_interfaces/share/hw4_interfaces/local_setup.sh
[0.839s] -- Up-to-date: /home/mike54pfeiffer/Desktop/School/ROB599/ROB599_ws/install/hw4_interfaces/share/hw4_interfaces/local_setup.zsh
[0.839s] -- Up-to-date: /home/mike54pfeiffer/Desktop/School/ROB599/ROB599_ws/install/hw4_interfaces/share/hw4_interfaces/local_setup.dsv
[0.840s] -- Installing: /home/mike54pfeiffer/Desktop/School/ROB599/ROB599_ws/install/hw4_interfaces/share/hw4_interfaces/package.dsv
[0.840s] -- Up-to-date: /home/mike54pfeiffer/Desktop/School/ROB599/ROB599_ws/install/hw4_interfaces/share/ament_index/resource_index/packages/hw4_interfaces
[0.841s] -- Up-to-date: /home/mike54pfeiffer/Desktop/School/ROB599/ROB599_ws/install/hw4_interfaces/share/hw4_interfaces/cmake/export_hw4_interfaces__rosidl_generator_cExport.cmake
[0.841s] -- Up-to-date: /home/mike54pfeiffer/Desktop/School/ROB599/ROB599_ws/install/hw4_interfaces/share/hw4_interfaces/cmake/export_hw4_interfaces__rosidl_generator_cExport-noconfig.cmake
[0.841s] -- Up-to-date: /home/mike54pfeiffer/Desktop/School/ROB599/ROB599_ws/install/hw4_interfaces/share/hw4_interfaces/cmake/export_hw4_interfaces__rosidl_typesupport_fastrtps_cExport.cmake
[0.842s] -- Up-to-date: /home/mike54pfeiffer/Desktop/School/ROB599/ROB599_ws/install/hw4_interfaces/share/hw4_interfaces/cmake/export_hw4_interfaces__rosidl_typesupport_fastrtps_cExport-noconfig.cmake
[0.842s] -- Up-to-date: /home/mike54pfeiffer/Desktop/School/ROB599/ROB599_ws/install/hw4_interfaces/share/hw4_interfaces/cmake/hw4_interfaces__rosidl_typesupport_introspection_cExport.cmake
[0.842s] -- Up-to-date: /home/mike54pfeiffer/Desktop/School/ROB599/ROB599_ws/install/hw4_interfaces/share/hw4_interfaces/cmake/hw4_interfaces__rosidl_typesupport_introspection_cExport-noconfig.cmake
[0.842s] -- Up-to-date: /home/mike54pfeiffer/Desktop/School/ROB599/ROB599_ws/install/hw4_interfaces/share/hw4_interfaces/cmake/hw4_interfaces__rosidl_typesupport_cExport.cmake
[0.842s] -- Up-to-date: /home/mike54pfeiffer/Desktop/School/ROB599/ROB599_ws/install/hw4_interfaces/share/hw4_interfaces/cmake/hw4_interfaces__rosidl_typesupport_cExport-noconfig.cmake
[0.842s] -- Up-to-date: /home/mike54pfeiffer/Desktop/School/ROB599/ROB599_ws/install/hw4_interfaces/share/hw4_interfaces/cmake/export_hw4_interfaces__rosidl_generator_cppExport.cmake
[0.842s] -- Up-to-date: /home/mike54pfeiffer/Desktop/School/ROB599/ROB599_ws/install/hw4_interfaces/share/hw4_interfaces/cmake/export_hw4_interfaces__rosidl_typesupport_fastrtps_cppExport.cmake
[0.842s] -- Up-to-date: /home/mike54pfeiffer/Desktop/School/ROB599/ROB599_ws/install/hw4_interfaces/share/hw4_interfaces/cmake/export_hw4_interfaces__rosidl_typesupport_fastrtps_cppExport-noconfig.cmake
[0.842s] -- Up-to-date: /home/mike54pfeiffer/Desktop/School/ROB599/ROB599_ws/install/hw4_interfaces/share/hw4_interfaces/cmake/hw4_interfaces__rosidl_typesupport_introspection_cppExport.cmake
[0.842s] -- Up-to-date: /home/mike54pfeiffer/Desktop/School/ROB599/ROB599_ws/install/hw4_interfaces/share/hw4_interfaces/cmake/hw4_interfaces__rosidl_typesupport_introspection_cppExport-noconfig.cmake
[0.842s] -- Up-to-date: /home/mike54pfeiffer/Desktop/School/ROB599/ROB599_ws/install/hw4_interfaces/share/hw4_interfaces/cmake/hw4_interfaces__rosidl_typesupport_cppExport.cmake
[0.842s] -- Up-to-date: /home/mike54pfeiffer/Desktop/School/ROB599/ROB599_ws/install/hw4_interfaces/share/hw4_interfaces/cmake/hw4_interfaces__rosidl_typesupport_cppExport-noconfig.cmake
[0.843s] -- Up-to-date: /home/mike54pfeiffer/Desktop/School/ROB599/ROB599_ws/install/hw4_interfaces/share/hw4_interfaces/cmake/export_hw4_interfaces__rosidl_generator_pyExport.cmake
[0.843s] -- Up-to-date: /home/mike54pfeiffer/Desktop/School/ROB599/ROB599_ws/install/hw4_interfaces/share/hw4_interfaces/cmake/export_hw4_interfaces__rosidl_generator_pyExport-noconfig.cmake
[0.843s] -- Up-to-date: /home/mike54pfeiffer/Desktop/School/ROB599/ROB599_ws/install/hw4_interfaces/share/hw4_interfaces/cmake/rosidl_cmake-extras.cmake
[0.843s] -- Up-to-date: /home/mike54pfeiffer/Desktop/School/ROB599/ROB599_ws/install/hw4_interfaces/share/hw4_interfaces/cmake/ament_cmake_export_dependencies-extras.cmake
[0.843s] -- Up-to-date: /home/mike54pfeiffer/Desktop/School/ROB599/ROB599_ws/install/hw4_interfaces/share/hw4_interfaces/cmake/ament_cmake_export_include_directories-extras.cmake
[0.843s] -- Up-to-date: /home/mike54pfeiffer/Desktop/School/ROB599/ROB599_ws/install/hw4_interfaces/share/hw4_interfaces/cmake/ament_cmake_export_libraries-extras.cmake
[0.843s] -- Up-to-date: /home/mike54pfeiffer/Desktop/School/ROB599/ROB599_ws/install/hw4_interfaces/share/hw4_interfaces/cmake/ament_cmake_export_targets-extras.cmake
[0.843s] -- Up-to-date: /home/mike54pfeiffer/Desktop/School/ROB599/ROB599_ws/install/hw4_interfaces/share/hw4_interfaces/cmake/rosidl_cmake_export_typesupport_targets-extras.cmake
[0.843s] -- Up-to-date: /home/mike54pfeiffer/Desktop/School/ROB599/ROB599_ws/install/hw4_interfaces/share/hw4_interfaces/cmake/rosidl_cmake_export_typesupport_libraries-extras.cmake
[0.843s] -- Up-to-date: /home/mike54pfeiffer/Desktop/School/ROB599/ROB599_ws/install/hw4_interfaces/share/hw4_interfaces/cmake/hw4_interfacesConfig.cmake
[0.843s] -- Up-to-date: /home/mike54pfeiffer/Desktop/School/ROB599/ROB599_ws/install/hw4_interfaces/share/hw4_interfaces/cmake/hw4_interfacesConfig-version.cmake
[0.843s] -- Up-to-date: /home/mike54pfeiffer/Desktop/School/ROB599/ROB599_ws/install/hw4_interfaces/share/hw4_interfaces/package.xml
[0.882s] Invoked command in '/home/mike54pfeiffer/Desktop/School/ROB599/ROB599_ws/build/hw4_interfaces' returned '0': CMAKE_PREFIX_PATH=${CMAKE_PREFIX_PATH}:/home/mike54pfeiffer/Desktop/School/ROB599/ROB599_ws/install/rob599_basic:/home/mike54pfeiffer/Desktop/School/ROB599/ROB599_ws/install/hw4:/home/mike54pfeiffer/Desktop/School/ROB599/ROB599_ws/install/hw3:/home/mike54pfeiffer/Desktop/School/ROB599/ROB599_ws/install/hw2:/opt/ros/jazzy DEBUGINFOD_URLS=https://debuginfod.ubuntu.com /usr/bin/cmake --install /home/mike54pfeiffer/Desktop/School/ROB599/ROB599_ws/build/hw4_interfaces
