running egg_info
creating ../../build/rob599_basic/rob599_basic.egg-info
writing ../../build/rob599_basic/rob599_basic.egg-info/PKG-INFO
writing dependency_links to ../../build/rob599_basic/rob599_basic.egg-info/dependency_links.txt
writing entry points to ../../build/rob599_basic/rob599_basic.egg-info/entry_points.txt
writing requirements to ../../build/rob599_basic/rob599_basic.egg-info/requires.txt
writing top-level names to ../../build/rob599_basic/rob599_basic.egg-info/top_level.txt
writing manifest file '../../build/rob599_basic/rob599_basic.egg-info/SOURCES.txt'
reading manifest file '../../build/rob599_basic/rob599_basic.egg-info/SOURCES.txt'
adding license file 'LICENSE'
writing manifest file '../../build/rob599_basic/rob599_basic.egg-info/SOURCES.txt'
running build
running build_py
creating /home/mike54pfeiffer/Desktop/School/ROB599/ROB599_ws/build/rob599_basic/build
creating /home/mike54pfeiffer/Desktop/School/ROB599/ROB599_ws/build/rob599_basic/build/lib
creating /home/mike54pfeiffer/Desktop/School/ROB599/ROB599_ws/build/rob599_basic/build/lib/rob599_basic
copying rob599_basic/subscriber.py -> /home/mike54pfeiffer/Desktop/School/ROB599/ROB599_ws/build/rob599_basic/build/lib/rob599_basic
copying rob599_basic/publisher.py -> /home/mike54pfeiffer/Desktop/School/ROB599/ROB599_ws/build/rob599_basic/build/lib/rob599_basic
copying rob599_basic/twice.py -> /home/mike54pfeiffer/Desktop/School/ROB599/ROB599_ws/build/rob599_basic/build/lib/rob599_basic
copying rob599_basic/service_client.py -> /home/mike54pfeiffer/Desktop/School/ROB599/ROB599_ws/build/rob599_basic/build/lib/rob599_basic
copying rob599_basic/__init__.py -> /home/mike54pfeiffer/Desktop/School/ROB599/ROB599_ws/build/rob599_basic/build/lib/rob599_basic
copying rob599_basic/messages.py -> /home/mike54pfeiffer/Desktop/School/ROB599/ROB599_ws/build/rob599_basic/build/lib/rob599_basic
copying rob599_basic/node.py -> /home/mike54pfeiffer/Desktop/School/ROB599/ROB599_ws/build/rob599_basic/build/lib/rob599_basic
copying rob599_basic/value_manipulator.py -> /home/mike54pfeiffer/Desktop/School/ROB599/ROB599_ws/build/rob599_basic/build/lib/rob599_basic
copying rob599_basic/service_server.py -> /home/mike54pfeiffer/Desktop/School/ROB599/ROB599_ws/build/rob599_basic/build/lib/rob599_basic
running install
running install_lib
creating /home/mike54pfeiffer/Desktop/School/ROB599/ROB599_ws/install/rob599_basic/lib/python3.12/site-packages/rob599_basic
copying /home/mike54pfeiffer/Desktop/School/ROB599/ROB599_ws/build/rob599_basic/build/lib/rob599_basic/subscriber.py -> /home/mike54pfeiffer/Desktop/School/ROB599/ROB599_ws/install/rob599_basic/lib/python3.12/site-packages/rob599_basic
copying /home/mike54pfeiffer/Desktop/School/ROB599/ROB599_ws/build/rob599_basic/build/lib/rob599_basic/publisher.py -> /home/mike54pfeiffer/Desktop/School/ROB599/ROB599_ws/install/rob599_basic/lib/python3.12/site-packages/rob599_basic
copying /home/mike54pfeiffer/Desktop/School/ROB599/ROB599_ws/build/rob599_basic/build/lib/rob599_basic/twice.py -> /home/mike54pfeiffer/Desktop/School/ROB599/ROB599_ws/install/rob599_basic/lib/python3.12/site-packages/rob599_basic
copying /home/mike54pfeiffer/Desktop/School/ROB599/ROB599_ws/build/rob599_basic/build/lib/rob599_basic/service_client.py -> /home/mike54pfeiffer/Desktop/School/ROB599/ROB599_ws/install/rob599_basic/lib/python3.12/site-packages/rob599_basic
copying /home/mike54pfeiffer/Desktop/School/ROB599/ROB599_ws/build/rob599_basic/build/lib/rob599_basic/__init__.py -> /home/mike54pfeiffer/Desktop/School/ROB599/ROB599_ws/install/rob599_basic/lib/python3.12/site-packages/rob599_basic
copying /home/mike54pfeiffer/Desktop/School/ROB599/ROB599_ws/build/rob599_basic/build/lib/rob599_basic/messages.py -> /home/mike54pfeiffer/Desktop/School/ROB599/ROB599_ws/install/rob599_basic/lib/python3.12/site-packages/rob599_basic
copying /home/mike54pfeiffer/Desktop/School/ROB599/ROB599_ws/build/rob599_basic/build/lib/rob599_basic/node.py -> /home/mike54pfeiffer/Desktop/School/ROB599/ROB599_ws/install/rob599_basic/lib/python3.12/site-packages/rob599_basic
copying /home/mike54pfeiffer/Desktop/School/ROB599/ROB599_ws/build/rob599_basic/build/lib/rob599_basic/value_manipulator.py -> /home/mike54pfeiffer/Desktop/School/ROB599/ROB599_ws/install/rob599_basic/lib/python3.12/site-packages/rob599_basic
copying /home/mike54pfeiffer/Desktop/School/ROB599/ROB599_ws/build/rob599_basic/build/lib/rob599_basic/service_server.py -> /home/mike54pfeiffer/Desktop/School/ROB599/ROB599_ws/install/rob599_basic/lib/python3.12/site-packages/rob599_basic
byte-compiling /home/mike54pfeiffer/Desktop/School/ROB599/ROB599_ws/install/rob599_basic/lib/python3.12/site-packages/rob599_basic/subscriber.py to subscriber.cpython-312.pyc
byte-compiling /home/mike54pfeiffer/Desktop/School/ROB599/ROB599_ws/install/rob599_basic/lib/python3.12/site-packages/rob599_basic/publisher.py to publisher.cpython-312.pyc
byte-compiling /home/mike54pfeiffer/Desktop/School/ROB599/ROB599_ws/install/rob599_basic/lib/python3.12/site-packages/rob599_basic/twice.py to twice.cpython-312.pyc
byte-compiling /home/mike54pfeiffer/Desktop/School/ROB599/ROB599_ws/install/rob599_basic/lib/python3.12/site-packages/rob599_basic/service_client.py to service_client.cpython-312.pyc
byte-compiling /home/mike54pfeiffer/Desktop/School/ROB599/ROB599_ws/install/rob599_basic/lib/python3.12/site-packages/rob599_basic/__init__.py to __init__.cpython-312.pyc
byte-compiling /home/mike54pfeiffer/Desktop/School/ROB599/ROB599_ws/install/rob599_basic/lib/python3.12/site-packages/rob599_basic/messages.py to messages.cpython-312.pyc
byte-compiling /home/mike54pfeiffer/Desktop/School/ROB599/ROB599_ws/install/rob599_basic/lib/python3.12/site-packages/rob599_basic/node.py to node.cpython-312.pyc
byte-compiling /home/mike54pfeiffer/Desktop/School/ROB599/ROB599_ws/install/rob599_basic/lib/python3.12/site-packages/rob599_basic/value_manipulator.py to value_manipulator.cpython-312.pyc
byte-compiling /home/mike54pfeiffer/Desktop/School/ROB599/ROB599_ws/install/rob599_basic/lib/python3.12/site-packages/rob599_basic/service_server.py to service_server.cpython-312.pyc
running install_data
creating /home/mike54pfeiffer/Desktop/School/ROB599/ROB599_ws/install/rob599_basic/share/ament_index
creating /home/mike54pfeiffer/Desktop/School/ROB599/ROB599_ws/install/rob599_basic/share/ament_index/resource_index
creating /home/mike54pfeiffer/Desktop/School/ROB599/ROB599_ws/install/rob599_basic/share/ament_index/resource_index/packages
copying resource/rob599_basic -> /home/mike54pfeiffer/Desktop/School/ROB599/ROB599_ws/install/rob599_basic/share/ament_index/resource_index/packages
copying package.xml -> /home/mike54pfeiffer/Desktop/School/ROB599/ROB599_ws/install/rob599_basic/share/rob599_basic
running install_egg_info
Copying ../../build/rob599_basic/rob599_basic.egg-info to /home/mike54pfeiffer/Desktop/School/ROB599/ROB599_ws/install/rob599_basic/lib/python3.12/site-packages/rob599_basic-0.1.0-py3.12.egg-info
running install_scripts
Installing custom_publisher script to /home/mike54pfeiffer/Desktop/School/ROB599/ROB599_ws/install/rob599_basic/lib/rob599_basic
Installing custom_subscriber script to /home/mike54pfeiffer/Desktop/School/ROB599/ROB599_ws/install/rob599_basic/lib/rob599_basic
Installing doubler script to /home/mike54pfeiffer/Desktop/School/ROB599/ROB599_ws/install/rob599_basic/lib/rob599_basic
Installing noiser script to /home/mike54pfeiffer/Desktop/School/ROB599/ROB599_ws/install/rob599_basic/lib/rob599_basic
Installing publisher script to /home/mike54pfeiffer/Desktop/School/ROB599/ROB599_ws/install/rob599_basic/lib/rob599_basic
Installing service_client script to /home/mike54pfeiffer/Desktop/School/ROB599/ROB599_ws/install/rob599_basic/lib/rob599_basic
Installing service_server script to /home/mike54pfeiffer/Desktop/School/ROB599/ROB599_ws/install/rob599_basic/lib/rob599_basic
Installing subscriber script to /home/mike54pfeiffer/Desktop/School/ROB599/ROB599_ws/install/rob599_basic/lib/rob599_basic
Installing twice script to /home/mike54pfeiffer/Desktop/School/ROB599/ROB599_ws/install/rob599_basic/lib/rob599_basic
Installing useless script to /home/mike54pfeiffer/Desktop/School/ROB599/ROB599_ws/install/rob599_basic/lib/rob599_basic
writing list of installed files to '/home/mike54pfeiffer/Desktop/School/ROB599/ROB599_ws/build/rob599_basic/install.log'
