[0.025s] Invoking command in '/home/mike54pfeiffer/Desktop/School/ROB599/ROB599_ws/build/hw3_interfaces': CMAKE_PREFIX_PATH=${CMAKE_PREFIX_PATH}:/opt/ros/jazzy DEBUGINFOD_URLS=https://debuginfod.ubuntu.com /usr/bin/cmake --build /home/mike54pfeiffer/Desktop/School/ROB599/ROB599_ws/build/hw3_interfaces -- -j12 -l12
[0.550s] [  1%] Built target hw3_interfaces__rosidl_generator_type_description
[0.551s] [  1%] Built target ament_cmake_python_copy_hw3_interfaces
[0.551s] [ 22%] Built target hw3_interfaces__rosidl_generator_c
[0.551s] [ 24%] Built target hw3_interfaces__cpp
[0.552s] [ 33%] Built target hw3_interfaces__rosidl_typesupport_c
[0.552s] [ 42%] Built target hw3_interfaces__rosidl_typesupport_introspection_c
[0.552s] [ 51%] Built target hw3_interfaces__rosidl_typesupport_fastrtps_c
[0.553s] [ 68%] Built target hw3_interfaces__rosidl_typesupport_fastrtps_cpp
[0.553s] [ 70%] Built target hw3_interfaces__rosidl_typesupport_introspection_cpp
[0.553s] [ 79%] Built target hw3_interfaces__rosidl_typesupport_cpp
[0.553s] [ 79%] Built target hw3_interfaces
[0.553s] [ 81%] Built target hw3_interfaces__py
[0.553s] [ 88%] Built target hw3_interfaces__rosidl_generator_py
[0.553s] [ 96%] Built target hw3_interfaces_s__rosidl_typesupport_introspection_c
[0.553s] [ 96%] Built target hw3_interfaces_s__rosidl_typesupport_c
[0.554s] [100%] Built target hw3_interfaces_s__rosidl_typesupport_fastrtps_c
[0.554s] running egg_info
[0.554s] writing hw3_interfaces.egg-info/PKG-INFO
[0.554s] writing dependency_links to hw3_interfaces.egg-info/dependency_links.txt
[0.554s] writing top-level names to hw3_interfaces.egg-info/top_level.txt
[0.554s] reading manifest file 'hw3_interfaces.egg-info/SOURCES.txt'
[0.554s] writing manifest file 'hw3_interfaces.egg-info/SOURCES.txt'
[0.554s] [100%] Built target ament_cmake_python_build_hw3_interfaces_egg
[0.555s] Invoked command in '/home/mike54pfeiffer/Desktop/School/ROB599/ROB599_ws/build/hw3_interfaces' returned '0': CMAKE_PREFIX_PATH=${CMAKE_PREFIX_PATH}:/opt/ros/jazzy DEBUGINFOD_URLS=https://debuginfod.ubuntu.com /usr/bin/cmake --build /home/mike54pfeiffer/Desktop/School/ROB599/ROB599_ws/build/hw3_interfaces -- -j12 -l12
[0.566s] Invoking command in '/home/mike54pfeiffer/Desktop/School/ROB599/ROB599_ws/build/hw3_interfaces': CMAKE_PREFIX_PATH=${CMAKE_PREFIX_PATH}:/opt/ros/jazzy DEBUGINFOD_URLS=https://debuginfod.ubuntu.com /usr/bin/cmake --install /home/mike54pfeiffer/Desktop/School/ROB599/ROB599_ws/build/hw3_interfaces
[0.579s] -- Install configuration: ""
[0.579s] -- Up-to-date: /home/mike54pfeiffer/Desktop/School/ROB599/ROB599_ws/install/hw3_interfaces/share/ament_index/resource_index/rosidl_interfaces/hw3_interfaces
[0.579s] -- Up-to-date: /home/mike54pfeiffer/Desktop/School/ROB599/ROB599_ws/install/hw3_interfaces/share/hw3_interfaces/msg/TestPacket.json
[0.579s] -- Up-to-date: /home/mike54pfeiffer/Desktop/School/ROB599/ROB599_ws/install/hw3_interfaces/share/hw3_interfaces/srv/SetStatus.json
[0.579s] -- Up-to-date: /home/mike54pfeiffer/Desktop/School/ROB599/ROB599_ws/install/hw3_interfaces/share/hw3_interfaces/srv/SetLogging.json
[0.580s] -- Up-to-date: /home/mike54pfeiffer/Desktop/School/ROB599/ROB599_ws/install/hw3_interfaces/include/hw3_interfaces/hw3_interfaces
[0.580s] -- Up-to-date: /home/mike54pfeiffer/Desktop/School/ROB599/ROB599_ws/install/hw3_interfaces/include/hw3_interfaces/hw3_interfaces/msg
[0.580s] -- Up-to-date: /home/mike54pfeiffer/Desktop/School/ROB599/ROB599_ws/install/hw3_interfaces/include/hw3_interfaces/hw3_interfaces/msg/test_packet.h
[0.580s] -- Up-to-date: /home/mike54pfeiffer/Desktop/School/ROB599/ROB599_ws/install/hw3_interfaces/include/hw3_interfaces/hw3_interfaces/msg/detail
[0.580s] -- Up-to-date: /home/mike54pfeiffer/Desktop/School/ROB599/ROB599_ws/install/hw3_interfaces/include/hw3_interfaces/hw3_interfaces/msg/detail/test_packet__functions.c
[0.580s] -- Up-to-date: /home/mike54pfeiffer/Desktop/School/ROB599/ROB599_ws/install/hw3_interfaces/include/hw3_interfaces/hw3_interfaces/msg/detail/test_packet__functions.h
[0.581s] -- Up-to-date: /home/mike54pfeiffer/Desktop/School/ROB599/ROB599_ws/install/hw3_interfaces/include/hw3_interfaces/hw3_interfaces/msg/detail/test_packet__description.c
[0.581s] -- Up-to-date: /home/mike54pfeiffer/Desktop/School/ROB599/ROB599_ws/install/hw3_interfaces/include/hw3_interfaces/hw3_interfaces/msg/detail/test_packet__type_support.h
[0.581s] -- Up-to-date: /home/mike54pfeiffer/Desktop/School/ROB599/ROB599_ws/install/hw3_interfaces/include/hw3_interfaces/hw3_interfaces/msg/detail/test_packet__type_support.c
[0.581s] -- Up-to-date: /home/mike54pfeiffer/Desktop/School/ROB599/ROB599_ws/install/hw3_interfaces/include/hw3_interfaces/hw3_interfaces/msg/detail/test_packet__struct.h
[0.581s] -- Up-to-date: /home/mike54pfeiffer/Desktop/School/ROB599/ROB599_ws/install/hw3_interfaces/include/hw3_interfaces/hw3_interfaces/msg/rosidl_generator_c__visibility_control.h
[0.581s] -- Up-to-date: /home/mike54pfeiffer/Desktop/School/ROB599/ROB599_ws/install/hw3_interfaces/include/hw3_interfaces/hw3_interfaces/srv
[0.581s] -- Up-to-date: /home/mike54pfeiffer/Desktop/School/ROB599/ROB599_ws/install/hw3_interfaces/include/hw3_interfaces/hw3_interfaces/srv/set_logging.h
[0.581s] -- Up-to-date: /home/mike54pfeiffer/Desktop/School/ROB599/ROB599_ws/install/hw3_interfaces/include/hw3_interfaces/hw3_interfaces/srv/detail
[0.582s] -- Up-to-date: /home/mike54pfeiffer/Desktop/School/ROB599/ROB599_ws/install/hw3_interfaces/include/hw3_interfaces/hw3_interfaces/srv/detail/set_logging__struct.h
[0.582s] -- Up-to-date: /home/mike54pfeiffer/Desktop/School/ROB599/ROB599_ws/install/hw3_interfaces/include/hw3_interfaces/hw3_interfaces/srv/detail/set_logging__description.c
[0.582s] -- Up-to-date: /home/mike54pfeiffer/Desktop/School/ROB599/ROB599_ws/install/hw3_interfaces/include/hw3_interfaces/hw3_interfaces/srv/detail/set_logging__type_support.c
[0.582s] -- Up-to-date: /home/mike54pfeiffer/Desktop/School/ROB599/ROB599_ws/install/hw3_interfaces/include/hw3_interfaces/hw3_interfaces/srv/detail/set_status__description.c
[0.582s] -- Up-to-date: /home/mike54pfeiffer/Desktop/School/ROB599/ROB599_ws/install/hw3_interfaces/include/hw3_interfaces/hw3_interfaces/srv/detail/set_logging__functions.h
[0.582s] -- Up-to-date: /home/mike54pfeiffer/Desktop/School/ROB599/ROB599_ws/install/hw3_interfaces/include/hw3_interfaces/hw3_interfaces/srv/detail/set_status__functions.h
[0.582s] -- Up-to-date: /home/mike54pfeiffer/Desktop/School/ROB599/ROB599_ws/install/hw3_interfaces/include/hw3_interfaces/hw3_interfaces/srv/detail/set_status__struct.h
[0.583s] -- Up-to-date: /home/mike54pfeiffer/Desktop/School/ROB599/ROB599_ws/install/hw3_interfaces/include/hw3_interfaces/hw3_interfaces/srv/detail/set_status__functions.c
[0.583s] -- Up-to-date: /home/mike54pfeiffer/Desktop/School/ROB599/ROB599_ws/install/hw3_interfaces/include/hw3_interfaces/hw3_interfaces/srv/detail/set_status__type_support.c
[0.583s] -- Up-to-date: /home/mike54pfeiffer/Desktop/School/ROB599/ROB599_ws/install/hw3_interfaces/include/hw3_interfaces/hw3_interfaces/srv/detail/set_logging__type_support.h
[0.583s] -- Up-to-date: /home/mike54pfeiffer/Desktop/School/ROB599/ROB599_ws/install/hw3_interfaces/include/hw3_interfaces/hw3_interfaces/srv/detail/set_status__type_support.h
[0.583s] -- Up-to-date: /home/mike54pfeiffer/Desktop/School/ROB599/ROB599_ws/install/hw3_interfaces/include/hw3_interfaces/hw3_interfaces/srv/detail/set_logging__functions.c
[0.583s] -- Up-to-date: /home/mike54pfeiffer/Desktop/School/ROB599/ROB599_ws/install/hw3_interfaces/include/hw3_interfaces/hw3_interfaces/srv/set_status.h
[0.583s] -- Up-to-date: /home/mike54pfeiffer/Desktop/School/ROB599/ROB599_ws/install/hw3_interfaces/share/hw3_interfaces/environment/library_path.sh
[0.583s] -- Up-to-date: /home/mike54pfeiffer/Desktop/School/ROB599/ROB599_ws/install/hw3_interfaces/share/hw3_interfaces/environment/library_path.dsv
[0.584s] -- Up-to-date: /home/mike54pfeiffer/Desktop/School/ROB599/ROB599_ws/install/hw3_interfaces/lib/libhw3_interfaces__rosidl_generator_c.so
[0.584s] -- Up-to-date: /home/mike54pfeiffer/Desktop/School/ROB599/ROB599_ws/install/hw3_interfaces/include/hw3_interfaces/hw3_interfaces
[0.584s] -- Up-to-date: /home/mike54pfeiffer/Desktop/School/ROB599/ROB599_ws/install/hw3_interfaces/include/hw3_interfaces/hw3_interfaces/msg
[0.584s] -- Up-to-date: /home/mike54pfeiffer/Desktop/School/ROB599/ROB599_ws/install/hw3_interfaces/include/hw3_interfaces/hw3_interfaces/msg/rosidl_typesupport_fastrtps_c__visibility_control.h
[0.584s] -- Up-to-date: /home/mike54pfeiffer/Desktop/School/ROB599/ROB599_ws/install/hw3_interfaces/include/hw3_interfaces/hw3_interfaces/msg/detail
[0.584s] -- Up-to-date: /home/mike54pfeiffer/Desktop/School/ROB599/ROB599_ws/install/hw3_interfaces/include/hw3_interfaces/hw3_interfaces/msg/detail/test_packet__rosidl_typesupport_fastrtps_c.h
[0.584s] -- Up-to-date: /home/mike54pfeiffer/Desktop/School/ROB599/ROB599_ws/install/hw3_interfaces/include/hw3_interfaces/hw3_interfaces/srv
[0.585s] -- Up-to-date: /home/mike54pfeiffer/Desktop/School/ROB599/ROB599_ws/install/hw3_interfaces/include/hw3_interfaces/hw3_interfaces/srv/detail
[0.585s] -- Up-to-date: /home/mike54pfeiffer/Desktop/School/ROB599/ROB599_ws/install/hw3_interfaces/include/hw3_interfaces/hw3_interfaces/srv/detail/set_status__rosidl_typesupport_fastrtps_c.h
[0.585s] -- Up-to-date: /home/mike54pfeiffer/Desktop/School/ROB599/ROB599_ws/install/hw3_interfaces/include/hw3_interfaces/hw3_interfaces/srv/detail/set_logging__rosidl_typesupport_fastrtps_c.h
[0.585s] -- Up-to-date: /home/mike54pfeiffer/Desktop/School/ROB599/ROB599_ws/install/hw3_interfaces/lib/libhw3_interfaces__rosidl_typesupport_fastrtps_c.so
[0.585s] -- Up-to-date: /home/mike54pfeiffer/Desktop/School/ROB599/ROB599_ws/install/hw3_interfaces/include/hw3_interfaces/hw3_interfaces
[0.585s] -- Up-to-date: /home/mike54pfeiffer/Desktop/School/ROB599/ROB599_ws/install/hw3_interfaces/include/hw3_interfaces/hw3_interfaces/msg
[0.585s] -- Up-to-date: /home/mike54pfeiffer/Desktop/School/ROB599/ROB599_ws/install/hw3_interfaces/include/hw3_interfaces/hw3_interfaces/msg/rosidl_typesupport_introspection_c__visibility_control.h
[0.586s] -- Up-to-date: /home/mike54pfeiffer/Desktop/School/ROB599/ROB599_ws/install/hw3_interfaces/include/hw3_interfaces/hw3_interfaces/msg/detail
[0.586s] -- Up-to-date: /home/mike54pfeiffer/Desktop/School/ROB599/ROB599_ws/install/hw3_interfaces/include/hw3_interfaces/hw3_interfaces/msg/detail/test_packet__type_support.c
[0.586s] -- Up-to-date: /home/mike54pfeiffer/Desktop/School/ROB599/ROB599_ws/install/hw3_interfaces/include/hw3_interfaces/hw3_interfaces/msg/detail/test_packet__rosidl_typesupport_introspection_c.h
[0.586s] -- Up-to-date: /home/mike54pfeiffer/Desktop/School/ROB599/ROB599_ws/install/hw3_interfaces/include/hw3_interfaces/hw3_interfaces/srv
[0.586s] -- Up-to-date: /home/mike54pfeiffer/Desktop/School/ROB599/ROB599_ws/install/hw3_interfaces/include/hw3_interfaces/hw3_interfaces/srv/detail
[0.586s] -- Up-to-date: /home/mike54pfeiffer/Desktop/School/ROB599/ROB599_ws/install/hw3_interfaces/include/hw3_interfaces/hw3_interfaces/srv/detail/set_logging__type_support.c
[0.586s] -- Up-to-date: /home/mike54pfeiffer/Desktop/School/ROB599/ROB599_ws/install/hw3_interfaces/include/hw3_interfaces/hw3_interfaces/srv/detail/set_status__type_support.c
[0.586s] -- Up-to-date: /home/mike54pfeiffer/Desktop/School/ROB599/ROB599_ws/install/hw3_interfaces/include/hw3_interfaces/hw3_interfaces/srv/detail/set_logging__rosidl_typesupport_introspection_c.h
[0.587s] -- Up-to-date: /home/mike54pfeiffer/Desktop/School/ROB599/ROB599_ws/install/hw3_interfaces/include/hw3_interfaces/hw3_interfaces/srv/detail/set_status__rosidl_typesupport_introspection_c.h
[0.587s] -- Up-to-date: /home/mike54pfeiffer/Desktop/School/ROB599/ROB599_ws/install/hw3_interfaces/lib/libhw3_interfaces__rosidl_typesupport_introspection_c.so
[0.587s] -- Up-to-date: /home/mike54pfeiffer/Desktop/School/ROB599/ROB599_ws/install/hw3_interfaces/lib/libhw3_interfaces__rosidl_typesupport_c.so
[0.587s] -- Up-to-date: /home/mike54pfeiffer/Desktop/School/ROB599/ROB599_ws/install/hw3_interfaces/include/hw3_interfaces/hw3_interfaces
[0.587s] -- Up-to-date: /home/mike54pfeiffer/Desktop/School/ROB599/ROB599_ws/install/hw3_interfaces/include/hw3_interfaces/hw3_interfaces/msg
[0.587s] -- Up-to-date: /home/mike54pfeiffer/Desktop/School/ROB599/ROB599_ws/install/hw3_interfaces/include/hw3_interfaces/hw3_interfaces/msg/test_packet.hpp
[0.588s] -- Up-to-date: /home/mike54pfeiffer/Desktop/School/ROB599/ROB599_ws/install/hw3_interfaces/include/hw3_interfaces/hw3_interfaces/msg/detail
[0.588s] -- Up-to-date: /home/mike54pfeiffer/Desktop/School/ROB599/ROB599_ws/install/hw3_interfaces/include/hw3_interfaces/hw3_interfaces/msg/detail/test_packet__traits.hpp
[0.588s] -- Up-to-date: /home/mike54pfeiffer/Desktop/School/ROB599/ROB599_ws/install/hw3_interfaces/include/hw3_interfaces/hw3_interfaces/msg/detail/test_packet__struct.hpp
[0.588s] -- Up-to-date: /home/mike54pfeiffer/Desktop/School/ROB599/ROB599_ws/install/hw3_interfaces/include/hw3_interfaces/hw3_interfaces/msg/detail/test_packet__type_support.hpp
[0.588s] -- Up-to-date: /home/mike54pfeiffer/Desktop/School/ROB599/ROB599_ws/install/hw3_interfaces/include/hw3_interfaces/hw3_interfaces/msg/detail/test_packet__builder.hpp
[0.588s] -- Up-to-date: /home/mike54pfeiffer/Desktop/School/ROB599/ROB599_ws/install/hw3_interfaces/include/hw3_interfaces/hw3_interfaces/msg/rosidl_generator_cpp__visibility_control.hpp
[0.589s] -- Up-to-date: /home/mike54pfeiffer/Desktop/School/ROB599/ROB599_ws/install/hw3_interfaces/include/hw3_interfaces/hw3_interfaces/srv
[0.589s] -- Up-to-date: /home/mike54pfeiffer/Desktop/School/ROB599/ROB599_ws/install/hw3_interfaces/include/hw3_interfaces/hw3_interfaces/srv/set_logging.hpp
[0.589s] -- Up-to-date: /home/mike54pfeiffer/Desktop/School/ROB599/ROB599_ws/install/hw3_interfaces/include/hw3_interfaces/hw3_interfaces/srv/set_status.hpp
[0.589s] -- Up-to-date: /home/mike54pfeiffer/Desktop/School/ROB599/ROB599_ws/install/hw3_interfaces/include/hw3_interfaces/hw3_interfaces/srv/detail
[0.589s] -- Up-to-date: /home/mike54pfeiffer/Desktop/School/ROB599/ROB599_ws/install/hw3_interfaces/include/hw3_interfaces/hw3_interfaces/srv/detail/set_logging__type_support.hpp
[0.589s] -- Up-to-date: /home/mike54pfeiffer/Desktop/School/ROB599/ROB599_ws/install/hw3_interfaces/include/hw3_interfaces/hw3_interfaces/srv/detail/set_logging__traits.hpp
[0.589s] -- Up-to-date: /home/mike54pfeiffer/Desktop/School/ROB599/ROB599_ws/install/hw3_interfaces/include/hw3_interfaces/hw3_interfaces/srv/detail/set_status__struct.hpp
[0.590s] -- Up-to-date: /home/mike54pfeiffer/Desktop/School/ROB599/ROB599_ws/install/hw3_interfaces/include/hw3_interfaces/hw3_interfaces/srv/detail/set_status__builder.hpp
[0.590s] -- Up-to-date: /home/mike54pfeiffer/Desktop/School/ROB599/ROB599_ws/install/hw3_interfaces/include/hw3_interfaces/hw3_interfaces/srv/detail/set_status__traits.hpp
[0.590s] -- Up-to-date: /home/mike54pfeiffer/Desktop/School/ROB599/ROB599_ws/install/hw3_interfaces/include/hw3_interfaces/hw3_interfaces/srv/detail/set_logging__struct.hpp
[0.590s] -- Up-to-date: /home/mike54pfeiffer/Desktop/School/ROB599/ROB599_ws/install/hw3_interfaces/include/hw3_interfaces/hw3_interfaces/srv/detail/set_status__type_support.hpp
[0.590s] -- Up-to-date: /home/mike54pfeiffer/Desktop/School/ROB599/ROB599_ws/install/hw3_interfaces/include/hw3_interfaces/hw3_interfaces/srv/detail/set_logging__builder.hpp
[0.590s] -- Up-to-date: /home/mike54pfeiffer/Desktop/School/ROB599/ROB599_ws/install/hw3_interfaces/include/hw3_interfaces/hw3_interfaces
[0.590s] -- Up-to-date: /home/mike54pfeiffer/Desktop/School/ROB599/ROB599_ws/install/hw3_interfaces/include/hw3_interfaces/hw3_interfaces/msg
[0.590s] -- Up-to-date: /home/mike54pfeiffer/Desktop/School/ROB599/ROB599_ws/install/hw3_interfaces/include/hw3_interfaces/hw3_interfaces/msg/rosidl_typesupport_fastrtps_cpp__visibility_control.h
[0.590s] -- Up-to-date: /home/mike54pfeiffer/Desktop/School/ROB599/ROB599_ws/install/hw3_interfaces/include/hw3_interfaces/hw3_interfaces/msg/detail
[0.591s] -- Up-to-date: /home/mike54pfeiffer/Desktop/School/ROB599/ROB599_ws/install/hw3_interfaces/include/hw3_interfaces/hw3_interfaces/msg/detail/test_packet__rosidl_typesupport_fastrtps_cpp.hpp
[0.591s] -- Up-to-date: /home/mike54pfeiffer/Desktop/School/ROB599/ROB599_ws/install/hw3_interfaces/include/hw3_interfaces/hw3_interfaces/msg/detail/dds_fastrtps
[0.591s] -- Up-to-date: /home/mike54pfeiffer/Desktop/School/ROB599/ROB599_ws/install/hw3_interfaces/include/hw3_interfaces/hw3_interfaces/srv
[0.591s] -- Up-to-date: /home/mike54pfeiffer/Desktop/School/ROB599/ROB599_ws/install/hw3_interfaces/include/hw3_interfaces/hw3_interfaces/srv/detail
[0.591s] -- Up-to-date: /home/mike54pfeiffer/Desktop/School/ROB599/ROB599_ws/install/hw3_interfaces/include/hw3_interfaces/hw3_interfaces/srv/detail/dds_fastrtps
[0.591s] -- Up-to-date: /home/mike54pfeiffer/Desktop/School/ROB599/ROB599_ws/install/hw3_interfaces/include/hw3_interfaces/hw3_interfaces/srv/detail/set_logging__rosidl_typesupport_fastrtps_cpp.hpp
[0.591s] -- Up-to-date: /home/mike54pfeiffer/Desktop/School/ROB599/ROB599_ws/install/hw3_interfaces/include/hw3_interfaces/hw3_interfaces/srv/detail/set_status__rosidl_typesupport_fastrtps_cpp.hpp
[0.591s] -- Up-to-date: /home/mike54pfeiffer/Desktop/School/ROB599/ROB599_ws/install/hw3_interfaces/lib/libhw3_interfaces__rosidl_typesupport_fastrtps_cpp.so
[0.592s] -- Up-to-date: /home/mike54pfeiffer/Desktop/School/ROB599/ROB599_ws/install/hw3_interfaces/include/hw3_interfaces/hw3_interfaces
[0.592s] -- Up-to-date: /home/mike54pfeiffer/Desktop/School/ROB599/ROB599_ws/install/hw3_interfaces/include/hw3_interfaces/hw3_interfaces/msg
[0.592s] -- Up-to-date: /home/mike54pfeiffer/Desktop/School/ROB599/ROB599_ws/install/hw3_interfaces/include/hw3_interfaces/hw3_interfaces/msg/detail
[0.592s] -- Up-to-date: /home/mike54pfeiffer/Desktop/School/ROB599/ROB599_ws/install/hw3_interfaces/include/hw3_interfaces/hw3_interfaces/msg/detail/test_packet__rosidl_typesupport_introspection_cpp.hpp
[0.592s] -- Up-to-date: /home/mike54pfeiffer/Desktop/School/ROB599/ROB599_ws/install/hw3_interfaces/include/hw3_interfaces/hw3_interfaces/msg/detail/test_packet__type_support.cpp
[0.592s] -- Up-to-date: /home/mike54pfeiffer/Desktop/School/ROB599/ROB599_ws/install/hw3_interfaces/include/hw3_interfaces/hw3_interfaces/srv
[0.592s] -- Up-to-date: /home/mike54pfeiffer/Desktop/School/ROB599/ROB599_ws/install/hw3_interfaces/include/hw3_interfaces/hw3_interfaces/srv/detail
[0.592s] -- Up-to-date: /home/mike54pfeiffer/Desktop/School/ROB599/ROB599_ws/install/hw3_interfaces/include/hw3_interfaces/hw3_interfaces/srv/detail/set_logging__rosidl_typesupport_introspection_cpp.hpp
[0.592s] -- Up-to-date: /home/mike54pfeiffer/Desktop/School/ROB599/ROB599_ws/install/hw3_interfaces/include/hw3_interfaces/hw3_interfaces/srv/detail/set_status__type_support.cpp
[0.592s] -- Up-to-date: /home/mike54pfeiffer/Desktop/School/ROB599/ROB599_ws/install/hw3_interfaces/include/hw3_interfaces/hw3_interfaces/srv/detail/set_logging__type_support.cpp
[0.593s] -- Up-to-date: /home/mike54pfeiffer/Desktop/School/ROB599/ROB599_ws/install/hw3_interfaces/include/hw3_interfaces/hw3_interfaces/srv/detail/set_status__rosidl_typesupport_introspection_cpp.hpp
[0.593s] -- Up-to-date: /home/mike54pfeiffer/Desktop/School/ROB599/ROB599_ws/install/hw3_interfaces/lib/libhw3_interfaces__rosidl_typesupport_introspection_cpp.so
[0.593s] -- Up-to-date: /home/mike54pfeiffer/Desktop/School/ROB599/ROB599_ws/install/hw3_interfaces/lib/libhw3_interfaces__rosidl_typesupport_cpp.so
[0.593s] -- Up-to-date: /home/mike54pfeiffer/Desktop/School/ROB599/ROB599_ws/install/hw3_interfaces/share/hw3_interfaces/environment/pythonpath.sh
[0.593s] -- Up-to-date: /home/mike54pfeiffer/Desktop/School/ROB599/ROB599_ws/install/hw3_interfaces/share/hw3_interfaces/environment/pythonpath.dsv
[0.593s] -- Up-to-date: /home/mike54pfeiffer/Desktop/School/ROB599/ROB599_ws/install/hw3_interfaces/lib/python3.12/site-packages/hw3_interfaces-0.0.1-py3.12.egg-info
[0.593s] -- Installing: /home/mike54pfeiffer/Desktop/School/ROB599/ROB599_ws/install/hw3_interfaces/lib/python3.12/site-packages/hw3_interfaces-0.0.1-py3.12.egg-info/dependency_links.txt
[0.593s] -- Installing: /home/mike54pfeiffer/Desktop/School/ROB599/ROB599_ws/install/hw3_interfaces/lib/python3.12/site-packages/hw3_interfaces-0.0.1-py3.12.egg-info/top_level.txt
[0.593s] -- Installing: /home/mike54pfeiffer/Desktop/School/ROB599/ROB599_ws/install/hw3_interfaces/lib/python3.12/site-packages/hw3_interfaces-0.0.1-py3.12.egg-info/SOURCES.txt
[0.593s] -- Installing: /home/mike54pfeiffer/Desktop/School/ROB599/ROB599_ws/install/hw3_interfaces/lib/python3.12/site-packages/hw3_interfaces-0.0.1-py3.12.egg-info/PKG-INFO
[0.594s] -- Up-to-date: /home/mike54pfeiffer/Desktop/School/ROB599/ROB599_ws/install/hw3_interfaces/lib/python3.12/site-packages/hw3_interfaces
[0.594s] -- Up-to-date: /home/mike54pfeiffer/Desktop/School/ROB599/ROB599_ws/install/hw3_interfaces/lib/python3.12/site-packages/hw3_interfaces/hw3_interfaces_s__rosidl_typesupport_fastrtps_c.so
[0.594s] -- Up-to-date: /home/mike54pfeiffer/Desktop/School/ROB599/ROB599_ws/install/hw3_interfaces/lib/python3.12/site-packages/hw3_interfaces/_hw3_interfaces_s.ep.rosidl_typesupport_introspection_c.c
[0.594s] -- Up-to-date: /home/mike54pfeiffer/Desktop/School/ROB599/ROB599_ws/install/hw3_interfaces/lib/python3.12/site-packages/hw3_interfaces/__init__.py
[0.594s] -- Up-to-date: /home/mike54pfeiffer/Desktop/School/ROB599/ROB599_ws/install/hw3_interfaces/lib/python3.12/site-packages/hw3_interfaces/msg
[0.594s] -- Up-to-date: /home/mike54pfeiffer/Desktop/School/ROB599/ROB599_ws/install/hw3_interfaces/lib/python3.12/site-packages/hw3_interfaces/msg/__init__.py
[0.594s] -- Up-to-date: /home/mike54pfeiffer/Desktop/School/ROB599/ROB599_ws/install/hw3_interfaces/lib/python3.12/site-packages/hw3_interfaces/msg/_test_packet.py
[0.594s] -- Up-to-date: /home/mike54pfeiffer/Desktop/School/ROB599/ROB599_ws/install/hw3_interfaces/lib/python3.12/site-packages/hw3_interfaces/msg/_test_packet_s.c
[0.594s] -- Up-to-date: /home/mike54pfeiffer/Desktop/School/ROB599/ROB599_ws/install/hw3_interfaces/lib/python3.12/site-packages/hw3_interfaces/_hw3_interfaces_s.ep.rosidl_typesupport_c.c
[0.594s] -- Up-to-date: /home/mike54pfeiffer/Desktop/School/ROB599/ROB599_ws/install/hw3_interfaces/lib/python3.12/site-packages/hw3_interfaces/_hw3_interfaces_s.ep.rosidl_typesupport_fastrtps_c.c
[0.595s] -- Up-to-date: /home/mike54pfeiffer/Desktop/School/ROB599/ROB599_ws/install/hw3_interfaces/lib/python3.12/site-packages/hw3_interfaces/hw3_interfaces_s__rosidl_typesupport_introspection_c.so
[0.595s] -- Up-to-date: /home/mike54pfeiffer/Desktop/School/ROB599/ROB599_ws/install/hw3_interfaces/lib/python3.12/site-packages/hw3_interfaces/hw3_interfaces_s__rosidl_typesupport_c.so
[0.595s] -- Up-to-date: /home/mike54pfeiffer/Desktop/School/ROB599/ROB599_ws/install/hw3_interfaces/lib/python3.12/site-packages/hw3_interfaces/srv
[0.595s] -- Up-to-date: /home/mike54pfeiffer/Desktop/School/ROB599/ROB599_ws/install/hw3_interfaces/lib/python3.12/site-packages/hw3_interfaces/srv/__init__.py
[0.595s] -- Up-to-date: /home/mike54pfeiffer/Desktop/School/ROB599/ROB599_ws/install/hw3_interfaces/lib/python3.12/site-packages/hw3_interfaces/srv/_set_logging_s.c
[0.595s] -- Up-to-date: /home/mike54pfeiffer/Desktop/School/ROB599/ROB599_ws/install/hw3_interfaces/lib/python3.12/site-packages/hw3_interfaces/srv/_set_status.py
[0.595s] -- Up-to-date: /home/mike54pfeiffer/Desktop/School/ROB599/ROB599_ws/install/hw3_interfaces/lib/python3.12/site-packages/hw3_interfaces/srv/_set_status_s.c
[0.595s] -- Up-to-date: /home/mike54pfeiffer/Desktop/School/ROB599/ROB599_ws/install/hw3_interfaces/lib/python3.12/site-packages/hw3_interfaces/srv/_set_logging.py
[0.630s] Listing '/home/mike54pfeiffer/Desktop/School/ROB599/ROB599_ws/install/hw3_interfaces/lib/python3.12/site-packages/hw3_interfaces'...
[0.630s] Listing '/home/mike54pfeiffer/Desktop/School/ROB599/ROB599_ws/install/hw3_interfaces/lib/python3.12/site-packages/hw3_interfaces/msg'...
[0.630s] Listing '/home/mike54pfeiffer/Desktop/School/ROB599/ROB599_ws/install/hw3_interfaces/lib/python3.12/site-packages/hw3_interfaces/srv'...
[0.640s] -- Up-to-date: /home/mike54pfeiffer/Desktop/School/ROB599/ROB599_ws/install/hw3_interfaces/lib/python3.12/site-packages/hw3_interfaces/hw3_interfaces_s__rosidl_typesupport_fastrtps_c.so
[0.641s] -- Up-to-date: /home/mike54pfeiffer/Desktop/School/ROB599/ROB599_ws/install/hw3_interfaces/lib/python3.12/site-packages/hw3_interfaces/hw3_interfaces_s__rosidl_typesupport_introspection_c.so
[0.641s] -- Up-to-date: /home/mike54pfeiffer/Desktop/School/ROB599/ROB599_ws/install/hw3_interfaces/lib/python3.12/site-packages/hw3_interfaces/hw3_interfaces_s__rosidl_typesupport_c.so
[0.642s] -- Up-to-date: /home/mike54pfeiffer/Desktop/School/ROB599/ROB599_ws/install/hw3_interfaces/lib/libhw3_interfaces__rosidl_generator_py.so
[0.642s] -- Up-to-date: /home/mike54pfeiffer/Desktop/School/ROB599/ROB599_ws/install/hw3_interfaces/share/hw3_interfaces/msg/TestPacket.idl
[0.643s] -- Up-to-date: /home/mike54pfeiffer/Desktop/School/ROB599/ROB599_ws/install/hw3_interfaces/share/hw3_interfaces/srv/SetStatus.idl
[0.643s] -- Up-to-date: /home/mike54pfeiffer/Desktop/School/ROB599/ROB599_ws/install/hw3_interfaces/share/hw3_interfaces/srv/SetLogging.idl
[0.643s] -- Up-to-date: /home/mike54pfeiffer/Desktop/School/ROB599/ROB599_ws/install/hw3_interfaces/share/hw3_interfaces/msg/TestPacket.msg
[0.643s] -- Up-to-date: /home/mike54pfeiffer/Desktop/School/ROB599/ROB599_ws/install/hw3_interfaces/share/hw3_interfaces/srv/SetStatus.srv
[0.643s] -- Up-to-date: /home/mike54pfeiffer/Desktop/School/ROB599/ROB599_ws/install/hw3_interfaces/share/hw3_interfaces/srv/SetLogging.srv
[0.643s] -- Up-to-date: /home/mike54pfeiffer/Desktop/School/ROB599/ROB599_ws/install/hw3_interfaces/share/ament_index/resource_index/package_run_dependencies/hw3_interfaces
[0.644s] -- Up-to-date: /home/mike54pfeiffer/Desktop/School/ROB599/ROB599_ws/install/hw3_interfaces/share/ament_index/resource_index/parent_prefix_path/hw3_interfaces
[0.644s] -- Up-to-date: /home/mike54pfeiffer/Desktop/School/ROB599/ROB599_ws/install/hw3_interfaces/share/hw3_interfaces/environment/ament_prefix_path.sh
[0.644s] -- Up-to-date: /home/mike54pfeiffer/Desktop/School/ROB599/ROB599_ws/install/hw3_interfaces/share/hw3_interfaces/environment/ament_prefix_path.dsv
[0.644s] -- Up-to-date: /home/mike54pfeiffer/Desktop/School/ROB599/ROB599_ws/install/hw3_interfaces/share/hw3_interfaces/environment/path.sh
[0.644s] -- Up-to-date: /home/mike54pfeiffer/Desktop/School/ROB599/ROB599_ws/install/hw3_interfaces/share/hw3_interfaces/environment/path.dsv
[0.644s] -- Up-to-date: /home/mike54pfeiffer/Desktop/School/ROB599/ROB599_ws/install/hw3_interfaces/share/hw3_interfaces/local_setup.bash
[0.644s] -- Up-to-date: /home/mike54pfeiffer/Desktop/School/ROB599/ROB599_ws/install/hw3_interfaces/share/hw3_interfaces/local_setup.sh
[0.644s] -- Up-to-date: /home/mike54pfeiffer/Desktop/School/ROB599/ROB599_ws/install/hw3_interfaces/share/hw3_interfaces/local_setup.zsh
[0.645s] -- Up-to-date: /home/mike54pfeiffer/Desktop/School/ROB599/ROB599_ws/install/hw3_interfaces/share/hw3_interfaces/local_setup.dsv
[0.645s] -- Installing: /home/mike54pfeiffer/Desktop/School/ROB599/ROB599_ws/install/hw3_interfaces/share/hw3_interfaces/package.dsv
[0.645s] -- Up-to-date: /home/mike54pfeiffer/Desktop/School/ROB599/ROB599_ws/install/hw3_interfaces/share/ament_index/resource_index/packages/hw3_interfaces
[0.645s] -- Up-to-date: /home/mike54pfeiffer/Desktop/School/ROB599/ROB599_ws/install/hw3_interfaces/share/hw3_interfaces/cmake/export_hw3_interfaces__rosidl_generator_cExport.cmake
[0.645s] -- Up-to-date: /home/mike54pfeiffer/Desktop/School/ROB599/ROB599_ws/install/hw3_interfaces/share/hw3_interfaces/cmake/export_hw3_interfaces__rosidl_generator_cExport-noconfig.cmake
[0.645s] -- Up-to-date: /home/mike54pfeiffer/Desktop/School/ROB599/ROB599_ws/install/hw3_interfaces/share/hw3_interfaces/cmake/export_hw3_interfaces__rosidl_typesupport_fastrtps_cExport.cmake
[0.649s] -- Up-to-date: /home/mike54pfeiffer/Desktop/School/ROB599/ROB599_ws/install/hw3_interfaces/share/hw3_interfaces/cmake/export_hw3_interfaces__rosidl_typesupport_fastrtps_cExport-noconfig.cmake
[0.649s] -- Up-to-date: /home/mike54pfeiffer/Desktop/School/ROB599/ROB599_ws/install/hw3_interfaces/share/hw3_interfaces/cmake/hw3_interfaces__rosidl_typesupport_introspection_cExport.cmake
[0.650s] -- Up-to-date: /home/mike54pfeiffer/Desktop/School/ROB599/ROB599_ws/install/hw3_interfaces/share/hw3_interfaces/cmake/hw3_interfaces__rosidl_typesupport_introspection_cExport-noconfig.cmake
[0.651s] -- Up-to-date: /home/mike54pfeiffer/Desktop/School/ROB599/ROB599_ws/install/hw3_interfaces/share/hw3_interfaces/cmake/hw3_interfaces__rosidl_typesupport_cExport.cmake
[0.651s] -- Up-to-date: /home/mike54pfeiffer/Desktop/School/ROB599/ROB599_ws/install/hw3_interfaces/share/hw3_interfaces/cmake/hw3_interfaces__rosidl_typesupport_cExport-noconfig.cmake
[0.652s] -- Up-to-date: /home/mike54pfeiffer/Desktop/School/ROB599/ROB599_ws/install/hw3_interfaces/share/hw3_interfaces/cmake/export_hw3_interfaces__rosidl_generator_cppExport.cmake
[0.652s] -- Up-to-date: /home/mike54pfeiffer/Desktop/School/ROB599/ROB599_ws/install/hw3_interfaces/share/hw3_interfaces/cmake/export_hw3_interfaces__rosidl_typesupport_fastrtps_cppExport.cmake
[0.652s] -- Up-to-date: /home/mike54pfeiffer/Desktop/School/ROB599/ROB599_ws/install/hw3_interfaces/share/hw3_interfaces/cmake/export_hw3_interfaces__rosidl_typesupport_fastrtps_cppExport-noconfig.cmake
[0.652s] -- Up-to-date: /home/mike54pfeiffer/Desktop/School/ROB599/ROB599_ws/install/hw3_interfaces/share/hw3_interfaces/cmake/hw3_interfaces__rosidl_typesupport_introspection_cppExport.cmake
[0.652s] -- Up-to-date: /home/mike54pfeiffer/Desktop/School/ROB599/ROB599_ws/install/hw3_interfaces/share/hw3_interfaces/cmake/hw3_interfaces__rosidl_typesupport_introspection_cppExport-noconfig.cmake
[0.652s] -- Up-to-date: /home/mike54pfeiffer/Desktop/School/ROB599/ROB599_ws/install/hw3_interfaces/share/hw3_interfaces/cmake/hw3_interfaces__rosidl_typesupport_cppExport.cmake
[0.652s] -- Up-to-date: /home/mike54pfeiffer/Desktop/School/ROB599/ROB599_ws/install/hw3_interfaces/share/hw3_interfaces/cmake/hw3_interfaces__rosidl_typesupport_cppExport-noconfig.cmake
[0.653s] -- Up-to-date: /home/mike54pfeiffer/Desktop/School/ROB599/ROB599_ws/install/hw3_interfaces/share/hw3_interfaces/cmake/export_hw3_interfaces__rosidl_generator_pyExport.cmake
[0.653s] -- Up-to-date: /home/mike54pfeiffer/Desktop/School/ROB599/ROB599_ws/install/hw3_interfaces/share/hw3_interfaces/cmake/export_hw3_interfaces__rosidl_generator_pyExport-noconfig.cmake
[0.653s] -- Up-to-date: /home/mike54pfeiffer/Desktop/School/ROB599/ROB599_ws/install/hw3_interfaces/share/hw3_interfaces/cmake/rosidl_cmake-extras.cmake
[0.653s] -- Up-to-date: /home/mike54pfeiffer/Desktop/School/ROB599/ROB599_ws/install/hw3_interfaces/share/hw3_interfaces/cmake/ament_cmake_export_dependencies-extras.cmake
[0.653s] -- Up-to-date: /home/mike54pfeiffer/Desktop/School/ROB599/ROB599_ws/install/hw3_interfaces/share/hw3_interfaces/cmake/ament_cmake_export_include_directories-extras.cmake
[0.653s] -- Up-to-date: /home/mike54pfeiffer/Desktop/School/ROB599/ROB599_ws/install/hw3_interfaces/share/hw3_interfaces/cmake/ament_cmake_export_libraries-extras.cmake
[0.653s] -- Up-to-date: /home/mike54pfeiffer/Desktop/School/ROB599/ROB599_ws/install/hw3_interfaces/share/hw3_interfaces/cmake/ament_cmake_export_targets-extras.cmake
[0.653s] -- Up-to-date: /home/mike54pfeiffer/Desktop/School/ROB599/ROB599_ws/install/hw3_interfaces/share/hw3_interfaces/cmake/rosidl_cmake_export_typesupport_targets-extras.cmake
[0.653s] -- Up-to-date: /home/mike54pfeiffer/Desktop/School/ROB599/ROB599_ws/install/hw3_interfaces/share/hw3_interfaces/cmake/rosidl_cmake_export_typesupport_libraries-extras.cmake
[0.654s] -- Up-to-date: /home/mike54pfeiffer/Desktop/School/ROB599/ROB599_ws/install/hw3_interfaces/share/hw3_interfaces/cmake/hw3_interfacesConfig.cmake
[0.654s] -- Up-to-date: /home/mike54pfeiffer/Desktop/School/ROB599/ROB599_ws/install/hw3_interfaces/share/hw3_interfaces/cmake/hw3_interfacesConfig-version.cmake
[0.654s] -- Up-to-date: /home/mike54pfeiffer/Desktop/School/ROB599/ROB599_ws/install/hw3_interfaces/share/hw3_interfaces/package.xml
[0.654s] Invoked command in '/home/mike54pfeiffer/Desktop/School/ROB599/ROB599_ws/build/hw3_interfaces' returned '0': CMAKE_PREFIX_PATH=${CMAKE_PREFIX_PATH}:/opt/ros/jazzy DEBUGINFOD_URLS=https://debuginfod.ubuntu.com /usr/bin/cmake --install /home/mike54pfeiffer/Desktop/School/ROB599/ROB599_ws/build/hw3_interfaces
