[  1%] Built target hw3_interfaces__rosidl_generator_type_description
[  1%] Built target ament_cmake_python_copy_hw3_interfaces
[  3%] Built target hw3_interfaces__cpp
[ 24%] Built target hw3_interfaces__rosidl_generator_c
[ 33%] Built target hw3_interfaces__rosidl_typesupport_introspection_c
[ 42%] Built target hw3_interfaces__rosidl_typesupport_c
[ 61%] Built target hw3_interfaces__rosidl_typesupport_introspection_cpp
[ 61%] Built target hw3_interfaces__rosidl_typesupport_cpp
[ 79%] Built target hw3_interfaces__rosidl_typesupport_fastrtps_cpp
[ 79%] Built target hw3_interfaces__rosidl_typesupport_fastrtps_c
[ 79%] Built target hw3_interfaces
[ 81%] Built target hw3_interfaces__py
[ 88%] Built target hw3_interfaces__rosidl_generator_py
[ 96%] Built target hw3_interfaces_s__rosidl_typesupport_c
[ 96%] Built target hw3_interfaces_s__rosidl_typesupport_introspection_c
[100%] Built target hw3_interfaces_s__rosidl_typesupport_fastrtps_c
running egg_info
writing hw3_interfaces.egg-info/PKG-INFO
writing dependency_links to hw3_interfaces.egg-info/dependency_links.txt
writing top-level names to hw3_interfaces.egg-info/top_level.txt
reading manifest file 'hw3_interfaces.egg-info/SOURCES.txt'
writing manifest file 'hw3_interfaces.egg-info/SOURCES.txt'
[100%] Built target ament_cmake_python_build_hw3_interfaces_egg
-- Install configuration: ""
-- Up-to-date: /home/mike54pfeiffer/Desktop/School/ROB599/ROB599_ws/install/hw3_interfaces/share/ament_index/resource_index/rosidl_interfaces/hw3_interfaces
-- Up-to-date: /home/mike54pfeiffer/Desktop/School/ROB599/ROB599_ws/install/hw3_interfaces/share/hw3_interfaces/msg/TestPacket.json
-- Up-to-date: /home/mike54pfeiffer/Desktop/School/ROB599/ROB599_ws/install/hw3_interfaces/share/hw3_interfaces/srv/SetStatus.json
-- Up-to-date: /home/mike54pfeiffer/Desktop/School/ROB599/ROB599_ws/install/hw3_interfaces/share/hw3_interfaces/srv/SetLogging.json
-- Up-to-date: /home/mike54pfeiffer/Desktop/School/ROB599/ROB599_ws/install/hw3_interfaces/include/hw3_interfaces/hw3_interfaces
-- Up-to-date: /home/mike54pfeiffer/Desktop/School/ROB599/ROB599_ws/install/hw3_interfaces/include/hw3_interfaces/hw3_interfaces/msg
-- Up-to-date: /home/mike54pfeiffer/Desktop/School/ROB599/ROB599_ws/install/hw3_interfaces/include/hw3_interfaces/hw3_interfaces/msg/test_packet.h
-- Up-to-date: /home/mike54pfeiffer/Desktop/School/ROB599/ROB599_ws/install/hw3_interfaces/include/hw3_interfaces/hw3_interfaces/msg/detail
-- Up-to-date: /home/mike54pfeiffer/Desktop/School/ROB599/ROB599_ws/install/hw3_interfaces/include/hw3_interfaces/hw3_interfaces/msg/detail/test_packet__functions.c
-- Up-to-date: /home/mike54pfeiffer/Desktop/School/ROB599/ROB599_ws/install/hw3_interfaces/include/hw3_interfaces/hw3_interfaces/msg/detail/test_packet__functions.h
-- Up-to-date: /home/mike54pfeiffer/Desktop/School/ROB599/ROB599_ws/install/hw3_interfaces/include/hw3_interfaces/hw3_interfaces/msg/detail/test_packet__description.c
-- Up-to-date: /home/mike54pfeiffer/Desktop/School/ROB599/ROB599_ws/install/hw3_interfaces/include/hw3_interfaces/hw3_interfaces/msg/detail/test_packet__type_support.h
-- Up-to-date: /home/mike54pfeiffer/Desktop/School/ROB599/ROB599_ws/install/hw3_interfaces/include/hw3_interfaces/hw3_interfaces/msg/detail/test_packet__type_support.c
-- Up-to-date: /home/mike54pfeiffer/Desktop/School/ROB599/ROB599_ws/install/hw3_interfaces/include/hw3_interfaces/hw3_interfaces/msg/detail/test_packet__struct.h
-- Up-to-date: /home/mike54pfeiffer/Desktop/School/ROB599/ROB599_ws/install/hw3_interfaces/include/hw3_interfaces/hw3_interfaces/msg/rosidl_generator_c__visibility_control.h
-- Up-to-date: /home/mike54pfeiffer/Desktop/School/ROB599/ROB599_ws/install/hw3_interfaces/include/hw3_interfaces/hw3_interfaces/srv
-- Up-to-date: /home/mike54pfeiffer/Desktop/School/ROB599/ROB599_ws/install/hw3_interfaces/include/hw3_interfaces/hw3_interfaces/srv/set_logging.h
-- Up-to-date: /home/mike54pfeiffer/Desktop/School/ROB599/ROB599_ws/install/hw3_interfaces/include/hw3_interfaces/hw3_interfaces/srv/detail
-- Up-to-date: /home/mike54pfeiffer/Desktop/School/ROB599/ROB599_ws/install/hw3_interfaces/include/hw3_interfaces/hw3_interfaces/srv/detail/set_logging__struct.h
-- Up-to-date: /home/mike54pfeiffer/Desktop/School/ROB599/ROB599_ws/install/hw3_interfaces/include/hw3_interfaces/hw3_interfaces/srv/detail/set_logging__description.c
-- Up-to-date: /home/mike54pfeiffer/Desktop/School/ROB599/ROB599_ws/install/hw3_interfaces/include/hw3_interfaces/hw3_interfaces/srv/detail/set_logging__type_support.c
-- Up-to-date: /home/mike54pfeiffer/Desktop/School/ROB599/ROB599_ws/install/hw3_interfaces/include/hw3_interfaces/hw3_interfaces/srv/detail/set_status__description.c
-- Up-to-date: /home/mike54pfeiffer/Desktop/School/ROB599/ROB599_ws/install/hw3_interfaces/include/hw3_interfaces/hw3_interfaces/srv/detail/set_logging__functions.h
-- Up-to-date: /home/mike54pfeiffer/Desktop/School/ROB599/ROB599_ws/install/hw3_interfaces/include/hw3_interfaces/hw3_interfaces/srv/detail/set_status__functions.h
-- Up-to-date: /home/mike54pfeiffer/Desktop/School/ROB599/ROB599_ws/install/hw3_interfaces/include/hw3_interfaces/hw3_interfaces/srv/detail/set_status__struct.h
-- Up-to-date: /home/mike54pfeiffer/Desktop/School/ROB599/ROB599_ws/install/hw3_interfaces/include/hw3_interfaces/hw3_interfaces/srv/detail/set_status__functions.c
-- Up-to-date: /home/mike54pfeiffer/Desktop/School/ROB599/ROB599_ws/install/hw3_interfaces/include/hw3_interfaces/hw3_interfaces/srv/detail/set_status__type_support.c
-- Up-to-date: /home/mike54pfeiffer/Desktop/School/ROB599/ROB599_ws/install/hw3_interfaces/include/hw3_interfaces/hw3_interfaces/srv/detail/set_logging__type_support.h
-- Up-to-date: /home/mike54pfeiffer/Desktop/School/ROB599/ROB599_ws/install/hw3_interfaces/include/hw3_interfaces/hw3_interfaces/srv/detail/set_status__type_support.h
-- Up-to-date: /home/mike54pfeiffer/Desktop/School/ROB599/ROB599_ws/install/hw3_interfaces/include/hw3_interfaces/hw3_interfaces/srv/detail/set_logging__functions.c
-- Up-to-date: /home/mike54pfeiffer/Desktop/School/ROB599/ROB599_ws/install/hw3_interfaces/include/hw3_interfaces/hw3_interfaces/srv/set_status.h
-- Up-to-date: /home/mike54pfeiffer/Desktop/School/ROB599/ROB599_ws/install/hw3_interfaces/share/hw3_interfaces/environment/library_path.sh
-- Up-to-date: /home/mike54pfeiffer/Desktop/School/ROB599/ROB599_ws/install/hw3_interfaces/share/hw3_interfaces/environment/library_path.dsv
-- Up-to-date: /home/mike54pfeiffer/Desktop/School/ROB599/ROB599_ws/install/hw3_interfaces/lib/libhw3_interfaces__rosidl_generator_c.so
-- Up-to-date: /home/mike54pfeiffer/Desktop/School/ROB599/ROB599_ws/install/hw3_interfaces/include/hw3_interfaces/hw3_interfaces
-- Up-to-date: /home/mike54pfeiffer/Desktop/School/ROB599/ROB599_ws/install/hw3_interfaces/include/hw3_interfaces/hw3_interfaces/msg
-- Up-to-date: /home/mike54pfeiffer/Desktop/School/ROB599/ROB599_ws/install/hw3_interfaces/include/hw3_interfaces/hw3_interfaces/msg/rosidl_typesupport_fastrtps_c__visibility_control.h
-- Up-to-date: /home/mike54pfeiffer/Desktop/School/ROB599/ROB599_ws/install/hw3_interfaces/include/hw3_interfaces/hw3_interfaces/msg/detail
-- Up-to-date: /home/mike54pfeiffer/Desktop/School/ROB599/ROB599_ws/install/hw3_interfaces/include/hw3_interfaces/hw3_interfaces/msg/detail/test_packet__rosidl_typesupport_fastrtps_c.h
-- Up-to-date: /home/mike54pfeiffer/Desktop/School/ROB599/ROB599_ws/install/hw3_interfaces/include/hw3_interfaces/hw3_interfaces/srv
-- Up-to-date: /home/mike54pfeiffer/Desktop/School/ROB599/ROB599_ws/install/hw3_interfaces/include/hw3_interfaces/hw3_interfaces/srv/detail
-- Up-to-date: /home/mike54pfeiffer/Desktop/School/ROB599/ROB599_ws/install/hw3_interfaces/include/hw3_interfaces/hw3_interfaces/srv/detail/set_status__rosidl_typesupport_fastrtps_c.h
-- Up-to-date: /home/mike54pfeiffer/Desktop/School/ROB599/ROB599_ws/install/hw3_interfaces/include/hw3_interfaces/hw3_interfaces/srv/detail/set_logging__rosidl_typesupport_fastrtps_c.h
-- Up-to-date: /home/mike54pfeiffer/Desktop/School/ROB599/ROB599_ws/install/hw3_interfaces/lib/libhw3_interfaces__rosidl_typesupport_fastrtps_c.so
-- Up-to-date: /home/mike54pfeiffer/Desktop/School/ROB599/ROB599_ws/install/hw3_interfaces/include/hw3_interfaces/hw3_interfaces
-- Up-to-date: /home/mike54pfeiffer/Desktop/School/ROB599/ROB599_ws/install/hw3_interfaces/include/hw3_interfaces/hw3_interfaces/msg
-- Up-to-date: /home/mike54pfeiffer/Desktop/School/ROB599/ROB599_ws/install/hw3_interfaces/include/hw3_interfaces/hw3_interfaces/msg/rosidl_typesupport_introspection_c__visibility_control.h
-- Up-to-date: /home/mike54pfeiffer/Desktop/School/ROB599/ROB599_ws/install/hw3_interfaces/include/hw3_interfaces/hw3_interfaces/msg/detail
-- Up-to-date: /home/mike54pfeiffer/Desktop/School/ROB599/ROB599_ws/install/hw3_interfaces/include/hw3_interfaces/hw3_interfaces/msg/detail/test_packet__type_support.c
-- Up-to-date: /home/mike54pfeiffer/Desktop/School/ROB599/ROB599_ws/install/hw3_interfaces/include/hw3_interfaces/hw3_interfaces/msg/detail/test_packet__rosidl_typesupport_introspection_c.h
-- Up-to-date: /home/mike54pfeiffer/Desktop/School/ROB599/ROB599_ws/install/hw3_interfaces/include/hw3_interfaces/hw3_interfaces/srv
-- Up-to-date: /home/mike54pfeiffer/Desktop/School/ROB599/ROB599_ws/install/hw3_interfaces/include/hw3_interfaces/hw3_interfaces/srv/detail
-- Up-to-date: /home/mike54pfeiffer/Desktop/School/ROB599/ROB599_ws/install/hw3_interfaces/include/hw3_interfaces/hw3_interfaces/srv/detail/set_logging__type_support.c
-- Up-to-date: /home/mike54pfeiffer/Desktop/School/ROB599/ROB599_ws/install/hw3_interfaces/include/hw3_interfaces/hw3_interfaces/srv/detail/set_status__type_support.c
-- Up-to-date: /home/mike54pfeiffer/Desktop/School/ROB599/ROB599_ws/install/hw3_interfaces/include/hw3_interfaces/hw3_interfaces/srv/detail/set_logging__rosidl_typesupport_introspection_c.h
-- Up-to-date: /home/mike54pfeiffer/Desktop/School/ROB599/ROB599_ws/install/hw3_interfaces/include/hw3_interfaces/hw3_interfaces/srv/detail/set_status__rosidl_typesupport_introspection_c.h
-- Up-to-date: /home/mike54pfeiffer/Desktop/School/ROB599/ROB599_ws/install/hw3_interfaces/lib/libhw3_interfaces__rosidl_typesupport_introspection_c.so
-- Up-to-date: /home/mike54pfeiffer/Desktop/School/ROB599/ROB599_ws/install/hw3_interfaces/lib/libhw3_interfaces__rosidl_typesupport_c.so
-- Up-to-date: /home/mike54pfeiffer/Desktop/School/ROB599/ROB599_ws/install/hw3_interfaces/include/hw3_interfaces/hw3_interfaces
-- Up-to-date: /home/mike54pfeiffer/Desktop/School/ROB599/ROB599_ws/install/hw3_interfaces/include/hw3_interfaces/hw3_interfaces/msg
-- Up-to-date: /home/mike54pfeiffer/Desktop/School/ROB599/ROB599_ws/install/hw3_interfaces/include/hw3_interfaces/hw3_interfaces/msg/test_packet.hpp
-- Up-to-date: /home/mike54pfeiffer/Desktop/School/ROB599/ROB599_ws/install/hw3_interfaces/include/hw3_interfaces/hw3_interfaces/msg/detail
-- Up-to-date: /home/mike54pfeiffer/Desktop/School/ROB599/ROB599_ws/install/hw3_interfaces/include/hw3_interfaces/hw3_interfaces/msg/detail/test_packet__traits.hpp
-- Up-to-date: /home/mike54pfeiffer/Desktop/School/ROB599/ROB599_ws/install/hw3_interfaces/include/hw3_interfaces/hw3_interfaces/msg/detail/test_packet__struct.hpp
-- Up-to-date: /home/mike54pfeiffer/Desktop/School/ROB599/ROB599_ws/install/hw3_interfaces/include/hw3_interfaces/hw3_interfaces/msg/detail/test_packet__type_support.hpp
-- Up-to-date: /home/mike54pfeiffer/Desktop/School/ROB599/ROB599_ws/install/hw3_interfaces/include/hw3_interfaces/hw3_interfaces/msg/detail/test_packet__builder.hpp
-- Up-to-date: /home/mike54pfeiffer/Desktop/School/ROB599/ROB599_ws/install/hw3_interfaces/include/hw3_interfaces/hw3_interfaces/msg/rosidl_generator_cpp__visibility_control.hpp
-- Up-to-date: /home/mike54pfeiffer/Desktop/School/ROB599/ROB599_ws/install/hw3_interfaces/include/hw3_interfaces/hw3_interfaces/srv
-- Up-to-date: /home/mike54pfeiffer/Desktop/School/ROB599/ROB599_ws/install/hw3_interfaces/include/hw3_interfaces/hw3_interfaces/srv/set_logging.hpp
-- Up-to-date: /home/mike54pfeiffer/Desktop/School/ROB599/ROB599_ws/install/hw3_interfaces/include/hw3_interfaces/hw3_interfaces/srv/set_status.hpp
-- Up-to-date: /home/mike54pfeiffer/Desktop/School/ROB599/ROB599_ws/install/hw3_interfaces/include/hw3_interfaces/hw3_interfaces/srv/detail
-- Up-to-date: /home/mike54pfeiffer/Desktop/School/ROB599/ROB599_ws/install/hw3_interfaces/include/hw3_interfaces/hw3_interfaces/srv/detail/set_logging__type_support.hpp
-- Up-to-date: /home/mike54pfeiffer/Desktop/School/ROB599/ROB599_ws/install/hw3_interfaces/include/hw3_interfaces/hw3_interfaces/srv/detail/set_logging__traits.hpp
-- Up-to-date: /home/mike54pfeiffer/Desktop/School/ROB599/ROB599_ws/install/hw3_interfaces/include/hw3_interfaces/hw3_interfaces/srv/detail/set_status__struct.hpp
-- Up-to-date: /home/mike54pfeiffer/Desktop/School/ROB599/ROB599_ws/install/hw3_interfaces/include/hw3_interfaces/hw3_interfaces/srv/detail/set_status__builder.hpp
-- Up-to-date: /home/mike54pfeiffer/Desktop/School/ROB599/ROB599_ws/install/hw3_interfaces/include/hw3_interfaces/hw3_interfaces/srv/detail/set_status__traits.hpp
-- Up-to-date: /home/mike54pfeiffer/Desktop/School/ROB599/ROB599_ws/install/hw3_interfaces/include/hw3_interfaces/hw3_interfaces/srv/detail/set_logging__struct.hpp
-- Up-to-date: /home/mike54pfeiffer/Desktop/School/ROB599/ROB599_ws/install/hw3_interfaces/include/hw3_interfaces/hw3_interfaces/srv/detail/set_status__type_support.hpp
-- Up-to-date: /home/mike54pfeiffer/Desktop/School/ROB599/ROB599_ws/install/hw3_interfaces/include/hw3_interfaces/hw3_interfaces/srv/detail/set_logging__builder.hpp
-- Up-to-date: /home/mike54pfeiffer/Desktop/School/ROB599/ROB599_ws/install/hw3_interfaces/include/hw3_interfaces/hw3_interfaces
-- Up-to-date: /home/mike54pfeiffer/Desktop/School/ROB599/ROB599_ws/install/hw3_interfaces/include/hw3_interfaces/hw3_interfaces/msg
-- Up-to-date: /home/mike54pfeiffer/Desktop/School/ROB599/ROB599_ws/install/hw3_interfaces/include/hw3_interfaces/hw3_interfaces/msg/rosidl_typesupport_fastrtps_cpp__visibility_control.h
-- Up-to-date: /home/mike54pfeiffer/Desktop/School/ROB599/ROB599_ws/install/hw3_interfaces/include/hw3_interfaces/hw3_interfaces/msg/detail
-- Up-to-date: /home/mike54pfeiffer/Desktop/School/ROB599/ROB599_ws/install/hw3_interfaces/include/hw3_interfaces/hw3_interfaces/msg/detail/test_packet__rosidl_typesupport_fastrtps_cpp.hpp
-- Up-to-date: /home/mike54pfeiffer/Desktop/School/ROB599/ROB599_ws/install/hw3_interfaces/include/hw3_interfaces/hw3_interfaces/msg/detail/dds_fastrtps
-- Up-to-date: /home/mike54pfeiffer/Desktop/School/ROB599/ROB599_ws/install/hw3_interfaces/include/hw3_interfaces/hw3_interfaces/srv
-- Up-to-date: /home/mike54pfeiffer/Desktop/School/ROB599/ROB599_ws/install/hw3_interfaces/include/hw3_interfaces/hw3_interfaces/srv/detail
-- Up-to-date: /home/mike54pfeiffer/Desktop/School/ROB599/ROB599_ws/install/hw3_interfaces/include/hw3_interfaces/hw3_interfaces/srv/detail/dds_fastrtps
-- Up-to-date: /home/mike54pfeiffer/Desktop/School/ROB599/ROB599_ws/install/hw3_interfaces/include/hw3_interfaces/hw3_interfaces/srv/detail/set_logging__rosidl_typesupport_fastrtps_cpp.hpp
-- Up-to-date: /home/mike54pfeiffer/Desktop/School/ROB599/ROB599_ws/install/hw3_interfaces/include/hw3_interfaces/hw3_interfaces/srv/detail/set_status__rosidl_typesupport_fastrtps_cpp.hpp
-- Up-to-date: /home/mike54pfeiffer/Desktop/School/ROB599/ROB599_ws/install/hw3_interfaces/lib/libhw3_interfaces__rosidl_typesupport_fastrtps_cpp.so
-- Up-to-date: /home/mike54pfeiffer/Desktop/School/ROB599/ROB599_ws/install/hw3_interfaces/include/hw3_interfaces/hw3_interfaces
-- Up-to-date: /home/mike54pfeiffer/Desktop/School/ROB599/ROB599_ws/install/hw3_interfaces/include/hw3_interfaces/hw3_interfaces/msg
-- Up-to-date: /home/mike54pfeiffer/Desktop/School/ROB599/ROB599_ws/install/hw3_interfaces/include/hw3_interfaces/hw3_interfaces/msg/detail
-- Up-to-date: /home/mike54pfeiffer/Desktop/School/ROB599/ROB599_ws/install/hw3_interfaces/include/hw3_interfaces/hw3_interfaces/msg/detail/test_packet__rosidl_typesupport_introspection_cpp.hpp
-- Up-to-date: /home/mike54pfeiffer/Desktop/School/ROB599/ROB599_ws/install/hw3_interfaces/include/hw3_interfaces/hw3_interfaces/msg/detail/test_packet__type_support.cpp
-- Up-to-date: /home/mike54pfeiffer/Desktop/School/ROB599/ROB599_ws/install/hw3_interfaces/include/hw3_interfaces/hw3_interfaces/srv
-- Up-to-date: /home/mike54pfeiffer/Desktop/School/ROB599/ROB599_ws/install/hw3_interfaces/include/hw3_interfaces/hw3_interfaces/srv/detail
-- Up-to-date: /home/mike54pfeiffer/Desktop/School/ROB599/ROB599_ws/install/hw3_interfaces/include/hw3_interfaces/hw3_interfaces/srv/detail/set_logging__rosidl_typesupport_introspection_cpp.hpp
-- Up-to-date: /home/mike54pfeiffer/Desktop/School/ROB599/ROB599_ws/install/hw3_interfaces/include/hw3_interfaces/hw3_interfaces/srv/detail/set_status__type_support.cpp
-- Up-to-date: /home/mike54pfeiffer/Desktop/School/ROB599/ROB599_ws/install/hw3_interfaces/include/hw3_interfaces/hw3_interfaces/srv/detail/set_logging__type_support.cpp
-- Up-to-date: /home/mike54pfeiffer/Desktop/School/ROB599/ROB599_ws/install/hw3_interfaces/include/hw3_interfaces/hw3_interfaces/srv/detail/set_status__rosidl_typesupport_introspection_cpp.hpp
-- Up-to-date: /home/mike54pfeiffer/Desktop/School/ROB599/ROB599_ws/install/hw3_interfaces/lib/libhw3_interfaces__rosidl_typesupport_introspection_cpp.so
-- Up-to-date: /home/mike54pfeiffer/Desktop/School/ROB599/ROB599_ws/install/hw3_interfaces/lib/libhw3_interfaces__rosidl_typesupport_cpp.so
-- Up-to-date: /home/mike54pfeiffer/Desktop/School/ROB599/ROB599_ws/install/hw3_interfaces/share/hw3_interfaces/environment/pythonpath.sh
-- Up-to-date: /home/mike54pfeiffer/Desktop/School/ROB599/ROB599_ws/install/hw3_interfaces/share/hw3_interfaces/environment/pythonpath.dsv
-- Up-to-date: /home/mike54pfeiffer/Desktop/School/ROB599/ROB599_ws/install/hw3_interfaces/lib/python3.12/site-packages/hw3_interfaces-0.0.1-py3.12.egg-info
-- Installing: /home/mike54pfeiffer/Desktop/School/ROB599/ROB599_ws/install/hw3_interfaces/lib/python3.12/site-packages/hw3_interfaces-0.0.1-py3.12.egg-info/dependency_links.txt
-- Installing: /home/mike54pfeiffer/Desktop/School/ROB599/ROB599_ws/install/hw3_interfaces/lib/python3.12/site-packages/hw3_interfaces-0.0.1-py3.12.egg-info/top_level.txt
-- Installing: /home/mike54pfeiffer/Desktop/School/ROB599/ROB599_ws/install/hw3_interfaces/lib/python3.12/site-packages/hw3_interfaces-0.0.1-py3.12.egg-info/SOURCES.txt
-- Installing: /home/mike54pfeiffer/Desktop/School/ROB599/ROB599_ws/install/hw3_interfaces/lib/python3.12/site-packages/hw3_interfaces-0.0.1-py3.12.egg-info/PKG-INFO
-- Up-to-date: /home/mike54pfeiffer/Desktop/School/ROB599/ROB599_ws/install/hw3_interfaces/lib/python3.12/site-packages/hw3_interfaces
-- Up-to-date: /home/mike54pfeiffer/Desktop/School/ROB599/ROB599_ws/install/hw3_interfaces/lib/python3.12/site-packages/hw3_interfaces/hw3_interfaces_s__rosidl_typesupport_fastrtps_c.so
-- Up-to-date: /home/mike54pfeiffer/Desktop/School/ROB599/ROB599_ws/install/hw3_interfaces/lib/python3.12/site-packages/hw3_interfaces/_hw3_interfaces_s.ep.rosidl_typesupport_introspection_c.c
-- Up-to-date: /home/mike54pfeiffer/Desktop/School/ROB599/ROB599_ws/install/hw3_interfaces/lib/python3.12/site-packages/hw3_interfaces/__init__.py
-- Up-to-date: /home/mike54pfeiffer/Desktop/School/ROB599/ROB599_ws/install/hw3_interfaces/lib/python3.12/site-packages/hw3_interfaces/msg
-- Up-to-date: /home/mike54pfeiffer/Desktop/School/ROB599/ROB599_ws/install/hw3_interfaces/lib/python3.12/site-packages/hw3_interfaces/msg/__init__.py
-- Up-to-date: /home/mike54pfeiffer/Desktop/School/ROB599/ROB599_ws/install/hw3_interfaces/lib/python3.12/site-packages/hw3_interfaces/msg/_test_packet.py
-- Up-to-date: /home/mike54pfeiffer/Desktop/School/ROB599/ROB599_ws/install/hw3_interfaces/lib/python3.12/site-packages/hw3_interfaces/msg/_test_packet_s.c
-- Up-to-date: /home/mike54pfeiffer/Desktop/School/ROB599/ROB599_ws/install/hw3_interfaces/lib/python3.12/site-packages/hw3_interfaces/_hw3_interfaces_s.ep.rosidl_typesupport_c.c
-- Up-to-date: /home/mike54pfeiffer/Desktop/School/ROB599/ROB599_ws/install/hw3_interfaces/lib/python3.12/site-packages/hw3_interfaces/_hw3_interfaces_s.ep.rosidl_typesupport_fastrtps_c.c
-- Up-to-date: /home/mike54pfeiffer/Desktop/School/ROB599/ROB599_ws/install/hw3_interfaces/lib/python3.12/site-packages/hw3_interfaces/hw3_interfaces_s__rosidl_typesupport_introspection_c.so
-- Up-to-date: /home/mike54pfeiffer/Desktop/School/ROB599/ROB599_ws/install/hw3_interfaces/lib/python3.12/site-packages/hw3_interfaces/hw3_interfaces_s__rosidl_typesupport_c.so
-- Up-to-date: /home/mike54pfeiffer/Desktop/School/ROB599/ROB599_ws/install/hw3_interfaces/lib/python3.12/site-packages/hw3_interfaces/srv
-- Up-to-date: /home/mike54pfeiffer/Desktop/School/ROB599/ROB599_ws/install/hw3_interfaces/lib/python3.12/site-packages/hw3_interfaces/srv/__init__.py
-- Up-to-date: /home/mike54pfeiffer/Desktop/School/ROB599/ROB599_ws/install/hw3_interfaces/lib/python3.12/site-packages/hw3_interfaces/srv/_set_logging_s.c
-- Up-to-date: /home/mike54pfeiffer/Desktop/School/ROB599/ROB599_ws/install/hw3_interfaces/lib/python3.12/site-packages/hw3_interfaces/srv/_set_status.py
-- Up-to-date: /home/mike54pfeiffer/Desktop/School/ROB599/ROB599_ws/install/hw3_interfaces/lib/python3.12/site-packages/hw3_interfaces/srv/_set_status_s.c
-- Up-to-date: /home/mike54pfeiffer/Desktop/School/ROB599/ROB599_ws/install/hw3_interfaces/lib/python3.12/site-packages/hw3_interfaces/srv/_set_logging.py
Listing '/home/mike54pfeiffer/Desktop/School/ROB599/ROB599_ws/install/hw3_interfaces/lib/python3.12/site-packages/hw3_interfaces'...
Listing '/home/mike54pfeiffer/Desktop/School/ROB599/ROB599_ws/install/hw3_interfaces/lib/python3.12/site-packages/hw3_interfaces/msg'...
Listing '/home/mike54pfeiffer/Desktop/School/ROB599/ROB599_ws/install/hw3_interfaces/lib/python3.12/site-packages/hw3_interfaces/srv'...
-- Up-to-date: /home/mike54pfeiffer/Desktop/School/ROB599/ROB599_ws/install/hw3_interfaces/lib/python3.12/site-packages/hw3_interfaces/hw3_interfaces_s__rosidl_typesupport_fastrtps_c.so
-- Up-to-date: /home/mike54pfeiffer/Desktop/School/ROB599/ROB599_ws/install/hw3_interfaces/lib/python3.12/site-packages/hw3_interfaces/hw3_interfaces_s__rosidl_typesupport_introspection_c.so
-- Up-to-date: /home/mike54pfeiffer/Desktop/School/ROB599/ROB599_ws/install/hw3_interfaces/lib/python3.12/site-packages/hw3_interfaces/hw3_interfaces_s__rosidl_typesupport_c.so
-- Up-to-date: /home/mike54pfeiffer/Desktop/School/ROB599/ROB599_ws/install/hw3_interfaces/lib/libhw3_interfaces__rosidl_generator_py.so
-- Up-to-date: /home/mike54pfeiffer/Desktop/School/ROB599/ROB599_ws/install/hw3_interfaces/share/hw3_interfaces/msg/TestPacket.idl
-- Up-to-date: /home/mike54pfeiffer/Desktop/School/ROB599/ROB599_ws/install/hw3_interfaces/share/hw3_interfaces/srv/SetStatus.idl
-- Up-to-date: /home/mike54pfeiffer/Desktop/School/ROB599/ROB599_ws/install/hw3_interfaces/share/hw3_interfaces/srv/SetLogging.idl
-- Up-to-date: /home/mike54pfeiffer/Desktop/School/ROB599/ROB599_ws/install/hw3_interfaces/share/hw3_interfaces/msg/TestPacket.msg
-- Up-to-date: /home/mike54pfeiffer/Desktop/School/ROB599/ROB599_ws/install/hw3_interfaces/share/hw3_interfaces/srv/SetStatus.srv
-- Up-to-date: /home/mike54pfeiffer/Desktop/School/ROB599/ROB599_ws/install/hw3_interfaces/share/hw3_interfaces/srv/SetLogging.srv
-- Up-to-date: /home/mike54pfeiffer/Desktop/School/ROB599/ROB599_ws/install/hw3_interfaces/share/ament_index/resource_index/package_run_dependencies/hw3_interfaces
-- Up-to-date: /home/mike54pfeiffer/Desktop/School/ROB599/ROB599_ws/install/hw3_interfaces/share/ament_index/resource_index/parent_prefix_path/hw3_interfaces
-- Up-to-date: /home/mike54pfeiffer/Desktop/School/ROB599/ROB599_ws/install/hw3_interfaces/share/hw3_interfaces/environment/ament_prefix_path.sh
-- Up-to-date: /home/mike54pfeiffer/Desktop/School/ROB599/ROB599_ws/install/hw3_interfaces/share/hw3_interfaces/environment/ament_prefix_path.dsv
-- Up-to-date: /home/mike54pfeiffer/Desktop/School/ROB599/ROB599_ws/install/hw3_interfaces/share/hw3_interfaces/environment/path.sh
-- Up-to-date: /home/mike54pfeiffer/Desktop/School/ROB599/ROB599_ws/install/hw3_interfaces/share/hw3_interfaces/environment/path.dsv
-- Up-to-date: /home/mike54pfeiffer/Desktop/School/ROB599/ROB599_ws/install/hw3_interfaces/share/hw3_interfaces/local_setup.bash
-- Up-to-date: /home/mike54pfeiffer/Desktop/School/ROB599/ROB599_ws/install/hw3_interfaces/share/hw3_interfaces/local_setup.sh
-- Up-to-date: /home/mike54pfeiffer/Desktop/School/ROB599/ROB599_ws/install/hw3_interfaces/share/hw3_interfaces/local_setup.zsh
-- Up-to-date: /home/mike54pfeiffer/Desktop/School/ROB599/ROB599_ws/install/hw3_interfaces/share/hw3_interfaces/local_setup.dsv
-- Installing: /home/mike54pfeiffer/Desktop/School/ROB599/ROB599_ws/install/hw3_interfaces/share/hw3_interfaces/package.dsv
-- Up-to-date: /home/mike54pfeiffer/Desktop/School/ROB599/ROB599_ws/install/hw3_interfaces/share/ament_index/resource_index/packages/hw3_interfaces
-- Up-to-date: /home/mike54pfeiffer/Desktop/School/ROB599/ROB599_ws/install/hw3_interfaces/share/hw3_interfaces/cmake/export_hw3_interfaces__rosidl_generator_cExport.cmake
-- Up-to-date: /home/mike54pfeiffer/Desktop/School/ROB599/ROB599_ws/install/hw3_interfaces/share/hw3_interfaces/cmake/export_hw3_interfaces__rosidl_generator_cExport-noconfig.cmake
-- Up-to-date: /home/mike54pfeiffer/Desktop/School/ROB599/ROB599_ws/install/hw3_interfaces/share/hw3_interfaces/cmake/export_hw3_interfaces__rosidl_typesupport_fastrtps_cExport.cmake
-- Up-to-date: /home/mike54pfeiffer/Desktop/School/ROB599/ROB599_ws/install/hw3_interfaces/share/hw3_interfaces/cmake/export_hw3_interfaces__rosidl_typesupport_fastrtps_cExport-noconfig.cmake
-- Up-to-date: /home/mike54pfeiffer/Desktop/School/ROB599/ROB599_ws/install/hw3_interfaces/share/hw3_interfaces/cmake/hw3_interfaces__rosidl_typesupport_introspection_cExport.cmake
-- Up-to-date: /home/mike54pfeiffer/Desktop/School/ROB599/ROB599_ws/install/hw3_interfaces/share/hw3_interfaces/cmake/hw3_interfaces__rosidl_typesupport_introspection_cExport-noconfig.cmake
-- Up-to-date: /home/mike54pfeiffer/Desktop/School/ROB599/ROB599_ws/install/hw3_interfaces/share/hw3_interfaces/cmake/hw3_interfaces__rosidl_typesupport_cExport.cmake
-- Up-to-date: /home/mike54pfeiffer/Desktop/School/ROB599/ROB599_ws/install/hw3_interfaces/share/hw3_interfaces/cmake/hw3_interfaces__rosidl_typesupport_cExport-noconfig.cmake
-- Up-to-date: /home/mike54pfeiffer/Desktop/School/ROB599/ROB599_ws/install/hw3_interfaces/share/hw3_interfaces/cmake/export_hw3_interfaces__rosidl_generator_cppExport.cmake
-- Up-to-date: /home/mike54pfeiffer/Desktop/School/ROB599/ROB599_ws/install/hw3_interfaces/share/hw3_interfaces/cmake/export_hw3_interfaces__rosidl_typesupport_fastrtps_cppExport.cmake
-- Up-to-date: /home/mike54pfeiffer/Desktop/School/ROB599/ROB599_ws/install/hw3_interfaces/share/hw3_interfaces/cmake/export_hw3_interfaces__rosidl_typesupport_fastrtps_cppExport-noconfig.cmake
-- Up-to-date: /home/mike54pfeiffer/Desktop/School/ROB599/ROB599_ws/install/hw3_interfaces/share/hw3_interfaces/cmake/hw3_interfaces__rosidl_typesupport_introspection_cppExport.cmake
-- Up-to-date: /home/mike54pfeiffer/Desktop/School/ROB599/ROB599_ws/install/hw3_interfaces/share/hw3_interfaces/cmake/hw3_interfaces__rosidl_typesupport_introspection_cppExport-noconfig.cmake
-- Up-to-date: /home/mike54pfeiffer/Desktop/School/ROB599/ROB599_ws/install/hw3_interfaces/share/hw3_interfaces/cmake/hw3_interfaces__rosidl_typesupport_cppExport.cmake
-- Up-to-date: /home/mike54pfeiffer/Desktop/School/ROB599/ROB599_ws/install/hw3_interfaces/share/hw3_interfaces/cmake/hw3_interfaces__rosidl_typesupport_cppExport-noconfig.cmake
-- Up-to-date: /home/mike54pfeiffer/Desktop/School/ROB599/ROB599_ws/install/hw3_interfaces/share/hw3_interfaces/cmake/export_hw3_interfaces__rosidl_generator_pyExport.cmake
-- Up-to-date: /home/mike54pfeiffer/Desktop/School/ROB599/ROB599_ws/install/hw3_interfaces/share/hw3_interfaces/cmake/export_hw3_interfaces__rosidl_generator_pyExport-noconfig.cmake
-- Up-to-date: /home/mike54pfeiffer/Desktop/School/ROB599/ROB599_ws/install/hw3_interfaces/share/hw3_interfaces/cmake/rosidl_cmake-extras.cmake
-- Up-to-date: /home/mike54pfeiffer/Desktop/School/ROB599/ROB599_ws/install/hw3_interfaces/share/hw3_interfaces/cmake/ament_cmake_export_dependencies-extras.cmake
-- Up-to-date: /home/mike54pfeiffer/Desktop/School/ROB599/ROB599_ws/install/hw3_interfaces/share/hw3_interfaces/cmake/ament_cmake_export_include_directories-extras.cmake
-- Up-to-date: /home/mike54pfeiffer/Desktop/School/ROB599/ROB599_ws/install/hw3_interfaces/share/hw3_interfaces/cmake/ament_cmake_export_libraries-extras.cmake
-- Up-to-date: /home/mike54pfeiffer/Desktop/School/ROB599/ROB599_ws/install/hw3_interfaces/share/hw3_interfaces/cmake/ament_cmake_export_targets-extras.cmake
-- Up-to-date: /home/mike54pfeiffer/Desktop/School/ROB599/ROB599_ws/install/hw3_interfaces/share/hw3_interfaces/cmake/rosidl_cmake_export_typesupport_targets-extras.cmake
-- Up-to-date: /home/mike54pfeiffer/Desktop/School/ROB599/ROB599_ws/install/hw3_interfaces/share/hw3_interfaces/cmake/rosidl_cmake_export_typesupport_libraries-extras.cmake
-- Up-to-date: /home/mike54pfeiffer/Desktop/School/ROB599/ROB599_ws/install/hw3_interfaces/share/hw3_interfaces/cmake/hw3_interfacesConfig.cmake
-- Up-to-date: /home/mike54pfeiffer/Desktop/School/ROB599/ROB599_ws/install/hw3_interfaces/share/hw3_interfaces/cmake/hw3_interfacesConfig-version.cmake
-- Up-to-date: /home/mike54pfeiffer/Desktop/School/ROB599/ROB599_ws/install/hw3_interfaces/share/hw3_interfaces/package.xml
