[0.029s] Invoking command in '/home/mike54pfeiffer/Desktop/School/ROB599/ROB599_ws/build/hw3_interfaces': CMAKE_PREFIX_PATH=${CMAKE_PREFIX_PATH}:/home/mike54pfeiffer/Desktop/School/ROB599/ROB599_ws/install/rob599_basic:/home/mike54pfeiffer/Desktop/School/ROB599/ROB599_ws/install/hw4:/home/mike54pfeiffer/Desktop/School/ROB599/ROB599_ws/install/hw3:/home/mike54pfeiffer/Desktop/School/ROB599/ROB599_ws/install/hw2:/opt/ros/jazzy DEBUGINFOD_URLS=https://debuginfod.ubuntu.com /usr/bin/cmake --build /home/mike54pfeiffer/Desktop/School/ROB599/ROB599_ws/build/hw3_interfaces -- -j12 -l12
[0.703s] [  1%] Built target hw3_interfaces__rosidl_generator_type_description
[0.703s] [  1%] Built target ament_cmake_python_copy_hw3_interfaces
[0.704s] [  3%] Built target hw3_interfaces__cpp
[0.704s] [ 24%] Built target hw3_interfaces__rosidl_generator_c
[0.704s] [ 57%] Built target hw3_interfaces__rosidl_typesupport_c
[0.704s] [ 70%] Built target hw3_interfaces__rosidl_typesupport_introspection_c
[0.704s] [ 74%] Built target hw3_interfaces__rosidl_typesupport_fastrtps_cpp
[0.705s] [ 57%] Built target hw3_interfaces__rosidl_typesupport_introspection_cpp
[0.705s] [ 62%] Built target hw3_interfaces__rosidl_typesupport_cpp
[0.705s] [ 79%] Built target hw3_interfaces__rosidl_typesupport_fastrtps_c
[0.705s] [ 79%] Built target hw3_interfaces
[0.705s] [ 81%] Built target hw3_interfaces__py
[0.705s] [ 88%] Built target hw3_interfaces__rosidl_generator_py
[0.705s] [100%] Built target hw3_interfaces_s__rosidl_typesupport_introspection_c
[0.705s] [100%] Built target hw3_interfaces_s__rosidl_typesupport_c
[0.705s] [100%] Built target hw3_interfaces_s__rosidl_typesupport_fastrtps_c
[0.705s] running egg_info
[0.705s] writing hw3_interfaces.egg-info/PKG-INFO
[0.705s] writing dependency_links to hw3_interfaces.egg-info/dependency_links.txt
[0.705s] writing top-level names to hw3_interfaces.egg-info/top_level.txt
[0.705s] reading manifest file 'hw3_interfaces.egg-info/SOURCES.txt'
[0.705s] writing manifest file 'hw3_interfaces.egg-info/SOURCES.txt'
[0.705s] [100%] Built target ament_cmake_python_build_hw3_interfaces_egg
