[0.027s] Invoking command in '/home/mike54pfeiffer/Desktop/School/ROB599/ROB599_ws/build/hw4_interfaces': CMAKE_PREFIX_PATH=${CMAKE_PREFIX_PATH}:/home/mike54pfeiffer/Desktop/School/ROB599/ROB599_ws/install/rob599_basic:/home/mike54pfeiffer/Desktop/School/ROB599/ROB599_ws/install/hw4:/home/mike54pfeiffer/Desktop/School/ROB599/ROB599_ws/install/hw3:/home/mike54pfeiffer/Desktop/School/ROB599/ROB599_ws/install/hw2:/opt/ros/jazzy DEBUGINFOD_URLS=https://debuginfod.ubuntu.com /usr/bin/cmake --build /home/mike54pfeiffer/Desktop/School/ROB599/ROB599_ws/build/hw4_interfaces -- -j12 -l12
[0.639s] [  2%] Built target hw4_interfaces__rosidl_generator_type_description
[0.640s] [  2%] Built target ament_cmake_python_copy_hw4_interfaces
[0.640s] [  5%] Built target hw4_interfaces__cpp
[0.640s] [ 20%] Built target hw4_interfaces__rosidl_generator_c
[0.640s] [ 29%] Built target hw4_interfaces__rosidl_typesupport_c
[0.640s] [ 38%] Built target hw4_interfaces__rosidl_typesupport_cpp
[0.640s] [ 55%] Built target hw4_interfaces__rosidl_typesupport_fastrtps_c
[0.640s] [ 55%] Built target hw4_interfaces__rosidl_typesupport_introspection_cpp
[0.641s] [ 64%] Built target hw4_interfaces__rosidl_typesupport_introspection_c
[0.641s] [ 73%] Built target hw4_interfaces__rosidl_typesupport_fastrtps_cpp
[0.641s] [ 73%] Built target hw4_interfaces
[0.641s] [ 76%] Built target hw4_interfaces__py
[0.641s] [ 82%] Built target hw4_interfaces__rosidl_generator_py
[0.641s] [ 88%] Built target hw4_interfaces_s__rosidl_typesupport_introspection_c
[0.641s] [ 94%] Built target hw4_interfaces_s__rosidl_typesupport_fastrtps_c
[0.641s] [100%] Built target hw4_interfaces_s__rosidl_typesupport_c
[0.641s] running egg_info
[0.641s] writing hw4_interfaces.egg-info/PKG-INFO
[0.642s] writing dependency_links to hw4_interfaces.egg-info/dependency_links.txt
[0.642s] writing top-level names to hw4_interfaces.egg-info/top_level.txt
[0.642s] reading manifest file 'hw4_interfaces.egg-info/SOURCES.txt'
[0.642s] writing manifest file 'hw4_interfaces.egg-info/SOURCES.txt'
[0.642s] [100%] Built target ament_cmake_python_build_hw4_interfaces_egg
[0.652s] Invoked command in '/home/mike54pfeiffer/Desktop/School/ROB599/ROB599_ws/build/hw4_interfaces' returned '0': CMAKE_PREFIX_PATH=${CMAKE_PREFIX_PATH}:/home/mike54pfeiffer/Desktop/School/ROB599/ROB599_ws/install/rob599_basic:/home/mike54pfeiffer/Desktop/School/ROB599/ROB599_ws/install/hw4:/home/mike54pfeiffer/Desktop/School/ROB599/ROB599_ws/install/hw3:/home/mike54pfeiffer/Desktop/School/ROB599/ROB599_ws/install/hw2:/opt/ros/jazzy DEBUGINFOD_URLS=https://debuginfod.ubuntu.com /usr/bin/cmake --build /home/mike54pfeiffer/Desktop/School/ROB599/ROB599_ws/build/hw4_interfaces -- -j12 -l12
[0.653s] Invoking command in '/home/mike54pfeiffer/Desktop/School/ROB599/ROB599_ws/build/hw4_interfaces': CMAKE_PREFIX_PATH=${CMAKE_PREFIX_PATH}:/home/mike54pfeiffer/Desktop/School/ROB599/ROB599_ws/install/rob599_basic:/home/mike54pfeiffer/Desktop/School/ROB599/ROB599_ws/install/hw4:/home/mike54pfeiffer/Desktop/School/ROB599/ROB599_ws/install/hw3:/home/mike54pfeiffer/Desktop/School/ROB599/ROB599_ws/install/hw2:/opt/ros/jazzy DEBUGINFOD_URLS=https://debuginfod.ubuntu.com /usr/bin/cmake --install /home/mike54pfeiffer/Desktop/School/ROB599/ROB599_ws/build/hw4_interfaces
[0.668s] -- Install configuration: ""
[0.669s] -- Up-to-date: /home/mike54pfeiffer/Desktop/School/ROB599/ROB599_ws/install/hw4_interfaces/share/ament_index/resource_index/rosidl_interfaces/hw4_interfaces
[0.669s] -- Up-to-date: /home/mike54pfeiffer/Desktop/School/ROB599/ROB599_ws/install/hw4_interfaces/share/hw4_interfaces/action/RocketLaunch.json
[0.669s] -- Up-to-date: /home/mike54pfeiffer/Desktop/School/ROB599/ROB599_ws/install/hw4_interfaces/include/hw4_interfaces/hw4_interfaces
[0.669s] -- Up-to-date: /home/mike54pfeiffer/Desktop/School/ROB599/ROB599_ws/install/hw4_interfaces/include/hw4_interfaces/hw4_interfaces/action
[0.669s] -- Up-to-date: /home/mike54pfeiffer/Desktop/School/ROB599/ROB599_ws/install/hw4_interfaces/include/hw4_interfaces/hw4_interfaces/action/rocket_launch.h
[0.669s] -- Up-to-date: /home/mike54pfeiffer/Desktop/School/ROB599/ROB599_ws/install/hw4_interfaces/include/hw4_interfaces/hw4_interfaces/action/detail
[0.669s] -- Up-to-date: /home/mike54pfeiffer/Desktop/School/ROB599/ROB599_ws/install/hw4_interfaces/include/hw4_interfaces/hw4_interfaces/action/detail/rocket_launch__struct.h
[0.669s] -- Up-to-date: /home/mike54pfeiffer/Desktop/School/ROB599/ROB599_ws/install/hw4_interfaces/include/hw4_interfaces/hw4_interfaces/action/detail/rocket_launch__functions.c
[0.670s] -- Up-to-date: /home/mike54pfeiffer/Desktop/School/ROB599/ROB599_ws/install/hw4_interfaces/include/hw4_interfaces/hw4_interfaces/action/detail/rocket_launch__functions.h
[0.670s] -- Up-to-date: /home/mike54pfeiffer/Desktop/School/ROB599/ROB599_ws/install/hw4_interfaces/include/hw4_interfaces/hw4_interfaces/action/detail/rocket_launch__type_support.h
[0.670s] -- Up-to-date: /home/mike54pfeiffer/Desktop/School/ROB599/ROB599_ws/install/hw4_interfaces/include/hw4_interfaces/hw4_interfaces/action/detail/rocket_launch__type_support.c
[0.670s] -- Up-to-date: /home/mike54pfeiffer/Desktop/School/ROB599/ROB599_ws/install/hw4_interfaces/include/hw4_interfaces/hw4_interfaces/action/detail/rocket_launch__description.c
[0.670s] -- Up-to-date: /home/mike54pfeiffer/Desktop/School/ROB599/ROB599_ws/install/hw4_interfaces/include/hw4_interfaces/hw4_interfaces/msg
[0.670s] -- Up-to-date: /home/mike54pfeiffer/Desktop/School/ROB599/ROB599_ws/install/hw4_interfaces/include/hw4_interfaces/hw4_interfaces/msg/rosidl_generator_c__visibility_control.h
[0.670s] -- Up-to-date: /home/mike54pfeiffer/Desktop/School/ROB599/ROB599_ws/install/hw4_interfaces/share/hw4_interfaces/environment/library_path.sh
[0.673s] -- Up-to-date: /home/mike54pfeiffer/Desktop/School/ROB599/ROB599_ws/install/hw4_interfaces/share/hw4_interfaces/environment/library_path.dsv
[0.673s] -- Up-to-date: /home/mike54pfeiffer/Desktop/School/ROB599/ROB599_ws/install/hw4_interfaces/lib/libhw4_interfaces__rosidl_generator_c.so
[0.673s] -- Up-to-date: /home/mike54pfeiffer/Desktop/School/ROB599/ROB599_ws/install/hw4_interfaces/include/hw4_interfaces/hw4_interfaces
[0.673s] -- Up-to-date: /home/mike54pfeiffer/Desktop/School/ROB599/ROB599_ws/install/hw4_interfaces/include/hw4_interfaces/hw4_interfaces/action
[0.673s] -- Up-to-date: /home/mike54pfeiffer/Desktop/School/ROB599/ROB599_ws/install/hw4_interfaces/include/hw4_interfaces/hw4_interfaces/action/detail
[0.673s] -- Up-to-date: /home/mike54pfeiffer/Desktop/School/ROB599/ROB599_ws/install/hw4_interfaces/include/hw4_interfaces/hw4_interfaces/action/detail/rocket_launch__rosidl_typesupport_fastrtps_c.h
[0.673s] -- Up-to-date: /home/mike54pfeiffer/Desktop/School/ROB599/ROB599_ws/install/hw4_interfaces/include/hw4_interfaces/hw4_interfaces/msg
[0.673s] -- Up-to-date: /home/mike54pfeiffer/Desktop/School/ROB599/ROB599_ws/install/hw4_interfaces/include/hw4_interfaces/hw4_interfaces/msg/rosidl_typesupport_fastrtps_c__visibility_control.h
[0.673s] -- Up-to-date: /home/mike54pfeiffer/Desktop/School/ROB599/ROB599_ws/install/hw4_interfaces/lib/libhw4_interfaces__rosidl_typesupport_fastrtps_c.so
[0.673s] -- Up-to-date: /home/mike54pfeiffer/Desktop/School/ROB599/ROB599_ws/install/hw4_interfaces/include/hw4_interfaces/hw4_interfaces
[0.673s] -- Up-to-date: /home/mike54pfeiffer/Desktop/School/ROB599/ROB599_ws/install/hw4_interfaces/include/hw4_interfaces/hw4_interfaces/action
[0.673s] -- Up-to-date: /home/mike54pfeiffer/Desktop/School/ROB599/ROB599_ws/install/hw4_interfaces/include/hw4_interfaces/hw4_interfaces/action/detail
[0.674s] -- Up-to-date: /home/mike54pfeiffer/Desktop/School/ROB599/ROB599_ws/install/hw4_interfaces/include/hw4_interfaces/hw4_interfaces/action/detail/rocket_launch__type_support.c
[0.674s] -- Up-to-date: /home/mike54pfeiffer/Desktop/School/ROB599/ROB599_ws/install/hw4_interfaces/include/hw4_interfaces/hw4_interfaces/action/detail/rocket_launch__rosidl_typesupport_introspection_c.h
[0.674s] -- Up-to-date: /home/mike54pfeiffer/Desktop/School/ROB599/ROB599_ws/install/hw4_interfaces/include/hw4_interfaces/hw4_interfaces/msg
[0.674s] -- Up-to-date: /home/mike54pfeiffer/Desktop/School/ROB599/ROB599_ws/install/hw4_interfaces/include/hw4_interfaces/hw4_interfaces/msg/rosidl_typesupport_introspection_c__visibility_control.h
[0.674s] -- Up-to-date: /home/mike54pfeiffer/Desktop/School/ROB599/ROB599_ws/install/hw4_interfaces/lib/libhw4_interfaces__rosidl_typesupport_introspection_c.so
[0.675s] -- Up-to-date: /home/mike54pfeiffer/Desktop/School/ROB599/ROB599_ws/install/hw4_interfaces/lib/libhw4_interfaces__rosidl_typesupport_c.so
[0.675s] -- Up-to-date: /home/mike54pfeiffer/Desktop/School/ROB599/ROB599_ws/install/hw4_interfaces/include/hw4_interfaces/hw4_interfaces
[0.675s] -- Up-to-date: /home/mike54pfeiffer/Desktop/School/ROB599/ROB599_ws/install/hw4_interfaces/include/hw4_interfaces/hw4_interfaces/action
[0.676s] -- Up-to-date: /home/mike54pfeiffer/Desktop/School/ROB599/ROB599_ws/install/hw4_interfaces/include/hw4_interfaces/hw4_interfaces/action/detail
[0.676s] -- Up-to-date: /home/mike54pfeiffer/Desktop/School/ROB599/ROB599_ws/install/hw4_interfaces/include/hw4_interfaces/hw4_interfaces/action/detail/rocket_launch__traits.hpp
[0.676s] -- Up-to-date: /home/mike54pfeiffer/Desktop/School/ROB599/ROB599_ws/install/hw4_interfaces/include/hw4_interfaces/hw4_interfaces/action/detail/rocket_launch__struct.hpp
[0.676s] -- Up-to-date: /home/mike54pfeiffer/Desktop/School/ROB599/ROB599_ws/install/hw4_interfaces/include/hw4_interfaces/hw4_interfaces/action/detail/rocket_launch__type_support.hpp
[0.676s] -- Up-to-date: /home/mike54pfeiffer/Desktop/School/ROB599/ROB599_ws/install/hw4_interfaces/include/hw4_interfaces/hw4_interfaces/action/detail/rocket_launch__builder.hpp
[0.676s] -- Up-to-date: /home/mike54pfeiffer/Desktop/School/ROB599/ROB599_ws/install/hw4_interfaces/include/hw4_interfaces/hw4_interfaces/action/rocket_launch.hpp
[0.676s] -- Up-to-date: /home/mike54pfeiffer/Desktop/School/ROB599/ROB599_ws/install/hw4_interfaces/include/hw4_interfaces/hw4_interfaces/msg
[0.676s] -- Up-to-date: /home/mike54pfeiffer/Desktop/School/ROB599/ROB599_ws/install/hw4_interfaces/include/hw4_interfaces/hw4_interfaces/msg/rosidl_generator_cpp__visibility_control.hpp
[0.676s] -- Up-to-date: /home/mike54pfeiffer/Desktop/School/ROB599/ROB599_ws/install/hw4_interfaces/include/hw4_interfaces/hw4_interfaces
[0.676s] -- Up-to-date: /home/mike54pfeiffer/Desktop/School/ROB599/ROB599_ws/install/hw4_interfaces/include/hw4_interfaces/hw4_interfaces/action
[0.676s] -- Up-to-date: /home/mike54pfeiffer/Desktop/School/ROB599/ROB599_ws/install/hw4_interfaces/include/hw4_interfaces/hw4_interfaces/action/detail
[0.677s] -- Up-to-date: /home/mike54pfeiffer/Desktop/School/ROB599/ROB599_ws/install/hw4_interfaces/include/hw4_interfaces/hw4_interfaces/action/detail/dds_fastrtps
[0.677s] -- Up-to-date: /home/mike54pfeiffer/Desktop/School/ROB599/ROB599_ws/install/hw4_interfaces/include/hw4_interfaces/hw4_interfaces/action/detail/rocket_launch__rosidl_typesupport_fastrtps_cpp.hpp
[0.677s] -- Up-to-date: /home/mike54pfeiffer/Desktop/School/ROB599/ROB599_ws/install/hw4_interfaces/include/hw4_interfaces/hw4_interfaces/msg
[0.677s] -- Up-to-date: /home/mike54pfeiffer/Desktop/School/ROB599/ROB599_ws/install/hw4_interfaces/include/hw4_interfaces/hw4_interfaces/msg/rosidl_typesupport_fastrtps_cpp__visibility_control.h
[0.677s] -- Up-to-date: /home/mike54pfeiffer/Desktop/School/ROB599/ROB599_ws/install/hw4_interfaces/lib/libhw4_interfaces__rosidl_typesupport_fastrtps_cpp.so
[0.677s] -- Up-to-date: /home/mike54pfeiffer/Desktop/School/ROB599/ROB599_ws/install/hw4_interfaces/include/hw4_interfaces/hw4_interfaces
[0.677s] -- Up-to-date: /home/mike54pfeiffer/Desktop/School/ROB599/ROB599_ws/install/hw4_interfaces/include/hw4_interfaces/hw4_interfaces/action
[0.678s] -- Up-to-date: /home/mike54pfeiffer/Desktop/School/ROB599/ROB599_ws/install/hw4_interfaces/include/hw4_interfaces/hw4_interfaces/action/detail
[0.678s] -- Up-to-date: /home/mike54pfeiffer/Desktop/School/ROB599/ROB599_ws/install/hw4_interfaces/include/hw4_interfaces/hw4_interfaces/action/detail/rocket_launch__rosidl_typesupport_introspection_cpp.hpp
[0.678s] -- Up-to-date: /home/mike54pfeiffer/Desktop/School/ROB599/ROB599_ws/install/hw4_interfaces/include/hw4_interfaces/hw4_interfaces/action/detail/rocket_launch__type_support.cpp
[0.678s] -- Up-to-date: /home/mike54pfeiffer/Desktop/School/ROB599/ROB599_ws/install/hw4_interfaces/lib/libhw4_interfaces__rosidl_typesupport_introspection_cpp.so
[0.678s] -- Up-to-date: /home/mike54pfeiffer/Desktop/School/ROB599/ROB599_ws/install/hw4_interfaces/lib/libhw4_interfaces__rosidl_typesupport_cpp.so
[0.679s] -- Up-to-date: /home/mike54pfeiffer/Desktop/School/ROB599/ROB599_ws/install/hw4_interfaces/share/hw4_interfaces/environment/pythonpath.sh
[0.679s] -- Up-to-date: /home/mike54pfeiffer/Desktop/School/ROB599/ROB599_ws/install/hw4_interfaces/share/hw4_interfaces/environment/pythonpath.dsv
[0.679s] -- Up-to-date: /home/mike54pfeiffer/Desktop/School/ROB599/ROB599_ws/install/hw4_interfaces/lib/python3.12/site-packages/hw4_interfaces-0.0.0-py3.12.egg-info
[0.679s] -- Installing: /home/mike54pfeiffer/Desktop/School/ROB599/ROB599_ws/install/hw4_interfaces/lib/python3.12/site-packages/hw4_interfaces-0.0.0-py3.12.egg-info/dependency_links.txt
[0.679s] -- Installing: /home/mike54pfeiffer/Desktop/School/ROB599/ROB599_ws/install/hw4_interfaces/lib/python3.12/site-packages/hw4_interfaces-0.0.0-py3.12.egg-info/top_level.txt
[0.679s] -- Installing: /home/mike54pfeiffer/Desktop/School/ROB599/ROB599_ws/install/hw4_interfaces/lib/python3.12/site-packages/hw4_interfaces-0.0.0-py3.12.egg-info/SOURCES.txt
[0.680s] -- Installing: /home/mike54pfeiffer/Desktop/School/ROB599/ROB599_ws/install/hw4_interfaces/lib/python3.12/site-packages/hw4_interfaces-0.0.0-py3.12.egg-info/PKG-INFO
[0.680s] -- Up-to-date: /home/mike54pfeiffer/Desktop/School/ROB599/ROB599_ws/install/hw4_interfaces/lib/python3.12/site-packages/hw4_interfaces
[0.680s] -- Up-to-date: /home/mike54pfeiffer/Desktop/School/ROB599/ROB599_ws/install/hw4_interfaces/lib/python3.12/site-packages/hw4_interfaces/action
[0.680s] -- Up-to-date: /home/mike54pfeiffer/Desktop/School/ROB599/ROB599_ws/install/hw4_interfaces/lib/python3.12/site-packages/hw4_interfaces/action/_rocket_launch.py
[0.680s] -- Up-to-date: /home/mike54pfeiffer/Desktop/School/ROB599/ROB599_ws/install/hw4_interfaces/lib/python3.12/site-packages/hw4_interfaces/action/__init__.py
[0.680s] -- Up-to-date: /home/mike54pfeiffer/Desktop/School/ROB599/ROB599_ws/install/hw4_interfaces/lib/python3.12/site-packages/hw4_interfaces/action/_rocket_launch_s.c
[0.680s] -- Up-to-date: /home/mike54pfeiffer/Desktop/School/ROB599/ROB599_ws/install/hw4_interfaces/lib/python3.12/site-packages/hw4_interfaces/hw4_interfaces_s__rosidl_typesupport_introspection_c.so
[0.680s] -- Up-to-date: /home/mike54pfeiffer/Desktop/School/ROB599/ROB599_ws/install/hw4_interfaces/lib/python3.12/site-packages/hw4_interfaces/__init__.py
[0.680s] -- Up-to-date: /home/mike54pfeiffer/Desktop/School/ROB599/ROB599_ws/install/hw4_interfaces/lib/python3.12/site-packages/hw4_interfaces/hw4_interfaces_s__rosidl_typesupport_fastrtps_c.so
[0.680s] -- Up-to-date: /home/mike54pfeiffer/Desktop/School/ROB599/ROB599_ws/install/hw4_interfaces/lib/python3.12/site-packages/hw4_interfaces/_hw4_interfaces_s.ep.rosidl_typesupport_introspection_c.c
[0.681s] -- Up-to-date: /home/mike54pfeiffer/Desktop/School/ROB599/ROB599_ws/install/hw4_interfaces/lib/python3.12/site-packages/hw4_interfaces/hw4_interfaces_s__rosidl_typesupport_c.so
[0.681s] -- Up-to-date: /home/mike54pfeiffer/Desktop/School/ROB599/ROB599_ws/install/hw4_interfaces/lib/python3.12/site-packages/hw4_interfaces/_hw4_interfaces_s.ep.rosidl_typesupport_c.c
[0.681s] -- Up-to-date: /home/mike54pfeiffer/Desktop/School/ROB599/ROB599_ws/install/hw4_interfaces/lib/python3.12/site-packages/hw4_interfaces/_hw4_interfaces_s.ep.rosidl_typesupport_fastrtps_c.c
[0.723s] Listing '/home/mike54pfeiffer/Desktop/School/ROB599/ROB599_ws/install/hw4_interfaces/lib/python3.12/site-packages/hw4_interfaces'...
[0.723s] Listing '/home/mike54pfeiffer/Desktop/School/ROB599/ROB599_ws/install/hw4_interfaces/lib/python3.12/site-packages/hw4_interfaces/action'...
[0.736s] -- Up-to-date: /home/mike54pfeiffer/Desktop/School/ROB599/ROB599_ws/install/hw4_interfaces/lib/python3.12/site-packages/hw4_interfaces/hw4_interfaces_s__rosidl_typesupport_fastrtps_c.so
[0.737s] -- Up-to-date: /home/mike54pfeiffer/Desktop/School/ROB599/ROB599_ws/install/hw4_interfaces/lib/python3.12/site-packages/hw4_interfaces/hw4_interfaces_s__rosidl_typesupport_introspection_c.so
[0.738s] -- Up-to-date: /home/mike54pfeiffer/Desktop/School/ROB599/ROB599_ws/install/hw4_interfaces/lib/python3.12/site-packages/hw4_interfaces/hw4_interfaces_s__rosidl_typesupport_c.so
[0.738s] -- Up-to-date: /home/mike54pfeiffer/Desktop/School/ROB599/ROB599_ws/install/hw4_interfaces/lib/libhw4_interfaces__rosidl_generator_py.so
[0.738s] -- Up-to-date: /home/mike54pfeiffer/Desktop/School/ROB599/ROB599_ws/install/hw4_interfaces/share/hw4_interfaces/action/RocketLaunch.idl
[0.738s] -- Up-to-date: /home/mike54pfeiffer/Desktop/School/ROB599/ROB599_ws/install/hw4_interfaces/share/hw4_interfaces/action/RocketLaunch.action
[0.739s] -- Up-to-date: /home/mike54pfeiffer/Desktop/School/ROB599/ROB599_ws/install/hw4_interfaces/share/ament_index/resource_index/package_run_dependencies/hw4_interfaces
[0.739s] -- Up-to-date: /home/mike54pfeiffer/Desktop/School/ROB599/ROB599_ws/install/hw4_interfaces/share/ament_index/resource_index/parent_prefix_path/hw4_interfaces
[0.739s] -- Up-to-date: /home/mike54pfeiffer/Desktop/School/ROB599/ROB599_ws/install/hw4_interfaces/share/hw4_interfaces/environment/ament_prefix_path.sh
[0.739s] -- Up-to-date: /home/mike54pfeiffer/Desktop/School/ROB599/ROB599_ws/install/hw4_interfaces/share/hw4_interfaces/environment/ament_prefix_path.dsv
[0.739s] -- Up-to-date: /home/mike54pfeiffer/Desktop/School/ROB599/ROB599_ws/install/hw4_interfaces/share/hw4_interfaces/environment/path.sh
[0.739s] -- Up-to-date: /home/mike54pfeiffer/Desktop/School/ROB599/ROB599_ws/install/hw4_interfaces/share/hw4_interfaces/environment/path.dsv
[0.740s] -- Up-to-date: /home/mike54pfeiffer/Desktop/School/ROB599/ROB599_ws/install/hw4_interfaces/share/hw4_interfaces/local_setup.bash
[0.740s] -- Up-to-date: /home/mike54pfeiffer/Desktop/School/ROB599/ROB599_ws/install/hw4_interfaces/share/hw4_interfaces/local_setup.sh
[0.740s] -- Up-to-date: /home/mike54pfeiffer/Desktop/School/ROB599/ROB599_ws/install/hw4_interfaces/share/hw4_interfaces/local_setup.zsh
[0.740s] -- Up-to-date: /home/mike54pfeiffer/Desktop/School/ROB599/ROB599_ws/install/hw4_interfaces/share/hw4_interfaces/local_setup.dsv
[0.740s] -- Installing: /home/mike54pfeiffer/Desktop/School/ROB599/ROB599_ws/install/hw4_interfaces/share/hw4_interfaces/package.dsv
[0.740s] -- Up-to-date: /home/mike54pfeiffer/Desktop/School/ROB599/ROB599_ws/install/hw4_interfaces/share/ament_index/resource_index/packages/hw4_interfaces
[0.742s] -- Up-to-date: /home/mike54pfeiffer/Desktop/School/ROB599/ROB599_ws/install/hw4_interfaces/share/hw4_interfaces/cmake/export_hw4_interfaces__rosidl_generator_cExport.cmake
[0.742s] -- Up-to-date: /home/mike54pfeiffer/Desktop/School/ROB599/ROB599_ws/install/hw4_interfaces/share/hw4_interfaces/cmake/export_hw4_interfaces__rosidl_generator_cExport-noconfig.cmake
[0.743s] -- Up-to-date: /home/mike54pfeiffer/Desktop/School/ROB599/ROB599_ws/install/hw4_interfaces/share/hw4_interfaces/cmake/export_hw4_interfaces__rosidl_typesupport_fastrtps_cExport.cmake
[0.744s] -- Up-to-date: /home/mike54pfeiffer/Desktop/School/ROB599/ROB599_ws/install/hw4_interfaces/share/hw4_interfaces/cmake/export_hw4_interfaces__rosidl_typesupport_fastrtps_cExport-noconfig.cmake
[0.744s] -- Up-to-date: /home/mike54pfeiffer/Desktop/School/ROB599/ROB599_ws/install/hw4_interfaces/share/hw4_interfaces/cmake/hw4_interfaces__rosidl_typesupport_introspection_cExport.cmake
[0.744s] -- Up-to-date: /home/mike54pfeiffer/Desktop/School/ROB599/ROB599_ws/install/hw4_interfaces/share/hw4_interfaces/cmake/hw4_interfaces__rosidl_typesupport_introspection_cExport-noconfig.cmake
[0.744s] -- Up-to-date: /home/mike54pfeiffer/Desktop/School/ROB599/ROB599_ws/install/hw4_interfaces/share/hw4_interfaces/cmake/hw4_interfaces__rosidl_typesupport_cExport.cmake
[0.744s] -- Up-to-date: /home/mike54pfeiffer/Desktop/School/ROB599/ROB599_ws/install/hw4_interfaces/share/hw4_interfaces/cmake/hw4_interfaces__rosidl_typesupport_cExport-noconfig.cmake
[0.744s] -- Up-to-date: /home/mike54pfeiffer/Desktop/School/ROB599/ROB599_ws/install/hw4_interfaces/share/hw4_interfaces/cmake/export_hw4_interfaces__rosidl_generator_cppExport.cmake
[0.744s] -- Up-to-date: /home/mike54pfeiffer/Desktop/School/ROB599/ROB599_ws/install/hw4_interfaces/share/hw4_interfaces/cmake/export_hw4_interfaces__rosidl_typesupport_fastrtps_cppExport.cmake
[0.744s] -- Up-to-date: /home/mike54pfeiffer/Desktop/School/ROB599/ROB599_ws/install/hw4_interfaces/share/hw4_interfaces/cmake/export_hw4_interfaces__rosidl_typesupport_fastrtps_cppExport-noconfig.cmake
[0.744s] -- Up-to-date: /home/mike54pfeiffer/Desktop/School/ROB599/ROB599_ws/install/hw4_interfaces/share/hw4_interfaces/cmake/hw4_interfaces__rosidl_typesupport_introspection_cppExport.cmake
[0.745s] -- Up-to-date: /home/mike54pfeiffer/Desktop/School/ROB599/ROB599_ws/install/hw4_interfaces/share/hw4_interfaces/cmake/hw4_interfaces__rosidl_typesupport_introspection_cppExport-noconfig.cmake
[0.745s] -- Up-to-date: /home/mike54pfeiffer/Desktop/School/ROB599/ROB599_ws/install/hw4_interfaces/share/hw4_interfaces/cmake/hw4_interfaces__rosidl_typesupport_cppExport.cmake
[0.745s] -- Up-to-date: /home/mike54pfeiffer/Desktop/School/ROB599/ROB599_ws/install/hw4_interfaces/share/hw4_interfaces/cmake/hw4_interfaces__rosidl_typesupport_cppExport-noconfig.cmake
[0.746s] -- Up-to-date: /home/mike54pfeiffer/Desktop/School/ROB599/ROB599_ws/install/hw4_interfaces/share/hw4_interfaces/cmake/export_hw4_interfaces__rosidl_generator_pyExport.cmake
[0.746s] -- Up-to-date: /home/mike54pfeiffer/Desktop/School/ROB599/ROB599_ws/install/hw4_interfaces/share/hw4_interfaces/cmake/export_hw4_interfaces__rosidl_generator_pyExport-noconfig.cmake
[0.746s] -- Up-to-date: /home/mike54pfeiffer/Desktop/School/ROB599/ROB599_ws/install/hw4_interfaces/share/hw4_interfaces/cmake/rosidl_cmake-extras.cmake
[0.746s] -- Up-to-date: /home/mike54pfeiffer/Desktop/School/ROB599/ROB599_ws/install/hw4_interfaces/share/hw4_interfaces/cmake/ament_cmake_export_dependencies-extras.cmake
[0.747s] -- Up-to-date: /home/mike54pfeiffer/Desktop/School/ROB599/ROB599_ws/install/hw4_interfaces/share/hw4_interfaces/cmake/ament_cmake_export_include_directories-extras.cmake
[0.747s] -- Up-to-date: /home/mike54pfeiffer/Desktop/School/ROB599/ROB599_ws/install/hw4_interfaces/share/hw4_interfaces/cmake/ament_cmake_export_libraries-extras.cmake
[0.747s] -- Up-to-date: /home/mike54pfeiffer/Desktop/School/ROB599/ROB599_ws/install/hw4_interfaces/share/hw4_interfaces/cmake/ament_cmake_export_targets-extras.cmake
[0.747s] -- Up-to-date: /home/mike54pfeiffer/Desktop/School/ROB599/ROB599_ws/install/hw4_interfaces/share/hw4_interfaces/cmake/rosidl_cmake_export_typesupport_targets-extras.cmake
[0.747s] -- Up-to-date: /home/mike54pfeiffer/Desktop/School/ROB599/ROB599_ws/install/hw4_interfaces/share/hw4_interfaces/cmake/rosidl_cmake_export_typesupport_libraries-extras.cmake
[0.748s] -- Up-to-date: /home/mike54pfeiffer/Desktop/School/ROB599/ROB599_ws/install/hw4_interfaces/share/hw4_interfaces/cmake/hw4_interfacesConfig.cmake
[0.748s] -- Up-to-date: /home/mike54pfeiffer/Desktop/School/ROB599/ROB599_ws/install/hw4_interfaces/share/hw4_interfaces/cmake/hw4_interfacesConfig-version.cmake
[0.748s] -- Up-to-date: /home/mike54pfeiffer/Desktop/School/ROB599/ROB599_ws/install/hw4_interfaces/share/hw4_interfaces/package.xml
[0.788s] Invoked command in '/home/mike54pfeiffer/Desktop/School/ROB599/ROB599_ws/build/hw4_interfaces' returned '0': CMAKE_PREFIX_PATH=${CMAKE_PREFIX_PATH}:/home/mike54pfeiffer/Desktop/School/ROB599/ROB599_ws/install/rob599_basic:/home/mike54pfeiffer/Desktop/School/ROB599/ROB599_ws/install/hw4:/home/mike54pfeiffer/Desktop/School/ROB599/ROB599_ws/install/hw3:/home/mike54pfeiffer/Desktop/School/ROB599/ROB599_ws/install/hw2:/opt/ros/jazzy DEBUGINFOD_URLS=https://debuginfod.ubuntu.com /usr/bin/cmake --install /home/mike54pfeiffer/Desktop/School/ROB599/ROB599_ws/build/hw4_interfaces
