[1.016s] Invoking command in '/home/mike54pfeiffer/Desktop/School/ROB599/ROB599_ws/src/hw3': AMENT_PREFIX_PATH=/home/mike54pfeiffer/Desktop/School/ROB599/ROB599_ws/install/hw3_interfaces:${AMENT_PREFIX_PATH} CMAKE_PREFIX_PATH=/home/mike54pfeiffer/Desktop/School/ROB599/ROB599_ws/install/hw3_interfaces:${CMAKE_PREFIX_PATH} DEBUGINFOD_URLS=https://debuginfod.ubuntu.com LD_LIBRARY_PATH=/home/mike54pfeiffer/Desktop/School/ROB599/ROB599_ws/install/hw3_interfaces/lib:${LD_LIBRARY_PATH} PYTHONPATH=/home/mike54pfeiffer/Desktop/School/ROB599/ROB599_ws/build/hw3/prefix_override:/usr/lib/python3/dist-packages/colcon_core/task/python/colcon_distutils_commands:/home/mike54pfeiffer/Desktop/School/ROB599/ROB599_ws/install/hw3/lib/python3.12/site-packages:/home/mike54pfeiffer/Desktop/School/ROB599/ROB599_ws/install/hw3_interfaces/lib/python3.12/site-packages:${PYTHONPATH} /usr/bin/python3 -W ignore:setup.py install is deprecated -W ignore:easy_install command is deprecated setup.py egg_info --egg-base ../../build/hw3 build --build-base /home/mike54pfeiffer/Desktop/School/ROB599/ROB599_ws/build/hw3/build install --record /home/mike54pfeiffer/Desktop/School/ROB599/ROB599_ws/build/hw3/install.log --single-version-externally-managed install_data
[1.305s] running egg_info
[1.331s] writing ../../build/hw3/hw3.egg-info/PKG-INFO
[1.332s] writing dependency_links to ../../build/hw3/hw3.egg-info/dependency_links.txt
[1.332s] writing entry points to ../../build/hw3/hw3.egg-info/entry_points.txt
[1.332s] writing requirements to ../../build/hw3/hw3.egg-info/requires.txt
[1.332s] writing top-level names to ../../build/hw3/hw3.egg-info/top_level.txt
[1.382s] reading manifest file '../../build/hw3/hw3.egg-info/SOURCES.txt'
[1.382s] adding license file 'LICENSE'
[1.383s] writing manifest file '../../build/hw3/hw3.egg-info/SOURCES.txt'
[1.383s] running build
[1.383s] running build_py
[1.383s] copying hw3/data_sender.py -> /home/mike54pfeiffer/Desktop/School/ROB599/ROB599_ws/build/hw3/build/lib/hw3
[1.383s] running install
[1.389s] running install_lib
[1.419s] copying /home/mike54pfeiffer/Desktop/School/ROB599/ROB599_ws/build/hw3/build/lib/hw3/data_sender.py -> /home/mike54pfeiffer/Desktop/School/ROB599/ROB599_ws/install/hw3/lib/python3.12/site-packages/hw3
[1.420s] byte-compiling /home/mike54pfeiffer/Desktop/School/ROB599/ROB599_ws/install/hw3/lib/python3.12/site-packages/hw3/data_sender.py to data_sender.cpython-312.pyc
[1.422s] running install_data
[1.422s] running install_egg_info
[1.455s] removing '/home/mike54pfeiffer/Desktop/School/ROB599/ROB599_ws/install/hw3/lib/python3.12/site-packages/hw3-0.0.1-py3.12.egg-info' (and everything under it)
[1.456s] Copying ../../build/hw3/hw3.egg-info to /home/mike54pfeiffer/Desktop/School/ROB599/ROB599_ws/install/hw3/lib/python3.12/site-packages/hw3-0.0.1-py3.12.egg-info
[1.457s] running install_scripts
[1.653s] Installing data_receiver script to /home/mike54pfeiffer/Desktop/School/ROB599/ROB599_ws/install/hw3/lib/hw3
[1.654s] Installing data_receiver.log.start script to /home/mike54pfeiffer/Desktop/School/ROB599/ROB599_ws/install/hw3/lib/hw3
[1.654s] Installing data_receiver.log.stop script to /home/mike54pfeiffer/Desktop/School/ROB599/ROB599_ws/install/hw3/lib/hw3
[1.655s] Installing data_sender script to /home/mike54pfeiffer/Desktop/School/ROB599/ROB599_ws/install/hw3/lib/hw3
[1.655s] Installing data_sender.start script to /home/mike54pfeiffer/Desktop/School/ROB599/ROB599_ws/install/hw3/lib/hw3
[1.655s] Installing data_sender.stop script to /home/mike54pfeiffer/Desktop/School/ROB599/ROB599_ws/install/hw3/lib/hw3
[1.655s] writing list of installed files to '/home/mike54pfeiffer/Desktop/School/ROB599/ROB599_ws/build/hw3/install.log'
[1.701s] Invoked command in '/home/mike54pfeiffer/Desktop/School/ROB599/ROB599_ws/src/hw3' returned '0': AMENT_PREFIX_PATH=/home/mike54pfeiffer/Desktop/School/ROB599/ROB599_ws/install/hw3_interfaces:${AMENT_PREFIX_PATH} CMAKE_PREFIX_PATH=/home/mike54pfeiffer/Desktop/School/ROB599/ROB599_ws/install/hw3_interfaces:${CMAKE_PREFIX_PATH} DEBUGINFOD_URLS=https://debuginfod.ubuntu.com LD_LIBRARY_PATH=/home/mike54pfeiffer/Desktop/School/ROB599/ROB599_ws/install/hw3_interfaces/lib:${LD_LIBRARY_PATH} PYTHONPATH=/home/mike54pfeiffer/Desktop/School/ROB599/ROB599_ws/build/hw3/prefix_override:/usr/lib/python3/dist-packages/colcon_core/task/python/colcon_distutils_commands:/home/mike54pfeiffer/Desktop/School/ROB599/ROB599_ws/install/hw3/lib/python3.12/site-packages:/home/mike54pfeiffer/Desktop/School/ROB599/ROB599_ws/install/hw3_interfaces/lib/python3.12/site-packages:${PYTHONPATH} /usr/bin/python3 -W ignore:setup.py install is deprecated -W ignore:easy_install command is deprecated setup.py egg_info --egg-base ../../build/hw3 build --build-base /home/mike54pfeiffer/Desktop/School/ROB599/ROB599_ws/build/hw3/build install --record /home/mike54pfeiffer/Desktop/School/ROB599/ROB599_ws/build/hw3/install.log --single-version-externally-managed install_data
