[0.668s] Invoking command in '/home/mike54pfeiffer/Desktop/School/ROB599/ROB599_ws/build/rob599_msgs': CMAKE_PREFIX_PATH=${CMAKE_PREFIX_PATH}:/home/mike54pfeiffer/Desktop/School/ROB599/ROB599_ws/install/rob599_basic:/home/mike54pfeiffer/Desktop/School/ROB599/ROB599_ws/install/hw4:/home/mike54pfeiffer/Desktop/School/ROB599/ROB599_ws/install/hw3:/home/mike54pfeiffer/Desktop/School/ROB599/ROB599_ws/install/hw2:/opt/ros/jazzy DEBUGINFOD_URLS=https://debuginfod.ubuntu.com /usr/bin/cmake --build /home/mike54pfeiffer/Desktop/School/ROB599/ROB599_ws/build/rob599_msgs -- -j12 -l12
[0.729s] [  1%] Built target rob599_msgs__rosidl_generator_type_description
[0.744s] [  1%] Built target ament_cmake_python_copy_rob599_msgs
[0.754s] [  3%] Built target rob599_msgs__cpp
[0.755s] [ 25%] Built target rob599_msgs__rosidl_generator_c
[0.788s] [ 56%] Built target rob599_msgs__rosidl_typesupport_fastrtps_cpp
[0.788s] [ 56%] Built target rob599_msgs__rosidl_typesupport_introspection_c
[0.788s] [ 56%] Built target rob599_msgs__rosidl_typesupport_c
[0.788s] [ 62%] Built target rob599_msgs__rosidl_typesupport_fastrtps_c
[0.788s] [ 71%] Built target rob599_msgs__rosidl_typesupport_introspection_cpp
[0.790s] [ 81%] Built target rob599_msgs__rosidl_typesupport_cpp
[0.815s] [ 81%] Built target rob599_msgs
[0.840s] [ 82%] Built target rob599_msgs__py
[0.869s] [ 90%] Built target rob599_msgs__rosidl_generator_py
[0.899s] [ 96%] Built target rob599_msgs_s__rosidl_typesupport_fastrtps_c
[0.899s] [ 96%] Built target rob599_msgs_s__rosidl_typesupport_c
[0.899s] [100%] Built target rob599_msgs_s__rosidl_typesupport_introspection_c
[1.023s] running egg_info
[1.049s] writing rob599_msgs.egg-info/PKG-INFO
[1.049s] writing dependency_links to rob599_msgs.egg-info/dependency_links.txt
[1.049s] writing top-level names to rob599_msgs.egg-info/top_level.txt
[1.123s] reading manifest file 'rob599_msgs.egg-info/SOURCES.txt'
[1.124s] writing manifest file 'rob599_msgs.egg-info/SOURCES.txt'
[1.155s] [100%] Built target ament_cmake_python_build_rob599_msgs_egg
