running egg_info
writing ../../build/rob599_basic/rob599_basic.egg-info/PKG-INFO
writing dependency_links to ../../build/rob599_basic/rob599_basic.egg-info/dependency_links.txt
writing entry points to ../../build/rob599_basic/rob599_basic.egg-info/entry_points.txt
writing requirements to ../../build/rob599_basic/rob599_basic.egg-info/requires.txt
writing top-level names to ../../build/rob599_basic/rob599_basic.egg-info/top_level.txt
reading manifest file '../../build/rob599_basic/rob599_basic.egg-info/SOURCES.txt'
adding license file 'LICENSE'
writing manifest file '../../build/rob599_basic/rob599_basic.egg-info/SOURCES.txt'
running build
running build_py
copying rob599_basic/node.py -> /home/mike54pfeiffer/Desktop/School/ROB599/ROB599_ws/build/rob599_basic/build/lib/rob599_basic
running install
running install_lib
copying /home/mike54pfeiffer/Desktop/School/ROB599/ROB599_ws/build/rob599_basic/build/lib/rob599_basic/node.py -> /home/mike54pfeiffer/Desktop/School/ROB599/ROB599_ws/install/rob599_basic/lib/python3.12/site-packages/rob599_basic
byte-compiling /home/mike54pfeiffer/Desktop/School/ROB599/ROB599_ws/install/rob599_basic/lib/python3.12/site-packages/rob599_basic/node.py to node.cpython-312.pyc
running install_data
running install_egg_info
removing '/home/mike54pfeiffer/Desktop/School/ROB599/ROB599_ws/install/rob599_basic/lib/python3.12/site-packages/rob599_basic-0.1.0-py3.12.egg-info' (and everything under it)
Copying ../../build/rob599_basic/rob599_basic.egg-info to /home/mike54pfeiffer/Desktop/School/ROB599/ROB599_ws/install/rob599_basic/lib/python3.12/site-packages/rob599_basic-0.1.0-py3.12.egg-info
running install_scripts
Installing custom_publisher script to /home/mike54pfeiffer/Desktop/School/ROB599/ROB599_ws/install/rob599_basic/lib/rob599_basic
Installing custom_subscriber script to /home/mike54pfeiffer/Desktop/School/ROB599/ROB599_ws/install/rob599_basic/lib/rob599_basic
Installing doubler script to /home/mike54pfeiffer/Desktop/School/ROB599/ROB599_ws/install/rob599_basic/lib/rob599_basic
Installing noiser script to /home/mike54pfeiffer/Desktop/School/ROB599/ROB599_ws/install/rob599_basic/lib/rob599_basic
Installing publisher script to /home/mike54pfeiffer/Desktop/School/ROB599/ROB599_ws/install/rob599_basic/lib/rob599_basic
Installing service_client script to /home/mike54pfeiffer/Desktop/School/ROB599/ROB599_ws/install/rob599_basic/lib/rob599_basic
Installing service_server script to /home/mike54pfeiffer/Desktop/School/ROB599/ROB599_ws/install/rob599_basic/lib/rob599_basic
Installing subscriber script to /home/mike54pfeiffer/Desktop/School/ROB599/ROB599_ws/install/rob599_basic/lib/rob599_basic
Installing twice script to /home/mike54pfeiffer/Desktop/School/ROB599/ROB599_ws/install/rob599_basic/lib/rob599_basic
Installing useless script to /home/mike54pfeiffer/Desktop/School/ROB599/ROB599_ws/install/rob599_basic/lib/rob599_basic
writing list of installed files to '/home/mike54pfeiffer/Desktop/School/ROB599/ROB599_ws/build/rob599_basic/install.log'
