[0.030s] Invoking command in '/home/mike54pfeiffer/Desktop/School/ROB599/ROB599_ws/build/hw4_interfaces': CMAKE_PREFIX_PATH=${CMAKE_PREFIX_PATH}:/opt/ros/jazzy DEBUGINFOD_URLS=https://debuginfod.ubuntu.com /usr/bin/cmake --build /home/mike54pfeiffer/Desktop/School/ROB599/ROB599_ws/build/hw4_interfaces -- -j12 -l12
[0.766s] [  2%] Built target hw4_interfaces__rosidl_generator_type_description
[0.766s] [  2%] Built target ament_cmake_python_copy_hw4_interfaces
[0.766s] [ 14%] Built target hw4_interfaces__cpp
[0.766s] [ 20%] Built target hw4_interfaces__rosidl_generator_c
[0.766s] [ 29%] Built target hw4_interfaces__rosidl_typesupport_c
[0.766s] [ 38%] Built target hw4_interfaces__rosidl_typesupport_introspection_c
[0.766s] [ 47%] Built target hw4_interfaces__rosidl_typesupport_fastrtps_c
[0.766s] [ 64%] Built target hw4_interfaces__rosidl_typesupport_fastrtps_cpp
[0.766s] [ 64%] Built target hw4_interfaces__rosidl_typesupport_cpp
[0.766s] [ 73%] Built target hw4_interfaces__rosidl_typesupport_introspection_cpp
[0.766s] [ 73%] Built target hw4_interfaces
[0.767s] [ 76%] Built target hw4_interfaces__py
[0.767s] [ 82%] Built target hw4_interfaces__rosidl_generator_py
[0.767s] [ 88%] Built target hw4_interfaces_s__rosidl_typesupport_fastrtps_c
[0.767s] [100%] Built target hw4_interfaces_s__rosidl_typesupport_c
[0.767s] [100%] Built target hw4_interfaces_s__rosidl_typesupport_introspection_c
[0.767s] running egg_info
[0.767s] writing hw4_interfaces.egg-info/PKG-INFO
[0.767s] writing dependency_links to hw4_interfaces.egg-info/dependency_links.txt
[0.767s] writing top-level names to hw4_interfaces.egg-info/top_level.txt
[0.767s] reading manifest file 'hw4_interfaces.egg-info/SOURCES.txt'
[0.768s] writing manifest file 'hw4_interfaces.egg-info/SOURCES.txt'
[0.768s] [100%] Built target ament_cmake_python_build_hw4_interfaces_egg
[0.778s] Invoked command in '/home/mike54pfeiffer/Desktop/School/ROB599/ROB599_ws/build/hw4_interfaces' returned '0': CMAKE_PREFIX_PATH=${CMAKE_PREFIX_PATH}:/opt/ros/jazzy DEBUGINFOD_URLS=https://debuginfod.ubuntu.com /usr/bin/cmake --build /home/mike54pfeiffer/Desktop/School/ROB599/ROB599_ws/build/hw4_interfaces -- -j12 -l12
[0.779s] Invoking command in '/home/mike54pfeiffer/Desktop/School/ROB599/ROB599_ws/build/hw4_interfaces': CMAKE_PREFIX_PATH=${CMAKE_PREFIX_PATH}:/opt/ros/jazzy DEBUGINFOD_URLS=https://debuginfod.ubuntu.com /usr/bin/cmake --install /home/mike54pfeiffer/Desktop/School/ROB599/ROB599_ws/build/hw4_interfaces
[0.790s] -- Install configuration: ""
[0.791s] -- Up-to-date: /home/mike54pfeiffer/Desktop/School/ROB599/ROB599_ws/install/hw4_interfaces/share/ament_index/resource_index/rosidl_interfaces/hw4_interfaces
[0.791s] -- Up-to-date: /home/mike54pfeiffer/Desktop/School/ROB599/ROB599_ws/install/hw4_interfaces/share/hw4_interfaces/action/RocketLaunch.json
[0.792s] -- Up-to-date: /home/mike54pfeiffer/Desktop/School/ROB599/ROB599_ws/install/hw4_interfaces/include/hw4_interfaces/hw4_interfaces
[0.792s] -- Up-to-date: /home/mike54pfeiffer/Desktop/School/ROB599/ROB599_ws/install/hw4_interfaces/include/hw4_interfaces/hw4_interfaces/action
[0.792s] -- Up-to-date: /home/mike54pfeiffer/Desktop/School/ROB599/ROB599_ws/install/hw4_interfaces/include/hw4_interfaces/hw4_interfaces/action/rocket_launch.h
[0.792s] -- Up-to-date: /home/mike54pfeiffer/Desktop/School/ROB599/ROB599_ws/install/hw4_interfaces/include/hw4_interfaces/hw4_interfaces/action/detail
[0.792s] -- Up-to-date: /home/mike54pfeiffer/Desktop/School/ROB599/ROB599_ws/install/hw4_interfaces/include/hw4_interfaces/hw4_interfaces/action/detail/rocket_launch__struct.h
[0.793s] -- Up-to-date: /home/mike54pfeiffer/Desktop/School/ROB599/ROB599_ws/install/hw4_interfaces/include/hw4_interfaces/hw4_interfaces/action/detail/rocket_launch__functions.c
[0.793s] -- Up-to-date: /home/mike54pfeiffer/Desktop/School/ROB599/ROB599_ws/install/hw4_interfaces/include/hw4_interfaces/hw4_interfaces/action/detail/rocket_launch__functions.h
[0.793s] -- Up-to-date: /home/mike54pfeiffer/Desktop/School/ROB599/ROB599_ws/install/hw4_interfaces/include/hw4_interfaces/hw4_interfaces/action/detail/rocket_launch__type_support.h
[0.796s] -- Up-to-date: /home/mike54pfeiffer/Desktop/School/ROB599/ROB599_ws/install/hw4_interfaces/include/hw4_interfaces/hw4_interfaces/action/detail/rocket_launch__type_support.c
[0.796s] -- Up-to-date: /home/mike54pfeiffer/Desktop/School/ROB599/ROB599_ws/install/hw4_interfaces/include/hw4_interfaces/hw4_interfaces/action/detail/rocket_launch__description.c
[0.796s] -- Up-to-date: /home/mike54pfeiffer/Desktop/School/ROB599/ROB599_ws/install/hw4_interfaces/include/hw4_interfaces/hw4_interfaces/msg
[0.796s] -- Up-to-date: /home/mike54pfeiffer/Desktop/School/ROB599/ROB599_ws/install/hw4_interfaces/include/hw4_interfaces/hw4_interfaces/msg/rosidl_generator_c__visibility_control.h
[0.797s] -- Up-to-date: /home/mike54pfeiffer/Desktop/School/ROB599/ROB599_ws/install/hw4_interfaces/share/hw4_interfaces/environment/library_path.sh
[0.797s] -- Up-to-date: /home/mike54pfeiffer/Desktop/School/ROB599/ROB599_ws/install/hw4_interfaces/share/hw4_interfaces/environment/library_path.dsv
[0.797s] -- Up-to-date: /home/mike54pfeiffer/Desktop/School/ROB599/ROB599_ws/install/hw4_interfaces/lib/libhw4_interfaces__rosidl_generator_c.so
[0.797s] -- Up-to-date: /home/mike54pfeiffer/Desktop/School/ROB599/ROB599_ws/install/hw4_interfaces/include/hw4_interfaces/hw4_interfaces
[0.797s] -- Up-to-date: /home/mike54pfeiffer/Desktop/School/ROB599/ROB599_ws/install/hw4_interfaces/include/hw4_interfaces/hw4_interfaces/action
[0.798s] -- Up-to-date: /home/mike54pfeiffer/Desktop/School/ROB599/ROB599_ws/install/hw4_interfaces/include/hw4_interfaces/hw4_interfaces/action/detail
[0.798s] -- Up-to-date: /home/mike54pfeiffer/Desktop/School/ROB599/ROB599_ws/install/hw4_interfaces/include/hw4_interfaces/hw4_interfaces/action/detail/rocket_launch__rosidl_typesupport_fastrtps_c.h
[0.798s] -- Up-to-date: /home/mike54pfeiffer/Desktop/School/ROB599/ROB599_ws/install/hw4_interfaces/include/hw4_interfaces/hw4_interfaces/msg
[0.798s] -- Up-to-date: /home/mike54pfeiffer/Desktop/School/ROB599/ROB599_ws/install/hw4_interfaces/include/hw4_interfaces/hw4_interfaces/msg/rosidl_typesupport_fastrtps_c__visibility_control.h
[0.800s] -- Up-to-date: /home/mike54pfeiffer/Desktop/School/ROB599/ROB599_ws/install/hw4_interfaces/lib/libhw4_interfaces__rosidl_typesupport_fastrtps_c.so
[0.801s] -- Up-to-date: /home/mike54pfeiffer/Desktop/School/ROB599/ROB599_ws/install/hw4_interfaces/include/hw4_interfaces/hw4_interfaces
[0.801s] -- Up-to-date: /home/mike54pfeiffer/Desktop/School/ROB599/ROB599_ws/install/hw4_interfaces/include/hw4_interfaces/hw4_interfaces/action
[0.801s] -- Up-to-date: /home/mike54pfeiffer/Desktop/School/ROB599/ROB599_ws/install/hw4_interfaces/include/hw4_interfaces/hw4_interfaces/action/detail
[0.801s] -- Up-to-date: /home/mike54pfeiffer/Desktop/School/ROB599/ROB599_ws/install/hw4_interfaces/include/hw4_interfaces/hw4_interfaces/action/detail/rocket_launch__type_support.c
[0.801s] -- Up-to-date: /home/mike54pfeiffer/Desktop/School/ROB599/ROB599_ws/install/hw4_interfaces/include/hw4_interfaces/hw4_interfaces/action/detail/rocket_launch__rosidl_typesupport_introspection_c.h
[0.802s] -- Up-to-date: /home/mike54pfeiffer/Desktop/School/ROB599/ROB599_ws/install/hw4_interfaces/include/hw4_interfaces/hw4_interfaces/msg
[0.802s] -- Up-to-date: /home/mike54pfeiffer/Desktop/School/ROB599/ROB599_ws/install/hw4_interfaces/include/hw4_interfaces/hw4_interfaces/msg/rosidl_typesupport_introspection_c__visibility_control.h
[0.803s] -- Up-to-date: /home/mike54pfeiffer/Desktop/School/ROB599/ROB599_ws/install/hw4_interfaces/lib/libhw4_interfaces__rosidl_typesupport_introspection_c.so
[0.803s] -- Up-to-date: /home/mike54pfeiffer/Desktop/School/ROB599/ROB599_ws/install/hw4_interfaces/lib/libhw4_interfaces__rosidl_typesupport_c.so
[0.804s] -- Up-to-date: /home/mike54pfeiffer/Desktop/School/ROB599/ROB599_ws/install/hw4_interfaces/include/hw4_interfaces/hw4_interfaces
[0.804s] -- Up-to-date: /home/mike54pfeiffer/Desktop/School/ROB599/ROB599_ws/install/hw4_interfaces/include/hw4_interfaces/hw4_interfaces/action
[0.804s] -- Up-to-date: /home/mike54pfeiffer/Desktop/School/ROB599/ROB599_ws/install/hw4_interfaces/include/hw4_interfaces/hw4_interfaces/action/detail
[0.804s] -- Up-to-date: /home/mike54pfeiffer/Desktop/School/ROB599/ROB599_ws/install/hw4_interfaces/include/hw4_interfaces/hw4_interfaces/action/detail/rocket_launch__traits.hpp
[0.804s] -- Up-to-date: /home/mike54pfeiffer/Desktop/School/ROB599/ROB599_ws/install/hw4_interfaces/include/hw4_interfaces/hw4_interfaces/action/detail/rocket_launch__struct.hpp
[0.804s] -- Up-to-date: /home/mike54pfeiffer/Desktop/School/ROB599/ROB599_ws/install/hw4_interfaces/include/hw4_interfaces/hw4_interfaces/action/detail/rocket_launch__type_support.hpp
[0.804s] -- Up-to-date: /home/mike54pfeiffer/Desktop/School/ROB599/ROB599_ws/install/hw4_interfaces/include/hw4_interfaces/hw4_interfaces/action/detail/rocket_launch__builder.hpp
[0.805s] -- Up-to-date: /home/mike54pfeiffer/Desktop/School/ROB599/ROB599_ws/install/hw4_interfaces/include/hw4_interfaces/hw4_interfaces/action/rocket_launch.hpp
[0.805s] -- Up-to-date: /home/mike54pfeiffer/Desktop/School/ROB599/ROB599_ws/install/hw4_interfaces/include/hw4_interfaces/hw4_interfaces/msg
[0.805s] -- Up-to-date: /home/mike54pfeiffer/Desktop/School/ROB599/ROB599_ws/install/hw4_interfaces/include/hw4_interfaces/hw4_interfaces/msg/rosidl_generator_cpp__visibility_control.hpp
[0.805s] -- Up-to-date: /home/mike54pfeiffer/Desktop/School/ROB599/ROB599_ws/install/hw4_interfaces/include/hw4_interfaces/hw4_interfaces
[0.806s] -- Up-to-date: /home/mike54pfeiffer/Desktop/School/ROB599/ROB599_ws/install/hw4_interfaces/include/hw4_interfaces/hw4_interfaces/action
[0.806s] -- Up-to-date: /home/mike54pfeiffer/Desktop/School/ROB599/ROB599_ws/install/hw4_interfaces/include/hw4_interfaces/hw4_interfaces/action/detail
[0.806s] -- Up-to-date: /home/mike54pfeiffer/Desktop/School/ROB599/ROB599_ws/install/hw4_interfaces/include/hw4_interfaces/hw4_interfaces/action/detail/dds_fastrtps
[0.806s] -- Up-to-date: /home/mike54pfeiffer/Desktop/School/ROB599/ROB599_ws/install/hw4_interfaces/include/hw4_interfaces/hw4_interfaces/action/detail/rocket_launch__rosidl_typesupport_fastrtps_cpp.hpp
[0.806s] -- Up-to-date: /home/mike54pfeiffer/Desktop/School/ROB599/ROB599_ws/install/hw4_interfaces/include/hw4_interfaces/hw4_interfaces/msg
[0.807s] -- Up-to-date: /home/mike54pfeiffer/Desktop/School/ROB599/ROB599_ws/install/hw4_interfaces/include/hw4_interfaces/hw4_interfaces/msg/rosidl_typesupport_fastrtps_cpp__visibility_control.h
[0.808s] -- Up-to-date: /home/mike54pfeiffer/Desktop/School/ROB599/ROB599_ws/install/hw4_interfaces/lib/libhw4_interfaces__rosidl_typesupport_fastrtps_cpp.so
[0.808s] -- Up-to-date: /home/mike54pfeiffer/Desktop/School/ROB599/ROB599_ws/install/hw4_interfaces/include/hw4_interfaces/hw4_interfaces
[0.808s] -- Up-to-date: /home/mike54pfeiffer/Desktop/School/ROB599/ROB599_ws/install/hw4_interfaces/include/hw4_interfaces/hw4_interfaces/action
[0.809s] -- Up-to-date: /home/mike54pfeiffer/Desktop/School/ROB599/ROB599_ws/install/hw4_interfaces/include/hw4_interfaces/hw4_interfaces/action/detail
[0.809s] -- Up-to-date: /home/mike54pfeiffer/Desktop/School/ROB599/ROB599_ws/install/hw4_interfaces/include/hw4_interfaces/hw4_interfaces/action/detail/rocket_launch__rosidl_typesupport_introspection_cpp.hpp
[0.809s] -- Up-to-date: /home/mike54pfeiffer/Desktop/School/ROB599/ROB599_ws/install/hw4_interfaces/include/hw4_interfaces/hw4_interfaces/action/detail/rocket_launch__type_support.cpp
[0.810s] -- Up-to-date: /home/mike54pfeiffer/Desktop/School/ROB599/ROB599_ws/install/hw4_interfaces/lib/libhw4_interfaces__rosidl_typesupport_introspection_cpp.so
[0.810s] -- Up-to-date: /home/mike54pfeiffer/Desktop/School/ROB599/ROB599_ws/install/hw4_interfaces/lib/libhw4_interfaces__rosidl_typesupport_cpp.so
[0.810s] -- Up-to-date: /home/mike54pfeiffer/Desktop/School/ROB599/ROB599_ws/install/hw4_interfaces/share/hw4_interfaces/environment/pythonpath.sh
[0.810s] -- Up-to-date: /home/mike54pfeiffer/Desktop/School/ROB599/ROB599_ws/install/hw4_interfaces/share/hw4_interfaces/environment/pythonpath.dsv
[0.810s] -- Up-to-date: /home/mike54pfeiffer/Desktop/School/ROB599/ROB599_ws/install/hw4_interfaces/lib/python3.12/site-packages/hw4_interfaces-0.0.0-py3.12.egg-info
[0.810s] -- Installing: /home/mike54pfeiffer/Desktop/School/ROB599/ROB599_ws/install/hw4_interfaces/lib/python3.12/site-packages/hw4_interfaces-0.0.0-py3.12.egg-info/dependency_links.txt
[0.811s] -- Installing: /home/mike54pfeiffer/Desktop/School/ROB599/ROB599_ws/install/hw4_interfaces/lib/python3.12/site-packages/hw4_interfaces-0.0.0-py3.12.egg-info/top_level.txt
[0.812s] -- Installing: /home/mike54pfeiffer/Desktop/School/ROB599/ROB599_ws/install/hw4_interfaces/lib/python3.12/site-packages/hw4_interfaces-0.0.0-py3.12.egg-info/SOURCES.txt
[0.813s] -- Installing: /home/mike54pfeiffer/Desktop/School/ROB599/ROB599_ws/install/hw4_interfaces/lib/python3.12/site-packages/hw4_interfaces-0.0.0-py3.12.egg-info/PKG-INFO
[0.813s] -- Up-to-date: /home/mike54pfeiffer/Desktop/School/ROB599/ROB599_ws/install/hw4_interfaces/lib/python3.12/site-packages/hw4_interfaces
[0.813s] -- Up-to-date: /home/mike54pfeiffer/Desktop/School/ROB599/ROB599_ws/install/hw4_interfaces/lib/python3.12/site-packages/hw4_interfaces/action
[0.814s] -- Up-to-date: /home/mike54pfeiffer/Desktop/School/ROB599/ROB599_ws/install/hw4_interfaces/lib/python3.12/site-packages/hw4_interfaces/action/_rocket_launch.py
[0.814s] -- Up-to-date: /home/mike54pfeiffer/Desktop/School/ROB599/ROB599_ws/install/hw4_interfaces/lib/python3.12/site-packages/hw4_interfaces/action/__init__.py
[0.814s] -- Up-to-date: /home/mike54pfeiffer/Desktop/School/ROB599/ROB599_ws/install/hw4_interfaces/lib/python3.12/site-packages/hw4_interfaces/action/_rocket_launch_s.c
[0.814s] -- Up-to-date: /home/mike54pfeiffer/Desktop/School/ROB599/ROB599_ws/install/hw4_interfaces/lib/python3.12/site-packages/hw4_interfaces/hw4_interfaces_s__rosidl_typesupport_introspection_c.so
[0.814s] -- Up-to-date: /home/mike54pfeiffer/Desktop/School/ROB599/ROB599_ws/install/hw4_interfaces/lib/python3.12/site-packages/hw4_interfaces/__init__.py
[0.814s] -- Up-to-date: /home/mike54pfeiffer/Desktop/School/ROB599/ROB599_ws/install/hw4_interfaces/lib/python3.12/site-packages/hw4_interfaces/hw4_interfaces_s__rosidl_typesupport_fastrtps_c.so
[0.814s] -- Up-to-date: /home/mike54pfeiffer/Desktop/School/ROB599/ROB599_ws/install/hw4_interfaces/lib/python3.12/site-packages/hw4_interfaces/_hw4_interfaces_s.ep.rosidl_typesupport_introspection_c.c
[0.814s] -- Up-to-date: /home/mike54pfeiffer/Desktop/School/ROB599/ROB599_ws/install/hw4_interfaces/lib/python3.12/site-packages/hw4_interfaces/hw4_interfaces_s__rosidl_typesupport_c.so
[0.814s] -- Up-to-date: /home/mike54pfeiffer/Desktop/School/ROB599/ROB599_ws/install/hw4_interfaces/lib/python3.12/site-packages/hw4_interfaces/_hw4_interfaces_s.ep.rosidl_typesupport_c.c
[0.814s] -- Up-to-date: /home/mike54pfeiffer/Desktop/School/ROB599/ROB599_ws/install/hw4_interfaces/lib/python3.12/site-packages/hw4_interfaces/_hw4_interfaces_s.ep.rosidl_typesupport_fastrtps_c.c
[0.848s] Listing '/home/mike54pfeiffer/Desktop/School/ROB599/ROB599_ws/install/hw4_interfaces/lib/python3.12/site-packages/hw4_interfaces'...
[0.848s] Listing '/home/mike54pfeiffer/Desktop/School/ROB599/ROB599_ws/install/hw4_interfaces/lib/python3.12/site-packages/hw4_interfaces/action'...
[0.866s] -- Up-to-date: /home/mike54pfeiffer/Desktop/School/ROB599/ROB599_ws/install/hw4_interfaces/lib/python3.12/site-packages/hw4_interfaces/hw4_interfaces_s__rosidl_typesupport_fastrtps_c.so
[0.874s] -- Up-to-date: /home/mike54pfeiffer/Desktop/School/ROB599/ROB599_ws/install/hw4_interfaces/lib/python3.12/site-packages/hw4_interfaces/hw4_interfaces_s__rosidl_typesupport_introspection_c.so
[0.875s] -- Up-to-date: /home/mike54pfeiffer/Desktop/School/ROB599/ROB599_ws/install/hw4_interfaces/lib/python3.12/site-packages/hw4_interfaces/hw4_interfaces_s__rosidl_typesupport_c.so
[0.875s] -- Up-to-date: /home/mike54pfeiffer/Desktop/School/ROB599/ROB599_ws/install/hw4_interfaces/lib/libhw4_interfaces__rosidl_generator_py.so
[0.876s] -- Up-to-date: /home/mike54pfeiffer/Desktop/School/ROB599/ROB599_ws/install/hw4_interfaces/share/hw4_interfaces/action/RocketLaunch.idl
[0.876s] -- Up-to-date: /home/mike54pfeiffer/Desktop/School/ROB599/ROB599_ws/install/hw4_interfaces/share/hw4_interfaces/action/RocketLaunch.action
[0.876s] -- Up-to-date: /home/mike54pfeiffer/Desktop/School/ROB599/ROB599_ws/install/hw4_interfaces/share/ament_index/resource_index/package_run_dependencies/hw4_interfaces
[0.876s] -- Up-to-date: /home/mike54pfeiffer/Desktop/School/ROB599/ROB599_ws/install/hw4_interfaces/share/ament_index/resource_index/parent_prefix_path/hw4_interfaces
[0.876s] -- Up-to-date: /home/mike54pfeiffer/Desktop/School/ROB599/ROB599_ws/install/hw4_interfaces/share/hw4_interfaces/environment/ament_prefix_path.sh
[0.876s] -- Up-to-date: /home/mike54pfeiffer/Desktop/School/ROB599/ROB599_ws/install/hw4_interfaces/share/hw4_interfaces/environment/ament_prefix_path.dsv
[0.877s] -- Up-to-date: /home/mike54pfeiffer/Desktop/School/ROB599/ROB599_ws/install/hw4_interfaces/share/hw4_interfaces/environment/path.sh
[0.877s] -- Up-to-date: /home/mike54pfeiffer/Desktop/School/ROB599/ROB599_ws/install/hw4_interfaces/share/hw4_interfaces/environment/path.dsv
[0.877s] -- Up-to-date: /home/mike54pfeiffer/Desktop/School/ROB599/ROB599_ws/install/hw4_interfaces/share/hw4_interfaces/local_setup.bash
[0.878s] -- Up-to-date: /home/mike54pfeiffer/Desktop/School/ROB599/ROB599_ws/install/hw4_interfaces/share/hw4_interfaces/local_setup.sh
[0.878s] -- Up-to-date: /home/mike54pfeiffer/Desktop/School/ROB599/ROB599_ws/install/hw4_interfaces/share/hw4_interfaces/local_setup.zsh
[0.878s] -- Up-to-date: /home/mike54pfeiffer/Desktop/School/ROB599/ROB599_ws/install/hw4_interfaces/share/hw4_interfaces/local_setup.dsv
[0.879s] -- Installing: /home/mike54pfeiffer/Desktop/School/ROB599/ROB599_ws/install/hw4_interfaces/share/hw4_interfaces/package.dsv
[0.879s] -- Up-to-date: /home/mike54pfeiffer/Desktop/School/ROB599/ROB599_ws/install/hw4_interfaces/share/ament_index/resource_index/packages/hw4_interfaces
[0.879s] -- Up-to-date: /home/mike54pfeiffer/Desktop/School/ROB599/ROB599_ws/install/hw4_interfaces/share/hw4_interfaces/cmake/export_hw4_interfaces__rosidl_generator_cExport.cmake
[0.879s] -- Up-to-date: /home/mike54pfeiffer/Desktop/School/ROB599/ROB599_ws/install/hw4_interfaces/share/hw4_interfaces/cmake/export_hw4_interfaces__rosidl_generator_cExport-noconfig.cmake
[0.879s] -- Up-to-date: /home/mike54pfeiffer/Desktop/School/ROB599/ROB599_ws/install/hw4_interfaces/share/hw4_interfaces/cmake/export_hw4_interfaces__rosidl_typesupport_fastrtps_cExport.cmake
[0.879s] -- Up-to-date: /home/mike54pfeiffer/Desktop/School/ROB599/ROB599_ws/install/hw4_interfaces/share/hw4_interfaces/cmake/export_hw4_interfaces__rosidl_typesupport_fastrtps_cExport-noconfig.cmake
[0.879s] -- Up-to-date: /home/mike54pfeiffer/Desktop/School/ROB599/ROB599_ws/install/hw4_interfaces/share/hw4_interfaces/cmake/hw4_interfaces__rosidl_typesupport_introspection_cExport.cmake
[0.879s] -- Up-to-date: /home/mike54pfeiffer/Desktop/School/ROB599/ROB599_ws/install/hw4_interfaces/share/hw4_interfaces/cmake/hw4_interfaces__rosidl_typesupport_introspection_cExport-noconfig.cmake
[0.880s] -- Up-to-date: /home/mike54pfeiffer/Desktop/School/ROB599/ROB599_ws/install/hw4_interfaces/share/hw4_interfaces/cmake/hw4_interfaces__rosidl_typesupport_cExport.cmake
[0.880s] -- Up-to-date: /home/mike54pfeiffer/Desktop/School/ROB599/ROB599_ws/install/hw4_interfaces/share/hw4_interfaces/cmake/hw4_interfaces__rosidl_typesupport_cExport-noconfig.cmake
[0.880s] -- Up-to-date: /home/mike54pfeiffer/Desktop/School/ROB599/ROB599_ws/install/hw4_interfaces/share/hw4_interfaces/cmake/export_hw4_interfaces__rosidl_generator_cppExport.cmake
[0.882s] -- Up-to-date: /home/mike54pfeiffer/Desktop/School/ROB599/ROB599_ws/install/hw4_interfaces/share/hw4_interfaces/cmake/export_hw4_interfaces__rosidl_typesupport_fastrtps_cppExport.cmake
[0.882s] -- Up-to-date: /home/mike54pfeiffer/Desktop/School/ROB599/ROB599_ws/install/hw4_interfaces/share/hw4_interfaces/cmake/export_hw4_interfaces__rosidl_typesupport_fastrtps_cppExport-noconfig.cmake
[0.883s] -- Up-to-date: /home/mike54pfeiffer/Desktop/School/ROB599/ROB599_ws/install/hw4_interfaces/share/hw4_interfaces/cmake/hw4_interfaces__rosidl_typesupport_introspection_cppExport.cmake
[0.883s] -- Up-to-date: /home/mike54pfeiffer/Desktop/School/ROB599/ROB599_ws/install/hw4_interfaces/share/hw4_interfaces/cmake/hw4_interfaces__rosidl_typesupport_introspection_cppExport-noconfig.cmake
[0.883s] -- Up-to-date: /home/mike54pfeiffer/Desktop/School/ROB599/ROB599_ws/install/hw4_interfaces/share/hw4_interfaces/cmake/hw4_interfaces__rosidl_typesupport_cppExport.cmake
[0.883s] -- Up-to-date: /home/mike54pfeiffer/Desktop/School/ROB599/ROB599_ws/install/hw4_interfaces/share/hw4_interfaces/cmake/hw4_interfaces__rosidl_typesupport_cppExport-noconfig.cmake
[0.883s] -- Up-to-date: /home/mike54pfeiffer/Desktop/School/ROB599/ROB599_ws/install/hw4_interfaces/share/hw4_interfaces/cmake/export_hw4_interfaces__rosidl_generator_pyExport.cmake
[0.884s] -- Up-to-date: /home/mike54pfeiffer/Desktop/School/ROB599/ROB599_ws/install/hw4_interfaces/share/hw4_interfaces/cmake/export_hw4_interfaces__rosidl_generator_pyExport-noconfig.cmake
[0.884s] -- Up-to-date: /home/mike54pfeiffer/Desktop/School/ROB599/ROB599_ws/install/hw4_interfaces/share/hw4_interfaces/cmake/rosidl_cmake-extras.cmake
[0.884s] -- Up-to-date: /home/mike54pfeiffer/Desktop/School/ROB599/ROB599_ws/install/hw4_interfaces/share/hw4_interfaces/cmake/ament_cmake_export_dependencies-extras.cmake
[0.884s] -- Up-to-date: /home/mike54pfeiffer/Desktop/School/ROB599/ROB599_ws/install/hw4_interfaces/share/hw4_interfaces/cmake/ament_cmake_export_include_directories-extras.cmake
[0.884s] -- Up-to-date: /home/mike54pfeiffer/Desktop/School/ROB599/ROB599_ws/install/hw4_interfaces/share/hw4_interfaces/cmake/ament_cmake_export_libraries-extras.cmake
[0.884s] -- Up-to-date: /home/mike54pfeiffer/Desktop/School/ROB599/ROB599_ws/install/hw4_interfaces/share/hw4_interfaces/cmake/ament_cmake_export_targets-extras.cmake
[0.885s] -- Up-to-date: /home/mike54pfeiffer/Desktop/School/ROB599/ROB599_ws/install/hw4_interfaces/share/hw4_interfaces/cmake/rosidl_cmake_export_typesupport_targets-extras.cmake
[0.885s] -- Up-to-date: /home/mike54pfeiffer/Desktop/School/ROB599/ROB599_ws/install/hw4_interfaces/share/hw4_interfaces/cmake/rosidl_cmake_export_typesupport_libraries-extras.cmake
[0.885s] -- Up-to-date: /home/mike54pfeiffer/Desktop/School/ROB599/ROB599_ws/install/hw4_interfaces/share/hw4_interfaces/cmake/hw4_interfacesConfig.cmake
[0.885s] -- Up-to-date: /home/mike54pfeiffer/Desktop/School/ROB599/ROB599_ws/install/hw4_interfaces/share/hw4_interfaces/cmake/hw4_interfacesConfig-version.cmake
[0.885s] -- Up-to-date: /home/mike54pfeiffer/Desktop/School/ROB599/ROB599_ws/install/hw4_interfaces/share/hw4_interfaces/package.xml
[0.928s] Invoked command in '/home/mike54pfeiffer/Desktop/School/ROB599/ROB599_ws/build/hw4_interfaces' returned '0': CMAKE_PREFIX_PATH=${CMAKE_PREFIX_PATH}:/opt/ros/jazzy DEBUGINFOD_URLS=https://debuginfod.ubuntu.com /usr/bin/cmake --install /home/mike54pfeiffer/Desktop/School/ROB599/ROB599_ws/build/hw4_interfaces
