[1.723s] Invoking command in '/home/mike54pfeiffer/Desktop/School/ROB599/ROB599_ws/src/rob599_basic': DEBUGINFOD_URLS=https://debuginfod.ubuntu.com PYTHONPATH=/home/mike54pfeiffer/Desktop/School/ROB599/ROB599_ws/build/rob599_basic/prefix_override:/usr/lib/python3/dist-packages/colcon_core/task/python/colcon_distutils_commands:/home/mike54pfeiffer/Desktop/School/ROB599/ROB599_ws/install/rob599_basic/lib/python3.12/site-packages:${PYTHONPATH} /usr/bin/python3 -W ignore:setup.py install is deprecated -W ignore:easy_install command is deprecated setup.py egg_info --egg-base ../../build/rob599_basic build --build-base /home/mike54pfeiffer/Desktop/School/ROB599/ROB599_ws/build/rob599_basic/build install --record /home/mike54pfeiffer/Desktop/School/ROB599/ROB599_ws/build/rob599_basic/install.log --single-version-externally-managed install_data
[2.254s] running egg_info
[2.295s] writing ../../build/rob599_basic/rob599_basic.egg-info/PKG-INFO
[2.296s] writing dependency_links to ../../build/rob599_basic/rob599_basic.egg-info/dependency_links.txt
[2.296s] writing entry points to ../../build/rob599_basic/rob599_basic.egg-info/entry_points.txt
[2.297s] writing requirements to ../../build/rob599_basic/rob599_basic.egg-info/requires.txt
[2.297s] writing top-level names to ../../build/rob599_basic/rob599_basic.egg-info/top_level.txt
[2.397s] reading manifest file '../../build/rob599_basic/rob599_basic.egg-info/SOURCES.txt'
[2.398s] adding license file 'LICENSE'
[2.400s] writing manifest file '../../build/rob599_basic/rob599_basic.egg-info/SOURCES.txt'
[2.400s] running build
[2.400s] running build_py
[2.402s] running install
[2.409s] running install_lib
[2.452s] running install_data
[2.453s] running install_egg_info
[2.496s] removing '/home/mike54pfeiffer/Desktop/School/ROB599/ROB599_ws/install/rob599_basic/lib/python3.12/site-packages/rob599_basic-0.1.0-py3.12.egg-info' (and everything under it)
[2.497s] Copying ../../build/rob599_basic/rob599_basic.egg-info to /home/mike54pfeiffer/Desktop/School/ROB599/ROB599_ws/install/rob599_basic/lib/python3.12/site-packages/rob599_basic-0.1.0-py3.12.egg-info
[2.498s] running install_scripts
[2.734s] Installing action_client script to /home/mike54pfeiffer/Desktop/School/ROB599/ROB599_ws/install/rob599_basic/lib/rob599_basic
[2.735s] Installing action_client_with_cancel script to /home/mike54pfeiffer/Desktop/School/ROB599/ROB599_ws/install/rob599_basic/lib/rob599_basic
[2.736s] Installing action_server script to /home/mike54pfeiffer/Desktop/School/ROB599/ROB599_ws/install/rob599_basic/lib/rob599_basic
[2.738s] Installing bag_writer script to /home/mike54pfeiffer/Desktop/School/ROB599/ROB599_ws/install/rob599_basic/lib/rob599_basic
[2.738s] Installing custom_publisher script to /home/mike54pfeiffer/Desktop/School/ROB599/ROB599_ws/install/rob599_basic/lib/rob599_basic
[2.738s] Installing custom_subscriber script to /home/mike54pfeiffer/Desktop/School/ROB599/ROB599_ws/install/rob599_basic/lib/rob599_basic
[2.738s] Installing doubler script to /home/mike54pfeiffer/Desktop/School/ROB599/ROB599_ws/install/rob599_basic/lib/rob599_basic
[2.738s] Installing marker script to /home/mike54pfeiffer/Desktop/School/ROB599/ROB599_ws/install/rob599_basic/lib/rob599_basic
[2.739s] Installing noiser script to /home/mike54pfeiffer/Desktop/School/ROB599/ROB599_ws/install/rob599_basic/lib/rob599_basic
[2.739s] Installing param_demo script to /home/mike54pfeiffer/Desktop/School/ROB599/ROB599_ws/install/rob599_basic/lib/rob599_basic
[2.739s] Installing publisher script to /home/mike54pfeiffer/Desktop/School/ROB599/ROB599_ws/install/rob599_basic/lib/rob599_basic
[2.740s] Installing service_client script to /home/mike54pfeiffer/Desktop/School/ROB599/ROB599_ws/install/rob599_basic/lib/rob599_basic
[2.740s] Installing service_server script to /home/mike54pfeiffer/Desktop/School/ROB599/ROB599_ws/install/rob599_basic/lib/rob599_basic
[2.744s] Installing subscriber script to /home/mike54pfeiffer/Desktop/School/ROB599/ROB599_ws/install/rob599_basic/lib/rob599_basic
[2.744s] Installing twice script to /home/mike54pfeiffer/Desktop/School/ROB599/ROB599_ws/install/rob599_basic/lib/rob599_basic
[2.744s] Installing useless script to /home/mike54pfeiffer/Desktop/School/ROB599/ROB599_ws/install/rob599_basic/lib/rob599_basic
[2.744s] writing list of installed files to '/home/mike54pfeiffer/Desktop/School/ROB599/ROB599_ws/build/rob599_basic/install.log'
[2.862s] Invoked command in '/home/mike54pfeiffer/Desktop/School/ROB599/ROB599_ws/src/rob599_basic' returned '0': DEBUGINFOD_URLS=https://debuginfod.ubuntu.com PYTHONPATH=/home/mike54pfeiffer/Desktop/School/ROB599/ROB599_ws/build/rob599_basic/prefix_override:/usr/lib/python3/dist-packages/colcon_core/task/python/colcon_distutils_commands:/home/mike54pfeiffer/Desktop/School/ROB599/ROB599_ws/install/rob599_basic/lib/python3.12/site-packages:${PYTHONPATH} /usr/bin/python3 -W ignore:setup.py install is deprecated -W ignore:easy_install command is deprecated setup.py egg_info --egg-base ../../build/rob599_basic build --build-base /home/mike54pfeiffer/Desktop/School/ROB599/ROB599_ws/build/rob599_basic/build install --record /home/mike54pfeiffer/Desktop/School/ROB599/ROB599_ws/build/rob599_basic/install.log --single-version-externally-managed install_data
