running egg_info
creating ../../build/hw2/hw2.egg-info
writing ../../build/hw2/hw2.egg-info/PKG-INFO
writing dependency_links to ../../build/hw2/hw2.egg-info/dependency_links.txt
writing requirements to ../../build/hw2/hw2.egg-info/requires.txt
writing top-level names to ../../build/hw2/hw2.egg-info/top_level.txt
writing manifest file '../../build/hw2/hw2.egg-info/SOURCES.txt'
reading manifest file '../../build/hw2/hw2.egg-info/SOURCES.txt'
adding license file 'LICENSE'
writing manifest file '../../build/hw2/hw2.egg-info/SOURCES.txt'
running build
running build_py
creating /home/mike54pfeiffer/Desktop/School/ROB599/ROB599_ws/build/hw2/build
creating /home/mike54pfeiffer/Desktop/School/ROB599/ROB599_ws/build/hw2/build/lib
creating /home/mike54pfeiffer/Desktop/School/ROB599/ROB599_ws/build/hw2/build/lib/hw2
copying hw2/__init__.py -> /home/mike54pfeiffer/Desktop/School/ROB599/ROB599_ws/build/hw2/build/lib/hw2
running install
running install_lib
creating /home/mike54pfeiffer/Desktop/School/ROB599/ROB599_ws/install/hw2/lib/python3.12/site-packages/hw2
copying /home/mike54pfeiffer/Desktop/School/ROB599/ROB599_ws/build/hw2/build/lib/hw2/__init__.py -> /home/mike54pfeiffer/Desktop/School/ROB599/ROB599_ws/install/hw2/lib/python3.12/site-packages/hw2
byte-compiling /home/mike54pfeiffer/Desktop/School/ROB599/ROB599_ws/install/hw2/lib/python3.12/site-packages/hw2/__init__.py to __init__.cpython-312.pyc
running install_data
creating /home/mike54pfeiffer/Desktop/School/ROB599/ROB599_ws/install/hw2/share/ament_index
creating /home/mike54pfeiffer/Desktop/School/ROB599/ROB599_ws/install/hw2/share/ament_index/resource_index
creating /home/mike54pfeiffer/Desktop/School/ROB599/ROB599_ws/install/hw2/share/ament_index/resource_index/packages
copying resource/hw2 -> /home/mike54pfeiffer/Desktop/School/ROB599/ROB599_ws/install/hw2/share/ament_index/resource_index/packages
copying package.xml -> /home/mike54pfeiffer/Desktop/School/ROB599/ROB599_ws/install/hw2/share/hw2
running install_egg_info
Copying ../../build/hw2/hw2.egg-info to /home/mike54pfeiffer/Desktop/School/ROB599/ROB599_ws/install/hw2/lib/python3.12/site-packages/hw2-0.0.0-py3.12.egg-info
running install_scripts
writing list of installed files to '/home/mike54pfeiffer/Desktop/School/ROB599/ROB599_ws/build/hw2/install.log'
