-- The C compiler identification is GNU 13.3.0
-- The CXX compiler identification is GNU 13.3.0
-- Detecting C compiler ABI info
-- Detecting C compiler ABI info - done
-- Check for working C compiler: /usr/bin/cc - skipped
-- Detecting C compile features
-- Detecting C compile features - done
-- Detecting CXX compiler ABI info
-- Detecting CXX compiler ABI info - done
-- Check for working CXX compiler: /usr/bin/c++ - skipped
-- Detecting CXX compile features
-- Detecting CXX compile features - done
-- Found ament_cmake: 2.5.3 (/opt/ros/jazzy/share/ament_cmake/cmake)
-- Found Python3: /usr/bin/python3 (found version "3.12.3") found components: Interpreter 
-- Found ament_lint_auto: 0.17.2 (/opt/ros/jazzy/share/ament_lint_auto/cmake)
-- Found rosidl_default_generators: 1.6.0 (/opt/ros/jazzy/share/rosidl_default_generators/cmake)
-- Using all available rosidl_typesupport_c: rosidl_typesupport_fastrtps_c;rosidl_typesupport_introspection_c
-- Using all available rosidl_typesupport_cpp: rosidl_typesupport_fastrtps_cpp;rosidl_typesupport_introspection_cpp
-- Found rosidl_adapter: 4.6.5 (/opt/ros/jazzy/share/rosidl_adapter/cmake)
-- Found ament_cmake_ros: 0.12.0 (/opt/ros/jazzy/share/ament_cmake_ros/cmake)
-- Using all available rosidl_typesupport_c: rosidl_typesupport_fastrtps_c;rosidl_typesupport_introspection_c
-- Using all available rosidl_typesupport_cpp: rosidl_typesupport_fastrtps_cpp;rosidl_typesupport_introspection_cpp
-- Found python_cmake_module: 0.11.1 (/opt/ros/jazzy/share/python_cmake_module/cmake)
-- Found PythonExtra: /usr/bin/python3  
-- Found Python3: /usr/bin/python3 (found version "3.12.3") found components: Interpreter Development NumPy Development.Module Development.Embed 
-- Added test 'copyright' to check source files copyright and LICENSE
-- Added test 'flake8' to check Python code syntax and style conventions
-- Configured 'flake8' exclude dirs and/or files: 
-- Added test 'lint_cmake' to check CMake code style
-- Added test 'pep257' to check Python code against some of the docstring style conventions in PEP 257
-- Added test 'xmllint' to check XML markup files
-- Configuring done (2.9s)
-- Generating done (0.0s)
-- Build files have been written to: /home/mike54pfeiffer/Desktop/School/ROB599/ROB599_ws/build/rob599_msgs
[  1%] [34m[1mGenerating type hashes for ROS interfaces[0m
[  1%] Built target ament_cmake_python_copy_rob599_msgs
[  1%] Built target rob599_msgs__rosidl_generator_type_description
[  3%] [34m[1mGenerating C code for ROS interfaces[0m
running egg_info
creating rob599_msgs.egg-info
[  4%] [34m[1mGenerating C++ code for ROS interfaces[0m
writing rob599_msgs.egg-info/PKG-INFO
writing dependency_links to rob599_msgs.egg-info/dependency_links.txt
writing top-level names to rob599_msgs.egg-info/top_level.txt
writing manifest file 'rob599_msgs.egg-info/SOURCES.txt'
reading manifest file 'rob599_msgs.egg-info/SOURCES.txt'
writing manifest file 'rob599_msgs.egg-info/SOURCES.txt'
[  4%] Built target ament_cmake_python_build_rob599_msgs_egg
[  4%] Built target rob599_msgs__cpp
[ 10%] [32mBuilding C object CMakeFiles/rob599_msgs__rosidl_generator_c.dir/rosidl_generator_c/rob599_msgs/srv/detail/fib_service__description.c.o[0m
[ 10%] [32mBuilding C object CMakeFiles/rob599_msgs__rosidl_generator_c.dir/rosidl_generator_c/rob599_msgs/srv/detail/fib_service__type_support.c.o[0m
[ 10%] [32mBuilding C object CMakeFiles/rob599_msgs__rosidl_generator_c.dir/rosidl_generator_c/rob599_msgs/action/detail/fibonacci__description.c.o[0m
[ 10%] [32mBuilding C object CMakeFiles/rob599_msgs__rosidl_generator_c.dir/rosidl_generator_c/rob599_msgs/msg/detail/object__functions.c.o[0m
[ 14%] [32mBuilding C object CMakeFiles/rob599_msgs__rosidl_generator_c.dir/rosidl_generator_c/rob599_msgs/srv/detail/fib_service__functions.c.o[0m
[ 12%] [32mBuilding C object CMakeFiles/rob599_msgs__rosidl_generator_c.dir/rosidl_generator_c/rob599_msgs/srv/detail/doubler__functions.c.o[0m
[ 15%] [32mBuilding C object CMakeFiles/rob599_msgs__rosidl_generator_c.dir/rosidl_generator_c/rob599_msgs/srv/detail/doubler__type_support.c.o[0m
[ 18%] [32mBuilding C object CMakeFiles/rob599_msgs__rosidl_generator_c.dir/rosidl_generator_c/rob599_msgs/msg/detail/object__type_support.c.o[0m
[ 18%] [32mBuilding C object CMakeFiles/rob599_msgs__rosidl_generator_c.dir/rosidl_generator_c/rob599_msgs/srv/detail/doubler__description.c.o[0m
[ 20%] [32mBuilding C object CMakeFiles/rob599_msgs__rosidl_generator_c.dir/rosidl_generator_c/rob599_msgs/msg/detail/object__description.c.o[0m
[ 21%] [32mBuilding C object CMakeFiles/rob599_msgs__rosidl_generator_c.dir/rosidl_generator_c/rob599_msgs/action/detail/fibonacci__functions.c.o[0m
[ 23%] [32mBuilding C object CMakeFiles/rob599_msgs__rosidl_generator_c.dir/rosidl_generator_c/rob599_msgs/action/detail/fibonacci__type_support.c.o[0m
[ 25%] [32m[1mLinking C shared library librob599_msgs__rosidl_generator_c.so[0m
[ 25%] Built target rob599_msgs__rosidl_generator_c
[ 31%] [34m[1mGenerating C++ type support dispatch for ROS interfaces[0m
[ 31%] [34m[1mGenerating C++ type support for eProsima Fast-RTPS[0m
[ 31%] [34m[1mGenerating C type support for eProsima Fast-RTPS[0m
[ 31%] [34m[1mGenerating C introspection for ROS interfaces[0m
[ 34%] [34m[1mGenerating C++ introspection for ROS interfaces[0m
[ 34%] [34m[1mGenerating C type support dispatch for ROS interfaces[0m
[ 37%] [32mBuilding CXX object CMakeFiles/rob599_msgs__rosidl_typesupport_c.dir/rosidl_typesupport_c/rob599_msgs/srv/doubler__type_support.cpp.o[0m
[ 37%] [32mBuilding CXX object CMakeFiles/rob599_msgs__rosidl_typesupport_c.dir/rosidl_typesupport_c/rob599_msgs/msg/object__type_support.cpp.o[0m
[ 39%] [32mBuilding CXX object CMakeFiles/rob599_msgs__rosidl_typesupport_c.dir/rosidl_typesupport_c/rob599_msgs/srv/fib_service__type_support.cpp.o[0m
[ 40%] [32mBuilding CXX object CMakeFiles/rob599_msgs__rosidl_typesupport_c.dir/rosidl_typesupport_c/rob599_msgs/action/fibonacci__type_support.cpp.o[0m
[ 42%] [32mBuilding CXX object CMakeFiles/rob599_msgs__rosidl_typesupport_cpp.dir/rosidl_typesupport_cpp/rob599_msgs/msg/object__type_support.cpp.o[0m
[ 45%] [32mBuilding CXX object CMakeFiles/rob599_msgs__rosidl_typesupport_cpp.dir/rosidl_typesupport_cpp/rob599_msgs/srv/fib_service__type_support.cpp.o[0m
[ 45%] [32mBuilding CXX object CMakeFiles/rob599_msgs__rosidl_typesupport_cpp.dir/rosidl_typesupport_cpp/rob599_msgs/srv/doubler__type_support.cpp.o[0m
[ 46%] [32mBuilding CXX object CMakeFiles/rob599_msgs__rosidl_typesupport_cpp.dir/rosidl_typesupport_cpp/rob599_msgs/action/fibonacci__type_support.cpp.o[0m
[ 48%] [32m[1mLinking CXX shared library librob599_msgs__rosidl_typesupport_c.so[0m
[ 50%] [32mBuilding CXX object CMakeFiles/rob599_msgs__rosidl_typesupport_introspection_cpp.dir/rosidl_typesupport_introspection_cpp/rob599_msgs/srv/detail/fib_service__type_support.cpp.o[0m
[ 50%] Built target rob599_msgs__rosidl_typesupport_c
[ 51%] [32mBuilding CXX object CMakeFiles/rob599_msgs__rosidl_typesupport_introspection_cpp.dir/rosidl_typesupport_introspection_cpp/rob599_msgs/msg/detail/object__type_support.cpp.o[0m
[ 53%] [32mBuilding CXX object CMakeFiles/rob599_msgs__rosidl_typesupport_introspection_cpp.dir/rosidl_typesupport_introspection_cpp/rob599_msgs/srv/detail/doubler__type_support.cpp.o[0m
[ 54%] [32mBuilding CXX object CMakeFiles/rob599_msgs__rosidl_typesupport_introspection_cpp.dir/rosidl_typesupport_introspection_cpp/rob599_msgs/action/detail/fibonacci__type_support.cpp.o[0m
[ 56%] [32mBuilding C object CMakeFiles/rob599_msgs__rosidl_typesupport_introspection_c.dir/rosidl_typesupport_introspection_c/rob599_msgs/msg/detail/object__type_support.c.o[0m
[ 57%] [32mBuilding C object CMakeFiles/rob599_msgs__rosidl_typesupport_introspection_c.dir/rosidl_typesupport_introspection_c/rob599_msgs/srv/detail/doubler__type_support.c.o[0m
[ 60%] [32mBuilding C object CMakeFiles/rob599_msgs__rosidl_typesupport_introspection_c.dir/rosidl_typesupport_introspection_c/rob599_msgs/action/detail/fibonacci__type_support.c.o[0m
[ 60%] [32mBuilding C object CMakeFiles/rob599_msgs__rosidl_typesupport_introspection_c.dir/rosidl_typesupport_introspection_c/rob599_msgs/srv/detail/fib_service__type_support.c.o[0m
[ 62%] [32m[1mLinking C shared library librob599_msgs__rosidl_typesupport_introspection_c.so[0m
[ 64%] [32mBuilding CXX object CMakeFiles/rob599_msgs__rosidl_typesupport_fastrtps_cpp.dir/rosidl_typesupport_fastrtps_cpp/rob599_msgs/msg/detail/dds_fastrtps/object__type_support.cpp.o[0m
[ 65%] [32mBuilding CXX object CMakeFiles/rob599_msgs__rosidl_typesupport_fastrtps_cpp.dir/rosidl_typesupport_fastrtps_cpp/rob599_msgs/srv/detail/dds_fastrtps/doubler__type_support.cpp.o[0m
[ 68%] [32mBuilding CXX object CMakeFiles/rob599_msgs__rosidl_typesupport_fastrtps_cpp.dir/rosidl_typesupport_fastrtps_cpp/rob599_msgs/srv/detail/dds_fastrtps/fib_service__type_support.cpp.o[0m
[ 68%] [32mBuilding CXX object CMakeFiles/rob599_msgs__rosidl_typesupport_fastrtps_cpp.dir/rosidl_typesupport_fastrtps_cpp/rob599_msgs/action/detail/dds_fastrtps/fibonacci__type_support.cpp.o[0m
[ 70%] [32mBuilding CXX object CMakeFiles/rob599_msgs__rosidl_typesupport_fastrtps_c.dir/rosidl_typesupport_fastrtps_c/rob599_msgs/srv/detail/doubler__type_support_c.cpp.o[0m
[ 71%] [32mBuilding CXX object CMakeFiles/rob599_msgs__rosidl_typesupport_fastrtps_c.dir/rosidl_typesupport_fastrtps_c/rob599_msgs/msg/detail/object__type_support_c.cpp.o[0m
[ 73%] [32mBuilding CXX object CMakeFiles/rob599_msgs__rosidl_typesupport_fastrtps_c.dir/rosidl_typesupport_fastrtps_c/rob599_msgs/srv/detail/fib_service__type_support_c.cpp.o[0m
[ 73%] Built target rob599_msgs__rosidl_typesupport_introspection_c
[ 75%] [32mBuilding CXX object CMakeFiles/rob599_msgs__rosidl_typesupport_fastrtps_c.dir/rosidl_typesupport_fastrtps_c/rob599_msgs/action/detail/fibonacci__type_support_c.cpp.o[0m
[ 76%] [32m[1mLinking CXX shared library librob599_msgs__rosidl_typesupport_cpp.so[0m
[ 76%] Built target rob599_msgs__rosidl_typesupport_cpp
[ 78%] [32m[1mLinking CXX shared library librob599_msgs__rosidl_typesupport_introspection_cpp.so[0m
[ 78%] Built target rob599_msgs__rosidl_typesupport_introspection_cpp
[ 79%] [32m[1mLinking CXX shared library librob599_msgs__rosidl_typesupport_fastrtps_c.so[0m
[ 79%] Built target rob599_msgs__rosidl_typesupport_fastrtps_c
[ 81%] [32m[1mLinking CXX shared library librob599_msgs__rosidl_typesupport_fastrtps_cpp.so[0m
[ 81%] Built target rob599_msgs__rosidl_typesupport_fastrtps_cpp
[ 81%] Built target rob599_msgs
[ 82%] [34m[1mGenerating Python code for ROS interfaces[0m
[ 82%] Built target rob599_msgs__py
[ 89%] [32mBuilding C object CMakeFiles/rob599_msgs__rosidl_generator_py.dir/rosidl_generator_py/rob599_msgs/srv/_doubler_s.c.o[0m
[ 89%] [32mBuilding C object CMakeFiles/rob599_msgs__rosidl_generator_py.dir/rosidl_generator_py/rob599_msgs/srv/_fib_service_s.c.o[0m
[ 89%] [32mBuilding C object CMakeFiles/rob599_msgs__rosidl_generator_py.dir/rosidl_generator_py/rob599_msgs/action/_fibonacci_s.c.o[0m
[ 89%] [32mBuilding C object CMakeFiles/rob599_msgs__rosidl_generator_py.dir/rosidl_generator_py/rob599_msgs/msg/_object_s.c.o[0m
[ 90%] [32m[1mLinking C shared library librob599_msgs__rosidl_generator_py.so[0m
[ 90%] Built target rob599_msgs__rosidl_generator_py
[ 95%] [32mBuilding C object CMakeFiles/rob599_msgs_s__rosidl_typesupport_c.dir/rosidl_generator_py/rob599_msgs/_rob599_msgs_s.ep.rosidl_typesupport_c.c.o[0m
[ 95%] [32mBuilding C object CMakeFiles/rob599_msgs_s__rosidl_typesupport_introspection_c.dir/rosidl_generator_py/rob599_msgs/_rob599_msgs_s.ep.rosidl_typesupport_introspection_c.c.o[0m
[ 95%] [32mBuilding C object CMakeFiles/rob599_msgs_s__rosidl_typesupport_fastrtps_c.dir/rosidl_generator_py/rob599_msgs/_rob599_msgs_s.ep.rosidl_typesupport_fastrtps_c.c.o[0m
[ 98%] [32m[1mLinking C shared module rosidl_generator_py/rob599_msgs/rob599_msgs_s__rosidl_typesupport_introspection_c.so[0m
[ 98%] [32m[1mLinking C shared module rosidl_generator_py/rob599_msgs/rob599_msgs_s__rosidl_typesupport_c.so[0m
[100%] [32m[1mLinking C shared module rosidl_generator_py/rob599_msgs/rob599_msgs_s__rosidl_typesupport_fastrtps_c.so[0m
[100%] Built target rob599_msgs_s__rosidl_typesupport_introspection_c
[100%] Built target rob599_msgs_s__rosidl_typesupport_c
[100%] Built target rob599_msgs_s__rosidl_typesupport_fastrtps_c
-- Install configuration: ""
-- Installing: /home/mike54pfeiffer/Desktop/School/ROB599/ROB599_ws/install/rob599_msgs/share/ament_index/resource_index/rosidl_interfaces/rob599_msgs
-- Installing: /home/mike54pfeiffer/Desktop/School/ROB599/ROB599_ws/install/rob599_msgs/share/rob599_msgs/msg/Object.json
-- Installing: /home/mike54pfeiffer/Desktop/School/ROB599/ROB599_ws/install/rob599_msgs/share/rob599_msgs/srv/Doubler.json
-- Installing: /home/mike54pfeiffer/Desktop/School/ROB599/ROB599_ws/install/rob599_msgs/share/rob599_msgs/srv/FibService.json
-- Installing: /home/mike54pfeiffer/Desktop/School/ROB599/ROB599_ws/install/rob599_msgs/share/rob599_msgs/action/Fibonacci.json
-- Installing: /home/mike54pfeiffer/Desktop/School/ROB599/ROB599_ws/install/rob599_msgs/include/rob599_msgs/rob599_msgs
-- Installing: /home/mike54pfeiffer/Desktop/School/ROB599/ROB599_ws/install/rob599_msgs/include/rob599_msgs/rob599_msgs/action
-- Installing: /home/mike54pfeiffer/Desktop/School/ROB599/ROB599_ws/install/rob599_msgs/include/rob599_msgs/rob599_msgs/action/fibonacci.h
-- Installing: /home/mike54pfeiffer/Desktop/School/ROB599/ROB599_ws/install/rob599_msgs/include/rob599_msgs/rob599_msgs/action/detail
-- Installing: /home/mike54pfeiffer/Desktop/School/ROB599/ROB599_ws/install/rob599_msgs/include/rob599_msgs/rob599_msgs/action/detail/fibonacci__type_support.h
-- Installing: /home/mike54pfeiffer/Desktop/School/ROB599/ROB599_ws/install/rob599_msgs/include/rob599_msgs/rob599_msgs/action/detail/fibonacci__type_support.c
-- Installing: /home/mike54pfeiffer/Desktop/School/ROB599/ROB599_ws/install/rob599_msgs/include/rob599_msgs/rob599_msgs/action/detail/fibonacci__functions.c
-- Installing: /home/mike54pfeiffer/Desktop/School/ROB599/ROB599_ws/install/rob599_msgs/include/rob599_msgs/rob599_msgs/action/detail/fibonacci__description.c
-- Installing: /home/mike54pfeiffer/Desktop/School/ROB599/ROB599_ws/install/rob599_msgs/include/rob599_msgs/rob599_msgs/action/detail/fibonacci__struct.h
-- Installing: /home/mike54pfeiffer/Desktop/School/ROB599/ROB599_ws/install/rob599_msgs/include/rob599_msgs/rob599_msgs/action/detail/fibonacci__functions.h
-- Installing: /home/mike54pfeiffer/Desktop/School/ROB599/ROB599_ws/install/rob599_msgs/include/rob599_msgs/rob599_msgs/msg
-- Installing: /home/mike54pfeiffer/Desktop/School/ROB599/ROB599_ws/install/rob599_msgs/include/rob599_msgs/rob599_msgs/msg/object.h
-- Installing: /home/mike54pfeiffer/Desktop/School/ROB599/ROB599_ws/install/rob599_msgs/include/rob599_msgs/rob599_msgs/msg/detail
-- Installing: /home/mike54pfeiffer/Desktop/School/ROB599/ROB599_ws/install/rob599_msgs/include/rob599_msgs/rob599_msgs/msg/detail/object__functions.h
-- Installing: /home/mike54pfeiffer/Desktop/School/ROB599/ROB599_ws/install/rob599_msgs/include/rob599_msgs/rob599_msgs/msg/detail/object__type_support.h
-- Installing: /home/mike54pfeiffer/Desktop/School/ROB599/ROB599_ws/install/rob599_msgs/include/rob599_msgs/rob599_msgs/msg/detail/object__description.c
-- Installing: /home/mike54pfeiffer/Desktop/School/ROB599/ROB599_ws/install/rob599_msgs/include/rob599_msgs/rob599_msgs/msg/detail/object__struct.h
-- Installing: /home/mike54pfeiffer/Desktop/School/ROB599/ROB599_ws/install/rob599_msgs/include/rob599_msgs/rob599_msgs/msg/detail/object__type_support.c
-- Installing: /home/mike54pfeiffer/Desktop/School/ROB599/ROB599_ws/install/rob599_msgs/include/rob599_msgs/rob599_msgs/msg/detail/object__functions.c
-- Installing: /home/mike54pfeiffer/Desktop/School/ROB599/ROB599_ws/install/rob599_msgs/include/rob599_msgs/rob599_msgs/msg/rosidl_generator_c__visibility_control.h
-- Installing: /home/mike54pfeiffer/Desktop/School/ROB599/ROB599_ws/install/rob599_msgs/include/rob599_msgs/rob599_msgs/srv
-- Installing: /home/mike54pfeiffer/Desktop/School/ROB599/ROB599_ws/install/rob599_msgs/include/rob599_msgs/rob599_msgs/srv/fib_service.h
-- Installing: /home/mike54pfeiffer/Desktop/School/ROB599/ROB599_ws/install/rob599_msgs/include/rob599_msgs/rob599_msgs/srv/doubler.h
-- Installing: /home/mike54pfeiffer/Desktop/School/ROB599/ROB599_ws/install/rob599_msgs/include/rob599_msgs/rob599_msgs/srv/detail
-- Installing: /home/mike54pfeiffer/Desktop/School/ROB599/ROB599_ws/install/rob599_msgs/include/rob599_msgs/rob599_msgs/srv/detail/fib_service__description.c
-- Installing: /home/mike54pfeiffer/Desktop/School/ROB599/ROB599_ws/install/rob599_msgs/include/rob599_msgs/rob599_msgs/srv/detail/doubler__functions.c
-- Installing: /home/mike54pfeiffer/Desktop/School/ROB599/ROB599_ws/install/rob599_msgs/include/rob599_msgs/rob599_msgs/srv/detail/doubler__type_support.c
-- Installing: /home/mike54pfeiffer/Desktop/School/ROB599/ROB599_ws/install/rob599_msgs/include/rob599_msgs/rob599_msgs/srv/detail/fib_service__struct.h
-- Installing: /home/mike54pfeiffer/Desktop/School/ROB599/ROB599_ws/install/rob599_msgs/include/rob599_msgs/rob599_msgs/srv/detail/fib_service__functions.h
-- Installing: /home/mike54pfeiffer/Desktop/School/ROB599/ROB599_ws/install/rob599_msgs/include/rob599_msgs/rob599_msgs/srv/detail/fib_service__type_support.c
-- Installing: /home/mike54pfeiffer/Desktop/School/ROB599/ROB599_ws/install/rob599_msgs/include/rob599_msgs/rob599_msgs/srv/detail/doubler__type_support.h
-- Installing: /home/mike54pfeiffer/Desktop/School/ROB599/ROB599_ws/install/rob599_msgs/include/rob599_msgs/rob599_msgs/srv/detail/doubler__description.c
-- Installing: /home/mike54pfeiffer/Desktop/School/ROB599/ROB599_ws/install/rob599_msgs/include/rob599_msgs/rob599_msgs/srv/detail/fib_service__type_support.h
-- Installing: /home/mike54pfeiffer/Desktop/School/ROB599/ROB599_ws/install/rob599_msgs/include/rob599_msgs/rob599_msgs/srv/detail/doubler__struct.h
-- Installing: /home/mike54pfeiffer/Desktop/School/ROB599/ROB599_ws/install/rob599_msgs/include/rob599_msgs/rob599_msgs/srv/detail/fib_service__functions.c
-- Installing: /home/mike54pfeiffer/Desktop/School/ROB599/ROB599_ws/install/rob599_msgs/include/rob599_msgs/rob599_msgs/srv/detail/doubler__functions.h
-- Installing: /home/mike54pfeiffer/Desktop/School/ROB599/ROB599_ws/install/rob599_msgs/share/rob599_msgs/environment/library_path.sh
-- Installing: /home/mike54pfeiffer/Desktop/School/ROB599/ROB599_ws/install/rob599_msgs/share/rob599_msgs/environment/library_path.dsv
-- Installing: /home/mike54pfeiffer/Desktop/School/ROB599/ROB599_ws/install/rob599_msgs/lib/librob599_msgs__rosidl_generator_c.so
-- Set non-toolchain portion of runtime path of "/home/mike54pfeiffer/Desktop/School/ROB599/ROB599_ws/install/rob599_msgs/lib/librob599_msgs__rosidl_generator_c.so" to ""
-- Up-to-date: /home/mike54pfeiffer/Desktop/School/ROB599/ROB599_ws/install/rob599_msgs/include/rob599_msgs/rob599_msgs
-- Up-to-date: /home/mike54pfeiffer/Desktop/School/ROB599/ROB599_ws/install/rob599_msgs/include/rob599_msgs/rob599_msgs/action
-- Up-to-date: /home/mike54pfeiffer/Desktop/School/ROB599/ROB599_ws/install/rob599_msgs/include/rob599_msgs/rob599_msgs/action/detail
-- Installing: /home/mike54pfeiffer/Desktop/School/ROB599/ROB599_ws/install/rob599_msgs/include/rob599_msgs/rob599_msgs/action/detail/fibonacci__rosidl_typesupport_fastrtps_c.h
-- Up-to-date: /home/mike54pfeiffer/Desktop/School/ROB599/ROB599_ws/install/rob599_msgs/include/rob599_msgs/rob599_msgs/msg
-- Installing: /home/mike54pfeiffer/Desktop/School/ROB599/ROB599_ws/install/rob599_msgs/include/rob599_msgs/rob599_msgs/msg/rosidl_typesupport_fastrtps_c__visibility_control.h
-- Up-to-date: /home/mike54pfeiffer/Desktop/School/ROB599/ROB599_ws/install/rob599_msgs/include/rob599_msgs/rob599_msgs/msg/detail
-- Installing: /home/mike54pfeiffer/Desktop/School/ROB599/ROB599_ws/install/rob599_msgs/include/rob599_msgs/rob599_msgs/msg/detail/object__rosidl_typesupport_fastrtps_c.h
-- Up-to-date: /home/mike54pfeiffer/Desktop/School/ROB599/ROB599_ws/install/rob599_msgs/include/rob599_msgs/rob599_msgs/srv
-- Up-to-date: /home/mike54pfeiffer/Desktop/School/ROB599/ROB599_ws/install/rob599_msgs/include/rob599_msgs/rob599_msgs/srv/detail
-- Installing: /home/mike54pfeiffer/Desktop/School/ROB599/ROB599_ws/install/rob599_msgs/include/rob599_msgs/rob599_msgs/srv/detail/fib_service__rosidl_typesupport_fastrtps_c.h
-- Installing: /home/mike54pfeiffer/Desktop/School/ROB599/ROB599_ws/install/rob599_msgs/include/rob599_msgs/rob599_msgs/srv/detail/doubler__rosidl_typesupport_fastrtps_c.h
-- Installing: /home/mike54pfeiffer/Desktop/School/ROB599/ROB599_ws/install/rob599_msgs/lib/librob599_msgs__rosidl_typesupport_fastrtps_c.so
-- Set non-toolchain portion of runtime path of "/home/mike54pfeiffer/Desktop/School/ROB599/ROB599_ws/install/rob599_msgs/lib/librob599_msgs__rosidl_typesupport_fastrtps_c.so" to ""
-- Up-to-date: /home/mike54pfeiffer/Desktop/School/ROB599/ROB599_ws/install/rob599_msgs/include/rob599_msgs/rob599_msgs
-- Up-to-date: /home/mike54pfeiffer/Desktop/School/ROB599/ROB599_ws/install/rob599_msgs/include/rob599_msgs/rob599_msgs/action
-- Up-to-date: /home/mike54pfeiffer/Desktop/School/ROB599/ROB599_ws/install/rob599_msgs/include/rob599_msgs/rob599_msgs/action/detail
-- Installing: /home/mike54pfeiffer/Desktop/School/ROB599/ROB599_ws/install/rob599_msgs/include/rob599_msgs/rob599_msgs/action/detail/fibonacci__rosidl_typesupport_introspection_c.h
-- Installing: /home/mike54pfeiffer/Desktop/School/ROB599/ROB599_ws/install/rob599_msgs/include/rob599_msgs/rob599_msgs/action/detail/fibonacci__type_support.c
-- Up-to-date: /home/mike54pfeiffer/Desktop/School/ROB599/ROB599_ws/install/rob599_msgs/include/rob599_msgs/rob599_msgs/msg
-- Installing: /home/mike54pfeiffer/Desktop/School/ROB599/ROB599_ws/install/rob599_msgs/include/rob599_msgs/rob599_msgs/msg/rosidl_typesupport_introspection_c__visibility_control.h
-- Up-to-date: /home/mike54pfeiffer/Desktop/School/ROB599/ROB599_ws/install/rob599_msgs/include/rob599_msgs/rob599_msgs/msg/detail
-- Installing: /home/mike54pfeiffer/Desktop/School/ROB599/ROB599_ws/install/rob599_msgs/include/rob599_msgs/rob599_msgs/msg/detail/object__type_support.c
-- Installing: /home/mike54pfeiffer/Desktop/School/ROB599/ROB599_ws/install/rob599_msgs/include/rob599_msgs/rob599_msgs/msg/detail/object__rosidl_typesupport_introspection_c.h
-- Up-to-date: /home/mike54pfeiffer/Desktop/School/ROB599/ROB599_ws/install/rob599_msgs/include/rob599_msgs/rob599_msgs/srv
-- Up-to-date: /home/mike54pfeiffer/Desktop/School/ROB599/ROB599_ws/install/rob599_msgs/include/rob599_msgs/rob599_msgs/srv/detail
-- Installing: /home/mike54pfeiffer/Desktop/School/ROB599/ROB599_ws/install/rob599_msgs/include/rob599_msgs/rob599_msgs/srv/detail/doubler__rosidl_typesupport_introspection_c.h
-- Installing: /home/mike54pfeiffer/Desktop/School/ROB599/ROB599_ws/install/rob599_msgs/include/rob599_msgs/rob599_msgs/srv/detail/doubler__type_support.c
-- Installing: /home/mike54pfeiffer/Desktop/School/ROB599/ROB599_ws/install/rob599_msgs/include/rob599_msgs/rob599_msgs/srv/detail/fib_service__type_support.c
-- Installing: /home/mike54pfeiffer/Desktop/School/ROB599/ROB599_ws/install/rob599_msgs/include/rob599_msgs/rob599_msgs/srv/detail/fib_service__rosidl_typesupport_introspection_c.h
-- Installing: /home/mike54pfeiffer/Desktop/School/ROB599/ROB599_ws/install/rob599_msgs/lib/librob599_msgs__rosidl_typesupport_introspection_c.so
-- Set non-toolchain portion of runtime path of "/home/mike54pfeiffer/Desktop/School/ROB599/ROB599_ws/install/rob599_msgs/lib/librob599_msgs__rosidl_typesupport_introspection_c.so" to ""
-- Installing: /home/mike54pfeiffer/Desktop/School/ROB599/ROB599_ws/install/rob599_msgs/lib/librob599_msgs__rosidl_typesupport_c.so
-- Set non-toolchain portion of runtime path of "/home/mike54pfeiffer/Desktop/School/ROB599/ROB599_ws/install/rob599_msgs/lib/librob599_msgs__rosidl_typesupport_c.so" to ""
-- Up-to-date: /home/mike54pfeiffer/Desktop/School/ROB599/ROB599_ws/install/rob599_msgs/include/rob599_msgs/rob599_msgs
-- Up-to-date: /home/mike54pfeiffer/Desktop/School/ROB599/ROB599_ws/install/rob599_msgs/include/rob599_msgs/rob599_msgs/action
-- Installing: /home/mike54pfeiffer/Desktop/School/ROB599/ROB599_ws/install/rob599_msgs/include/rob599_msgs/rob599_msgs/action/fibonacci.hpp
-- Up-to-date: /home/mike54pfeiffer/Desktop/School/ROB599/ROB599_ws/install/rob599_msgs/include/rob599_msgs/rob599_msgs/action/detail
-- Installing: /home/mike54pfeiffer/Desktop/School/ROB599/ROB599_ws/install/rob599_msgs/include/rob599_msgs/rob599_msgs/action/detail/fibonacci__type_support.hpp
-- Installing: /home/mike54pfeiffer/Desktop/School/ROB599/ROB599_ws/install/rob599_msgs/include/rob599_msgs/rob599_msgs/action/detail/fibonacci__builder.hpp
-- Installing: /home/mike54pfeiffer/Desktop/School/ROB599/ROB599_ws/install/rob599_msgs/include/rob599_msgs/rob599_msgs/action/detail/fibonacci__traits.hpp
-- Installing: /home/mike54pfeiffer/Desktop/School/ROB599/ROB599_ws/install/rob599_msgs/include/rob599_msgs/rob599_msgs/action/detail/fibonacci__struct.hpp
-- Up-to-date: /home/mike54pfeiffer/Desktop/School/ROB599/ROB599_ws/install/rob599_msgs/include/rob599_msgs/rob599_msgs/msg
-- Installing: /home/mike54pfeiffer/Desktop/School/ROB599/ROB599_ws/install/rob599_msgs/include/rob599_msgs/rob599_msgs/msg/object.hpp
-- Up-to-date: /home/mike54pfeiffer/Desktop/School/ROB599/ROB599_ws/install/rob599_msgs/include/rob599_msgs/rob599_msgs/msg/detail
-- Installing: /home/mike54pfeiffer/Desktop/School/ROB599/ROB599_ws/install/rob599_msgs/include/rob599_msgs/rob599_msgs/msg/detail/object__traits.hpp
-- Installing: /home/mike54pfeiffer/Desktop/School/ROB599/ROB599_ws/install/rob599_msgs/include/rob599_msgs/rob599_msgs/msg/detail/object__builder.hpp
-- Installing: /home/mike54pfeiffer/Desktop/School/ROB599/ROB599_ws/install/rob599_msgs/include/rob599_msgs/rob599_msgs/msg/detail/object__type_support.hpp
-- Installing: /home/mike54pfeiffer/Desktop/School/ROB599/ROB599_ws/install/rob599_msgs/include/rob599_msgs/rob599_msgs/msg/detail/object__struct.hpp
-- Installing: /home/mike54pfeiffer/Desktop/School/ROB599/ROB599_ws/install/rob599_msgs/include/rob599_msgs/rob599_msgs/msg/rosidl_generator_cpp__visibility_control.hpp
-- Up-to-date: /home/mike54pfeiffer/Desktop/School/ROB599/ROB599_ws/install/rob599_msgs/include/rob599_msgs/rob599_msgs/srv
-- Installing: /home/mike54pfeiffer/Desktop/School/ROB599/ROB599_ws/install/rob599_msgs/include/rob599_msgs/rob599_msgs/srv/doubler.hpp
-- Up-to-date: /home/mike54pfeiffer/Desktop/School/ROB599/ROB599_ws/install/rob599_msgs/include/rob599_msgs/rob599_msgs/srv/detail
-- Installing: /home/mike54pfeiffer/Desktop/School/ROB599/ROB599_ws/install/rob599_msgs/include/rob599_msgs/rob599_msgs/srv/detail/fib_service__traits.hpp
-- Installing: /home/mike54pfeiffer/Desktop/School/ROB599/ROB599_ws/install/rob599_msgs/include/rob599_msgs/rob599_msgs/srv/detail/fib_service__type_support.hpp
-- Installing: /home/mike54pfeiffer/Desktop/School/ROB599/ROB599_ws/install/rob599_msgs/include/rob599_msgs/rob599_msgs/srv/detail/fib_service__struct.hpp
-- Installing: /home/mike54pfeiffer/Desktop/School/ROB599/ROB599_ws/install/rob599_msgs/include/rob599_msgs/rob599_msgs/srv/detail/doubler__struct.hpp
-- Installing: /home/mike54pfeiffer/Desktop/School/ROB599/ROB599_ws/install/rob599_msgs/include/rob599_msgs/rob599_msgs/srv/detail/fib_service__builder.hpp
-- Installing: /home/mike54pfeiffer/Desktop/School/ROB599/ROB599_ws/install/rob599_msgs/include/rob599_msgs/rob599_msgs/srv/detail/doubler__type_support.hpp
-- Installing: /home/mike54pfeiffer/Desktop/School/ROB599/ROB599_ws/install/rob599_msgs/include/rob599_msgs/rob599_msgs/srv/detail/doubler__traits.hpp
-- Installing: /home/mike54pfeiffer/Desktop/School/ROB599/ROB599_ws/install/rob599_msgs/include/rob599_msgs/rob599_msgs/srv/detail/doubler__builder.hpp
-- Installing: /home/mike54pfeiffer/Desktop/School/ROB599/ROB599_ws/install/rob599_msgs/include/rob599_msgs/rob599_msgs/srv/fib_service.hpp
-- Up-to-date: /home/mike54pfeiffer/Desktop/School/ROB599/ROB599_ws/install/rob599_msgs/include/rob599_msgs/rob599_msgs
-- Up-to-date: /home/mike54pfeiffer/Desktop/School/ROB599/ROB599_ws/install/rob599_msgs/include/rob599_msgs/rob599_msgs/action
-- Up-to-date: /home/mike54pfeiffer/Desktop/School/ROB599/ROB599_ws/install/rob599_msgs/include/rob599_msgs/rob599_msgs/action/detail
-- Installing: /home/mike54pfeiffer/Desktop/School/ROB599/ROB599_ws/install/rob599_msgs/include/rob599_msgs/rob599_msgs/action/detail/fibonacci__rosidl_typesupport_fastrtps_cpp.hpp
-- Installing: /home/mike54pfeiffer/Desktop/School/ROB599/ROB599_ws/install/rob599_msgs/include/rob599_msgs/rob599_msgs/action/detail/dds_fastrtps
-- Up-to-date: /home/mike54pfeiffer/Desktop/School/ROB599/ROB599_ws/install/rob599_msgs/include/rob599_msgs/rob599_msgs/msg
-- Installing: /home/mike54pfeiffer/Desktop/School/ROB599/ROB599_ws/install/rob599_msgs/include/rob599_msgs/rob599_msgs/msg/rosidl_typesupport_fastrtps_cpp__visibility_control.h
-- Up-to-date: /home/mike54pfeiffer/Desktop/School/ROB599/ROB599_ws/install/rob599_msgs/include/rob599_msgs/rob599_msgs/msg/detail
-- Installing: /home/mike54pfeiffer/Desktop/School/ROB599/ROB599_ws/install/rob599_msgs/include/rob599_msgs/rob599_msgs/msg/detail/dds_fastrtps
-- Installing: /home/mike54pfeiffer/Desktop/School/ROB599/ROB599_ws/install/rob599_msgs/include/rob599_msgs/rob599_msgs/msg/detail/object__rosidl_typesupport_fastrtps_cpp.hpp
-- Up-to-date: /home/mike54pfeiffer/Desktop/School/ROB599/ROB599_ws/install/rob599_msgs/include/rob599_msgs/rob599_msgs/srv
-- Up-to-date: /home/mike54pfeiffer/Desktop/School/ROB599/ROB599_ws/install/rob599_msgs/include/rob599_msgs/rob599_msgs/srv/detail
-- Installing: /home/mike54pfeiffer/Desktop/School/ROB599/ROB599_ws/install/rob599_msgs/include/rob599_msgs/rob599_msgs/srv/detail/dds_fastrtps
-- Installing: /home/mike54pfeiffer/Desktop/School/ROB599/ROB599_ws/install/rob599_msgs/include/rob599_msgs/rob599_msgs/srv/detail/doubler__rosidl_typesupport_fastrtps_cpp.hpp
-- Installing: /home/mike54pfeiffer/Desktop/School/ROB599/ROB599_ws/install/rob599_msgs/include/rob599_msgs/rob599_msgs/srv/detail/fib_service__rosidl_typesupport_fastrtps_cpp.hpp
-- Installing: /home/mike54pfeiffer/Desktop/School/ROB599/ROB599_ws/install/rob599_msgs/lib/librob599_msgs__rosidl_typesupport_fastrtps_cpp.so
-- Set non-toolchain portion of runtime path of "/home/mike54pfeiffer/Desktop/School/ROB599/ROB599_ws/install/rob599_msgs/lib/librob599_msgs__rosidl_typesupport_fastrtps_cpp.so" to ""
-- Up-to-date: /home/mike54pfeiffer/Desktop/School/ROB599/ROB599_ws/install/rob599_msgs/include/rob599_msgs/rob599_msgs
-- Up-to-date: /home/mike54pfeiffer/Desktop/School/ROB599/ROB599_ws/install/rob599_msgs/include/rob599_msgs/rob599_msgs/action
-- Up-to-date: /home/mike54pfeiffer/Desktop/School/ROB599/ROB599_ws/install/rob599_msgs/include/rob599_msgs/rob599_msgs/action/detail
-- Installing: /home/mike54pfeiffer/Desktop/School/ROB599/ROB599_ws/install/rob599_msgs/include/rob599_msgs/rob599_msgs/action/detail/fibonacci__type_support.cpp
-- Installing: /home/mike54pfeiffer/Desktop/School/ROB599/ROB599_ws/install/rob599_msgs/include/rob599_msgs/rob599_msgs/action/detail/fibonacci__rosidl_typesupport_introspection_cpp.hpp
-- Up-to-date: /home/mike54pfeiffer/Desktop/School/ROB599/ROB599_ws/install/rob599_msgs/include/rob599_msgs/rob599_msgs/msg
-- Up-to-date: /home/mike54pfeiffer/Desktop/School/ROB599/ROB599_ws/install/rob599_msgs/include/rob599_msgs/rob599_msgs/msg/detail
-- Installing: /home/mike54pfeiffer/Desktop/School/ROB599/ROB599_ws/install/rob599_msgs/include/rob599_msgs/rob599_msgs/msg/detail/object__rosidl_typesupport_introspection_cpp.hpp
-- Installing: /home/mike54pfeiffer/Desktop/School/ROB599/ROB599_ws/install/rob599_msgs/include/rob599_msgs/rob599_msgs/msg/detail/object__type_support.cpp
-- Up-to-date: /home/mike54pfeiffer/Desktop/School/ROB599/ROB599_ws/install/rob599_msgs/include/rob599_msgs/rob599_msgs/srv
-- Up-to-date: /home/mike54pfeiffer/Desktop/School/ROB599/ROB599_ws/install/rob599_msgs/include/rob599_msgs/rob599_msgs/srv/detail
-- Installing: /home/mike54pfeiffer/Desktop/School/ROB599/ROB599_ws/install/rob599_msgs/include/rob599_msgs/rob599_msgs/srv/detail/fib_service__rosidl_typesupport_introspection_cpp.hpp
-- Installing: /home/mike54pfeiffer/Desktop/School/ROB599/ROB599_ws/install/rob599_msgs/include/rob599_msgs/rob599_msgs/srv/detail/doubler__type_support.cpp
-- Installing: /home/mike54pfeiffer/Desktop/School/ROB599/ROB599_ws/install/rob599_msgs/include/rob599_msgs/rob599_msgs/srv/detail/doubler__rosidl_typesupport_introspection_cpp.hpp
-- Installing: /home/mike54pfeiffer/Desktop/School/ROB599/ROB599_ws/install/rob599_msgs/include/rob599_msgs/rob599_msgs/srv/detail/fib_service__type_support.cpp
-- Installing: /home/mike54pfeiffer/Desktop/School/ROB599/ROB599_ws/install/rob599_msgs/lib/librob599_msgs__rosidl_typesupport_introspection_cpp.so
-- Set non-toolchain portion of runtime path of "/home/mike54pfeiffer/Desktop/School/ROB599/ROB599_ws/install/rob599_msgs/lib/librob599_msgs__rosidl_typesupport_introspection_cpp.so" to ""
-- Installing: /home/mike54pfeiffer/Desktop/School/ROB599/ROB599_ws/install/rob599_msgs/lib/librob599_msgs__rosidl_typesupport_cpp.so
-- Set non-toolchain portion of runtime path of "/home/mike54pfeiffer/Desktop/School/ROB599/ROB599_ws/install/rob599_msgs/lib/librob599_msgs__rosidl_typesupport_cpp.so" to ""
-- Installing: /home/mike54pfeiffer/Desktop/School/ROB599/ROB599_ws/install/rob599_msgs/share/rob599_msgs/environment/pythonpath.sh
-- Installing: /home/mike54pfeiffer/Desktop/School/ROB599/ROB599_ws/install/rob599_msgs/share/rob599_msgs/environment/pythonpath.dsv
-- Installing: /home/mike54pfeiffer/Desktop/School/ROB599/ROB599_ws/install/rob599_msgs/lib/python3.12/site-packages/rob599_msgs-0.1.0-py3.12.egg-info
-- Installing: /home/mike54pfeiffer/Desktop/School/ROB599/ROB599_ws/install/rob599_msgs/lib/python3.12/site-packages/rob599_msgs-0.1.0-py3.12.egg-info/dependency_links.txt
-- Installing: /home/mike54pfeiffer/Desktop/School/ROB599/ROB599_ws/install/rob599_msgs/lib/python3.12/site-packages/rob599_msgs-0.1.0-py3.12.egg-info/top_level.txt
-- Installing: /home/mike54pfeiffer/Desktop/School/ROB599/ROB599_ws/install/rob599_msgs/lib/python3.12/site-packages/rob599_msgs-0.1.0-py3.12.egg-info/SOURCES.txt
-- Installing: /home/mike54pfeiffer/Desktop/School/ROB599/ROB599_ws/install/rob599_msgs/lib/python3.12/site-packages/rob599_msgs-0.1.0-py3.12.egg-info/PKG-INFO
-- Installing: /home/mike54pfeiffer/Desktop/School/ROB599/ROB599_ws/install/rob599_msgs/lib/python3.12/site-packages/rob599_msgs
-- Installing: /home/mike54pfeiffer/Desktop/School/ROB599/ROB599_ws/install/rob599_msgs/lib/python3.12/site-packages/rob599_msgs/action
-- Installing: /home/mike54pfeiffer/Desktop/School/ROB599/ROB599_ws/install/rob599_msgs/lib/python3.12/site-packages/rob599_msgs/action/__init__.py
-- Installing: /home/mike54pfeiffer/Desktop/School/ROB599/ROB599_ws/install/rob599_msgs/lib/python3.12/site-packages/rob599_msgs/action/_fibonacci.py
-- Installing: /home/mike54pfeiffer/Desktop/School/ROB599/ROB599_ws/install/rob599_msgs/lib/python3.12/site-packages/rob599_msgs/action/_fibonacci_s.c
-- Installing: /home/mike54pfeiffer/Desktop/School/ROB599/ROB599_ws/install/rob599_msgs/lib/python3.12/site-packages/rob599_msgs/_rob599_msgs_s.ep.rosidl_typesupport_c.c
-- Installing: /home/mike54pfeiffer/Desktop/School/ROB599/ROB599_ws/install/rob599_msgs/lib/python3.12/site-packages/rob599_msgs/rob599_msgs_s__rosidl_typesupport_introspection_c.so
-- Installing: /home/mike54pfeiffer/Desktop/School/ROB599/ROB599_ws/install/rob599_msgs/lib/python3.12/site-packages/rob599_msgs/__init__.py
-- Installing: /home/mike54pfeiffer/Desktop/School/ROB599/ROB599_ws/install/rob599_msgs/lib/python3.12/site-packages/rob599_msgs/rob599_msgs_s__rosidl_typesupport_c.so
-- Installing: /home/mike54pfeiffer/Desktop/School/ROB599/ROB599_ws/install/rob599_msgs/lib/python3.12/site-packages/rob599_msgs/msg
-- Installing: /home/mike54pfeiffer/Desktop/School/ROB599/ROB599_ws/install/rob599_msgs/lib/python3.12/site-packages/rob599_msgs/msg/_object_s.c
-- Installing: /home/mike54pfeiffer/Desktop/School/ROB599/ROB599_ws/install/rob599_msgs/lib/python3.12/site-packages/rob599_msgs/msg/__init__.py
-- Installing: /home/mike54pfeiffer/Desktop/School/ROB599/ROB599_ws/install/rob599_msgs/lib/python3.12/site-packages/rob599_msgs/msg/_object.py
-- Installing: /home/mike54pfeiffer/Desktop/School/ROB599/ROB599_ws/install/rob599_msgs/lib/python3.12/site-packages/rob599_msgs/_rob599_msgs_s.ep.rosidl_typesupport_introspection_c.c
-- Installing: /home/mike54pfeiffer/Desktop/School/ROB599/ROB599_ws/install/rob599_msgs/lib/python3.12/site-packages/rob599_msgs/_rob599_msgs_s.ep.rosidl_typesupport_fastrtps_c.c
-- Installing: /home/mike54pfeiffer/Desktop/School/ROB599/ROB599_ws/install/rob599_msgs/lib/python3.12/site-packages/rob599_msgs/rob599_msgs_s__rosidl_typesupport_fastrtps_c.so
-- Installing: /home/mike54pfeiffer/Desktop/School/ROB599/ROB599_ws/install/rob599_msgs/lib/python3.12/site-packages/rob599_msgs/srv
-- Installing: /home/mike54pfeiffer/Desktop/School/ROB599/ROB599_ws/install/rob599_msgs/lib/python3.12/site-packages/rob599_msgs/srv/__init__.py
-- Installing: /home/mike54pfeiffer/Desktop/School/ROB599/ROB599_ws/install/rob599_msgs/lib/python3.12/site-packages/rob599_msgs/srv/_fib_service.py
-- Installing: /home/mike54pfeiffer/Desktop/School/ROB599/ROB599_ws/install/rob599_msgs/lib/python3.12/site-packages/rob599_msgs/srv/_fib_service_s.c
-- Installing: /home/mike54pfeiffer/Desktop/School/ROB599/ROB599_ws/install/rob599_msgs/lib/python3.12/site-packages/rob599_msgs/srv/_doubler_s.c
-- Installing: /home/mike54pfeiffer/Desktop/School/ROB599/ROB599_ws/install/rob599_msgs/lib/python3.12/site-packages/rob599_msgs/srv/_doubler.py
Listing '/home/mike54pfeiffer/Desktop/School/ROB599/ROB599_ws/install/rob599_msgs/lib/python3.12/site-packages/rob599_msgs'...
Compiling '/home/mike54pfeiffer/Desktop/School/ROB599/ROB599_ws/install/rob599_msgs/lib/python3.12/site-packages/rob599_msgs/__init__.py'...
Listing '/home/mike54pfeiffer/Desktop/School/ROB599/ROB599_ws/install/rob599_msgs/lib/python3.12/site-packages/rob599_msgs/action'...
Compiling '/home/mike54pfeiffer/Desktop/School/ROB599/ROB599_ws/install/rob599_msgs/lib/python3.12/site-packages/rob599_msgs/action/__init__.py'...
Compiling '/home/mike54pfeiffer/Desktop/School/ROB599/ROB599_ws/install/rob599_msgs/lib/python3.12/site-packages/rob599_msgs/action/_fibonacci.py'...
Listing '/home/mike54pfeiffer/Desktop/School/ROB599/ROB599_ws/install/rob599_msgs/lib/python3.12/site-packages/rob599_msgs/msg'...
Compiling '/home/mike54pfeiffer/Desktop/School/ROB599/ROB599_ws/install/rob599_msgs/lib/python3.12/site-packages/rob599_msgs/msg/__init__.py'...
Compiling '/home/mike54pfeiffer/Desktop/School/ROB599/ROB599_ws/install/rob599_msgs/lib/python3.12/site-packages/rob599_msgs/msg/_object.py'...
Listing '/home/mike54pfeiffer/Desktop/School/ROB599/ROB599_ws/install/rob599_msgs/lib/python3.12/site-packages/rob599_msgs/srv'...
Compiling '/home/mike54pfeiffer/Desktop/School/ROB599/ROB599_ws/install/rob599_msgs/lib/python3.12/site-packages/rob599_msgs/srv/__init__.py'...
Compiling '/home/mike54pfeiffer/Desktop/School/ROB599/ROB599_ws/install/rob599_msgs/lib/python3.12/site-packages/rob599_msgs/srv/_doubler.py'...
Compiling '/home/mike54pfeiffer/Desktop/School/ROB599/ROB599_ws/install/rob599_msgs/lib/python3.12/site-packages/rob599_msgs/srv/_fib_service.py'...
-- Installing: /home/mike54pfeiffer/Desktop/School/ROB599/ROB599_ws/install/rob599_msgs/lib/python3.12/site-packages/rob599_msgs/rob599_msgs_s__rosidl_typesupport_fastrtps_c.so
-- Set non-toolchain portion of runtime path of "/home/mike54pfeiffer/Desktop/School/ROB599/ROB599_ws/install/rob599_msgs/lib/python3.12/site-packages/rob599_msgs/rob599_msgs_s__rosidl_typesupport_fastrtps_c.so" to ""
-- Installing: /home/mike54pfeiffer/Desktop/School/ROB599/ROB599_ws/install/rob599_msgs/lib/python3.12/site-packages/rob599_msgs/rob599_msgs_s__rosidl_typesupport_introspection_c.so
-- Set non-toolchain portion of runtime path of "/home/mike54pfeiffer/Desktop/School/ROB599/ROB599_ws/install/rob599_msgs/lib/python3.12/site-packages/rob599_msgs/rob599_msgs_s__rosidl_typesupport_introspection_c.so" to ""
-- Installing: /home/mike54pfeiffer/Desktop/School/ROB599/ROB599_ws/install/rob599_msgs/lib/python3.12/site-packages/rob599_msgs/rob599_msgs_s__rosidl_typesupport_c.so
-- Set non-toolchain portion of runtime path of "/home/mike54pfeiffer/Desktop/School/ROB599/ROB599_ws/install/rob599_msgs/lib/python3.12/site-packages/rob599_msgs/rob599_msgs_s__rosidl_typesupport_c.so" to ""
-- Installing: /home/mike54pfeiffer/Desktop/School/ROB599/ROB599_ws/install/rob599_msgs/lib/librob599_msgs__rosidl_generator_py.so
-- Set non-toolchain portion of runtime path of "/home/mike54pfeiffer/Desktop/School/ROB599/ROB599_ws/install/rob599_msgs/lib/librob599_msgs__rosidl_generator_py.so" to ""
-- Installing: /home/mike54pfeiffer/Desktop/School/ROB599/ROB599_ws/install/rob599_msgs/share/rob599_msgs/msg/Object.idl
-- Installing: /home/mike54pfeiffer/Desktop/School/ROB599/ROB599_ws/install/rob599_msgs/share/rob599_msgs/srv/Doubler.idl
-- Installing: /home/mike54pfeiffer/Desktop/School/ROB599/ROB599_ws/install/rob599_msgs/share/rob599_msgs/srv/FibService.idl
-- Installing: /home/mike54pfeiffer/Desktop/School/ROB599/ROB599_ws/install/rob599_msgs/share/rob599_msgs/action/Fibonacci.idl
-- Installing: /home/mike54pfeiffer/Desktop/School/ROB599/ROB599_ws/install/rob599_msgs/share/rob599_msgs/msg/Object.msg
-- Installing: /home/mike54pfeiffer/Desktop/School/ROB599/ROB599_ws/install/rob599_msgs/share/rob599_msgs/srv/Doubler.srv
-- Installing: /home/mike54pfeiffer/Desktop/School/ROB599/ROB599_ws/install/rob599_msgs/share/rob599_msgs/srv/FibService.srv
-- Installing: /home/mike54pfeiffer/Desktop/School/ROB599/ROB599_ws/install/rob599_msgs/share/rob599_msgs/action/Fibonacci.action
-- Installing: /home/mike54pfeiffer/Desktop/School/ROB599/ROB599_ws/install/rob599_msgs/share/ament_index/resource_index/package_run_dependencies/rob599_msgs
-- Installing: /home/mike54pfeiffer/Desktop/School/ROB599/ROB599_ws/install/rob599_msgs/share/ament_index/resource_index/parent_prefix_path/rob599_msgs
-- Installing: /home/mike54pfeiffer/Desktop/School/ROB599/ROB599_ws/install/rob599_msgs/share/rob599_msgs/environment/ament_prefix_path.sh
-- Installing: /home/mike54pfeiffer/Desktop/School/ROB599/ROB599_ws/install/rob599_msgs/share/rob599_msgs/environment/ament_prefix_path.dsv
-- Installing: /home/mike54pfeiffer/Desktop/School/ROB599/ROB599_ws/install/rob599_msgs/share/rob599_msgs/environment/path.sh
-- Installing: /home/mike54pfeiffer/Desktop/School/ROB599/ROB599_ws/install/rob599_msgs/share/rob599_msgs/environment/path.dsv
-- Installing: /home/mike54pfeiffer/Desktop/School/ROB599/ROB599_ws/install/rob599_msgs/share/rob599_msgs/local_setup.bash
-- Installing: /home/mike54pfeiffer/Desktop/School/ROB599/ROB599_ws/install/rob599_msgs/share/rob599_msgs/local_setup.sh
-- Installing: /home/mike54pfeiffer/Desktop/School/ROB599/ROB599_ws/install/rob599_msgs/share/rob599_msgs/local_setup.zsh
-- Installing: /home/mike54pfeiffer/Desktop/School/ROB599/ROB599_ws/install/rob599_msgs/share/rob599_msgs/local_setup.dsv
-- Installing: /home/mike54pfeiffer/Desktop/School/ROB599/ROB599_ws/install/rob599_msgs/share/rob599_msgs/package.dsv
-- Installing: /home/mike54pfeiffer/Desktop/School/ROB599/ROB599_ws/install/rob599_msgs/share/ament_index/resource_index/packages/rob599_msgs
-- Installing: /home/mike54pfeiffer/Desktop/School/ROB599/ROB599_ws/install/rob599_msgs/share/rob599_msgs/cmake/export_rob599_msgs__rosidl_generator_cExport.cmake
-- Installing: /home/mike54pfeiffer/Desktop/School/ROB599/ROB599_ws/install/rob599_msgs/share/rob599_msgs/cmake/export_rob599_msgs__rosidl_generator_cExport-noconfig.cmake
-- Installing: /home/mike54pfeiffer/Desktop/School/ROB599/ROB599_ws/install/rob599_msgs/share/rob599_msgs/cmake/export_rob599_msgs__rosidl_typesupport_fastrtps_cExport.cmake
-- Installing: /home/mike54pfeiffer/Desktop/School/ROB599/ROB599_ws/install/rob599_msgs/share/rob599_msgs/cmake/export_rob599_msgs__rosidl_typesupport_fastrtps_cExport-noconfig.cmake
-- Installing: /home/mike54pfeiffer/Desktop/School/ROB599/ROB599_ws/install/rob599_msgs/share/rob599_msgs/cmake/rob599_msgs__rosidl_typesupport_introspection_cExport.cmake
-- Installing: /home/mike54pfeiffer/Desktop/School/ROB599/ROB599_ws/install/rob599_msgs/share/rob599_msgs/cmake/rob599_msgs__rosidl_typesupport_introspection_cExport-noconfig.cmake
-- Installing: /home/mike54pfeiffer/Desktop/School/ROB599/ROB599_ws/install/rob599_msgs/share/rob599_msgs/cmake/rob599_msgs__rosidl_typesupport_cExport.cmake
-- Installing: /home/mike54pfeiffer/Desktop/School/ROB599/ROB599_ws/install/rob599_msgs/share/rob599_msgs/cmake/rob599_msgs__rosidl_typesupport_cExport-noconfig.cmake
-- Installing: /home/mike54pfeiffer/Desktop/School/ROB599/ROB599_ws/install/rob599_msgs/share/rob599_msgs/cmake/export_rob599_msgs__rosidl_generator_cppExport.cmake
-- Installing: /home/mike54pfeiffer/Desktop/School/ROB599/ROB599_ws/install/rob599_msgs/share/rob599_msgs/cmake/export_rob599_msgs__rosidl_typesupport_fastrtps_cppExport.cmake
-- Installing: /home/mike54pfeiffer/Desktop/School/ROB599/ROB599_ws/install/rob599_msgs/share/rob599_msgs/cmake/export_rob599_msgs__rosidl_typesupport_fastrtps_cppExport-noconfig.cmake
-- Installing: /home/mike54pfeiffer/Desktop/School/ROB599/ROB599_ws/install/rob599_msgs/share/rob599_msgs/cmake/rob599_msgs__rosidl_typesupport_introspection_cppExport.cmake
-- Installing: /home/mike54pfeiffer/Desktop/School/ROB599/ROB599_ws/install/rob599_msgs/share/rob599_msgs/cmake/rob599_msgs__rosidl_typesupport_introspection_cppExport-noconfig.cmake
-- Installing: /home/mike54pfeiffer/Desktop/School/ROB599/ROB599_ws/install/rob599_msgs/share/rob599_msgs/cmake/rob599_msgs__rosidl_typesupport_cppExport.cmake
-- Installing: /home/mike54pfeiffer/Desktop/School/ROB599/ROB599_ws/install/rob599_msgs/share/rob599_msgs/cmake/rob599_msgs__rosidl_typesupport_cppExport-noconfig.cmake
-- Installing: /home/mike54pfeiffer/Desktop/School/ROB599/ROB599_ws/install/rob599_msgs/share/rob599_msgs/cmake/export_rob599_msgs__rosidl_generator_pyExport.cmake
-- Installing: /home/mike54pfeiffer/Desktop/School/ROB599/ROB599_ws/install/rob599_msgs/share/rob599_msgs/cmake/export_rob599_msgs__rosidl_generator_pyExport-noconfig.cmake
-- Installing: /home/mike54pfeiffer/Desktop/School/ROB599/ROB599_ws/install/rob599_msgs/share/rob599_msgs/cmake/rosidl_cmake-extras.cmake
-- Installing: /home/mike54pfeiffer/Desktop/School/ROB599/ROB599_ws/install/rob599_msgs/share/rob599_msgs/cmake/ament_cmake_export_dependencies-extras.cmake
-- Installing: /home/mike54pfeiffer/Desktop/School/ROB599/ROB599_ws/install/rob599_msgs/share/rob599_msgs/cmake/ament_cmake_export_include_directories-extras.cmake
-- Installing: /home/mike54pfeiffer/Desktop/School/ROB599/ROB599_ws/install/rob599_msgs/share/rob599_msgs/cmake/ament_cmake_export_libraries-extras.cmake
-- Installing: /home/mike54pfeiffer/Desktop/School/ROB599/ROB599_ws/install/rob599_msgs/share/rob599_msgs/cmake/ament_cmake_export_targets-extras.cmake
-- Installing: /home/mike54pfeiffer/Desktop/School/ROB599/ROB599_ws/install/rob599_msgs/share/rob599_msgs/cmake/rosidl_cmake_export_typesupport_targets-extras.cmake
-- Installing: /home/mike54pfeiffer/Desktop/School/ROB599/ROB599_ws/install/rob599_msgs/share/rob599_msgs/cmake/rosidl_cmake_export_typesupport_libraries-extras.cmake
-- Installing: /home/mike54pfeiffer/Desktop/School/ROB599/ROB599_ws/install/rob599_msgs/share/rob599_msgs/cmake/rob599_msgsConfig.cmake
-- Installing: /home/mike54pfeiffer/Desktop/School/ROB599/ROB599_ws/install/rob599_msgs/share/rob599_msgs/cmake/rob599_msgsConfig-version.cmake
-- Installing: /home/mike54pfeiffer/Desktop/School/ROB599/ROB599_ws/install/rob599_msgs/share/rob599_msgs/package.xml
