[0.052s] Invoking command in '/home/mike54pfeiffer/Desktop/School/ROB599/ROB599_ws/build/hw3_interfaces': CMAKE_PREFIX_PATH=${CMAKE_PREFIX_PATH}:/home/mike54pfeiffer/Desktop/School/ROB599/ROB599_ws/install/rob599_basic:/home/mike54pfeiffer/Desktop/School/ROB599/ROB599_ws/install/hw4:/home/mike54pfeiffer/Desktop/School/ROB599/ROB599_ws/install/hw3:/home/mike54pfeiffer/Desktop/School/ROB599/ROB599_ws/install/hw2:/opt/ros/jazzy DEBUGINFOD_URLS=https://debuginfod.ubuntu.com /usr/bin/cmake --build /home/mike54pfeiffer/Desktop/School/ROB599/ROB599_ws/build/hw3_interfaces -- -j12 -l12
[0.701s] -- Found ament_cmake: 2.5.4 (/opt/ros/jazzy/share/ament_cmake/cmake)
[0.702s] -- Found Python3: /usr/bin/python3 (found version "3.12.3") found components: Interpreter 
[0.702s] -- Found ament_lint_auto: 0.17.2 (/opt/ros/jazzy/share/ament_lint_auto/cmake)
[0.703s] -- Found rosidl_default_generators: 1.6.0 (/opt/ros/jazzy/share/rosidl_default_generators/cmake)
[0.703s] -- Using all available rosidl_typesupport_c: rosidl_typesupport_fastrtps_c;rosidl_typesupport_introspection_c
[0.703s] -- Using all available rosidl_typesupport_cpp: rosidl_typesupport_fastrtps_cpp;rosidl_typesupport_introspection_cpp
[0.703s] -- Found rosidl_adapter: 4.6.5 (/opt/ros/jazzy/share/rosidl_adapter/cmake)
[0.703s] -- Configuring incomplete, errors occurred!
[0.704s] [31mCMake Error at /opt/ros/jazzy/share/rosidl_adapter/cmake/rosidl_adapt_interfaces.cmake:57 (message):
[0.704s]   execute_process(/usr/bin/python3 -m rosidl_adapter --package-name
[0.704s]   hw3_interfaces --arguments-file
[0.704s]   /home/mike54pfeiffer/Desktop/School/ROB599/ROB599_ws/build/hw3_interfaces/rosidl_adapter__arguments__hw3_interfaces.json
[0.705s]   --output-dir
[0.705s]   /home/mike54pfeiffer/Desktop/School/ROB599/ROB599_ws/build/hw3_interfaces/rosidl_adapter/hw3_interfaces
[0.705s]   --output-file
[0.705s]   /home/mike54pfeiffer/Desktop/School/ROB599/ROB599_ws/build/hw3_interfaces/rosidl_adapter/hw3_interfaces.idls)
[0.705s]   returned error code 1:
[0.705s] 
[0.705s]   Error processing 'double32[] payload' of 'hw3_interfaces/TestPacket':
[0.706s]   ''double32' is an invalid message name.  It should have the pattern
[0.706s]   '^[A-Z][A-Za-z0-9]*$''
[0.706s] 
[0.706s]   Traceback (most recent call last):
[0.706s] 
[0.706s]     File "<frozen runpy>", line 198, in _run_module_as_main
[0.706s]     File "<frozen runpy>", line 88, in _run_code
[0.706s]     File "/opt/ros/jazzy/lib/python3.12/site-packages/rosidl_adapter/__main__.py", line 19, in <module>
[0.707s]       sys.exit(main())
[0.707s]                ^^^^^^
[0.707s]     File "/opt/ros/jazzy/lib/python3.12/site-packages/rosidl_adapter/main.py", line 53, in main
[0.707s]       abs_idl_file = convert_to_idl(
[0.708s]                      ^^^^^^^^^^^^^^^
[0.708s]     File "/opt/ros/jazzy/lib/python3.12/site-packages/rosidl_adapter/__init__.py", line 19, in convert_to_idl
[0.708s]       return convert_msg_to_idl(
[0.709s]              ^^^^^^^^^^^^^^^^^^^
[0.709s]     File "/opt/ros/jazzy/lib/python3.12/site-packages/rosidl_adapter/msg/__init__.py", line 28, in convert_msg_to_idl
[0.709s]       msg = parse_message_string(package_name, input_file.stem, content)
[0.709s]             ^^^^^^^^^^^^^^^^^^^^^^^^^^^^^^^^^^^^^^^^^^^^^^^^^^^^^^^^^^^^
[0.709s]     File "/opt/ros/jazzy/lib/python3.12/site-packages/rosidl_adapter/parser.py", line 521, in parse_message_string
[0.709s]       Type(type_string, context_package_name=pkg_name),
[0.709s]       ^^^^^^^^^^^^^^^^^^^^^^^^^^^^^^^^^^^^^^^^^^^^^^^^
[0.709s]     File "/opt/ros/jazzy/lib/python3.12/site-packages/rosidl_adapter/parser.py", line 278, in __init__
[0.709s]       super(Type, self).__init__(
[0.710s]     File "/opt/ros/jazzy/lib/python3.12/site-packages/rosidl_adapter/parser.py", line 206, in __init__
[0.710s]       raise InvalidResourceName(
[0.710s] 
[0.710s]   rosidl_adapter.parser.InvalidResourceName: 'double32' is an invalid message
[0.710s]   name.  It should have the pattern '^[A-Z][A-Za-z0-9]*$'
[0.710s] 
[0.710s] Call Stack (most recent call first):
[0.710s]   /opt/ros/jazzy/share/rosidl_cmake/cmake/rosidl_generate_interfaces.cmake:132 (rosidl_adapt_interfaces)
[0.710s]   CMakeLists.txt:28 (rosidl_generate_interfaces)
[0.711s] 
[0.711s] [0m
[0.711s] gmake: *** [Makefile:1355: cmake_check_build_system] Error 1
[0.718s] Invoked command in '/home/mike54pfeiffer/Desktop/School/ROB599/ROB599_ws/build/hw3_interfaces' returned '2': CMAKE_PREFIX_PATH=${CMAKE_PREFIX_PATH}:/home/mike54pfeiffer/Desktop/School/ROB599/ROB599_ws/install/rob599_basic:/home/mike54pfeiffer/Desktop/School/ROB599/ROB599_ws/install/hw4:/home/mike54pfeiffer/Desktop/School/ROB599/ROB599_ws/install/hw3:/home/mike54pfeiffer/Desktop/School/ROB599/ROB599_ws/install/hw2:/opt/ros/jazzy DEBUGINFOD_URLS=https://debuginfod.ubuntu.com /usr/bin/cmake --build /home/mike54pfeiffer/Desktop/School/ROB599/ROB599_ws/build/hw3_interfaces -- -j12 -l12
