[0.088s] DEBUG:colcon:Command line arguments: ['/usr/bin/colcon', 'build']
[0.088s] DEBUG:colcon:Parsed command line arguments: Namespace(log_base=None, log_level=None, verb_name='build', build_base='build', install_base='install', merge_install=False, symlink_install=False, test_result_base=None, continue_on_error=False, executor='parallel', parallel_workers=12, event_handlers=None, ignore_user_meta=False, metas=['./colcon.meta'], base_paths=['.'], packages_ignore=None, packages_ignore_regex=None, paths=None, packages_up_to=None, packages_up_to_regex=None, packages_above=None, packages_above_and_dependencies=None, packages_above_depth=None, packages_select_by_dep=None, packages_skip_by_dep=None, packages_skip_up_to=None, packages_select_build_failed=False, packages_skip_build_finished=False, packages_select_test_failures=False, packages_skip_test_passed=False, packages_select=None, packages_skip=None, packages_select_regex=None, packages_skip_regex=None, packages_start=None, packages_end=None, allow_overriding=[], cmake_args=None, cmake_target=None, cmake_target_skip_unavailable=False, cmake_clean_cache=False, cmake_clean_first=False, cmake_force_configure=False, ament_cmake_args=None, catkin_cmake_args=None, catkin_skip_building_tests=False, mixin_files=None, mixin=None, verb_parser=<colcon_mixin.mixin.mixin_argument.MixinArgumentDecorator object at 0x74be1d0d9fa0>, verb_extension=<colcon_core.verb.build.BuildVerb object at 0x74be1d0d9c10>, main=<bound method BuildVerb.main of <colcon_core.verb.build.BuildVerb object at 0x74be1d0d9c10>>, mixin_verb=('build',))
[0.120s] Level 1:colcon.colcon_core.package_discovery:discover_packages(colcon_meta) check parameters
[0.120s] Level 1:colcon.colcon_core.package_discovery:discover_packages(recursive) check parameters
[0.120s] Level 1:colcon.colcon_core.package_discovery:discover_packages(ignore) check parameters
[0.120s] Level 1:colcon.colcon_core.package_discovery:discover_packages(path) check parameters
[0.120s] Level 1:colcon.colcon_core.package_discovery:discover_packages(colcon_meta) discover
[0.120s] Level 1:colcon.colcon_core.package_discovery:discover_packages(recursive) discover
[0.120s] INFO:colcon.colcon_core.package_discovery:Crawling recursively for packages in '/home/mike54pfeiffer/Desktop/School/ROB599/ROB599_ws'
[0.120s] Level 1:colcon.colcon_core.package_identification:_identify(.) by extensions ['ignore', 'ignore_ament_install']
[0.120s] Level 1:colcon.colcon_core.package_identification:_identify(.) by extension 'ignore'
[0.120s] Level 1:colcon.colcon_core.package_identification:_identify(.) by extension 'ignore_ament_install'
[0.121s] Level 1:colcon.colcon_core.package_identification:_identify(.) by extensions ['colcon_pkg']
[0.121s] Level 1:colcon.colcon_core.package_identification:_identify(.) by extension 'colcon_pkg'
[0.121s] Level 1:colcon.colcon_core.package_identification:_identify(.) by extensions ['colcon_meta']
[0.121s] Level 1:colcon.colcon_core.package_identification:_identify(.) by extension 'colcon_meta'
[0.121s] Level 1:colcon.colcon_core.package_identification:_identify(.) by extensions ['ros']
[0.121s] Level 1:colcon.colcon_core.package_identification:_identify(.) by extension 'ros'
[0.141s] Level 1:colcon.colcon_core.package_identification:_identify(.) by extensions ['cmake', 'python']
[0.141s] Level 1:colcon.colcon_core.package_identification:_identify(.) by extension 'cmake'
[0.141s] Level 1:colcon.colcon_core.package_identification:_identify(.) by extension 'python'
[0.141s] Level 1:colcon.colcon_core.package_identification:_identify(.) by extensions ['python_setup_py']
[0.141s] Level 1:colcon.colcon_core.package_identification:_identify(.) by extension 'python_setup_py'
[0.141s] Level 1:colcon.colcon_core.package_identification:_identify(build) by extensions ['ignore', 'ignore_ament_install']
[0.141s] Level 1:colcon.colcon_core.package_identification:_identify(build) by extension 'ignore'
[0.141s] Level 1:colcon.colcon_core.package_identification:_identify(build) ignored
[0.141s] Level 1:colcon.colcon_core.package_identification:_identify(install) by extensions ['ignore', 'ignore_ament_install']
[0.142s] Level 1:colcon.colcon_core.package_identification:_identify(install) by extension 'ignore'
[0.142s] Level 1:colcon.colcon_core.package_identification:_identify(install) ignored
[0.142s] Level 1:colcon.colcon_core.package_identification:_identify(log) by extensions ['ignore', 'ignore_ament_install']
[0.142s] Level 1:colcon.colcon_core.package_identification:_identify(log) by extension 'ignore'
[0.142s] Level 1:colcon.colcon_core.package_identification:_identify(log) ignored
[0.142s] Level 1:colcon.colcon_core.package_identification:_identify(src) by extensions ['ignore', 'ignore_ament_install']
[0.142s] Level 1:colcon.colcon_core.package_identification:_identify(src) by extension 'ignore'
[0.142s] Level 1:colcon.colcon_core.package_identification:_identify(src) by extension 'ignore_ament_install'
[0.142s] Level 1:colcon.colcon_core.package_identification:_identify(src) by extensions ['colcon_pkg']
[0.142s] Level 1:colcon.colcon_core.package_identification:_identify(src) by extension 'colcon_pkg'
[0.142s] Level 1:colcon.colcon_core.package_identification:_identify(src) by extensions ['colcon_meta']
[0.142s] Level 1:colcon.colcon_core.package_identification:_identify(src) by extension 'colcon_meta'
[0.142s] Level 1:colcon.colcon_core.package_identification:_identify(src) by extensions ['ros']
[0.142s] Level 1:colcon.colcon_core.package_identification:_identify(src) by extension 'ros'
[0.142s] Level 1:colcon.colcon_core.package_identification:_identify(src) by extensions ['cmake', 'python']
[0.142s] Level 1:colcon.colcon_core.package_identification:_identify(src) by extension 'cmake'
[0.142s] Level 1:colcon.colcon_core.package_identification:_identify(src) by extension 'python'
[0.142s] Level 1:colcon.colcon_core.package_identification:_identify(src) by extensions ['python_setup_py']
[0.142s] Level 1:colcon.colcon_core.package_identification:_identify(src) by extension 'python_setup_py'
[0.142s] Level 1:colcon.colcon_core.package_identification:_identify(src/hw2) by extensions ['ignore', 'ignore_ament_install']
[0.143s] Level 1:colcon.colcon_core.package_identification:_identify(src/hw2) by extension 'ignore'
[0.143s] Level 1:colcon.colcon_core.package_identification:_identify(src/hw2) by extension 'ignore_ament_install'
[0.143s] Level 1:colcon.colcon_core.package_identification:_identify(src/hw2) by extensions ['colcon_pkg']
[0.143s] Level 1:colcon.colcon_core.package_identification:_identify(src/hw2) by extension 'colcon_pkg'
[0.143s] Level 1:colcon.colcon_core.package_identification:_identify(src/hw2) by extensions ['colcon_meta']
[0.143s] Level 1:colcon.colcon_core.package_identification:_identify(src/hw2) by extension 'colcon_meta'
[0.143s] Level 1:colcon.colcon_core.package_identification:_identify(src/hw2) by extensions ['ros']
[0.143s] Level 1:colcon.colcon_core.package_identification:_identify(src/hw2) by extension 'ros'
[0.145s] DEBUG:colcon.colcon_core.package_identification:Package 'src/hw2' with type 'ros.ament_python' and name 'hw2'
[0.145s] Level 1:colcon.colcon_core.package_identification:_identify(src/hw3) by extensions ['ignore', 'ignore_ament_install']
[0.145s] Level 1:colcon.colcon_core.package_identification:_identify(src/hw3) by extension 'ignore'
[0.145s] Level 1:colcon.colcon_core.package_identification:_identify(src/hw3) by extension 'ignore_ament_install'
[0.145s] Level 1:colcon.colcon_core.package_identification:_identify(src/hw3) by extensions ['colcon_pkg']
[0.145s] Level 1:colcon.colcon_core.package_identification:_identify(src/hw3) by extension 'colcon_pkg'
[0.145s] Level 1:colcon.colcon_core.package_identification:_identify(src/hw3) by extensions ['colcon_meta']
[0.145s] Level 1:colcon.colcon_core.package_identification:_identify(src/hw3) by extension 'colcon_meta'
[0.145s] Level 1:colcon.colcon_core.package_identification:_identify(src/hw3) by extensions ['ros']
[0.145s] Level 1:colcon.colcon_core.package_identification:_identify(src/hw3) by extension 'ros'
[0.145s] DEBUG:colcon.colcon_core.package_identification:Package 'src/hw3' with type 'ros.ament_python' and name 'hw3'
[0.146s] Level 1:colcon.colcon_core.package_identification:_identify(src/hw3_interfaces) by extensions ['ignore', 'ignore_ament_install']
[0.146s] Level 1:colcon.colcon_core.package_identification:_identify(src/hw3_interfaces) by extension 'ignore'
[0.146s] Level 1:colcon.colcon_core.package_identification:_identify(src/hw3_interfaces) by extension 'ignore_ament_install'
[0.146s] Level 1:colcon.colcon_core.package_identification:_identify(src/hw3_interfaces) by extensions ['colcon_pkg']
[0.146s] Level 1:colcon.colcon_core.package_identification:_identify(src/hw3_interfaces) by extension 'colcon_pkg'
[0.146s] Level 1:colcon.colcon_core.package_identification:_identify(src/hw3_interfaces) by extensions ['colcon_meta']
[0.146s] Level 1:colcon.colcon_core.package_identification:_identify(src/hw3_interfaces) by extension 'colcon_meta'
[0.146s] Level 1:colcon.colcon_core.package_identification:_identify(src/hw3_interfaces) by extensions ['ros']
[0.146s] Level 1:colcon.colcon_core.package_identification:_identify(src/hw3_interfaces) by extension 'ros'
[0.146s] DEBUG:colcon.colcon_core.package_identification:Package 'src/hw3_interfaces' with type 'ros.ament_cmake' and name 'hw3_interfaces'
[0.146s] Level 1:colcon.colcon_core.package_identification:_identify(src/hw4) by extensions ['ignore', 'ignore_ament_install']
[0.146s] Level 1:colcon.colcon_core.package_identification:_identify(src/hw4) by extension 'ignore'
[0.146s] Level 1:colcon.colcon_core.package_identification:_identify(src/hw4) by extension 'ignore_ament_install'
[0.146s] Level 1:colcon.colcon_core.package_identification:_identify(src/hw4) by extensions ['colcon_pkg']
[0.146s] Level 1:colcon.colcon_core.package_identification:_identify(src/hw4) by extension 'colcon_pkg'
[0.146s] Level 1:colcon.colcon_core.package_identification:_identify(src/hw4) by extensions ['colcon_meta']
[0.146s] Level 1:colcon.colcon_core.package_identification:_identify(src/hw4) by extension 'colcon_meta'
[0.147s] Level 1:colcon.colcon_core.package_identification:_identify(src/hw4) by extensions ['ros']
[0.147s] Level 1:colcon.colcon_core.package_identification:_identify(src/hw4) by extension 'ros'
[0.147s] DEBUG:colcon.colcon_core.package_identification:Package 'src/hw4' with type 'ros.ament_python' and name 'hw4'
[0.147s] Level 1:colcon.colcon_core.package_identification:_identify(src/hw4_interfaces) by extensions ['ignore', 'ignore_ament_install']
[0.147s] Level 1:colcon.colcon_core.package_identification:_identify(src/hw4_interfaces) by extension 'ignore'
[0.147s] Level 1:colcon.colcon_core.package_identification:_identify(src/hw4_interfaces) by extension 'ignore_ament_install'
[0.147s] Level 1:colcon.colcon_core.package_identification:_identify(src/hw4_interfaces) by extensions ['colcon_pkg']
[0.147s] Level 1:colcon.colcon_core.package_identification:_identify(src/hw4_interfaces) by extension 'colcon_pkg'
[0.147s] Level 1:colcon.colcon_core.package_identification:_identify(src/hw4_interfaces) by extensions ['colcon_meta']
[0.147s] Level 1:colcon.colcon_core.package_identification:_identify(src/hw4_interfaces) by extension 'colcon_meta'
[0.147s] Level 1:colcon.colcon_core.package_identification:_identify(src/hw4_interfaces) by extensions ['ros']
[0.147s] Level 1:colcon.colcon_core.package_identification:_identify(src/hw4_interfaces) by extension 'ros'
[0.148s] DEBUG:colcon.colcon_core.package_identification:Package 'src/hw4_interfaces' with type 'ros.ament_cmake' and name 'hw4_interfaces'
[0.148s] Level 1:colcon.colcon_core.package_identification:_identify(src/rob599_basic) by extensions ['ignore', 'ignore_ament_install']
[0.148s] Level 1:colcon.colcon_core.package_identification:_identify(src/rob599_basic) by extension 'ignore'
[0.148s] Level 1:colcon.colcon_core.package_identification:_identify(src/rob599_basic) by extension 'ignore_ament_install'
[0.148s] Level 1:colcon.colcon_core.package_identification:_identify(src/rob599_basic) by extensions ['colcon_pkg']
[0.148s] Level 1:colcon.colcon_core.package_identification:_identify(src/rob599_basic) by extension 'colcon_pkg'
[0.148s] Level 1:colcon.colcon_core.package_identification:_identify(src/rob599_basic) by extensions ['colcon_meta']
[0.148s] Level 1:colcon.colcon_core.package_identification:_identify(src/rob599_basic) by extension 'colcon_meta'
[0.148s] Level 1:colcon.colcon_core.package_identification:_identify(src/rob599_basic) by extensions ['ros']
[0.148s] Level 1:colcon.colcon_core.package_identification:_identify(src/rob599_basic) by extension 'ros'
[0.148s] DEBUG:colcon.colcon_core.package_identification:Package 'src/rob599_basic' with type 'ros.ament_python' and name 'rob599_basic'
[0.148s] Level 1:colcon.colcon_core.package_identification:_identify(src/rob599_msgs) by extensions ['ignore', 'ignore_ament_install']
[0.148s] Level 1:colcon.colcon_core.package_identification:_identify(src/rob599_msgs) by extension 'ignore'
[0.149s] Level 1:colcon.colcon_core.package_identification:_identify(src/rob599_msgs) by extension 'ignore_ament_install'
[0.149s] Level 1:colcon.colcon_core.package_identification:_identify(src/rob599_msgs) by extensions ['colcon_pkg']
[0.149s] Level 1:colcon.colcon_core.package_identification:_identify(src/rob599_msgs) by extension 'colcon_pkg'
[0.149s] Level 1:colcon.colcon_core.package_identification:_identify(src/rob599_msgs) by extensions ['colcon_meta']
[0.149s] Level 1:colcon.colcon_core.package_identification:_identify(src/rob599_msgs) by extension 'colcon_meta'
[0.149s] Level 1:colcon.colcon_core.package_identification:_identify(src/rob599_msgs) by extensions ['ros']
[0.149s] Level 1:colcon.colcon_core.package_identification:_identify(src/rob599_msgs) by extension 'ros'
[0.149s] DEBUG:colcon.colcon_core.package_identification:Package 'src/rob599_msgs' with type 'ros.ament_cmake' and name 'rob599_msgs'
[0.149s] Level 1:colcon.colcon_core.package_discovery:discover_packages(recursive) using defaults
[0.149s] Level 1:colcon.colcon_core.package_discovery:discover_packages(ignore) discover
[0.149s] Level 1:colcon.colcon_core.package_discovery:discover_packages(ignore) using defaults
[0.149s] Level 1:colcon.colcon_core.package_discovery:discover_packages(path) discover
[0.149s] Level 1:colcon.colcon_core.package_discovery:discover_packages(path) using defaults
[0.164s] Level 1:colcon.colcon_core.package_discovery:discover_packages(prefix_path) check parameters
[0.164s] Level 1:colcon.colcon_core.package_discovery:discover_packages(prefix_path) discover
[0.167s] DEBUG:colcon.colcon_installed_package_information.package_discovery:Found 320 installed packages in /opt/ros/jazzy
[0.168s] Level 1:colcon.colcon_core.package_discovery:discover_packages(prefix_path) using defaults
[0.204s] Level 5:colcon.colcon_core.verb:set package 'hw2' build argument 'cmake_args' from command line to 'None'
[0.204s] Level 5:colcon.colcon_core.verb:set package 'hw2' build argument 'cmake_target' from command line to 'None'
[0.204s] Level 5:colcon.colcon_core.verb:set package 'hw2' build argument 'cmake_target_skip_unavailable' from command line to 'False'
[0.204s] Level 5:colcon.colcon_core.verb:set package 'hw2' build argument 'cmake_clean_cache' from command line to 'False'
[0.204s] Level 5:colcon.colcon_core.verb:set package 'hw2' build argument 'cmake_clean_first' from command line to 'False'
[0.204s] Level 5:colcon.colcon_core.verb:set package 'hw2' build argument 'cmake_force_configure' from command line to 'False'
[0.204s] Level 5:colcon.colcon_core.verb:set package 'hw2' build argument 'ament_cmake_args' from command line to 'None'
[0.204s] Level 5:colcon.colcon_core.verb:set package 'hw2' build argument 'catkin_cmake_args' from command line to 'None'
[0.204s] Level 5:colcon.colcon_core.verb:set package 'hw2' build argument 'catkin_skip_building_tests' from command line to 'False'
[0.204s] DEBUG:colcon.colcon_core.verb:Building package 'hw2' with the following arguments: {'ament_cmake_args': None, 'build_base': '/home/mike54pfeiffer/Desktop/School/ROB599/ROB599_ws/build/hw2', 'catkin_cmake_args': None, 'catkin_skip_building_tests': False, 'cmake_args': None, 'cmake_clean_cache': False, 'cmake_clean_first': False, 'cmake_force_configure': False, 'cmake_target': None, 'cmake_target_skip_unavailable': False, 'install_base': '/home/mike54pfeiffer/Desktop/School/ROB599/ROB599_ws/install/hw2', 'merge_install': False, 'path': '/home/mike54pfeiffer/Desktop/School/ROB599/ROB599_ws/src/hw2', 'symlink_install': False, 'test_result_base': None}
[0.204s] Level 5:colcon.colcon_core.verb:set package 'hw3_interfaces' build argument 'cmake_args' from command line to 'None'
[0.205s] Level 5:colcon.colcon_core.verb:set package 'hw3_interfaces' build argument 'cmake_target' from command line to 'None'
[0.205s] Level 5:colcon.colcon_core.verb:set package 'hw3_interfaces' build argument 'cmake_target_skip_unavailable' from command line to 'False'
[0.205s] Level 5:colcon.colcon_core.verb:set package 'hw3_interfaces' build argument 'cmake_clean_cache' from command line to 'False'
[0.205s] Level 5:colcon.colcon_core.verb:set package 'hw3_interfaces' build argument 'cmake_clean_first' from command line to 'False'
[0.205s] Level 5:colcon.colcon_core.verb:set package 'hw3_interfaces' build argument 'cmake_force_configure' from command line to 'False'
[0.205s] Level 5:colcon.colcon_core.verb:set package 'hw3_interfaces' build argument 'ament_cmake_args' from command line to 'None'
[0.205s] Level 5:colcon.colcon_core.verb:set package 'hw3_interfaces' build argument 'catkin_cmake_args' from command line to 'None'
[0.205s] Level 5:colcon.colcon_core.verb:set package 'hw3_interfaces' build argument 'catkin_skip_building_tests' from command line to 'False'
[0.205s] DEBUG:colcon.colcon_core.verb:Building package 'hw3_interfaces' with the following arguments: {'ament_cmake_args': None, 'build_base': '/home/mike54pfeiffer/Desktop/School/ROB599/ROB599_ws/build/hw3_interfaces', 'catkin_cmake_args': None, 'catkin_skip_building_tests': False, 'cmake_args': None, 'cmake_clean_cache': False, 'cmake_clean_first': False, 'cmake_force_configure': False, 'cmake_target': None, 'cmake_target_skip_unavailable': False, 'install_base': '/home/mike54pfeiffer/Desktop/School/ROB599/ROB599_ws/install/hw3_interfaces', 'merge_install': False, 'path': '/home/mike54pfeiffer/Desktop/School/ROB599/ROB599_ws/src/hw3_interfaces', 'symlink_install': False, 'test_result_base': None}
[0.205s] Level 5:colcon.colcon_core.verb:set package 'hw4_interfaces' build argument 'cmake_args' from command line to 'None'
[0.205s] Level 5:colcon.colcon_core.verb:set package 'hw4_interfaces' build argument 'cmake_target' from command line to 'None'
[0.205s] Level 5:colcon.colcon_core.verb:set package 'hw4_interfaces' build argument 'cmake_target_skip_unavailable' from command line to 'False'
[0.205s] Level 5:colcon.colcon_core.verb:set package 'hw4_interfaces' build argument 'cmake_clean_cache' from command line to 'False'
[0.205s] Level 5:colcon.colcon_core.verb:set package 'hw4_interfaces' build argument 'cmake_clean_first' from command line to 'False'
[0.205s] Level 5:colcon.colcon_core.verb:set package 'hw4_interfaces' build argument 'cmake_force_configure' from command line to 'False'
[0.205s] Level 5:colcon.colcon_core.verb:set package 'hw4_interfaces' build argument 'ament_cmake_args' from command line to 'None'
[0.205s] Level 5:colcon.colcon_core.verb:set package 'hw4_interfaces' build argument 'catkin_cmake_args' from command line to 'None'
[0.205s] Level 5:colcon.colcon_core.verb:set package 'hw4_interfaces' build argument 'catkin_skip_building_tests' from command line to 'False'
[0.205s] DEBUG:colcon.colcon_core.verb:Building package 'hw4_interfaces' with the following arguments: {'ament_cmake_args': None, 'build_base': '/home/mike54pfeiffer/Desktop/School/ROB599/ROB599_ws/build/hw4_interfaces', 'catkin_cmake_args': None, 'catkin_skip_building_tests': False, 'cmake_args': None, 'cmake_clean_cache': False, 'cmake_clean_first': False, 'cmake_force_configure': False, 'cmake_target': None, 'cmake_target_skip_unavailable': False, 'install_base': '/home/mike54pfeiffer/Desktop/School/ROB599/ROB599_ws/install/hw4_interfaces', 'merge_install': False, 'path': '/home/mike54pfeiffer/Desktop/School/ROB599/ROB599_ws/src/hw4_interfaces', 'symlink_install': False, 'test_result_base': None}
[0.205s] Level 5:colcon.colcon_core.verb:set package 'rob599_basic' build argument 'cmake_args' from command line to 'None'
[0.205s] Level 5:colcon.colcon_core.verb:set package 'rob599_basic' build argument 'cmake_target' from command line to 'None'
[0.205s] Level 5:colcon.colcon_core.verb:set package 'rob599_basic' build argument 'cmake_target_skip_unavailable' from command line to 'False'
[0.205s] Level 5:colcon.colcon_core.verb:set package 'rob599_basic' build argument 'cmake_clean_cache' from command line to 'False'
[0.205s] Level 5:colcon.colcon_core.verb:set package 'rob599_basic' build argument 'cmake_clean_first' from command line to 'False'
[0.205s] Level 5:colcon.colcon_core.verb:set package 'rob599_basic' build argument 'cmake_force_configure' from command line to 'False'
[0.205s] Level 5:colcon.colcon_core.verb:set package 'rob599_basic' build argument 'ament_cmake_args' from command line to 'None'
[0.205s] Level 5:colcon.colcon_core.verb:set package 'rob599_basic' build argument 'catkin_cmake_args' from command line to 'None'
[0.205s] Level 5:colcon.colcon_core.verb:set package 'rob599_basic' build argument 'catkin_skip_building_tests' from command line to 'False'
[0.205s] DEBUG:colcon.colcon_core.verb:Building package 'rob599_basic' with the following arguments: {'ament_cmake_args': None, 'build_base': '/home/mike54pfeiffer/Desktop/School/ROB599/ROB599_ws/build/rob599_basic', 'catkin_cmake_args': None, 'catkin_skip_building_tests': False, 'cmake_args': None, 'cmake_clean_cache': False, 'cmake_clean_first': False, 'cmake_force_configure': False, 'cmake_target': None, 'cmake_target_skip_unavailable': False, 'install_base': '/home/mike54pfeiffer/Desktop/School/ROB599/ROB599_ws/install/rob599_basic', 'merge_install': False, 'path': '/home/mike54pfeiffer/Desktop/School/ROB599/ROB599_ws/src/rob599_basic', 'symlink_install': False, 'test_result_base': None}
[0.205s] Level 5:colcon.colcon_core.verb:set package 'rob599_msgs' build argument 'cmake_args' from command line to 'None'
[0.206s] Level 5:colcon.colcon_core.verb:set package 'rob599_msgs' build argument 'cmake_target' from command line to 'None'
[0.206s] Level 5:colcon.colcon_core.verb:set package 'rob599_msgs' build argument 'cmake_target_skip_unavailable' from command line to 'False'
[0.206s] Level 5:colcon.colcon_core.verb:set package 'rob599_msgs' build argument 'cmake_clean_cache' from command line to 'False'
[0.206s] Level 5:colcon.colcon_core.verb:set package 'rob599_msgs' build argument 'cmake_clean_first' from command line to 'False'
[0.206s] Level 5:colcon.colcon_core.verb:set package 'rob599_msgs' build argument 'cmake_force_configure' from command line to 'False'
[0.206s] Level 5:colcon.colcon_core.verb:set package 'rob599_msgs' build argument 'ament_cmake_args' from command line to 'None'
[0.206s] Level 5:colcon.colcon_core.verb:set package 'rob599_msgs' build argument 'catkin_cmake_args' from command line to 'None'
[0.206s] Level 5:colcon.colcon_core.verb:set package 'rob599_msgs' build argument 'catkin_skip_building_tests' from command line to 'False'
[0.206s] DEBUG:colcon.colcon_core.verb:Building package 'rob599_msgs' with the following arguments: {'ament_cmake_args': None, 'build_base': '/home/mike54pfeiffer/Desktop/School/ROB599/ROB599_ws/build/rob599_msgs', 'catkin_cmake_args': None, 'catkin_skip_building_tests': False, 'cmake_args': None, 'cmake_clean_cache': False, 'cmake_clean_first': False, 'cmake_force_configure': False, 'cmake_target': None, 'cmake_target_skip_unavailable': False, 'install_base': '/home/mike54pfeiffer/Desktop/School/ROB599/ROB599_ws/install/rob599_msgs', 'merge_install': False, 'path': '/home/mike54pfeiffer/Desktop/School/ROB599/ROB599_ws/src/rob599_msgs', 'symlink_install': False, 'test_result_base': None}
[0.206s] Level 5:colcon.colcon_core.verb:set package 'hw3' build argument 'cmake_args' from command line to 'None'
[0.206s] Level 5:colcon.colcon_core.verb:set package 'hw3' build argument 'cmake_target' from command line to 'None'
[0.206s] Level 5:colcon.colcon_core.verb:set package 'hw3' build argument 'cmake_target_skip_unavailable' from command line to 'False'
[0.206s] Level 5:colcon.colcon_core.verb:set package 'hw3' build argument 'cmake_clean_cache' from command line to 'False'
[0.206s] Level 5:colcon.colcon_core.verb:set package 'hw3' build argument 'cmake_clean_first' from command line to 'False'
[0.206s] Level 5:colcon.colcon_core.verb:set package 'hw3' build argument 'cmake_force_configure' from command line to 'False'
[0.206s] Level 5:colcon.colcon_core.verb:set package 'hw3' build argument 'ament_cmake_args' from command line to 'None'
[0.206s] Level 5:colcon.colcon_core.verb:set package 'hw3' build argument 'catkin_cmake_args' from command line to 'None'
[0.206s] Level 5:colcon.colcon_core.verb:set package 'hw3' build argument 'catkin_skip_building_tests' from command line to 'False'
[0.206s] DEBUG:colcon.colcon_core.verb:Building package 'hw3' with the following arguments: {'ament_cmake_args': None, 'build_base': '/home/mike54pfeiffer/Desktop/School/ROB599/ROB599_ws/build/hw3', 'catkin_cmake_args': None, 'catkin_skip_building_tests': False, 'cmake_args': None, 'cmake_clean_cache': False, 'cmake_clean_first': False, 'cmake_force_configure': False, 'cmake_target': None, 'cmake_target_skip_unavailable': False, 'install_base': '/home/mike54pfeiffer/Desktop/School/ROB599/ROB599_ws/install/hw3', 'merge_install': False, 'path': '/home/mike54pfeiffer/Desktop/School/ROB599/ROB599_ws/src/hw3', 'symlink_install': False, 'test_result_base': None}
[0.206s] Level 5:colcon.colcon_core.verb:set package 'hw4' build argument 'cmake_args' from command line to 'None'
[0.206s] Level 5:colcon.colcon_core.verb:set package 'hw4' build argument 'cmake_target' from command line to 'None'
[0.206s] Level 5:colcon.colcon_core.verb:set package 'hw4' build argument 'cmake_target_skip_unavailable' from command line to 'False'
[0.206s] Level 5:colcon.colcon_core.verb:set package 'hw4' build argument 'cmake_clean_cache' from command line to 'False'
[0.206s] Level 5:colcon.colcon_core.verb:set package 'hw4' build argument 'cmake_clean_first' from command line to 'False'
[0.206s] Level 5:colcon.colcon_core.verb:set package 'hw4' build argument 'cmake_force_configure' from command line to 'False'
[0.206s] Level 5:colcon.colcon_core.verb:set package 'hw4' build argument 'ament_cmake_args' from command line to 'None'
[0.206s] Level 5:colcon.colcon_core.verb:set package 'hw4' build argument 'catkin_cmake_args' from command line to 'None'
[0.206s] Level 5:colcon.colcon_core.verb:set package 'hw4' build argument 'catkin_skip_building_tests' from command line to 'False'
[0.206s] DEBUG:colcon.colcon_core.verb:Building package 'hw4' with the following arguments: {'ament_cmake_args': None, 'build_base': '/home/mike54pfeiffer/Desktop/School/ROB599/ROB599_ws/build/hw4', 'catkin_cmake_args': None, 'catkin_skip_building_tests': False, 'cmake_args': None, 'cmake_clean_cache': False, 'cmake_clean_first': False, 'cmake_force_configure': False, 'cmake_target': None, 'cmake_target_skip_unavailable': False, 'install_base': '/home/mike54pfeiffer/Desktop/School/ROB599/ROB599_ws/install/hw4', 'merge_install': False, 'path': '/home/mike54pfeiffer/Desktop/School/ROB599/ROB599_ws/src/hw4', 'symlink_install': False, 'test_result_base': None}
[0.206s] INFO:colcon.colcon_core.executor:Executing jobs using 'parallel' executor
[0.207s] DEBUG:colcon.colcon_parallel_executor.executor.parallel:run_until_complete
[0.208s] INFO:colcon.colcon_ros.task.ament_cmake.build:Building ROS package in '/home/mike54pfeiffer/Desktop/School/ROB599/ROB599_ws/src/hw3_interfaces' with build type 'ament_cmake'
[0.208s] INFO:colcon.colcon_cmake.task.cmake.build:Building CMake package in '/home/mike54pfeiffer/Desktop/School/ROB599/ROB599_ws/src/hw3_interfaces'
[0.209s] INFO:colcon.colcon_core.plugin_system:Skipping extension 'colcon_core.shell.bat': Not used on non-Windows systems
[0.209s] INFO:colcon.colcon_core.shell:Skip shell extension 'powershell' for command environment: Not usable outside of PowerShell
[0.209s] DEBUG:colcon.colcon_core.shell:Skip shell extension 'dsv' for command environment
[0.212s] INFO:colcon.colcon_ros.task.ament_cmake.build:Building ROS package in '/home/mike54pfeiffer/Desktop/School/ROB599/ROB599_ws/src/hw4_interfaces' with build type 'ament_cmake'
[0.212s] INFO:colcon.colcon_cmake.task.cmake.build:Building CMake package in '/home/mike54pfeiffer/Desktop/School/ROB599/ROB599_ws/src/hw4_interfaces'
[0.213s] INFO:colcon.colcon_core.shell:Skip shell extension 'powershell' for command environment: Not usable outside of PowerShell
[0.213s] DEBUG:colcon.colcon_core.shell:Skip shell extension 'dsv' for command environment
[0.215s] INFO:colcon.colcon_ros.task.ament_python.build:Building ROS package in '/home/mike54pfeiffer/Desktop/School/ROB599/ROB599_ws/src/hw2' with build type 'ament_python'
[0.215s] Level 1:colcon.colcon_core.shell:create_environment_hook('hw2', 'ament_prefix_path')
[0.216s] INFO:colcon.colcon_core.shell:Creating environment hook '/home/mike54pfeiffer/Desktop/School/ROB599/ROB599_ws/install/hw2/share/hw2/hook/ament_prefix_path.ps1'
[0.216s] INFO:colcon.colcon_core.shell:Creating environment descriptor '/home/mike54pfeiffer/Desktop/School/ROB599/ROB599_ws/install/hw2/share/hw2/hook/ament_prefix_path.dsv'
[0.217s] INFO:colcon.colcon_core.shell:Creating environment hook '/home/mike54pfeiffer/Desktop/School/ROB599/ROB599_ws/install/hw2/share/hw2/hook/ament_prefix_path.sh'
[0.217s] INFO:colcon.colcon_core.shell:Skip shell extension 'powershell' for command environment: Not usable outside of PowerShell
[0.217s] DEBUG:colcon.colcon_core.shell:Skip shell extension 'dsv' for command environment
[0.220s] INFO:colcon.colcon_ros.task.ament_python.build:Building ROS package in '/home/mike54pfeiffer/Desktop/School/ROB599/ROB599_ws/src/rob599_basic' with build type 'ament_python'
[0.220s] Level 1:colcon.colcon_core.shell:create_environment_hook('rob599_basic', 'ament_prefix_path')
[0.220s] INFO:colcon.colcon_core.shell:Creating environment hook '/home/mike54pfeiffer/Desktop/School/ROB599/ROB599_ws/install/rob599_basic/share/rob599_basic/hook/ament_prefix_path.ps1'
[0.221s] INFO:colcon.colcon_core.shell:Creating environment descriptor '/home/mike54pfeiffer/Desktop/School/ROB599/ROB599_ws/install/rob599_basic/share/rob599_basic/hook/ament_prefix_path.dsv'
[0.221s] INFO:colcon.colcon_core.shell:Creating environment hook '/home/mike54pfeiffer/Desktop/School/ROB599/ROB599_ws/install/rob599_basic/share/rob599_basic/hook/ament_prefix_path.sh'
[0.222s] INFO:colcon.colcon_core.shell:Skip shell extension 'powershell' for command environment: Not usable outside of PowerShell
[0.222s] DEBUG:colcon.colcon_core.shell:Skip shell extension 'dsv' for command environment
[0.224s] INFO:colcon.colcon_ros.task.ament_cmake.build:Building ROS package in '/home/mike54pfeiffer/Desktop/School/ROB599/ROB599_ws/src/rob599_msgs' with build type 'ament_cmake'
[0.225s] INFO:colcon.colcon_cmake.task.cmake.build:Building CMake package in '/home/mike54pfeiffer/Desktop/School/ROB599/ROB599_ws/src/rob599_msgs'
[0.225s] INFO:colcon.colcon_core.shell:Skip shell extension 'powershell' for command environment: Not usable outside of PowerShell
[0.225s] DEBUG:colcon.colcon_core.shell:Skip shell extension 'dsv' for command environment
[0.233s] DEBUG:colcon.colcon_core.event_handler.log_command:Invoking command in '/home/mike54pfeiffer/Desktop/School/ROB599/ROB599_ws/build/hw3_interfaces': CMAKE_PREFIX_PATH=${CMAKE_PREFIX_PATH}:/opt/ros/jazzy DEBUGINFOD_URLS=https://debuginfod.ubuntu.com /usr/bin/cmake --build /home/mike54pfeiffer/Desktop/School/ROB599/ROB599_ws/build/hw3_interfaces -- -j12 -l12
[0.235s] DEBUG:colcon.colcon_core.event_handler.log_command:Invoking command in '/home/mike54pfeiffer/Desktop/School/ROB599/ROB599_ws/build/hw4_interfaces': CMAKE_PREFIX_PATH=${CMAKE_PREFIX_PATH}:/opt/ros/jazzy DEBUGINFOD_URLS=https://debuginfod.ubuntu.com /usr/bin/cmake /home/mike54pfeiffer/Desktop/School/ROB599/ROB599_ws/src/hw4_interfaces -DCMAKE_INSTALL_PREFIX=/home/mike54pfeiffer/Desktop/School/ROB599/ROB599_ws/install/hw4_interfaces
[0.502s] INFO:colcon.colcon_core.task.python.build:Building Python package in '/home/mike54pfeiffer/Desktop/School/ROB599/ROB599_ws/src/hw2'
[0.503s] INFO:colcon.colcon_core.shell:Skip shell extension 'powershell' for command environment: Not usable outside of PowerShell
[0.503s] DEBUG:colcon.colcon_core.shell:Skip shell extension 'dsv' for command environment
[0.752s] INFO:colcon.colcon_core.task.python.build:Building Python package in '/home/mike54pfeiffer/Desktop/School/ROB599/ROB599_ws/src/rob599_basic'
[0.752s] INFO:colcon.colcon_core.shell:Skip shell extension 'powershell' for command environment: Not usable outside of PowerShell
[0.753s] DEBUG:colcon.colcon_core.shell:Skip shell extension 'dsv' for command environment
[0.763s] DEBUG:colcon.colcon_core.event_handler.log_command:Invoked command in '/home/mike54pfeiffer/Desktop/School/ROB599/ROB599_ws/build/hw3_interfaces' returned '0': CMAKE_PREFIX_PATH=${CMAKE_PREFIX_PATH}:/opt/ros/jazzy DEBUGINFOD_URLS=https://debuginfod.ubuntu.com /usr/bin/cmake --build /home/mike54pfeiffer/Desktop/School/ROB599/ROB599_ws/build/hw3_interfaces -- -j12 -l12
[0.774s] DEBUG:colcon.colcon_core.event_handler.log_command:Invoking command in '/home/mike54pfeiffer/Desktop/School/ROB599/ROB599_ws/build/hw3_interfaces': CMAKE_PREFIX_PATH=${CMAKE_PREFIX_PATH}:/opt/ros/jazzy DEBUGINFOD_URLS=https://debuginfod.ubuntu.com /usr/bin/cmake --install /home/mike54pfeiffer/Desktop/School/ROB599/ROB599_ws/build/hw3_interfaces
[0.778s] DEBUG:colcon.colcon_core.event_handler.log_command:Invoking command in '/home/mike54pfeiffer/Desktop/School/ROB599/ROB599_ws/build/rob599_msgs': CMAKE_PREFIX_PATH=${CMAKE_PREFIX_PATH}:/opt/ros/jazzy DEBUGINFOD_URLS=https://debuginfod.ubuntu.com /usr/bin/cmake --build /home/mike54pfeiffer/Desktop/School/ROB599/ROB599_ws/build/rob599_msgs -- -j12 -l12
[0.858s] Level 1:colcon.colcon_core.environment:create_environment_scripts_only(hw3_interfaces)
[0.862s] DEBUG:colcon.colcon_core.event_handler.log_command:Invoked command in '/home/mike54pfeiffer/Desktop/School/ROB599/ROB599_ws/build/hw3_interfaces' returned '0': CMAKE_PREFIX_PATH=${CMAKE_PREFIX_PATH}:/opt/ros/jazzy DEBUGINFOD_URLS=https://debuginfod.ubuntu.com /usr/bin/cmake --install /home/mike54pfeiffer/Desktop/School/ROB599/ROB599_ws/build/hw3_interfaces
[0.865s] Level 1:colcon.colcon_core.environment:checking '/home/mike54pfeiffer/Desktop/School/ROB599/ROB599_ws/install/hw3_interfaces' for CMake module files
[0.866s] Level 1:colcon.colcon_core.environment:checking '/home/mike54pfeiffer/Desktop/School/ROB599/ROB599_ws/install/hw3_interfaces' for CMake config files
[0.867s] Level 1:colcon.colcon_core.shell:create_environment_hook('hw3_interfaces', 'cmake_prefix_path')
[0.867s] INFO:colcon.colcon_core.shell:Creating environment hook '/home/mike54pfeiffer/Desktop/School/ROB599/ROB599_ws/install/hw3_interfaces/share/hw3_interfaces/hook/cmake_prefix_path.ps1'
[0.868s] INFO:colcon.colcon_core.shell:Creating environment descriptor '/home/mike54pfeiffer/Desktop/School/ROB599/ROB599_ws/install/hw3_interfaces/share/hw3_interfaces/hook/cmake_prefix_path.dsv'
[0.869s] INFO:colcon.colcon_core.shell:Creating environment hook '/home/mike54pfeiffer/Desktop/School/ROB599/ROB599_ws/install/hw3_interfaces/share/hw3_interfaces/hook/cmake_prefix_path.sh'
[0.870s] Level 1:colcon.colcon_core.environment:checking '/home/mike54pfeiffer/Desktop/School/ROB599/ROB599_ws/install/hw3_interfaces/lib'
[0.870s] Level 1:colcon.colcon_core.shell:create_environment_hook('hw3_interfaces', 'ld_library_path_lib')
[0.870s] INFO:colcon.colcon_core.shell:Creating environment hook '/home/mike54pfeiffer/Desktop/School/ROB599/ROB599_ws/install/hw3_interfaces/share/hw3_interfaces/hook/ld_library_path_lib.ps1'
[0.871s] INFO:colcon.colcon_core.shell:Creating environment descriptor '/home/mike54pfeiffer/Desktop/School/ROB599/ROB599_ws/install/hw3_interfaces/share/hw3_interfaces/hook/ld_library_path_lib.dsv'
[0.871s] INFO:colcon.colcon_core.shell:Creating environment hook '/home/mike54pfeiffer/Desktop/School/ROB599/ROB599_ws/install/hw3_interfaces/share/hw3_interfaces/hook/ld_library_path_lib.sh'
[0.872s] Level 1:colcon.colcon_core.environment:checking '/home/mike54pfeiffer/Desktop/School/ROB599/ROB599_ws/install/hw3_interfaces/bin'
[0.872s] Level 1:colcon.colcon_core.environment:checking '/home/mike54pfeiffer/Desktop/School/ROB599/ROB599_ws/install/hw3_interfaces/lib/pkgconfig/hw3_interfaces.pc'
[0.872s] Level 1:colcon.colcon_core.environment:checking '/home/mike54pfeiffer/Desktop/School/ROB599/ROB599_ws/install/hw3_interfaces/lib/python3.12/site-packages'
[0.873s] Level 1:colcon.colcon_core.shell:create_environment_hook('hw3_interfaces', 'pythonpath')
[0.873s] INFO:colcon.colcon_core.shell:Creating environment hook '/home/mike54pfeiffer/Desktop/School/ROB599/ROB599_ws/install/hw3_interfaces/share/hw3_interfaces/hook/pythonpath.ps1'
[0.873s] INFO:colcon.colcon_core.shell:Creating environment descriptor '/home/mike54pfeiffer/Desktop/School/ROB599/ROB599_ws/install/hw3_interfaces/share/hw3_interfaces/hook/pythonpath.dsv'
[0.874s] INFO:colcon.colcon_core.shell:Creating environment hook '/home/mike54pfeiffer/Desktop/School/ROB599/ROB599_ws/install/hw3_interfaces/share/hw3_interfaces/hook/pythonpath.sh'
[0.875s] Level 1:colcon.colcon_core.environment:checking '/home/mike54pfeiffer/Desktop/School/ROB599/ROB599_ws/install/hw3_interfaces/bin'
[0.875s] INFO:colcon.colcon_core.shell:Creating package script '/home/mike54pfeiffer/Desktop/School/ROB599/ROB599_ws/install/hw3_interfaces/share/hw3_interfaces/package.ps1'
[0.876s] INFO:colcon.colcon_core.shell:Creating package descriptor '/home/mike54pfeiffer/Desktop/School/ROB599/ROB599_ws/install/hw3_interfaces/share/hw3_interfaces/package.dsv'
[0.877s] INFO:colcon.colcon_core.shell:Creating package script '/home/mike54pfeiffer/Desktop/School/ROB599/ROB599_ws/install/hw3_interfaces/share/hw3_interfaces/package.sh'
[0.877s] INFO:colcon.colcon_core.shell:Creating package script '/home/mike54pfeiffer/Desktop/School/ROB599/ROB599_ws/install/hw3_interfaces/share/hw3_interfaces/package.bash'
[0.878s] INFO:colcon.colcon_core.shell:Creating package script '/home/mike54pfeiffer/Desktop/School/ROB599/ROB599_ws/install/hw3_interfaces/share/hw3_interfaces/package.zsh'
[0.879s] Level 1:colcon.colcon_core.environment:create_file_with_runtime_dependencies(/home/mike54pfeiffer/Desktop/School/ROB599/ROB599_ws/install/hw3_interfaces/share/colcon-core/packages/hw3_interfaces)
[0.879s] Level 1:colcon.colcon_core.environment:create_environment_scripts_only(hw3_interfaces)
[0.880s] Level 1:colcon.colcon_core.environment:checking '/home/mike54pfeiffer/Desktop/School/ROB599/ROB599_ws/install/hw3_interfaces' for CMake module files
[0.880s] Level 1:colcon.colcon_core.environment:checking '/home/mike54pfeiffer/Desktop/School/ROB599/ROB599_ws/install/hw3_interfaces' for CMake config files
[0.881s] Level 1:colcon.colcon_core.shell:create_environment_hook('hw3_interfaces', 'cmake_prefix_path')
[0.881s] INFO:colcon.colcon_core.shell:Creating environment hook '/home/mike54pfeiffer/Desktop/School/ROB599/ROB599_ws/install/hw3_interfaces/share/hw3_interfaces/hook/cmake_prefix_path.ps1'
[0.882s] INFO:colcon.colcon_core.shell:Creating environment descriptor '/home/mike54pfeiffer/Desktop/School/ROB599/ROB599_ws/install/hw3_interfaces/share/hw3_interfaces/hook/cmake_prefix_path.dsv'
[0.883s] INFO:colcon.colcon_core.shell:Creating environment hook '/home/mike54pfeiffer/Desktop/School/ROB599/ROB599_ws/install/hw3_interfaces/share/hw3_interfaces/hook/cmake_prefix_path.sh'
[0.884s] Level 1:colcon.colcon_core.environment:checking '/home/mike54pfeiffer/Desktop/School/ROB599/ROB599_ws/install/hw3_interfaces/lib'
[0.884s] Level 1:colcon.colcon_core.shell:create_environment_hook('hw3_interfaces', 'ld_library_path_lib')
[0.884s] INFO:colcon.colcon_core.shell:Creating environment hook '/home/mike54pfeiffer/Desktop/School/ROB599/ROB599_ws/install/hw3_interfaces/share/hw3_interfaces/hook/ld_library_path_lib.ps1'
[0.885s] INFO:colcon.colcon_core.shell:Creating environment descriptor '/home/mike54pfeiffer/Desktop/School/ROB599/ROB599_ws/install/hw3_interfaces/share/hw3_interfaces/hook/ld_library_path_lib.dsv'
[0.885s] INFO:colcon.colcon_core.shell:Creating environment hook '/home/mike54pfeiffer/Desktop/School/ROB599/ROB599_ws/install/hw3_interfaces/share/hw3_interfaces/hook/ld_library_path_lib.sh'
[0.886s] Level 1:colcon.colcon_core.environment:checking '/home/mike54pfeiffer/Desktop/School/ROB599/ROB599_ws/install/hw3_interfaces/bin'
[0.886s] Level 1:colcon.colcon_core.environment:checking '/home/mike54pfeiffer/Desktop/School/ROB599/ROB599_ws/install/hw3_interfaces/lib/pkgconfig/hw3_interfaces.pc'
[0.886s] Level 1:colcon.colcon_core.environment:checking '/home/mike54pfeiffer/Desktop/School/ROB599/ROB599_ws/install/hw3_interfaces/lib/python3.12/site-packages'
[0.886s] Level 1:colcon.colcon_core.shell:create_environment_hook('hw3_interfaces', 'pythonpath')
[0.887s] INFO:colcon.colcon_core.shell:Creating environment hook '/home/mike54pfeiffer/Desktop/School/ROB599/ROB599_ws/install/hw3_interfaces/share/hw3_interfaces/hook/pythonpath.ps1'
[0.887s] INFO:colcon.colcon_core.shell:Creating environment descriptor '/home/mike54pfeiffer/Desktop/School/ROB599/ROB599_ws/install/hw3_interfaces/share/hw3_interfaces/hook/pythonpath.dsv'
[0.888s] INFO:colcon.colcon_core.shell:Creating environment hook '/home/mike54pfeiffer/Desktop/School/ROB599/ROB599_ws/install/hw3_interfaces/share/hw3_interfaces/hook/pythonpath.sh'
[0.889s] Level 1:colcon.colcon_core.environment:checking '/home/mike54pfeiffer/Desktop/School/ROB599/ROB599_ws/install/hw3_interfaces/bin'
[0.889s] INFO:colcon.colcon_core.shell:Creating package script '/home/mike54pfeiffer/Desktop/School/ROB599/ROB599_ws/install/hw3_interfaces/share/hw3_interfaces/package.ps1'
[0.890s] INFO:colcon.colcon_core.shell:Creating package descriptor '/home/mike54pfeiffer/Desktop/School/ROB599/ROB599_ws/install/hw3_interfaces/share/hw3_interfaces/package.dsv'
[0.891s] INFO:colcon.colcon_core.shell:Creating package script '/home/mike54pfeiffer/Desktop/School/ROB599/ROB599_ws/install/hw3_interfaces/share/hw3_interfaces/package.sh'
[0.892s] INFO:colcon.colcon_core.shell:Creating package script '/home/mike54pfeiffer/Desktop/School/ROB599/ROB599_ws/install/hw3_interfaces/share/hw3_interfaces/package.bash'
[0.893s] INFO:colcon.colcon_core.shell:Creating package script '/home/mike54pfeiffer/Desktop/School/ROB599/ROB599_ws/install/hw3_interfaces/share/hw3_interfaces/package.zsh'
[0.893s] Level 1:colcon.colcon_core.environment:create_file_with_runtime_dependencies(/home/mike54pfeiffer/Desktop/School/ROB599/ROB599_ws/install/hw3_interfaces/share/colcon-core/packages/hw3_interfaces)
[0.894s] INFO:colcon.colcon_ros.task.ament_python.build:Building ROS package in '/home/mike54pfeiffer/Desktop/School/ROB599/ROB599_ws/src/hw3' with build type 'ament_python'
[0.894s] Level 1:colcon.colcon_core.shell:create_environment_hook('hw3', 'ament_prefix_path')
[0.894s] INFO:colcon.colcon_core.shell:Creating environment hook '/home/mike54pfeiffer/Desktop/School/ROB599/ROB599_ws/install/hw3/share/hw3/hook/ament_prefix_path.ps1'
[0.896s] INFO:colcon.colcon_core.shell:Creating environment descriptor '/home/mike54pfeiffer/Desktop/School/ROB599/ROB599_ws/install/hw3/share/hw3/hook/ament_prefix_path.dsv'
[0.896s] INFO:colcon.colcon_core.shell:Creating environment hook '/home/mike54pfeiffer/Desktop/School/ROB599/ROB599_ws/install/hw3/share/hw3/hook/ament_prefix_path.sh'
[0.897s] INFO:colcon.colcon_core.shell:Skip shell extension 'powershell' for command environment: Not usable outside of PowerShell
[0.897s] DEBUG:colcon.colcon_core.shell:Skip shell extension 'dsv' for command environment
[1.212s] INFO:colcon.colcon_core.task.python.build:Building Python package in '/home/mike54pfeiffer/Desktop/School/ROB599/ROB599_ws/src/hw3'
[1.213s] INFO:colcon.colcon_core.shell:Skip shell extension 'powershell' for command environment: Not usable outside of PowerShell
[1.213s] DEBUG:colcon.colcon_core.shell:Skip shell extension 'dsv' for command environment
[1.397s] DEBUG:colcon.colcon_core.event_handler.log_command:Invoked command in '/home/mike54pfeiffer/Desktop/School/ROB599/ROB599_ws/build/rob599_msgs' returned '0': CMAKE_PREFIX_PATH=${CMAKE_PREFIX_PATH}:/opt/ros/jazzy DEBUGINFOD_URLS=https://debuginfod.ubuntu.com /usr/bin/cmake --build /home/mike54pfeiffer/Desktop/School/ROB599/ROB599_ws/build/rob599_msgs -- -j12 -l12
[1.400s] DEBUG:colcon.colcon_core.event_handler.log_command:Invoking command in '/home/mike54pfeiffer/Desktop/School/ROB599/ROB599_ws/build/rob599_msgs': CMAKE_PREFIX_PATH=${CMAKE_PREFIX_PATH}:/opt/ros/jazzy DEBUGINFOD_URLS=https://debuginfod.ubuntu.com /usr/bin/cmake --install /home/mike54pfeiffer/Desktop/School/ROB599/ROB599_ws/build/rob599_msgs
[1.506s] Level 1:colcon.colcon_core.environment:create_environment_scripts_only(rob599_msgs)
[1.507s] Level 1:colcon.colcon_core.environment:checking '/home/mike54pfeiffer/Desktop/School/ROB599/ROB599_ws/install/rob599_msgs' for CMake module files
[1.508s] Level 1:colcon.colcon_core.environment:checking '/home/mike54pfeiffer/Desktop/School/ROB599/ROB599_ws/install/rob599_msgs' for CMake config files
[1.508s] Level 1:colcon.colcon_core.shell:create_environment_hook('rob599_msgs', 'cmake_prefix_path')
[1.509s] INFO:colcon.colcon_core.shell:Creating environment hook '/home/mike54pfeiffer/Desktop/School/ROB599/ROB599_ws/install/rob599_msgs/share/rob599_msgs/hook/cmake_prefix_path.ps1'
[1.509s] INFO:colcon.colcon_core.shell:Creating environment descriptor '/home/mike54pfeiffer/Desktop/School/ROB599/ROB599_ws/install/rob599_msgs/share/rob599_msgs/hook/cmake_prefix_path.dsv'
[1.510s] DEBUG:colcon.colcon_core.event_handler.log_command:Invoked command in '/home/mike54pfeiffer/Desktop/School/ROB599/ROB599_ws/build/rob599_msgs' returned '0': CMAKE_PREFIX_PATH=${CMAKE_PREFIX_PATH}:/opt/ros/jazzy DEBUGINFOD_URLS=https://debuginfod.ubuntu.com /usr/bin/cmake --install /home/mike54pfeiffer/Desktop/School/ROB599/ROB599_ws/build/rob599_msgs
[1.510s] INFO:colcon.colcon_core.shell:Creating environment hook '/home/mike54pfeiffer/Desktop/School/ROB599/ROB599_ws/install/rob599_msgs/share/rob599_msgs/hook/cmake_prefix_path.sh'
[1.511s] Level 1:colcon.colcon_core.environment:checking '/home/mike54pfeiffer/Desktop/School/ROB599/ROB599_ws/install/rob599_msgs/lib'
[1.511s] Level 1:colcon.colcon_core.shell:create_environment_hook('rob599_msgs', 'ld_library_path_lib')
[1.512s] INFO:colcon.colcon_core.shell:Creating environment hook '/home/mike54pfeiffer/Desktop/School/ROB599/ROB599_ws/install/rob599_msgs/share/rob599_msgs/hook/ld_library_path_lib.ps1'
[1.512s] INFO:colcon.colcon_core.shell:Creating environment descriptor '/home/mike54pfeiffer/Desktop/School/ROB599/ROB599_ws/install/rob599_msgs/share/rob599_msgs/hook/ld_library_path_lib.dsv'
[1.513s] INFO:colcon.colcon_core.shell:Creating environment hook '/home/mike54pfeiffer/Desktop/School/ROB599/ROB599_ws/install/rob599_msgs/share/rob599_msgs/hook/ld_library_path_lib.sh'
[1.514s] Level 1:colcon.colcon_core.environment:checking '/home/mike54pfeiffer/Desktop/School/ROB599/ROB599_ws/install/rob599_msgs/bin'
[1.514s] Level 1:colcon.colcon_core.environment:checking '/home/mike54pfeiffer/Desktop/School/ROB599/ROB599_ws/install/rob599_msgs/lib/pkgconfig/rob599_msgs.pc'
[1.514s] Level 1:colcon.colcon_core.environment:checking '/home/mike54pfeiffer/Desktop/School/ROB599/ROB599_ws/install/rob599_msgs/lib/python3.12/site-packages'
[1.514s] Level 1:colcon.colcon_core.shell:create_environment_hook('rob599_msgs', 'pythonpath')
[1.515s] INFO:colcon.colcon_core.shell:Creating environment hook '/home/mike54pfeiffer/Desktop/School/ROB599/ROB599_ws/install/rob599_msgs/share/rob599_msgs/hook/pythonpath.ps1'
[1.515s] INFO:colcon.colcon_core.shell:Creating environment descriptor '/home/mike54pfeiffer/Desktop/School/ROB599/ROB599_ws/install/rob599_msgs/share/rob599_msgs/hook/pythonpath.dsv'
[1.516s] INFO:colcon.colcon_core.shell:Creating environment hook '/home/mike54pfeiffer/Desktop/School/ROB599/ROB599_ws/install/rob599_msgs/share/rob599_msgs/hook/pythonpath.sh'
[1.516s] Level 1:colcon.colcon_core.environment:checking '/home/mike54pfeiffer/Desktop/School/ROB599/ROB599_ws/install/rob599_msgs/bin'
[1.517s] INFO:colcon.colcon_core.shell:Creating package script '/home/mike54pfeiffer/Desktop/School/ROB599/ROB599_ws/install/rob599_msgs/share/rob599_msgs/package.ps1'
[1.517s] INFO:colcon.colcon_core.shell:Creating package descriptor '/home/mike54pfeiffer/Desktop/School/ROB599/ROB599_ws/install/rob599_msgs/share/rob599_msgs/package.dsv'
[1.518s] INFO:colcon.colcon_core.shell:Creating package script '/home/mike54pfeiffer/Desktop/School/ROB599/ROB599_ws/install/rob599_msgs/share/rob599_msgs/package.sh'
[1.519s] INFO:colcon.colcon_core.shell:Creating package script '/home/mike54pfeiffer/Desktop/School/ROB599/ROB599_ws/install/rob599_msgs/share/rob599_msgs/package.bash'
[1.519s] INFO:colcon.colcon_core.shell:Creating package script '/home/mike54pfeiffer/Desktop/School/ROB599/ROB599_ws/install/rob599_msgs/share/rob599_msgs/package.zsh'
[1.520s] Level 1:colcon.colcon_core.environment:create_file_with_runtime_dependencies(/home/mike54pfeiffer/Desktop/School/ROB599/ROB599_ws/install/rob599_msgs/share/colcon-core/packages/rob599_msgs)
[1.521s] Level 1:colcon.colcon_core.environment:create_environment_scripts_only(rob599_msgs)
[1.521s] Level 1:colcon.colcon_core.environment:checking '/home/mike54pfeiffer/Desktop/School/ROB599/ROB599_ws/install/rob599_msgs' for CMake module files
[1.522s] Level 1:colcon.colcon_core.environment:checking '/home/mike54pfeiffer/Desktop/School/ROB599/ROB599_ws/install/rob599_msgs' for CMake config files
[1.522s] Level 1:colcon.colcon_core.shell:create_environment_hook('rob599_msgs', 'cmake_prefix_path')
[1.523s] INFO:colcon.colcon_core.shell:Creating environment hook '/home/mike54pfeiffer/Desktop/School/ROB599/ROB599_ws/install/rob599_msgs/share/rob599_msgs/hook/cmake_prefix_path.ps1'
[1.524s] INFO:colcon.colcon_core.shell:Creating environment descriptor '/home/mike54pfeiffer/Desktop/School/ROB599/ROB599_ws/install/rob599_msgs/share/rob599_msgs/hook/cmake_prefix_path.dsv'
[1.524s] INFO:colcon.colcon_core.shell:Creating environment hook '/home/mike54pfeiffer/Desktop/School/ROB599/ROB599_ws/install/rob599_msgs/share/rob599_msgs/hook/cmake_prefix_path.sh'
[1.525s] Level 1:colcon.colcon_core.environment:checking '/home/mike54pfeiffer/Desktop/School/ROB599/ROB599_ws/install/rob599_msgs/lib'
[1.525s] Level 1:colcon.colcon_core.shell:create_environment_hook('rob599_msgs', 'ld_library_path_lib')
[1.526s] INFO:colcon.colcon_core.shell:Creating environment hook '/home/mike54pfeiffer/Desktop/School/ROB599/ROB599_ws/install/rob599_msgs/share/rob599_msgs/hook/ld_library_path_lib.ps1'
[1.526s] INFO:colcon.colcon_core.shell:Creating environment descriptor '/home/mike54pfeiffer/Desktop/School/ROB599/ROB599_ws/install/rob599_msgs/share/rob599_msgs/hook/ld_library_path_lib.dsv'
[1.527s] INFO:colcon.colcon_core.shell:Creating environment hook '/home/mike54pfeiffer/Desktop/School/ROB599/ROB599_ws/install/rob599_msgs/share/rob599_msgs/hook/ld_library_path_lib.sh'
[1.527s] Level 1:colcon.colcon_core.environment:checking '/home/mike54pfeiffer/Desktop/School/ROB599/ROB599_ws/install/rob599_msgs/bin'
[1.527s] Level 1:colcon.colcon_core.environment:checking '/home/mike54pfeiffer/Desktop/School/ROB599/ROB599_ws/install/rob599_msgs/lib/pkgconfig/rob599_msgs.pc'
[1.527s] Level 1:colcon.colcon_core.environment:checking '/home/mike54pfeiffer/Desktop/School/ROB599/ROB599_ws/install/rob599_msgs/lib/python3.12/site-packages'
[1.528s] Level 1:colcon.colcon_core.shell:create_environment_hook('rob599_msgs', 'pythonpath')
[1.528s] INFO:colcon.colcon_core.shell:Creating environment hook '/home/mike54pfeiffer/Desktop/School/ROB599/ROB599_ws/install/rob599_msgs/share/rob599_msgs/hook/pythonpath.ps1'
[1.528s] INFO:colcon.colcon_core.shell:Creating environment descriptor '/home/mike54pfeiffer/Desktop/School/ROB599/ROB599_ws/install/rob599_msgs/share/rob599_msgs/hook/pythonpath.dsv'
[1.529s] INFO:colcon.colcon_core.shell:Creating environment hook '/home/mike54pfeiffer/Desktop/School/ROB599/ROB599_ws/install/rob599_msgs/share/rob599_msgs/hook/pythonpath.sh'
[1.530s] Level 1:colcon.colcon_core.environment:checking '/home/mike54pfeiffer/Desktop/School/ROB599/ROB599_ws/install/rob599_msgs/bin'
[1.530s] INFO:colcon.colcon_core.shell:Creating package script '/home/mike54pfeiffer/Desktop/School/ROB599/ROB599_ws/install/rob599_msgs/share/rob599_msgs/package.ps1'
[1.531s] INFO:colcon.colcon_core.shell:Creating package descriptor '/home/mike54pfeiffer/Desktop/School/ROB599/ROB599_ws/install/rob599_msgs/share/rob599_msgs/package.dsv'
[1.532s] INFO:colcon.colcon_core.shell:Creating package script '/home/mike54pfeiffer/Desktop/School/ROB599/ROB599_ws/install/rob599_msgs/share/rob599_msgs/package.sh'
[1.533s] INFO:colcon.colcon_core.shell:Creating package script '/home/mike54pfeiffer/Desktop/School/ROB599/ROB599_ws/install/rob599_msgs/share/rob599_msgs/package.bash'
[1.534s] INFO:colcon.colcon_core.shell:Creating package script '/home/mike54pfeiffer/Desktop/School/ROB599/ROB599_ws/install/rob599_msgs/share/rob599_msgs/package.zsh'
[1.535s] Level 1:colcon.colcon_core.environment:create_file_with_runtime_dependencies(/home/mike54pfeiffer/Desktop/School/ROB599/ROB599_ws/install/rob599_msgs/share/colcon-core/packages/rob599_msgs)
[1.767s] DEBUG:colcon.colcon_core.event_handler.log_command:Invoking command in '/home/mike54pfeiffer/Desktop/School/ROB599/ROB599_ws/src/hw2': DEBUGINFOD_URLS=https://debuginfod.ubuntu.com PYTHONPATH=/home/mike54pfeiffer/Desktop/School/ROB599/ROB599_ws/build/hw2/prefix_override:/usr/lib/python3/dist-packages/colcon_core/task/python/colcon_distutils_commands:/home/mike54pfeiffer/Desktop/School/ROB599/ROB599_ws/install/hw2/lib/python3.12/site-packages:${PYTHONPATH} /usr/bin/python3 -W ignore:setup.py install is deprecated -W ignore:easy_install command is deprecated setup.py egg_info --egg-base ../../build/hw2 build --build-base /home/mike54pfeiffer/Desktop/School/ROB599/ROB599_ws/build/hw2/build install --record /home/mike54pfeiffer/Desktop/School/ROB599/ROB599_ws/build/hw2/install.log --single-version-externally-managed install_data
[1.789s] DEBUG:colcon.colcon_core.event_handler.log_command:Invoking command in '/home/mike54pfeiffer/Desktop/School/ROB599/ROB599_ws/src/rob599_basic': DEBUGINFOD_URLS=https://debuginfod.ubuntu.com PYTHONPATH=/home/mike54pfeiffer/Desktop/School/ROB599/ROB599_ws/build/rob599_basic/prefix_override:/usr/lib/python3/dist-packages/colcon_core/task/python/colcon_distutils_commands:/home/mike54pfeiffer/Desktop/School/ROB599/ROB599_ws/install/rob599_basic/lib/python3.12/site-packages:${PYTHONPATH} /usr/bin/python3 -W ignore:setup.py install is deprecated -W ignore:easy_install command is deprecated setup.py egg_info --egg-base ../../build/rob599_basic build --build-base /home/mike54pfeiffer/Desktop/School/ROB599/ROB599_ws/build/rob599_basic/build install --record /home/mike54pfeiffer/Desktop/School/ROB599/ROB599_ws/build/rob599_basic/install.log --single-version-externally-managed install_data
[2.211s] DEBUG:colcon.colcon_core.event_handler.log_command:Invoking command in '/home/mike54pfeiffer/Desktop/School/ROB599/ROB599_ws/src/hw3': AMENT_PREFIX_PATH=/home/mike54pfeiffer/Desktop/School/ROB599/ROB599_ws/install/hw3_interfaces:${AMENT_PREFIX_PATH} CMAKE_PREFIX_PATH=/home/mike54pfeiffer/Desktop/School/ROB599/ROB599_ws/install/hw3_interfaces:${CMAKE_PREFIX_PATH} DEBUGINFOD_URLS=https://debuginfod.ubuntu.com LD_LIBRARY_PATH=/home/mike54pfeiffer/Desktop/School/ROB599/ROB599_ws/install/hw3_interfaces/lib:${LD_LIBRARY_PATH} PYTHONPATH=/home/mike54pfeiffer/Desktop/School/ROB599/ROB599_ws/build/hw3/prefix_override:/usr/lib/python3/dist-packages/colcon_core/task/python/colcon_distutils_commands:/home/mike54pfeiffer/Desktop/School/ROB599/ROB599_ws/install/hw3/lib/python3.12/site-packages:/home/mike54pfeiffer/Desktop/School/ROB599/ROB599_ws/install/hw3_interfaces/lib/python3.12/site-packages:${PYTHONPATH} /usr/bin/python3 -W ignore:setup.py install is deprecated -W ignore:easy_install command is deprecated setup.py egg_info --egg-base ../../build/hw3 build --build-base /home/mike54pfeiffer/Desktop/School/ROB599/ROB599_ws/build/hw3/build install --record /home/mike54pfeiffer/Desktop/School/ROB599/ROB599_ws/build/hw3/install.log --single-version-externally-managed install_data
[2.675s] Level 1:colcon.colcon_core.environment:checking '/home/mike54pfeiffer/Desktop/School/ROB599/ROB599_ws/install/hw2' for CMake module files
[2.676s] DEBUG:colcon.colcon_core.event_handler.log_command:Invoked command in '/home/mike54pfeiffer/Desktop/School/ROB599/ROB599_ws/src/hw2' returned '0': DEBUGINFOD_URLS=https://debuginfod.ubuntu.com PYTHONPATH=/home/mike54pfeiffer/Desktop/School/ROB599/ROB599_ws/build/hw2/prefix_override:/usr/lib/python3/dist-packages/colcon_core/task/python/colcon_distutils_commands:/home/mike54pfeiffer/Desktop/School/ROB599/ROB599_ws/install/hw2/lib/python3.12/site-packages:${PYTHONPATH} /usr/bin/python3 -W ignore:setup.py install is deprecated -W ignore:easy_install command is deprecated setup.py egg_info --egg-base ../../build/hw2 build --build-base /home/mike54pfeiffer/Desktop/School/ROB599/ROB599_ws/build/hw2/build install --record /home/mike54pfeiffer/Desktop/School/ROB599/ROB599_ws/build/hw2/install.log --single-version-externally-managed install_data
[2.676s] Level 1:colcon.colcon_core.environment:checking '/home/mike54pfeiffer/Desktop/School/ROB599/ROB599_ws/install/hw2' for CMake config files
[2.677s] Level 1:colcon.colcon_core.environment:checking '/home/mike54pfeiffer/Desktop/School/ROB599/ROB599_ws/install/hw2/lib'
[2.677s] Level 1:colcon.colcon_core.environment:checking '/home/mike54pfeiffer/Desktop/School/ROB599/ROB599_ws/install/hw2/bin'
[2.677s] Level 1:colcon.colcon_core.environment:checking '/home/mike54pfeiffer/Desktop/School/ROB599/ROB599_ws/install/hw2/lib/pkgconfig/hw2.pc'
[2.677s] Level 1:colcon.colcon_core.environment:checking '/home/mike54pfeiffer/Desktop/School/ROB599/ROB599_ws/install/hw2/lib/python3.12/site-packages'
[2.678s] Level 1:colcon.colcon_core.shell:create_environment_hook('hw2', 'pythonpath')
[2.678s] INFO:colcon.colcon_core.shell:Creating environment hook '/home/mike54pfeiffer/Desktop/School/ROB599/ROB599_ws/install/hw2/share/hw2/hook/pythonpath.ps1'
[2.679s] INFO:colcon.colcon_core.shell:Creating environment descriptor '/home/mike54pfeiffer/Desktop/School/ROB599/ROB599_ws/install/hw2/share/hw2/hook/pythonpath.dsv'
[2.679s] INFO:colcon.colcon_core.shell:Creating environment hook '/home/mike54pfeiffer/Desktop/School/ROB599/ROB599_ws/install/hw2/share/hw2/hook/pythonpath.sh'
[2.680s] Level 1:colcon.colcon_core.environment:checking '/home/mike54pfeiffer/Desktop/School/ROB599/ROB599_ws/install/hw2/bin'
[2.680s] Level 1:colcon.colcon_core.environment:create_environment_scripts_only(hw2)
[2.681s] INFO:colcon.colcon_core.shell:Creating package script '/home/mike54pfeiffer/Desktop/School/ROB599/ROB599_ws/install/hw2/share/hw2/package.ps1'
[2.682s] INFO:colcon.colcon_core.shell:Creating package descriptor '/home/mike54pfeiffer/Desktop/School/ROB599/ROB599_ws/install/hw2/share/hw2/package.dsv'
[2.682s] INFO:colcon.colcon_core.shell:Creating package script '/home/mike54pfeiffer/Desktop/School/ROB599/ROB599_ws/install/hw2/share/hw2/package.sh'
[2.683s] INFO:colcon.colcon_core.shell:Creating package script '/home/mike54pfeiffer/Desktop/School/ROB599/ROB599_ws/install/hw2/share/hw2/package.bash'
[2.684s] INFO:colcon.colcon_core.shell:Creating package script '/home/mike54pfeiffer/Desktop/School/ROB599/ROB599_ws/install/hw2/share/hw2/package.zsh'
[2.684s] Level 1:colcon.colcon_core.environment:create_file_with_runtime_dependencies(/home/mike54pfeiffer/Desktop/School/ROB599/ROB599_ws/install/hw2/share/colcon-core/packages/hw2)
[2.692s] Level 1:colcon.colcon_core.environment:checking '/home/mike54pfeiffer/Desktop/School/ROB599/ROB599_ws/install/rob599_basic' for CMake module files
[2.692s] DEBUG:colcon.colcon_core.event_handler.log_command:Invoked command in '/home/mike54pfeiffer/Desktop/School/ROB599/ROB599_ws/src/rob599_basic' returned '0': DEBUGINFOD_URLS=https://debuginfod.ubuntu.com PYTHONPATH=/home/mike54pfeiffer/Desktop/School/ROB599/ROB599_ws/build/rob599_basic/prefix_override:/usr/lib/python3/dist-packages/colcon_core/task/python/colcon_distutils_commands:/home/mike54pfeiffer/Desktop/School/ROB599/ROB599_ws/install/rob599_basic/lib/python3.12/site-packages:${PYTHONPATH} /usr/bin/python3 -W ignore:setup.py install is deprecated -W ignore:easy_install command is deprecated setup.py egg_info --egg-base ../../build/rob599_basic build --build-base /home/mike54pfeiffer/Desktop/School/ROB599/ROB599_ws/build/rob599_basic/build install --record /home/mike54pfeiffer/Desktop/School/ROB599/ROB599_ws/build/rob599_basic/install.log --single-version-externally-managed install_data
[2.693s] Level 1:colcon.colcon_core.environment:checking '/home/mike54pfeiffer/Desktop/School/ROB599/ROB599_ws/install/rob599_basic' for CMake config files
[2.694s] Level 1:colcon.colcon_core.environment:checking '/home/mike54pfeiffer/Desktop/School/ROB599/ROB599_ws/install/rob599_basic/lib'
[2.694s] Level 1:colcon.colcon_core.environment:checking '/home/mike54pfeiffer/Desktop/School/ROB599/ROB599_ws/install/rob599_basic/bin'
[2.694s] Level 1:colcon.colcon_core.environment:checking '/home/mike54pfeiffer/Desktop/School/ROB599/ROB599_ws/install/rob599_basic/lib/pkgconfig/rob599_basic.pc'
[2.694s] Level 1:colcon.colcon_core.environment:checking '/home/mike54pfeiffer/Desktop/School/ROB599/ROB599_ws/install/rob599_basic/lib/python3.12/site-packages'
[2.695s] Level 1:colcon.colcon_core.shell:create_environment_hook('rob599_basic', 'pythonpath')
[2.695s] INFO:colcon.colcon_core.shell:Creating environment hook '/home/mike54pfeiffer/Desktop/School/ROB599/ROB599_ws/install/rob599_basic/share/rob599_basic/hook/pythonpath.ps1'
[2.696s] INFO:colcon.colcon_core.shell:Creating environment descriptor '/home/mike54pfeiffer/Desktop/School/ROB599/ROB599_ws/install/rob599_basic/share/rob599_basic/hook/pythonpath.dsv'
[2.697s] INFO:colcon.colcon_core.shell:Creating environment hook '/home/mike54pfeiffer/Desktop/School/ROB599/ROB599_ws/install/rob599_basic/share/rob599_basic/hook/pythonpath.sh'
[2.697s] Level 1:colcon.colcon_core.environment:checking '/home/mike54pfeiffer/Desktop/School/ROB599/ROB599_ws/install/rob599_basic/bin'
[2.697s] Level 1:colcon.colcon_core.environment:create_environment_scripts_only(rob599_basic)
[2.698s] INFO:colcon.colcon_core.shell:Creating package script '/home/mike54pfeiffer/Desktop/School/ROB599/ROB599_ws/install/rob599_basic/share/rob599_basic/package.ps1'
[2.698s] INFO:colcon.colcon_core.shell:Creating package descriptor '/home/mike54pfeiffer/Desktop/School/ROB599/ROB599_ws/install/rob599_basic/share/rob599_basic/package.dsv'
[2.699s] INFO:colcon.colcon_core.shell:Creating package script '/home/mike54pfeiffer/Desktop/School/ROB599/ROB599_ws/install/rob599_basic/share/rob599_basic/package.sh'
[2.699s] INFO:colcon.colcon_core.shell:Creating package script '/home/mike54pfeiffer/Desktop/School/ROB599/ROB599_ws/install/rob599_basic/share/rob599_basic/package.bash'
[2.700s] INFO:colcon.colcon_core.shell:Creating package script '/home/mike54pfeiffer/Desktop/School/ROB599/ROB599_ws/install/rob599_basic/share/rob599_basic/package.zsh'
[2.700s] Level 1:colcon.colcon_core.environment:create_file_with_runtime_dependencies(/home/mike54pfeiffer/Desktop/School/ROB599/ROB599_ws/install/rob599_basic/share/colcon-core/packages/rob599_basic)
[3.102s] Level 1:colcon.colcon_core.environment:checking '/home/mike54pfeiffer/Desktop/School/ROB599/ROB599_ws/install/hw3' for CMake module files
[3.103s] DEBUG:colcon.colcon_core.event_handler.log_command:Invoked command in '/home/mike54pfeiffer/Desktop/School/ROB599/ROB599_ws/src/hw3' returned '0': AMENT_PREFIX_PATH=/home/mike54pfeiffer/Desktop/School/ROB599/ROB599_ws/install/hw3_interfaces:${AMENT_PREFIX_PATH} CMAKE_PREFIX_PATH=/home/mike54pfeiffer/Desktop/School/ROB599/ROB599_ws/install/hw3_interfaces:${CMAKE_PREFIX_PATH} DEBUGINFOD_URLS=https://debuginfod.ubuntu.com LD_LIBRARY_PATH=/home/mike54pfeiffer/Desktop/School/ROB599/ROB599_ws/install/hw3_interfaces/lib:${LD_LIBRARY_PATH} PYTHONPATH=/home/mike54pfeiffer/Desktop/School/ROB599/ROB599_ws/build/hw3/prefix_override:/usr/lib/python3/dist-packages/colcon_core/task/python/colcon_distutils_commands:/home/mike54pfeiffer/Desktop/School/ROB599/ROB599_ws/install/hw3/lib/python3.12/site-packages:/home/mike54pfeiffer/Desktop/School/ROB599/ROB599_ws/install/hw3_interfaces/lib/python3.12/site-packages:${PYTHONPATH} /usr/bin/python3 -W ignore:setup.py install is deprecated -W ignore:easy_install command is deprecated setup.py egg_info --egg-base ../../build/hw3 build --build-base /home/mike54pfeiffer/Desktop/School/ROB599/ROB599_ws/build/hw3/build install --record /home/mike54pfeiffer/Desktop/School/ROB599/ROB599_ws/build/hw3/install.log --single-version-externally-managed install_data
[3.103s] Level 1:colcon.colcon_core.environment:checking '/home/mike54pfeiffer/Desktop/School/ROB599/ROB599_ws/install/hw3' for CMake config files
[3.104s] Level 1:colcon.colcon_core.environment:checking '/home/mike54pfeiffer/Desktop/School/ROB599/ROB599_ws/install/hw3/lib'
[3.104s] Level 1:colcon.colcon_core.environment:checking '/home/mike54pfeiffer/Desktop/School/ROB599/ROB599_ws/install/hw3/bin'
[3.104s] Level 1:colcon.colcon_core.environment:checking '/home/mike54pfeiffer/Desktop/School/ROB599/ROB599_ws/install/hw3/lib/pkgconfig/hw3.pc'
[3.105s] Level 1:colcon.colcon_core.environment:checking '/home/mike54pfeiffer/Desktop/School/ROB599/ROB599_ws/install/hw3/lib/python3.12/site-packages'
[3.105s] Level 1:colcon.colcon_core.shell:create_environment_hook('hw3', 'pythonpath')
[3.105s] INFO:colcon.colcon_core.shell:Creating environment hook '/home/mike54pfeiffer/Desktop/School/ROB599/ROB599_ws/install/hw3/share/hw3/hook/pythonpath.ps1'
[3.106s] INFO:colcon.colcon_core.shell:Creating environment descriptor '/home/mike54pfeiffer/Desktop/School/ROB599/ROB599_ws/install/hw3/share/hw3/hook/pythonpath.dsv'
[3.107s] INFO:colcon.colcon_core.shell:Creating environment hook '/home/mike54pfeiffer/Desktop/School/ROB599/ROB599_ws/install/hw3/share/hw3/hook/pythonpath.sh'
[3.107s] Level 1:colcon.colcon_core.environment:checking '/home/mike54pfeiffer/Desktop/School/ROB599/ROB599_ws/install/hw3/bin'
[3.107s] Level 1:colcon.colcon_core.environment:create_environment_scripts_only(hw3)
[3.107s] INFO:colcon.colcon_core.shell:Creating package script '/home/mike54pfeiffer/Desktop/School/ROB599/ROB599_ws/install/hw3/share/hw3/package.ps1'
[3.108s] INFO:colcon.colcon_core.shell:Creating package descriptor '/home/mike54pfeiffer/Desktop/School/ROB599/ROB599_ws/install/hw3/share/hw3/package.dsv'
[3.108s] INFO:colcon.colcon_core.shell:Creating package script '/home/mike54pfeiffer/Desktop/School/ROB599/ROB599_ws/install/hw3/share/hw3/package.sh'
[3.109s] INFO:colcon.colcon_core.shell:Creating package script '/home/mike54pfeiffer/Desktop/School/ROB599/ROB599_ws/install/hw3/share/hw3/package.bash'
[3.109s] INFO:colcon.colcon_core.shell:Creating package script '/home/mike54pfeiffer/Desktop/School/ROB599/ROB599_ws/install/hw3/share/hw3/package.zsh'
[3.109s] Level 1:colcon.colcon_core.environment:create_file_with_runtime_dependencies(/home/mike54pfeiffer/Desktop/School/ROB599/ROB599_ws/install/hw3/share/colcon-core/packages/hw3)
[3.639s] DEBUG:colcon.colcon_core.event_handler.log_command:Invoked command in '/home/mike54pfeiffer/Desktop/School/ROB599/ROB599_ws/build/hw4_interfaces' returned '0': CMAKE_PREFIX_PATH=${CMAKE_PREFIX_PATH}:/opt/ros/jazzy DEBUGINFOD_URLS=https://debuginfod.ubuntu.com /usr/bin/cmake /home/mike54pfeiffer/Desktop/School/ROB599/ROB599_ws/src/hw4_interfaces -DCMAKE_INSTALL_PREFIX=/home/mike54pfeiffer/Desktop/School/ROB599/ROB599_ws/install/hw4_interfaces
[3.641s] DEBUG:colcon.colcon_core.event_handler.log_command:Invoking command in '/home/mike54pfeiffer/Desktop/School/ROB599/ROB599_ws/build/hw4_interfaces': CMAKE_PREFIX_PATH=${CMAKE_PREFIX_PATH}:/opt/ros/jazzy DEBUGINFOD_URLS=https://debuginfod.ubuntu.com /usr/bin/cmake --build /home/mike54pfeiffer/Desktop/School/ROB599/ROB599_ws/build/hw4_interfaces -- -j12 -l12
[6.852s] DEBUG:colcon.colcon_core.event_handler.log_command:Invoked command in '/home/mike54pfeiffer/Desktop/School/ROB599/ROB599_ws/build/hw4_interfaces' returned '0': CMAKE_PREFIX_PATH=${CMAKE_PREFIX_PATH}:/opt/ros/jazzy DEBUGINFOD_URLS=https://debuginfod.ubuntu.com /usr/bin/cmake --build /home/mike54pfeiffer/Desktop/School/ROB599/ROB599_ws/build/hw4_interfaces -- -j12 -l12
[6.854s] DEBUG:colcon.colcon_core.event_handler.log_command:Invoking command in '/home/mike54pfeiffer/Desktop/School/ROB599/ROB599_ws/build/hw4_interfaces': CMAKE_PREFIX_PATH=${CMAKE_PREFIX_PATH}:/opt/ros/jazzy DEBUGINFOD_URLS=https://debuginfod.ubuntu.com /usr/bin/cmake --install /home/mike54pfeiffer/Desktop/School/ROB599/ROB599_ws/build/hw4_interfaces
[6.928s] Level 1:colcon.colcon_core.environment:create_environment_scripts_only(hw4_interfaces)
[6.929s] Level 1:colcon.colcon_core.environment:checking '/home/mike54pfeiffer/Desktop/School/ROB599/ROB599_ws/install/hw4_interfaces' for CMake module files
[6.929s] DEBUG:colcon.colcon_core.event_handler.log_command:Invoked command in '/home/mike54pfeiffer/Desktop/School/ROB599/ROB599_ws/build/hw4_interfaces' returned '0': CMAKE_PREFIX_PATH=${CMAKE_PREFIX_PATH}:/opt/ros/jazzy DEBUGINFOD_URLS=https://debuginfod.ubuntu.com /usr/bin/cmake --install /home/mike54pfeiffer/Desktop/School/ROB599/ROB599_ws/build/hw4_interfaces
[6.930s] Level 1:colcon.colcon_core.environment:checking '/home/mike54pfeiffer/Desktop/School/ROB599/ROB599_ws/install/hw4_interfaces' for CMake config files
[6.930s] Level 1:colcon.colcon_core.shell:create_environment_hook('hw4_interfaces', 'cmake_prefix_path')
[6.930s] INFO:colcon.colcon_core.shell:Creating environment hook '/home/mike54pfeiffer/Desktop/School/ROB599/ROB599_ws/install/hw4_interfaces/share/hw4_interfaces/hook/cmake_prefix_path.ps1'
[6.931s] INFO:colcon.colcon_core.shell:Creating environment descriptor '/home/mike54pfeiffer/Desktop/School/ROB599/ROB599_ws/install/hw4_interfaces/share/hw4_interfaces/hook/cmake_prefix_path.dsv'
[6.931s] INFO:colcon.colcon_core.shell:Creating environment hook '/home/mike54pfeiffer/Desktop/School/ROB599/ROB599_ws/install/hw4_interfaces/share/hw4_interfaces/hook/cmake_prefix_path.sh'
[6.931s] Level 1:colcon.colcon_core.environment:checking '/home/mike54pfeiffer/Desktop/School/ROB599/ROB599_ws/install/hw4_interfaces/lib'
[6.932s] Level 1:colcon.colcon_core.shell:create_environment_hook('hw4_interfaces', 'ld_library_path_lib')
[6.932s] INFO:colcon.colcon_core.shell:Creating environment hook '/home/mike54pfeiffer/Desktop/School/ROB599/ROB599_ws/install/hw4_interfaces/share/hw4_interfaces/hook/ld_library_path_lib.ps1'
[6.932s] INFO:colcon.colcon_core.shell:Creating environment descriptor '/home/mike54pfeiffer/Desktop/School/ROB599/ROB599_ws/install/hw4_interfaces/share/hw4_interfaces/hook/ld_library_path_lib.dsv'
[6.932s] INFO:colcon.colcon_core.shell:Creating environment hook '/home/mike54pfeiffer/Desktop/School/ROB599/ROB599_ws/install/hw4_interfaces/share/hw4_interfaces/hook/ld_library_path_lib.sh'
[6.933s] Level 1:colcon.colcon_core.environment:checking '/home/mike54pfeiffer/Desktop/School/ROB599/ROB599_ws/install/hw4_interfaces/bin'
[6.933s] Level 1:colcon.colcon_core.environment:checking '/home/mike54pfeiffer/Desktop/School/ROB599/ROB599_ws/install/hw4_interfaces/lib/pkgconfig/hw4_interfaces.pc'
[6.933s] Level 1:colcon.colcon_core.environment:checking '/home/mike54pfeiffer/Desktop/School/ROB599/ROB599_ws/install/hw4_interfaces/lib/python3.12/site-packages'
[6.933s] Level 1:colcon.colcon_core.shell:create_environment_hook('hw4_interfaces', 'pythonpath')
[6.933s] INFO:colcon.colcon_core.shell:Creating environment hook '/home/mike54pfeiffer/Desktop/School/ROB599/ROB599_ws/install/hw4_interfaces/share/hw4_interfaces/hook/pythonpath.ps1'
[6.934s] INFO:colcon.colcon_core.shell:Creating environment descriptor '/home/mike54pfeiffer/Desktop/School/ROB599/ROB599_ws/install/hw4_interfaces/share/hw4_interfaces/hook/pythonpath.dsv'
[6.934s] INFO:colcon.colcon_core.shell:Creating environment hook '/home/mike54pfeiffer/Desktop/School/ROB599/ROB599_ws/install/hw4_interfaces/share/hw4_interfaces/hook/pythonpath.sh'
[6.934s] Level 1:colcon.colcon_core.environment:checking '/home/mike54pfeiffer/Desktop/School/ROB599/ROB599_ws/install/hw4_interfaces/bin'
[6.935s] INFO:colcon.colcon_core.shell:Creating package script '/home/mike54pfeiffer/Desktop/School/ROB599/ROB599_ws/install/hw4_interfaces/share/hw4_interfaces/package.ps1'
[6.935s] INFO:colcon.colcon_core.shell:Creating package descriptor '/home/mike54pfeiffer/Desktop/School/ROB599/ROB599_ws/install/hw4_interfaces/share/hw4_interfaces/package.dsv'
[6.935s] INFO:colcon.colcon_core.shell:Creating package script '/home/mike54pfeiffer/Desktop/School/ROB599/ROB599_ws/install/hw4_interfaces/share/hw4_interfaces/package.sh'
[6.936s] INFO:colcon.colcon_core.shell:Creating package script '/home/mike54pfeiffer/Desktop/School/ROB599/ROB599_ws/install/hw4_interfaces/share/hw4_interfaces/package.bash'
[6.936s] INFO:colcon.colcon_core.shell:Creating package script '/home/mike54pfeiffer/Desktop/School/ROB599/ROB599_ws/install/hw4_interfaces/share/hw4_interfaces/package.zsh'
[6.936s] Level 1:colcon.colcon_core.environment:create_file_with_runtime_dependencies(/home/mike54pfeiffer/Desktop/School/ROB599/ROB599_ws/install/hw4_interfaces/share/colcon-core/packages/hw4_interfaces)
[6.937s] Level 1:colcon.colcon_core.environment:create_environment_scripts_only(hw4_interfaces)
[6.937s] Level 1:colcon.colcon_core.environment:checking '/home/mike54pfeiffer/Desktop/School/ROB599/ROB599_ws/install/hw4_interfaces' for CMake module files
[6.938s] Level 1:colcon.colcon_core.environment:checking '/home/mike54pfeiffer/Desktop/School/ROB599/ROB599_ws/install/hw4_interfaces' for CMake config files
[6.938s] Level 1:colcon.colcon_core.shell:create_environment_hook('hw4_interfaces', 'cmake_prefix_path')
[6.938s] INFO:colcon.colcon_core.shell:Creating environment hook '/home/mike54pfeiffer/Desktop/School/ROB599/ROB599_ws/install/hw4_interfaces/share/hw4_interfaces/hook/cmake_prefix_path.ps1'
[6.938s] INFO:colcon.colcon_core.shell:Creating environment descriptor '/home/mike54pfeiffer/Desktop/School/ROB599/ROB599_ws/install/hw4_interfaces/share/hw4_interfaces/hook/cmake_prefix_path.dsv'
[6.939s] INFO:colcon.colcon_core.shell:Creating environment hook '/home/mike54pfeiffer/Desktop/School/ROB599/ROB599_ws/install/hw4_interfaces/share/hw4_interfaces/hook/cmake_prefix_path.sh'
[6.939s] Level 1:colcon.colcon_core.environment:checking '/home/mike54pfeiffer/Desktop/School/ROB599/ROB599_ws/install/hw4_interfaces/lib'
[6.939s] Level 1:colcon.colcon_core.shell:create_environment_hook('hw4_interfaces', 'ld_library_path_lib')
[6.940s] INFO:colcon.colcon_core.shell:Creating environment hook '/home/mike54pfeiffer/Desktop/School/ROB599/ROB599_ws/install/hw4_interfaces/share/hw4_interfaces/hook/ld_library_path_lib.ps1'
[6.940s] INFO:colcon.colcon_core.shell:Creating environment descriptor '/home/mike54pfeiffer/Desktop/School/ROB599/ROB599_ws/install/hw4_interfaces/share/hw4_interfaces/hook/ld_library_path_lib.dsv'
[6.940s] INFO:colcon.colcon_core.shell:Creating environment hook '/home/mike54pfeiffer/Desktop/School/ROB599/ROB599_ws/install/hw4_interfaces/share/hw4_interfaces/hook/ld_library_path_lib.sh'
[6.941s] Level 1:colcon.colcon_core.environment:checking '/home/mike54pfeiffer/Desktop/School/ROB599/ROB599_ws/install/hw4_interfaces/bin'
[6.941s] Level 1:colcon.colcon_core.environment:checking '/home/mike54pfeiffer/Desktop/School/ROB599/ROB599_ws/install/hw4_interfaces/lib/pkgconfig/hw4_interfaces.pc'
[6.941s] Level 1:colcon.colcon_core.environment:checking '/home/mike54pfeiffer/Desktop/School/ROB599/ROB599_ws/install/hw4_interfaces/lib/python3.12/site-packages'
[6.941s] Level 1:colcon.colcon_core.shell:create_environment_hook('hw4_interfaces', 'pythonpath')
[6.941s] INFO:colcon.colcon_core.shell:Creating environment hook '/home/mike54pfeiffer/Desktop/School/ROB599/ROB599_ws/install/hw4_interfaces/share/hw4_interfaces/hook/pythonpath.ps1'
[6.942s] INFO:colcon.colcon_core.shell:Creating environment descriptor '/home/mike54pfeiffer/Desktop/School/ROB599/ROB599_ws/install/hw4_interfaces/share/hw4_interfaces/hook/pythonpath.dsv'
[6.942s] INFO:colcon.colcon_core.shell:Creating environment hook '/home/mike54pfeiffer/Desktop/School/ROB599/ROB599_ws/install/hw4_interfaces/share/hw4_interfaces/hook/pythonpath.sh'
[6.942s] Level 1:colcon.colcon_core.environment:checking '/home/mike54pfeiffer/Desktop/School/ROB599/ROB599_ws/install/hw4_interfaces/bin'
[6.942s] INFO:colcon.colcon_core.shell:Creating package script '/home/mike54pfeiffer/Desktop/School/ROB599/ROB599_ws/install/hw4_interfaces/share/hw4_interfaces/package.ps1'
[6.943s] INFO:colcon.colcon_core.shell:Creating package descriptor '/home/mike54pfeiffer/Desktop/School/ROB599/ROB599_ws/install/hw4_interfaces/share/hw4_interfaces/package.dsv'
[6.943s] INFO:colcon.colcon_core.shell:Creating package script '/home/mike54pfeiffer/Desktop/School/ROB599/ROB599_ws/install/hw4_interfaces/share/hw4_interfaces/package.sh'
[6.944s] INFO:colcon.colcon_core.shell:Creating package script '/home/mike54pfeiffer/Desktop/School/ROB599/ROB599_ws/install/hw4_interfaces/share/hw4_interfaces/package.bash'
[6.944s] INFO:colcon.colcon_core.shell:Creating package script '/home/mike54pfeiffer/Desktop/School/ROB599/ROB599_ws/install/hw4_interfaces/share/hw4_interfaces/package.zsh'
[6.944s] Level 1:colcon.colcon_core.environment:create_file_with_runtime_dependencies(/home/mike54pfeiffer/Desktop/School/ROB599/ROB599_ws/install/hw4_interfaces/share/colcon-core/packages/hw4_interfaces)
[6.945s] INFO:colcon.colcon_ros.task.ament_python.build:Building ROS package in '/home/mike54pfeiffer/Desktop/School/ROB599/ROB599_ws/src/hw4' with build type 'ament_python'
[6.945s] Level 1:colcon.colcon_core.shell:create_environment_hook('hw4', 'ament_prefix_path')
[6.945s] INFO:colcon.colcon_core.shell:Creating environment hook '/home/mike54pfeiffer/Desktop/School/ROB599/ROB599_ws/install/hw4/share/hw4/hook/ament_prefix_path.ps1'
[6.946s] INFO:colcon.colcon_core.shell:Creating environment descriptor '/home/mike54pfeiffer/Desktop/School/ROB599/ROB599_ws/install/hw4/share/hw4/hook/ament_prefix_path.dsv'
[6.947s] INFO:colcon.colcon_core.shell:Creating environment hook '/home/mike54pfeiffer/Desktop/School/ROB599/ROB599_ws/install/hw4/share/hw4/hook/ament_prefix_path.sh'
[6.948s] INFO:colcon.colcon_core.shell:Skip shell extension 'powershell' for command environment: Not usable outside of PowerShell
[6.948s] DEBUG:colcon.colcon_core.shell:Skip shell extension 'dsv' for command environment
[7.167s] INFO:colcon.colcon_core.task.python.build:Building Python package in '/home/mike54pfeiffer/Desktop/School/ROB599/ROB599_ws/src/hw4'
[7.167s] INFO:colcon.colcon_core.shell:Skip shell extension 'powershell' for command environment: Not usable outside of PowerShell
[7.168s] DEBUG:colcon.colcon_core.shell:Skip shell extension 'dsv' for command environment
[7.796s] DEBUG:colcon.colcon_core.event_handler.log_command:Invoking command in '/home/mike54pfeiffer/Desktop/School/ROB599/ROB599_ws/src/hw4': AMENT_PREFIX_PATH=/home/mike54pfeiffer/Desktop/School/ROB599/ROB599_ws/install/hw4_interfaces:${AMENT_PREFIX_PATH} CMAKE_PREFIX_PATH=/home/mike54pfeiffer/Desktop/School/ROB599/ROB599_ws/install/hw4_interfaces:${CMAKE_PREFIX_PATH} DEBUGINFOD_URLS=https://debuginfod.ubuntu.com LD_LIBRARY_PATH=/home/mike54pfeiffer/Desktop/School/ROB599/ROB599_ws/install/hw4_interfaces/lib:${LD_LIBRARY_PATH} PYTHONPATH=/home/mike54pfeiffer/Desktop/School/ROB599/ROB599_ws/build/hw4/prefix_override:/usr/lib/python3/dist-packages/colcon_core/task/python/colcon_distutils_commands:/home/mike54pfeiffer/Desktop/School/ROB599/ROB599_ws/install/hw4/lib/python3.12/site-packages:/home/mike54pfeiffer/Desktop/School/ROB599/ROB599_ws/install/hw4_interfaces/lib/python3.12/site-packages:${PYTHONPATH} /usr/bin/python3 -W ignore:setup.py install is deprecated -W ignore:easy_install command is deprecated setup.py egg_info --egg-base ../../build/hw4 build --build-base /home/mike54pfeiffer/Desktop/School/ROB599/ROB599_ws/build/hw4/build install --record /home/mike54pfeiffer/Desktop/School/ROB599/ROB599_ws/build/hw4/install.log --single-version-externally-managed install_data
[8.378s] Level 1:colcon.colcon_core.environment:checking '/home/mike54pfeiffer/Desktop/School/ROB599/ROB599_ws/install/hw4' for CMake module files
[8.379s] DEBUG:colcon.colcon_core.event_handler.log_command:Invoked command in '/home/mike54pfeiffer/Desktop/School/ROB599/ROB599_ws/src/hw4' returned '0': AMENT_PREFIX_PATH=/home/mike54pfeiffer/Desktop/School/ROB599/ROB599_ws/install/hw4_interfaces:${AMENT_PREFIX_PATH} CMAKE_PREFIX_PATH=/home/mike54pfeiffer/Desktop/School/ROB599/ROB599_ws/install/hw4_interfaces:${CMAKE_PREFIX_PATH} DEBUGINFOD_URLS=https://debuginfod.ubuntu.com LD_LIBRARY_PATH=/home/mike54pfeiffer/Desktop/School/ROB599/ROB599_ws/install/hw4_interfaces/lib:${LD_LIBRARY_PATH} PYTHONPATH=/home/mike54pfeiffer/Desktop/School/ROB599/ROB599_ws/build/hw4/prefix_override:/usr/lib/python3/dist-packages/colcon_core/task/python/colcon_distutils_commands:/home/mike54pfeiffer/Desktop/School/ROB599/ROB599_ws/install/hw4/lib/python3.12/site-packages:/home/mike54pfeiffer/Desktop/School/ROB599/ROB599_ws/install/hw4_interfaces/lib/python3.12/site-packages:${PYTHONPATH} /usr/bin/python3 -W ignore:setup.py install is deprecated -W ignore:easy_install command is deprecated setup.py egg_info --egg-base ../../build/hw4 build --build-base /home/mike54pfeiffer/Desktop/School/ROB599/ROB599_ws/build/hw4/build install --record /home/mike54pfeiffer/Desktop/School/ROB599/ROB599_ws/build/hw4/install.log --single-version-externally-managed install_data
[8.379s] Level 1:colcon.colcon_core.environment:checking '/home/mike54pfeiffer/Desktop/School/ROB599/ROB599_ws/install/hw4' for CMake config files
[8.379s] Level 1:colcon.colcon_core.environment:checking '/home/mike54pfeiffer/Desktop/School/ROB599/ROB599_ws/install/hw4/lib'
[8.379s] Level 1:colcon.colcon_core.environment:checking '/home/mike54pfeiffer/Desktop/School/ROB599/ROB599_ws/install/hw4/bin'
[8.379s] Level 1:colcon.colcon_core.environment:checking '/home/mike54pfeiffer/Desktop/School/ROB599/ROB599_ws/install/hw4/lib/pkgconfig/hw4.pc'
[8.380s] Level 1:colcon.colcon_core.environment:checking '/home/mike54pfeiffer/Desktop/School/ROB599/ROB599_ws/install/hw4/lib/python3.12/site-packages'
[8.380s] Level 1:colcon.colcon_core.shell:create_environment_hook('hw4', 'pythonpath')
[8.380s] INFO:colcon.colcon_core.shell:Creating environment hook '/home/mike54pfeiffer/Desktop/School/ROB599/ROB599_ws/install/hw4/share/hw4/hook/pythonpath.ps1'
[8.380s] INFO:colcon.colcon_core.shell:Creating environment descriptor '/home/mike54pfeiffer/Desktop/School/ROB599/ROB599_ws/install/hw4/share/hw4/hook/pythonpath.dsv'
[8.381s] INFO:colcon.colcon_core.shell:Creating environment hook '/home/mike54pfeiffer/Desktop/School/ROB599/ROB599_ws/install/hw4/share/hw4/hook/pythonpath.sh'
[8.381s] Level 1:colcon.colcon_core.environment:checking '/home/mike54pfeiffer/Desktop/School/ROB599/ROB599_ws/install/hw4/bin'
[8.381s] Level 1:colcon.colcon_core.environment:create_environment_scripts_only(hw4)
[8.381s] INFO:colcon.colcon_core.shell:Creating package script '/home/mike54pfeiffer/Desktop/School/ROB599/ROB599_ws/install/hw4/share/hw4/package.ps1'
[8.382s] INFO:colcon.colcon_core.shell:Creating package descriptor '/home/mike54pfeiffer/Desktop/School/ROB599/ROB599_ws/install/hw4/share/hw4/package.dsv'
[8.382s] INFO:colcon.colcon_core.shell:Creating package script '/home/mike54pfeiffer/Desktop/School/ROB599/ROB599_ws/install/hw4/share/hw4/package.sh'
[8.382s] INFO:colcon.colcon_core.shell:Creating package script '/home/mike54pfeiffer/Desktop/School/ROB599/ROB599_ws/install/hw4/share/hw4/package.bash'
[8.382s] INFO:colcon.colcon_core.shell:Creating package script '/home/mike54pfeiffer/Desktop/School/ROB599/ROB599_ws/install/hw4/share/hw4/package.zsh'
[8.383s] Level 1:colcon.colcon_core.environment:create_file_with_runtime_dependencies(/home/mike54pfeiffer/Desktop/School/ROB599/ROB599_ws/install/hw4/share/colcon-core/packages/hw4)
[8.383s] DEBUG:colcon.colcon_parallel_executor.executor.parallel:closing loop
[8.383s] DEBUG:colcon.colcon_parallel_executor.executor.parallel:loop closed
[8.383s] DEBUG:colcon.colcon_parallel_executor.executor.parallel:run_until_complete finished with '0'
[8.383s] DEBUG:colcon.colcon_core.event_reactor:joining thread
[8.388s] INFO:colcon.colcon_core.plugin_system:Skipping extension 'colcon_notification.desktop_notification.terminal_notifier': Not used on non-Darwin systems
[8.388s] INFO:colcon.colcon_core.plugin_system:Skipping extension 'colcon_notification.desktop_notification.win32': Not used on non-Windows systems
[8.388s] INFO:colcon.colcon_notification.desktop_notification:Sending desktop notification using 'notify2'
[8.402s] DEBUG:colcon.colcon_core.event_reactor:joined thread
[8.402s] INFO:colcon.colcon_core.shell:Creating prefix script '/home/mike54pfeiffer/Desktop/School/ROB599/ROB599_ws/install/local_setup.ps1'
[8.403s] INFO:colcon.colcon_core.shell:Creating prefix util module '/home/mike54pfeiffer/Desktop/School/ROB599/ROB599_ws/install/_local_setup_util_ps1.py'
[8.404s] INFO:colcon.colcon_core.shell:Creating prefix chain script '/home/mike54pfeiffer/Desktop/School/ROB599/ROB599_ws/install/setup.ps1'
[8.405s] INFO:colcon.colcon_core.shell:Creating prefix script '/home/mike54pfeiffer/Desktop/School/ROB599/ROB599_ws/install/local_setup.sh'
[8.405s] INFO:colcon.colcon_core.shell:Creating prefix util module '/home/mike54pfeiffer/Desktop/School/ROB599/ROB599_ws/install/_local_setup_util_sh.py'
[8.406s] INFO:colcon.colcon_core.shell:Creating prefix chain script '/home/mike54pfeiffer/Desktop/School/ROB599/ROB599_ws/install/setup.sh'
[8.406s] INFO:colcon.colcon_core.shell:Creating prefix script '/home/mike54pfeiffer/Desktop/School/ROB599/ROB599_ws/install/local_setup.bash'
[8.406s] INFO:colcon.colcon_core.shell:Creating prefix chain script '/home/mike54pfeiffer/Desktop/School/ROB599/ROB599_ws/install/setup.bash'
[8.407s] INFO:colcon.colcon_core.shell:Creating prefix script '/home/mike54pfeiffer/Desktop/School/ROB599/ROB599_ws/install/local_setup.zsh'
[8.407s] INFO:colcon.colcon_core.shell:Creating prefix chain script '/home/mike54pfeiffer/Desktop/School/ROB599/ROB599_ws/install/setup.zsh'
