[1.342s] Invoking command in '/home/mike54pfeiffer/Desktop/School/ROB599/ROB599_ws/src/hw2': DEBUGINFOD_URLS=https://debuginfod.ubuntu.com PYTHONPATH=/home/mike54pfeiffer/Desktop/School/ROB599/ROB599_ws/build/hw2/prefix_override:/usr/lib/python3/dist-packages/colcon_core/task/python/colcon_distutils_commands:/home/mike54pfeiffer/Desktop/School/ROB599/ROB599_ws/install/hw2/lib/python3.12/site-packages:${PYTHONPATH} /usr/bin/python3 -W ignore:setup.py install is deprecated -W ignore:easy_install command is deprecated setup.py egg_info --egg-base ../../build/hw2 build --build-base /home/mike54pfeiffer/Desktop/School/ROB599/ROB599_ws/build/hw2/build install --record /home/mike54pfeiffer/Desktop/School/ROB599/ROB599_ws/build/hw2/install.log --single-version-externally-managed install_data
[1.626s] running egg_info
[1.648s] writing ../../build/hw2/hw2.egg-info/PKG-INFO
[1.648s] writing dependency_links to ../../build/hw2/hw2.egg-info/dependency_links.txt
[1.649s] writing entry points to ../../build/hw2/hw2.egg-info/entry_points.txt
[1.649s] writing requirements to ../../build/hw2/hw2.egg-info/requires.txt
[1.649s] writing top-level names to ../../build/hw2/hw2.egg-info/top_level.txt
[1.698s] reading manifest file '../../build/hw2/hw2.egg-info/SOURCES.txt'
[1.698s] adding license file 'LICENSE'
[1.698s] writing manifest file '../../build/hw2/hw2.egg-info/SOURCES.txt'
[1.699s] running build
[1.699s] running build_py
[1.699s] running install
[1.704s] running install_lib
[1.732s] running install_data
[1.733s] running install_egg_info
[1.760s] removing '/home/mike54pfeiffer/Desktop/School/ROB599/ROB599_ws/install/hw2/lib/python3.12/site-packages/hw2-0.0.0-py3.12.egg-info' (and everything under it)
[1.761s] Copying ../../build/hw2/hw2.egg-info to /home/mike54pfeiffer/Desktop/School/ROB599/ROB599_ws/install/hw2/lib/python3.12/site-packages/hw2-0.0.0-py3.12.egg-info
[1.763s] running install_scripts
[1.922s] Installing oscope script to /home/mike54pfeiffer/Desktop/School/ROB599/ROB599_ws/install/hw2/lib/hw2
[1.923s] writing list of installed files to '/home/mike54pfeiffer/Desktop/School/ROB599/ROB599_ws/build/hw2/install.log'
[1.983s] Invoked command in '/home/mike54pfeiffer/Desktop/School/ROB599/ROB599_ws/src/hw2' returned '0': DEBUGINFOD_URLS=https://debuginfod.ubuntu.com PYTHONPATH=/home/mike54pfeiffer/Desktop/School/ROB599/ROB599_ws/build/hw2/prefix_override:/usr/lib/python3/dist-packages/colcon_core/task/python/colcon_distutils_commands:/home/mike54pfeiffer/Desktop/School/ROB599/ROB599_ws/install/hw2/lib/python3.12/site-packages:${PYTHONPATH} /usr/bin/python3 -W ignore:setup.py install is deprecated -W ignore:easy_install command is deprecated setup.py egg_info --egg-base ../../build/hw2 build --build-base /home/mike54pfeiffer/Desktop/School/ROB599/ROB599_ws/build/hw2/build install --record /home/mike54pfeiffer/Desktop/School/ROB599/ROB599_ws/build/hw2/install.log --single-version-externally-managed install_data
