[  1%] Built target rob599_msgs__rosidl_generator_type_description
[  1%] Built target ament_cmake_python_copy_rob599_msgs
[  3%] Built target rob599_msgs__cpp
[ 25%] Built target rob599_msgs__rosidl_generator_c
[ 43%] Built target rob599_msgs__rosidl_typesupport_c
[ 43%] Built target rob599_msgs__rosidl_typesupport_introspection_c
[ 81%] Built target rob599_msgs__rosidl_typesupport_fastrtps_cpp
[ 81%] Built target rob599_msgs__rosidl_typesupport_fastrtps_c
[ 81%] Built target rob599_msgs__rosidl_typesupport_cpp
[ 81%] Built target rob599_msgs__rosidl_typesupport_introspection_cpp
[ 81%] Built target rob599_msgs
[ 82%] Built target rob599_msgs__py
[ 90%] Built target rob599_msgs__rosidl_generator_py
[ 93%] Built target rob599_msgs_s__rosidl_typesupport_fastrtps_c
[ 96%] Built target rob599_msgs_s__rosidl_typesupport_c
[100%] Built target rob599_msgs_s__rosidl_typesupport_introspection_c
running egg_info
writing rob599_msgs.egg-info/PKG-INFO
writing dependency_links to rob599_msgs.egg-info/dependency_links.txt
writing top-level names to rob599_msgs.egg-info/top_level.txt
reading manifest file 'rob599_msgs.egg-info/SOURCES.txt'
writing manifest file 'rob599_msgs.egg-info/SOURCES.txt'
[100%] Built target ament_cmake_python_build_rob599_msgs_egg
