[0.588s] Invoking command in '/home/mike54pfeiffer/Desktop/School/ROB599/ROB599_ws/build/rob599_msgs': CMAKE_PREFIX_PATH=${CMAKE_PREFIX_PATH}:/home/mike54pfeiffer/Desktop/School/ROB599/ROB599_ws/install/rob599_basic:/home/mike54pfeiffer/Desktop/School/ROB599/ROB599_ws/install/hw3:/home/mike54pfeiffer/Desktop/School/ROB599/ROB599_ws/install/hw2:/opt/ros/jazzy DEBUGINFOD_URLS=https://debuginfod.ubuntu.com /usr/bin/cmake --build /home/mike54pfeiffer/Desktop/School/ROB599/ROB599_ws/build/rob599_msgs -- -j12 -l12
[0.659s] [  1%] Built target rob599_msgs__rosidl_generator_type_description
[0.678s] [  1%] Built target ament_cmake_python_copy_rob599_msgs
[0.686s] [  3%] Built target rob599_msgs__cpp
[0.703s] [ 25%] Built target rob599_msgs__rosidl_generator_c
[0.743s] [ 43%] Built target rob599_msgs__rosidl_typesupport_c
[0.744s] [ 43%] Built target rob599_msgs__rosidl_typesupport_introspection_c
[0.749s] [ 81%] Built target rob599_msgs__rosidl_typesupport_fastrtps_cpp
[0.749s] [ 81%] Built target rob599_msgs__rosidl_typesupport_fastrtps_c
[0.749s] [ 81%] Built target rob599_msgs__rosidl_typesupport_cpp
[0.749s] [ 81%] Built target rob599_msgs__rosidl_typesupport_introspection_cpp
[0.772s] [ 81%] Built target rob599_msgs
[0.802s] [ 82%] Built target rob599_msgs__py
[0.838s] [ 90%] Built target rob599_msgs__rosidl_generator_py
[0.864s] [ 93%] Built target rob599_msgs_s__rosidl_typesupport_fastrtps_c
[0.865s] [ 96%] Built target rob599_msgs_s__rosidl_typesupport_c
[0.865s] [100%] Built target rob599_msgs_s__rosidl_typesupport_introspection_c
[0.954s] running egg_info
[0.978s] writing rob599_msgs.egg-info/PKG-INFO
[0.978s] writing dependency_links to rob599_msgs.egg-info/dependency_links.txt
[0.978s] writing top-level names to rob599_msgs.egg-info/top_level.txt
[1.050s] reading manifest file 'rob599_msgs.egg-info/SOURCES.txt'
[1.051s] writing manifest file 'rob599_msgs.egg-info/SOURCES.txt'
[1.084s] [100%] Built target ament_cmake_python_build_rob599_msgs_egg
