[0.136s] DEBUG:colcon:Command line arguments: ['/usr/bin/colcon', 'build']
[0.136s] DEBUG:colcon:Parsed command line arguments: Namespace(log_base=None, log_level=None, verb_name='build', build_base='build', install_base='install', merge_install=False, symlink_install=False, test_result_base=None, continue_on_error=False, executor='parallel', parallel_workers=12, event_handlers=None, ignore_user_meta=False, metas=['./colcon.meta'], base_paths=['.'], packages_ignore=None, packages_ignore_regex=None, paths=None, packages_up_to=None, packages_up_to_regex=None, packages_above=None, packages_above_and_dependencies=None, packages_above_depth=None, packages_select_by_dep=None, packages_skip_by_dep=None, packages_skip_up_to=None, packages_select_build_failed=False, packages_skip_build_finished=False, packages_select_test_failures=False, packages_skip_test_passed=False, packages_select=None, packages_skip=None, packages_select_regex=None, packages_skip_regex=None, packages_start=None, packages_end=None, allow_overriding=[], cmake_args=None, cmake_target=None, cmake_target_skip_unavailable=False, cmake_clean_cache=False, cmake_clean_first=False, cmake_force_configure=False, ament_cmake_args=None, catkin_cmake_args=None, catkin_skip_building_tests=False, mixin_files=None, mixin=None, verb_parser=<colcon_mixin.mixin.mixin_argument.MixinArgumentDecorator object at 0x7ce7f35d30b0>, verb_extension=<colcon_core.verb.build.BuildVerb object at 0x7ce7f35d2cf0>, main=<bound method BuildVerb.main of <colcon_core.verb.build.BuildVerb object at 0x7ce7f35d2cf0>>, mixin_verb=('build',))
[0.183s] Level 1:colcon.colcon_core.package_discovery:discover_packages(colcon_meta) check parameters
[0.183s] Level 1:colcon.colcon_core.package_discovery:discover_packages(recursive) check parameters
[0.183s] Level 1:colcon.colcon_core.package_discovery:discover_packages(ignore) check parameters
[0.183s] Level 1:colcon.colcon_core.package_discovery:discover_packages(path) check parameters
[0.183s] Level 1:colcon.colcon_core.package_discovery:discover_packages(colcon_meta) discover
[0.184s] Level 1:colcon.colcon_core.package_discovery:discover_packages(recursive) discover
[0.184s] INFO:colcon.colcon_core.package_discovery:Crawling recursively for packages in '/home/mike54pfeiffer/Desktop/School/ROB599/ROB599_ws'
[0.184s] Level 1:colcon.colcon_core.package_identification:_identify(.) by extensions ['ignore', 'ignore_ament_install']
[0.184s] Level 1:colcon.colcon_core.package_identification:_identify(.) by extension 'ignore'
[0.184s] Level 1:colcon.colcon_core.package_identification:_identify(.) by extension 'ignore_ament_install'
[0.184s] Level 1:colcon.colcon_core.package_identification:_identify(.) by extensions ['colcon_pkg']
[0.184s] Level 1:colcon.colcon_core.package_identification:_identify(.) by extension 'colcon_pkg'
[0.184s] Level 1:colcon.colcon_core.package_identification:_identify(.) by extensions ['colcon_meta']
[0.184s] Level 1:colcon.colcon_core.package_identification:_identify(.) by extension 'colcon_meta'
[0.184s] Level 1:colcon.colcon_core.package_identification:_identify(.) by extensions ['ros']
[0.184s] Level 1:colcon.colcon_core.package_identification:_identify(.) by extension 'ros'
[0.214s] Level 1:colcon.colcon_core.package_identification:_identify(.) by extensions ['cmake', 'python']
[0.214s] Level 1:colcon.colcon_core.package_identification:_identify(.) by extension 'cmake'
[0.214s] Level 1:colcon.colcon_core.package_identification:_identify(.) by extension 'python'
[0.214s] Level 1:colcon.colcon_core.package_identification:_identify(.) by extensions ['python_setup_py']
[0.214s] Level 1:colcon.colcon_core.package_identification:_identify(.) by extension 'python_setup_py'
[0.215s] Level 1:colcon.colcon_core.package_identification:_identify(build) by extensions ['ignore', 'ignore_ament_install']
[0.215s] Level 1:colcon.colcon_core.package_identification:_identify(build) by extension 'ignore'
[0.215s] Level 1:colcon.colcon_core.package_identification:_identify(build) ignored
[0.215s] Level 1:colcon.colcon_core.package_identification:_identify(install) by extensions ['ignore', 'ignore_ament_install']
[0.215s] Level 1:colcon.colcon_core.package_identification:_identify(install) by extension 'ignore'
[0.215s] Level 1:colcon.colcon_core.package_identification:_identify(install) ignored
[0.215s] Level 1:colcon.colcon_core.package_identification:_identify(log) by extensions ['ignore', 'ignore_ament_install']
[0.215s] Level 1:colcon.colcon_core.package_identification:_identify(log) by extension 'ignore'
[0.215s] Level 1:colcon.colcon_core.package_identification:_identify(log) ignored
[0.215s] Level 1:colcon.colcon_core.package_identification:_identify(src) by extensions ['ignore', 'ignore_ament_install']
[0.216s] Level 1:colcon.colcon_core.package_identification:_identify(src) by extension 'ignore'
[0.216s] Level 1:colcon.colcon_core.package_identification:_identify(src) by extension 'ignore_ament_install'
[0.216s] Level 1:colcon.colcon_core.package_identification:_identify(src) by extensions ['colcon_pkg']
[0.216s] Level 1:colcon.colcon_core.package_identification:_identify(src) by extension 'colcon_pkg'
[0.216s] Level 1:colcon.colcon_core.package_identification:_identify(src) by extensions ['colcon_meta']
[0.216s] Level 1:colcon.colcon_core.package_identification:_identify(src) by extension 'colcon_meta'
[0.216s] Level 1:colcon.colcon_core.package_identification:_identify(src) by extensions ['ros']
[0.216s] Level 1:colcon.colcon_core.package_identification:_identify(src) by extension 'ros'
[0.216s] Level 1:colcon.colcon_core.package_identification:_identify(src) by extensions ['cmake', 'python']
[0.216s] Level 1:colcon.colcon_core.package_identification:_identify(src) by extension 'cmake'
[0.216s] Level 1:colcon.colcon_core.package_identification:_identify(src) by extension 'python'
[0.216s] Level 1:colcon.colcon_core.package_identification:_identify(src) by extensions ['python_setup_py']
[0.216s] Level 1:colcon.colcon_core.package_identification:_identify(src) by extension 'python_setup_py'
[0.216s] Level 1:colcon.colcon_core.package_identification:_identify(src/hw2) by extensions ['ignore', 'ignore_ament_install']
[0.216s] Level 1:colcon.colcon_core.package_identification:_identify(src/hw2) by extension 'ignore'
[0.216s] Level 1:colcon.colcon_core.package_identification:_identify(src/hw2) by extension 'ignore_ament_install'
[0.217s] Level 1:colcon.colcon_core.package_identification:_identify(src/hw2) by extensions ['colcon_pkg']
[0.217s] Level 1:colcon.colcon_core.package_identification:_identify(src/hw2) by extension 'colcon_pkg'
[0.217s] Level 1:colcon.colcon_core.package_identification:_identify(src/hw2) by extensions ['colcon_meta']
[0.217s] Level 1:colcon.colcon_core.package_identification:_identify(src/hw2) by extension 'colcon_meta'
[0.217s] Level 1:colcon.colcon_core.package_identification:_identify(src/hw2) by extensions ['ros']
[0.217s] Level 1:colcon.colcon_core.package_identification:_identify(src/hw2) by extension 'ros'
[0.219s] DEBUG:colcon.colcon_core.package_identification:Package 'src/hw2' with type 'ros.ament_python' and name 'hw2'
[0.220s] Level 1:colcon.colcon_core.package_identification:_identify(src/hw3) by extensions ['ignore', 'ignore_ament_install']
[0.220s] Level 1:colcon.colcon_core.package_identification:_identify(src/hw3) by extension 'ignore'
[0.220s] Level 1:colcon.colcon_core.package_identification:_identify(src/hw3) by extension 'ignore_ament_install'
[0.220s] Level 1:colcon.colcon_core.package_identification:_identify(src/hw3) by extensions ['colcon_pkg']
[0.220s] Level 1:colcon.colcon_core.package_identification:_identify(src/hw3) by extension 'colcon_pkg'
[0.220s] Level 1:colcon.colcon_core.package_identification:_identify(src/hw3) by extensions ['colcon_meta']
[0.220s] Level 1:colcon.colcon_core.package_identification:_identify(src/hw3) by extension 'colcon_meta'
[0.220s] Level 1:colcon.colcon_core.package_identification:_identify(src/hw3) by extensions ['ros']
[0.220s] Level 1:colcon.colcon_core.package_identification:_identify(src/hw3) by extension 'ros'
[0.221s] DEBUG:colcon.colcon_core.package_identification:Package 'src/hw3' with type 'ros.ament_python' and name 'hw3'
[0.221s] Level 1:colcon.colcon_core.package_identification:_identify(src/hw3_interfaces) by extensions ['ignore', 'ignore_ament_install']
[0.221s] Level 1:colcon.colcon_core.package_identification:_identify(src/hw3_interfaces) by extension 'ignore'
[0.221s] Level 1:colcon.colcon_core.package_identification:_identify(src/hw3_interfaces) by extension 'ignore_ament_install'
[0.221s] Level 1:colcon.colcon_core.package_identification:_identify(src/hw3_interfaces) by extensions ['colcon_pkg']
[0.221s] Level 1:colcon.colcon_core.package_identification:_identify(src/hw3_interfaces) by extension 'colcon_pkg'
[0.221s] Level 1:colcon.colcon_core.package_identification:_identify(src/hw3_interfaces) by extensions ['colcon_meta']
[0.221s] Level 1:colcon.colcon_core.package_identification:_identify(src/hw3_interfaces) by extension 'colcon_meta'
[0.221s] Level 1:colcon.colcon_core.package_identification:_identify(src/hw3_interfaces) by extensions ['ros']
[0.221s] Level 1:colcon.colcon_core.package_identification:_identify(src/hw3_interfaces) by extension 'ros'
[0.222s] DEBUG:colcon.colcon_core.package_identification:Package 'src/hw3_interfaces' with type 'ros.ament_cmake' and name 'hw3_interfaces'
[0.222s] Level 1:colcon.colcon_core.package_identification:_identify(src/rob599_basic) by extensions ['ignore', 'ignore_ament_install']
[0.222s] Level 1:colcon.colcon_core.package_identification:_identify(src/rob599_basic) by extension 'ignore'
[0.222s] Level 1:colcon.colcon_core.package_identification:_identify(src/rob599_basic) by extension 'ignore_ament_install'
[0.222s] Level 1:colcon.colcon_core.package_identification:_identify(src/rob599_basic) by extensions ['colcon_pkg']
[0.222s] Level 1:colcon.colcon_core.package_identification:_identify(src/rob599_basic) by extension 'colcon_pkg'
[0.222s] Level 1:colcon.colcon_core.package_identification:_identify(src/rob599_basic) by extensions ['colcon_meta']
[0.222s] Level 1:colcon.colcon_core.package_identification:_identify(src/rob599_basic) by extension 'colcon_meta'
[0.222s] Level 1:colcon.colcon_core.package_identification:_identify(src/rob599_basic) by extensions ['ros']
[0.222s] Level 1:colcon.colcon_core.package_identification:_identify(src/rob599_basic) by extension 'ros'
[0.223s] DEBUG:colcon.colcon_core.package_identification:Package 'src/rob599_basic' with type 'ros.ament_python' and name 'rob599_basic'
[0.223s] Level 1:colcon.colcon_core.package_identification:_identify(src/rob599_msgs) by extensions ['ignore', 'ignore_ament_install']
[0.223s] Level 1:colcon.colcon_core.package_identification:_identify(src/rob599_msgs) by extension 'ignore'
[0.223s] Level 1:colcon.colcon_core.package_identification:_identify(src/rob599_msgs) by extension 'ignore_ament_install'
[0.223s] Level 1:colcon.colcon_core.package_identification:_identify(src/rob599_msgs) by extensions ['colcon_pkg']
[0.223s] Level 1:colcon.colcon_core.package_identification:_identify(src/rob599_msgs) by extension 'colcon_pkg'
[0.223s] Level 1:colcon.colcon_core.package_identification:_identify(src/rob599_msgs) by extensions ['colcon_meta']
[0.223s] Level 1:colcon.colcon_core.package_identification:_identify(src/rob599_msgs) by extension 'colcon_meta'
[0.224s] Level 1:colcon.colcon_core.package_identification:_identify(src/rob599_msgs) by extensions ['ros']
[0.224s] Level 1:colcon.colcon_core.package_identification:_identify(src/rob599_msgs) by extension 'ros'
[0.224s] DEBUG:colcon.colcon_core.package_identification:Package 'src/rob599_msgs' with type 'ros.ament_cmake' and name 'rob599_msgs'
[0.224s] Level 1:colcon.colcon_core.package_discovery:discover_packages(recursive) using defaults
[0.224s] Level 1:colcon.colcon_core.package_discovery:discover_packages(ignore) discover
[0.224s] Level 1:colcon.colcon_core.package_discovery:discover_packages(ignore) using defaults
[0.224s] Level 1:colcon.colcon_core.package_discovery:discover_packages(path) discover
[0.224s] Level 1:colcon.colcon_core.package_discovery:discover_packages(path) using defaults
[0.246s] Level 1:colcon.colcon_core.package_discovery:discover_packages(prefix_path) check parameters
[0.246s] Level 1:colcon.colcon_core.package_discovery:discover_packages(prefix_path) discover
[0.248s] DEBUG:colcon.colcon_installed_package_information.package_discovery:Found 5 installed packages in /home/mike54pfeiffer/Desktop/School/ROB599/ROB599_ws/install
[0.250s] DEBUG:colcon.colcon_installed_package_information.package_discovery:Found 318 installed packages in /opt/ros/jazzy
[0.252s] Level 1:colcon.colcon_core.package_discovery:discover_packages(prefix_path) using defaults
[0.305s] Level 5:colcon.colcon_core.verb:set package 'hw2' build argument 'cmake_args' from command line to 'None'
[0.305s] Level 5:colcon.colcon_core.verb:set package 'hw2' build argument 'cmake_target' from command line to 'None'
[0.305s] Level 5:colcon.colcon_core.verb:set package 'hw2' build argument 'cmake_target_skip_unavailable' from command line to 'False'
[0.305s] Level 5:colcon.colcon_core.verb:set package 'hw2' build argument 'cmake_clean_cache' from command line to 'False'
[0.305s] Level 5:colcon.colcon_core.verb:set package 'hw2' build argument 'cmake_clean_first' from command line to 'False'
[0.305s] Level 5:colcon.colcon_core.verb:set package 'hw2' build argument 'cmake_force_configure' from command line to 'False'
[0.305s] Level 5:colcon.colcon_core.verb:set package 'hw2' build argument 'ament_cmake_args' from command line to 'None'
[0.305s] Level 5:colcon.colcon_core.verb:set package 'hw2' build argument 'catkin_cmake_args' from command line to 'None'
[0.305s] Level 5:colcon.colcon_core.verb:set package 'hw2' build argument 'catkin_skip_building_tests' from command line to 'False'
[0.305s] DEBUG:colcon.colcon_core.verb:Building package 'hw2' with the following arguments: {'ament_cmake_args': None, 'build_base': '/home/mike54pfeiffer/Desktop/School/ROB599/ROB599_ws/build/hw2', 'catkin_cmake_args': None, 'catkin_skip_building_tests': False, 'cmake_args': None, 'cmake_clean_cache': False, 'cmake_clean_first': False, 'cmake_force_configure': False, 'cmake_target': None, 'cmake_target_skip_unavailable': False, 'install_base': '/home/mike54pfeiffer/Desktop/School/ROB599/ROB599_ws/install/hw2', 'merge_install': False, 'path': '/home/mike54pfeiffer/Desktop/School/ROB599/ROB599_ws/src/hw2', 'symlink_install': False, 'test_result_base': None}
[0.305s] Level 5:colcon.colcon_core.verb:set package 'hw3_interfaces' build argument 'cmake_args' from command line to 'None'
[0.305s] Level 5:colcon.colcon_core.verb:set package 'hw3_interfaces' build argument 'cmake_target' from command line to 'None'
[0.305s] Level 5:colcon.colcon_core.verb:set package 'hw3_interfaces' build argument 'cmake_target_skip_unavailable' from command line to 'False'
[0.305s] Level 5:colcon.colcon_core.verb:set package 'hw3_interfaces' build argument 'cmake_clean_cache' from command line to 'False'
[0.305s] Level 5:colcon.colcon_core.verb:set package 'hw3_interfaces' build argument 'cmake_clean_first' from command line to 'False'
[0.305s] Level 5:colcon.colcon_core.verb:set package 'hw3_interfaces' build argument 'cmake_force_configure' from command line to 'False'
[0.305s] Level 5:colcon.colcon_core.verb:set package 'hw3_interfaces' build argument 'ament_cmake_args' from command line to 'None'
[0.305s] Level 5:colcon.colcon_core.verb:set package 'hw3_interfaces' build argument 'catkin_cmake_args' from command line to 'None'
[0.305s] Level 5:colcon.colcon_core.verb:set package 'hw3_interfaces' build argument 'catkin_skip_building_tests' from command line to 'False'
[0.305s] DEBUG:colcon.colcon_core.verb:Building package 'hw3_interfaces' with the following arguments: {'ament_cmake_args': None, 'build_base': '/home/mike54pfeiffer/Desktop/School/ROB599/ROB599_ws/build/hw3_interfaces', 'catkin_cmake_args': None, 'catkin_skip_building_tests': False, 'cmake_args': None, 'cmake_clean_cache': False, 'cmake_clean_first': False, 'cmake_force_configure': False, 'cmake_target': None, 'cmake_target_skip_unavailable': False, 'install_base': '/home/mike54pfeiffer/Desktop/School/ROB599/ROB599_ws/install/hw3_interfaces', 'merge_install': False, 'path': '/home/mike54pfeiffer/Desktop/School/ROB599/ROB599_ws/src/hw3_interfaces', 'symlink_install': False, 'test_result_base': None}
[0.306s] Level 5:colcon.colcon_core.verb:set package 'rob599_basic' build argument 'cmake_args' from command line to 'None'
[0.306s] Level 5:colcon.colcon_core.verb:set package 'rob599_basic' build argument 'cmake_target' from command line to 'None'
[0.306s] Level 5:colcon.colcon_core.verb:set package 'rob599_basic' build argument 'cmake_target_skip_unavailable' from command line to 'False'
[0.306s] Level 5:colcon.colcon_core.verb:set package 'rob599_basic' build argument 'cmake_clean_cache' from command line to 'False'
[0.306s] Level 5:colcon.colcon_core.verb:set package 'rob599_basic' build argument 'cmake_clean_first' from command line to 'False'
[0.306s] Level 5:colcon.colcon_core.verb:set package 'rob599_basic' build argument 'cmake_force_configure' from command line to 'False'
[0.306s] Level 5:colcon.colcon_core.verb:set package 'rob599_basic' build argument 'ament_cmake_args' from command line to 'None'
[0.306s] Level 5:colcon.colcon_core.verb:set package 'rob599_basic' build argument 'catkin_cmake_args' from command line to 'None'
[0.306s] Level 5:colcon.colcon_core.verb:set package 'rob599_basic' build argument 'catkin_skip_building_tests' from command line to 'False'
[0.306s] DEBUG:colcon.colcon_core.verb:Building package 'rob599_basic' with the following arguments: {'ament_cmake_args': None, 'build_base': '/home/mike54pfeiffer/Desktop/School/ROB599/ROB599_ws/build/rob599_basic', 'catkin_cmake_args': None, 'catkin_skip_building_tests': False, 'cmake_args': None, 'cmake_clean_cache': False, 'cmake_clean_first': False, 'cmake_force_configure': False, 'cmake_target': None, 'cmake_target_skip_unavailable': False, 'install_base': '/home/mike54pfeiffer/Desktop/School/ROB599/ROB599_ws/install/rob599_basic', 'merge_install': False, 'path': '/home/mike54pfeiffer/Desktop/School/ROB599/ROB599_ws/src/rob599_basic', 'symlink_install': False, 'test_result_base': None}
[0.306s] Level 5:colcon.colcon_core.verb:set package 'rob599_msgs' build argument 'cmake_args' from command line to 'None'
[0.306s] Level 5:colcon.colcon_core.verb:set package 'rob599_msgs' build argument 'cmake_target' from command line to 'None'
[0.306s] Level 5:colcon.colcon_core.verb:set package 'rob599_msgs' build argument 'cmake_target_skip_unavailable' from command line to 'False'
[0.306s] Level 5:colcon.colcon_core.verb:set package 'rob599_msgs' build argument 'cmake_clean_cache' from command line to 'False'
[0.306s] Level 5:colcon.colcon_core.verb:set package 'rob599_msgs' build argument 'cmake_clean_first' from command line to 'False'
[0.306s] Level 5:colcon.colcon_core.verb:set package 'rob599_msgs' build argument 'cmake_force_configure' from command line to 'False'
[0.306s] Level 5:colcon.colcon_core.verb:set package 'rob599_msgs' build argument 'ament_cmake_args' from command line to 'None'
[0.306s] Level 5:colcon.colcon_core.verb:set package 'rob599_msgs' build argument 'catkin_cmake_args' from command line to 'None'
[0.306s] Level 5:colcon.colcon_core.verb:set package 'rob599_msgs' build argument 'catkin_skip_building_tests' from command line to 'False'
[0.306s] DEBUG:colcon.colcon_core.verb:Building package 'rob599_msgs' with the following arguments: {'ament_cmake_args': None, 'build_base': '/home/mike54pfeiffer/Desktop/School/ROB599/ROB599_ws/build/rob599_msgs', 'catkin_cmake_args': None, 'catkin_skip_building_tests': False, 'cmake_args': None, 'cmake_clean_cache': False, 'cmake_clean_first': False, 'cmake_force_configure': False, 'cmake_target': None, 'cmake_target_skip_unavailable': False, 'install_base': '/home/mike54pfeiffer/Desktop/School/ROB599/ROB599_ws/install/rob599_msgs', 'merge_install': False, 'path': '/home/mike54pfeiffer/Desktop/School/ROB599/ROB599_ws/src/rob599_msgs', 'symlink_install': False, 'test_result_base': None}
[0.307s] Level 5:colcon.colcon_core.verb:set package 'hw3' build argument 'cmake_args' from command line to 'None'
[0.307s] Level 5:colcon.colcon_core.verb:set package 'hw3' build argument 'cmake_target' from command line to 'None'
[0.307s] Level 5:colcon.colcon_core.verb:set package 'hw3' build argument 'cmake_target_skip_unavailable' from command line to 'False'
[0.307s] Level 5:colcon.colcon_core.verb:set package 'hw3' build argument 'cmake_clean_cache' from command line to 'False'
[0.307s] Level 5:colcon.colcon_core.verb:set package 'hw3' build argument 'cmake_clean_first' from command line to 'False'
[0.307s] Level 5:colcon.colcon_core.verb:set package 'hw3' build argument 'cmake_force_configure' from command line to 'False'
[0.307s] Level 5:colcon.colcon_core.verb:set package 'hw3' build argument 'ament_cmake_args' from command line to 'None'
[0.307s] Level 5:colcon.colcon_core.verb:set package 'hw3' build argument 'catkin_cmake_args' from command line to 'None'
[0.307s] Level 5:colcon.colcon_core.verb:set package 'hw3' build argument 'catkin_skip_building_tests' from command line to 'False'
[0.307s] DEBUG:colcon.colcon_core.verb:Building package 'hw3' with the following arguments: {'ament_cmake_args': None, 'build_base': '/home/mike54pfeiffer/Desktop/School/ROB599/ROB599_ws/build/hw3', 'catkin_cmake_args': None, 'catkin_skip_building_tests': False, 'cmake_args': None, 'cmake_clean_cache': False, 'cmake_clean_first': False, 'cmake_force_configure': False, 'cmake_target': None, 'cmake_target_skip_unavailable': False, 'install_base': '/home/mike54pfeiffer/Desktop/School/ROB599/ROB599_ws/install/hw3', 'merge_install': False, 'path': '/home/mike54pfeiffer/Desktop/School/ROB599/ROB599_ws/src/hw3', 'symlink_install': False, 'test_result_base': None}
[0.307s] INFO:colcon.colcon_core.executor:Executing jobs using 'parallel' executor
[0.308s] DEBUG:colcon.colcon_parallel_executor.executor.parallel:run_until_complete
[0.308s] INFO:colcon.colcon_ros.task.ament_cmake.build:Building ROS package in '/home/mike54pfeiffer/Desktop/School/ROB599/ROB599_ws/src/hw3_interfaces' with build type 'ament_cmake'
[0.308s] INFO:colcon.colcon_cmake.task.cmake.build:Building CMake package in '/home/mike54pfeiffer/Desktop/School/ROB599/ROB599_ws/src/hw3_interfaces'
[0.311s] INFO:colcon.colcon_core.plugin_system:Skipping extension 'colcon_core.shell.bat': Not used on non-Windows systems
[0.311s] INFO:colcon.colcon_core.shell:Skip shell extension 'powershell' for command environment: Not usable outside of PowerShell
[0.311s] DEBUG:colcon.colcon_core.shell:Skip shell extension 'dsv' for command environment
[0.316s] INFO:colcon.colcon_ros.task.ament_python.build:Building ROS package in '/home/mike54pfeiffer/Desktop/School/ROB599/ROB599_ws/src/hw2' with build type 'ament_python'
[0.316s] Level 1:colcon.colcon_core.shell:create_environment_hook('hw2', 'ament_prefix_path')
[0.316s] INFO:colcon.colcon_core.shell:Creating environment hook '/home/mike54pfeiffer/Desktop/School/ROB599/ROB599_ws/install/hw2/share/hw2/hook/ament_prefix_path.ps1'
[0.317s] INFO:colcon.colcon_core.shell:Creating environment descriptor '/home/mike54pfeiffer/Desktop/School/ROB599/ROB599_ws/install/hw2/share/hw2/hook/ament_prefix_path.dsv'
[0.318s] INFO:colcon.colcon_core.shell:Creating environment hook '/home/mike54pfeiffer/Desktop/School/ROB599/ROB599_ws/install/hw2/share/hw2/hook/ament_prefix_path.sh'
[0.319s] INFO:colcon.colcon_core.shell:Skip shell extension 'powershell' for command environment: Not usable outside of PowerShell
[0.319s] DEBUG:colcon.colcon_core.shell:Skip shell extension 'dsv' for command environment
[0.323s] INFO:colcon.colcon_ros.task.ament_python.build:Building ROS package in '/home/mike54pfeiffer/Desktop/School/ROB599/ROB599_ws/src/rob599_basic' with build type 'ament_python'
[0.323s] Level 1:colcon.colcon_core.shell:create_environment_hook('rob599_basic', 'ament_prefix_path')
[0.324s] INFO:colcon.colcon_core.shell:Creating environment hook '/home/mike54pfeiffer/Desktop/School/ROB599/ROB599_ws/install/rob599_basic/share/rob599_basic/hook/ament_prefix_path.ps1'
[0.325s] INFO:colcon.colcon_core.shell:Creating environment descriptor '/home/mike54pfeiffer/Desktop/School/ROB599/ROB599_ws/install/rob599_basic/share/rob599_basic/hook/ament_prefix_path.dsv'
[0.325s] INFO:colcon.colcon_core.shell:Creating environment hook '/home/mike54pfeiffer/Desktop/School/ROB599/ROB599_ws/install/rob599_basic/share/rob599_basic/hook/ament_prefix_path.sh'
[0.326s] INFO:colcon.colcon_core.shell:Skip shell extension 'powershell' for command environment: Not usable outside of PowerShell
[0.326s] DEBUG:colcon.colcon_core.shell:Skip shell extension 'dsv' for command environment
[0.332s] INFO:colcon.colcon_ros.task.ament_cmake.build:Building ROS package in '/home/mike54pfeiffer/Desktop/School/ROB599/ROB599_ws/src/rob599_msgs' with build type 'ament_cmake'
[0.332s] INFO:colcon.colcon_cmake.task.cmake.build:Building CMake package in '/home/mike54pfeiffer/Desktop/School/ROB599/ROB599_ws/src/rob599_msgs'
[0.332s] INFO:colcon.colcon_core.shell:Skip shell extension 'powershell' for command environment: Not usable outside of PowerShell
[0.332s] DEBUG:colcon.colcon_core.shell:Skip shell extension 'dsv' for command environment
[0.344s] DEBUG:colcon.colcon_core.event_handler.log_command:Invoking command in '/home/mike54pfeiffer/Desktop/School/ROB599/ROB599_ws/build/hw3_interfaces': CMAKE_PREFIX_PATH=${CMAKE_PREFIX_PATH}:/home/mike54pfeiffer/Desktop/School/ROB599/ROB599_ws/install/rob599_basic:/home/mike54pfeiffer/Desktop/School/ROB599/ROB599_ws/install/hw3:/home/mike54pfeiffer/Desktop/School/ROB599/ROB599_ws/install/hw2:/opt/ros/jazzy DEBUGINFOD_URLS=https://debuginfod.ubuntu.com /usr/bin/cmake --build /home/mike54pfeiffer/Desktop/School/ROB599/ROB599_ws/build/hw3_interfaces -- -j12 -l12
[0.611s] INFO:colcon.colcon_core.task.python.build:Building Python package in '/home/mike54pfeiffer/Desktop/School/ROB599/ROB599_ws/src/hw2'
[0.611s] INFO:colcon.colcon_core.shell:Skip shell extension 'powershell' for command environment: Not usable outside of PowerShell
[0.611s] DEBUG:colcon.colcon_core.shell:Skip shell extension 'dsv' for command environment
[0.866s] INFO:colcon.colcon_core.task.python.build:Building Python package in '/home/mike54pfeiffer/Desktop/School/ROB599/ROB599_ws/src/rob599_basic'
[0.866s] INFO:colcon.colcon_core.shell:Skip shell extension 'powershell' for command environment: Not usable outside of PowerShell
[0.866s] DEBUG:colcon.colcon_core.shell:Skip shell extension 'dsv' for command environment
[0.875s] DEBUG:colcon.colcon_core.event_handler.log_command:Invoking command in '/home/mike54pfeiffer/Desktop/School/ROB599/ROB599_ws/build/rob599_msgs': CMAKE_PREFIX_PATH=${CMAKE_PREFIX_PATH}:/home/mike54pfeiffer/Desktop/School/ROB599/ROB599_ws/install/rob599_basic:/home/mike54pfeiffer/Desktop/School/ROB599/ROB599_ws/install/hw3:/home/mike54pfeiffer/Desktop/School/ROB599/ROB599_ws/install/hw2:/opt/ros/jazzy DEBUGINFOD_URLS=https://debuginfod.ubuntu.com /usr/bin/cmake --build /home/mike54pfeiffer/Desktop/School/ROB599/ROB599_ws/build/rob599_msgs -- -j12 -l12
[0.875s] DEBUG:colcon.colcon_core.event_handler.log_command:Invoked command in '/home/mike54pfeiffer/Desktop/School/ROB599/ROB599_ws/build/hw3_interfaces' returned '0': CMAKE_PREFIX_PATH=${CMAKE_PREFIX_PATH}:/home/mike54pfeiffer/Desktop/School/ROB599/ROB599_ws/install/rob599_basic:/home/mike54pfeiffer/Desktop/School/ROB599/ROB599_ws/install/hw3:/home/mike54pfeiffer/Desktop/School/ROB599/ROB599_ws/install/hw2:/opt/ros/jazzy DEBUGINFOD_URLS=https://debuginfod.ubuntu.com /usr/bin/cmake --build /home/mike54pfeiffer/Desktop/School/ROB599/ROB599_ws/build/hw3_interfaces -- -j12 -l12
[0.885s] DEBUG:colcon.colcon_core.event_handler.log_command:Invoking command in '/home/mike54pfeiffer/Desktop/School/ROB599/ROB599_ws/build/hw3_interfaces': CMAKE_PREFIX_PATH=${CMAKE_PREFIX_PATH}:/home/mike54pfeiffer/Desktop/School/ROB599/ROB599_ws/install/rob599_basic:/home/mike54pfeiffer/Desktop/School/ROB599/ROB599_ws/install/hw3:/home/mike54pfeiffer/Desktop/School/ROB599/ROB599_ws/install/hw2:/opt/ros/jazzy DEBUGINFOD_URLS=https://debuginfod.ubuntu.com /usr/bin/cmake --install /home/mike54pfeiffer/Desktop/School/ROB599/ROB599_ws/build/hw3_interfaces
[0.965s] Level 1:colcon.colcon_core.environment:create_environment_scripts_only(hw3_interfaces)
[0.967s] DEBUG:colcon.colcon_core.event_handler.log_command:Invoked command in '/home/mike54pfeiffer/Desktop/School/ROB599/ROB599_ws/build/hw3_interfaces' returned '0': CMAKE_PREFIX_PATH=${CMAKE_PREFIX_PATH}:/home/mike54pfeiffer/Desktop/School/ROB599/ROB599_ws/install/rob599_basic:/home/mike54pfeiffer/Desktop/School/ROB599/ROB599_ws/install/hw3:/home/mike54pfeiffer/Desktop/School/ROB599/ROB599_ws/install/hw2:/opt/ros/jazzy DEBUGINFOD_URLS=https://debuginfod.ubuntu.com /usr/bin/cmake --install /home/mike54pfeiffer/Desktop/School/ROB599/ROB599_ws/build/hw3_interfaces
[0.969s] Level 1:colcon.colcon_core.environment:checking '/home/mike54pfeiffer/Desktop/School/ROB599/ROB599_ws/install/hw3_interfaces' for CMake module files
[0.970s] Level 1:colcon.colcon_core.environment:checking '/home/mike54pfeiffer/Desktop/School/ROB599/ROB599_ws/install/hw3_interfaces' for CMake config files
[0.970s] Level 1:colcon.colcon_core.shell:create_environment_hook('hw3_interfaces', 'cmake_prefix_path')
[0.971s] INFO:colcon.colcon_core.shell:Creating environment hook '/home/mike54pfeiffer/Desktop/School/ROB599/ROB599_ws/install/hw3_interfaces/share/hw3_interfaces/hook/cmake_prefix_path.ps1'
[0.971s] INFO:colcon.colcon_core.shell:Creating environment descriptor '/home/mike54pfeiffer/Desktop/School/ROB599/ROB599_ws/install/hw3_interfaces/share/hw3_interfaces/hook/cmake_prefix_path.dsv'
[0.972s] INFO:colcon.colcon_core.shell:Creating environment hook '/home/mike54pfeiffer/Desktop/School/ROB599/ROB599_ws/install/hw3_interfaces/share/hw3_interfaces/hook/cmake_prefix_path.sh'
[0.973s] Level 1:colcon.colcon_core.environment:checking '/home/mike54pfeiffer/Desktop/School/ROB599/ROB599_ws/install/hw3_interfaces/lib'
[0.973s] Level 1:colcon.colcon_core.shell:create_environment_hook('hw3_interfaces', 'ld_library_path_lib')
[0.973s] INFO:colcon.colcon_core.shell:Creating environment hook '/home/mike54pfeiffer/Desktop/School/ROB599/ROB599_ws/install/hw3_interfaces/share/hw3_interfaces/hook/ld_library_path_lib.ps1'
[0.974s] INFO:colcon.colcon_core.shell:Creating environment descriptor '/home/mike54pfeiffer/Desktop/School/ROB599/ROB599_ws/install/hw3_interfaces/share/hw3_interfaces/hook/ld_library_path_lib.dsv'
[0.975s] INFO:colcon.colcon_core.shell:Creating environment hook '/home/mike54pfeiffer/Desktop/School/ROB599/ROB599_ws/install/hw3_interfaces/share/hw3_interfaces/hook/ld_library_path_lib.sh'
[0.976s] Level 1:colcon.colcon_core.environment:checking '/home/mike54pfeiffer/Desktop/School/ROB599/ROB599_ws/install/hw3_interfaces/bin'
[0.976s] Level 1:colcon.colcon_core.environment:checking '/home/mike54pfeiffer/Desktop/School/ROB599/ROB599_ws/install/hw3_interfaces/lib/pkgconfig/hw3_interfaces.pc'
[0.976s] Level 1:colcon.colcon_core.environment:checking '/home/mike54pfeiffer/Desktop/School/ROB599/ROB599_ws/install/hw3_interfaces/lib/python3.12/site-packages'
[0.976s] Level 1:colcon.colcon_core.shell:create_environment_hook('hw3_interfaces', 'pythonpath')
[0.977s] INFO:colcon.colcon_core.shell:Creating environment hook '/home/mike54pfeiffer/Desktop/School/ROB599/ROB599_ws/install/hw3_interfaces/share/hw3_interfaces/hook/pythonpath.ps1'
[0.977s] INFO:colcon.colcon_core.shell:Creating environment descriptor '/home/mike54pfeiffer/Desktop/School/ROB599/ROB599_ws/install/hw3_interfaces/share/hw3_interfaces/hook/pythonpath.dsv'
[0.978s] INFO:colcon.colcon_core.shell:Creating environment hook '/home/mike54pfeiffer/Desktop/School/ROB599/ROB599_ws/install/hw3_interfaces/share/hw3_interfaces/hook/pythonpath.sh'
[0.978s] Level 1:colcon.colcon_core.environment:checking '/home/mike54pfeiffer/Desktop/School/ROB599/ROB599_ws/install/hw3_interfaces/bin'
[0.979s] INFO:colcon.colcon_core.shell:Creating package script '/home/mike54pfeiffer/Desktop/School/ROB599/ROB599_ws/install/hw3_interfaces/share/hw3_interfaces/package.ps1'
[0.980s] INFO:colcon.colcon_core.shell:Creating package descriptor '/home/mike54pfeiffer/Desktop/School/ROB599/ROB599_ws/install/hw3_interfaces/share/hw3_interfaces/package.dsv'
[0.981s] INFO:colcon.colcon_core.shell:Creating package script '/home/mike54pfeiffer/Desktop/School/ROB599/ROB599_ws/install/hw3_interfaces/share/hw3_interfaces/package.sh'
[0.982s] INFO:colcon.colcon_core.shell:Creating package script '/home/mike54pfeiffer/Desktop/School/ROB599/ROB599_ws/install/hw3_interfaces/share/hw3_interfaces/package.bash'
[0.983s] INFO:colcon.colcon_core.shell:Creating package script '/home/mike54pfeiffer/Desktop/School/ROB599/ROB599_ws/install/hw3_interfaces/share/hw3_interfaces/package.zsh'
[0.984s] Level 1:colcon.colcon_core.environment:create_file_with_runtime_dependencies(/home/mike54pfeiffer/Desktop/School/ROB599/ROB599_ws/install/hw3_interfaces/share/colcon-core/packages/hw3_interfaces)
[0.985s] Level 1:colcon.colcon_core.environment:create_environment_scripts_only(hw3_interfaces)
[0.985s] Level 1:colcon.colcon_core.environment:checking '/home/mike54pfeiffer/Desktop/School/ROB599/ROB599_ws/install/hw3_interfaces' for CMake module files
[0.986s] Level 1:colcon.colcon_core.environment:checking '/home/mike54pfeiffer/Desktop/School/ROB599/ROB599_ws/install/hw3_interfaces' for CMake config files
[0.986s] Level 1:colcon.colcon_core.shell:create_environment_hook('hw3_interfaces', 'cmake_prefix_path')
[0.987s] INFO:colcon.colcon_core.shell:Creating environment hook '/home/mike54pfeiffer/Desktop/School/ROB599/ROB599_ws/install/hw3_interfaces/share/hw3_interfaces/hook/cmake_prefix_path.ps1'
[0.987s] INFO:colcon.colcon_core.shell:Creating environment descriptor '/home/mike54pfeiffer/Desktop/School/ROB599/ROB599_ws/install/hw3_interfaces/share/hw3_interfaces/hook/cmake_prefix_path.dsv'
[0.988s] INFO:colcon.colcon_core.shell:Creating environment hook '/home/mike54pfeiffer/Desktop/School/ROB599/ROB599_ws/install/hw3_interfaces/share/hw3_interfaces/hook/cmake_prefix_path.sh'
[0.989s] Level 1:colcon.colcon_core.environment:checking '/home/mike54pfeiffer/Desktop/School/ROB599/ROB599_ws/install/hw3_interfaces/lib'
[0.989s] Level 1:colcon.colcon_core.shell:create_environment_hook('hw3_interfaces', 'ld_library_path_lib')
[0.989s] INFO:colcon.colcon_core.shell:Creating environment hook '/home/mike54pfeiffer/Desktop/School/ROB599/ROB599_ws/install/hw3_interfaces/share/hw3_interfaces/hook/ld_library_path_lib.ps1'
[0.990s] INFO:colcon.colcon_core.shell:Creating environment descriptor '/home/mike54pfeiffer/Desktop/School/ROB599/ROB599_ws/install/hw3_interfaces/share/hw3_interfaces/hook/ld_library_path_lib.dsv'
[0.990s] INFO:colcon.colcon_core.shell:Creating environment hook '/home/mike54pfeiffer/Desktop/School/ROB599/ROB599_ws/install/hw3_interfaces/share/hw3_interfaces/hook/ld_library_path_lib.sh'
[0.991s] Level 1:colcon.colcon_core.environment:checking '/home/mike54pfeiffer/Desktop/School/ROB599/ROB599_ws/install/hw3_interfaces/bin'
[0.991s] Level 1:colcon.colcon_core.environment:checking '/home/mike54pfeiffer/Desktop/School/ROB599/ROB599_ws/install/hw3_interfaces/lib/pkgconfig/hw3_interfaces.pc'
[0.991s] Level 1:colcon.colcon_core.environment:checking '/home/mike54pfeiffer/Desktop/School/ROB599/ROB599_ws/install/hw3_interfaces/lib/python3.12/site-packages'
[0.992s] Level 1:colcon.colcon_core.shell:create_environment_hook('hw3_interfaces', 'pythonpath')
[0.992s] INFO:colcon.colcon_core.shell:Creating environment hook '/home/mike54pfeiffer/Desktop/School/ROB599/ROB599_ws/install/hw3_interfaces/share/hw3_interfaces/hook/pythonpath.ps1'
[0.993s] INFO:colcon.colcon_core.shell:Creating environment descriptor '/home/mike54pfeiffer/Desktop/School/ROB599/ROB599_ws/install/hw3_interfaces/share/hw3_interfaces/hook/pythonpath.dsv'
[0.993s] INFO:colcon.colcon_core.shell:Creating environment hook '/home/mike54pfeiffer/Desktop/School/ROB599/ROB599_ws/install/hw3_interfaces/share/hw3_interfaces/hook/pythonpath.sh'
[0.994s] Level 1:colcon.colcon_core.environment:checking '/home/mike54pfeiffer/Desktop/School/ROB599/ROB599_ws/install/hw3_interfaces/bin'
[0.994s] INFO:colcon.colcon_core.shell:Creating package script '/home/mike54pfeiffer/Desktop/School/ROB599/ROB599_ws/install/hw3_interfaces/share/hw3_interfaces/package.ps1'
[0.995s] INFO:colcon.colcon_core.shell:Creating package descriptor '/home/mike54pfeiffer/Desktop/School/ROB599/ROB599_ws/install/hw3_interfaces/share/hw3_interfaces/package.dsv'
[0.996s] INFO:colcon.colcon_core.shell:Creating package script '/home/mike54pfeiffer/Desktop/School/ROB599/ROB599_ws/install/hw3_interfaces/share/hw3_interfaces/package.sh'
[0.997s] INFO:colcon.colcon_core.shell:Creating package script '/home/mike54pfeiffer/Desktop/School/ROB599/ROB599_ws/install/hw3_interfaces/share/hw3_interfaces/package.bash'
[0.997s] INFO:colcon.colcon_core.shell:Creating package script '/home/mike54pfeiffer/Desktop/School/ROB599/ROB599_ws/install/hw3_interfaces/share/hw3_interfaces/package.zsh'
[0.998s] Level 1:colcon.colcon_core.environment:create_file_with_runtime_dependencies(/home/mike54pfeiffer/Desktop/School/ROB599/ROB599_ws/install/hw3_interfaces/share/colcon-core/packages/hw3_interfaces)
[0.998s] INFO:colcon.colcon_ros.task.ament_python.build:Building ROS package in '/home/mike54pfeiffer/Desktop/School/ROB599/ROB599_ws/src/hw3' with build type 'ament_python'
[0.999s] Level 1:colcon.colcon_core.shell:create_environment_hook('hw3', 'ament_prefix_path')
[0.999s] INFO:colcon.colcon_core.shell:Creating environment hook '/home/mike54pfeiffer/Desktop/School/ROB599/ROB599_ws/install/hw3/share/hw3/hook/ament_prefix_path.ps1'
[1.000s] INFO:colcon.colcon_core.shell:Creating environment descriptor '/home/mike54pfeiffer/Desktop/School/ROB599/ROB599_ws/install/hw3/share/hw3/hook/ament_prefix_path.dsv'
[1.001s] INFO:colcon.colcon_core.shell:Creating environment hook '/home/mike54pfeiffer/Desktop/School/ROB599/ROB599_ws/install/hw3/share/hw3/hook/ament_prefix_path.sh'
[1.002s] INFO:colcon.colcon_core.shell:Skip shell extension 'powershell' for command environment: Not usable outside of PowerShell
[1.002s] DEBUG:colcon.colcon_core.shell:Skip shell extension 'dsv' for command environment
[1.273s] INFO:colcon.colcon_core.task.python.build:Building Python package in '/home/mike54pfeiffer/Desktop/School/ROB599/ROB599_ws/src/hw3'
[1.274s] INFO:colcon.colcon_core.shell:Skip shell extension 'powershell' for command environment: Not usable outside of PowerShell
[1.274s] DEBUG:colcon.colcon_core.shell:Skip shell extension 'dsv' for command environment
[1.403s] DEBUG:colcon.colcon_core.event_handler.log_command:Invoked command in '/home/mike54pfeiffer/Desktop/School/ROB599/ROB599_ws/build/rob599_msgs' returned '0': CMAKE_PREFIX_PATH=${CMAKE_PREFIX_PATH}:/home/mike54pfeiffer/Desktop/School/ROB599/ROB599_ws/install/rob599_basic:/home/mike54pfeiffer/Desktop/School/ROB599/ROB599_ws/install/hw3:/home/mike54pfeiffer/Desktop/School/ROB599/ROB599_ws/install/hw2:/opt/ros/jazzy DEBUGINFOD_URLS=https://debuginfod.ubuntu.com /usr/bin/cmake --build /home/mike54pfeiffer/Desktop/School/ROB599/ROB599_ws/build/rob599_msgs -- -j12 -l12
[1.404s] DEBUG:colcon.colcon_core.event_handler.log_command:Invoking command in '/home/mike54pfeiffer/Desktop/School/ROB599/ROB599_ws/build/rob599_msgs': CMAKE_PREFIX_PATH=${CMAKE_PREFIX_PATH}:/home/mike54pfeiffer/Desktop/School/ROB599/ROB599_ws/install/rob599_basic:/home/mike54pfeiffer/Desktop/School/ROB599/ROB599_ws/install/hw3:/home/mike54pfeiffer/Desktop/School/ROB599/ROB599_ws/install/hw2:/opt/ros/jazzy DEBUGINFOD_URLS=https://debuginfod.ubuntu.com /usr/bin/cmake --install /home/mike54pfeiffer/Desktop/School/ROB599/ROB599_ws/build/rob599_msgs
[1.468s] Level 1:colcon.colcon_core.environment:create_environment_scripts_only(rob599_msgs)
[1.469s] Level 1:colcon.colcon_core.environment:checking '/home/mike54pfeiffer/Desktop/School/ROB599/ROB599_ws/install/rob599_msgs' for CMake module files
[1.469s] DEBUG:colcon.colcon_core.event_handler.log_command:Invoked command in '/home/mike54pfeiffer/Desktop/School/ROB599/ROB599_ws/build/rob599_msgs' returned '0': CMAKE_PREFIX_PATH=${CMAKE_PREFIX_PATH}:/home/mike54pfeiffer/Desktop/School/ROB599/ROB599_ws/install/rob599_basic:/home/mike54pfeiffer/Desktop/School/ROB599/ROB599_ws/install/hw3:/home/mike54pfeiffer/Desktop/School/ROB599/ROB599_ws/install/hw2:/opt/ros/jazzy DEBUGINFOD_URLS=https://debuginfod.ubuntu.com /usr/bin/cmake --install /home/mike54pfeiffer/Desktop/School/ROB599/ROB599_ws/build/rob599_msgs
[1.470s] Level 1:colcon.colcon_core.environment:checking '/home/mike54pfeiffer/Desktop/School/ROB599/ROB599_ws/install/rob599_msgs' for CMake config files
[1.470s] Level 1:colcon.colcon_core.shell:create_environment_hook('rob599_msgs', 'cmake_prefix_path')
[1.470s] INFO:colcon.colcon_core.shell:Creating environment hook '/home/mike54pfeiffer/Desktop/School/ROB599/ROB599_ws/install/rob599_msgs/share/rob599_msgs/hook/cmake_prefix_path.ps1'
[1.471s] INFO:colcon.colcon_core.shell:Creating environment descriptor '/home/mike54pfeiffer/Desktop/School/ROB599/ROB599_ws/install/rob599_msgs/share/rob599_msgs/hook/cmake_prefix_path.dsv'
[1.471s] INFO:colcon.colcon_core.shell:Creating environment hook '/home/mike54pfeiffer/Desktop/School/ROB599/ROB599_ws/install/rob599_msgs/share/rob599_msgs/hook/cmake_prefix_path.sh'
[1.472s] Level 1:colcon.colcon_core.environment:checking '/home/mike54pfeiffer/Desktop/School/ROB599/ROB599_ws/install/rob599_msgs/lib'
[1.472s] Level 1:colcon.colcon_core.shell:create_environment_hook('rob599_msgs', 'ld_library_path_lib')
[1.472s] INFO:colcon.colcon_core.shell:Creating environment hook '/home/mike54pfeiffer/Desktop/School/ROB599/ROB599_ws/install/rob599_msgs/share/rob599_msgs/hook/ld_library_path_lib.ps1'
[1.472s] INFO:colcon.colcon_core.shell:Creating environment descriptor '/home/mike54pfeiffer/Desktop/School/ROB599/ROB599_ws/install/rob599_msgs/share/rob599_msgs/hook/ld_library_path_lib.dsv'
[1.472s] INFO:colcon.colcon_core.shell:Creating environment hook '/home/mike54pfeiffer/Desktop/School/ROB599/ROB599_ws/install/rob599_msgs/share/rob599_msgs/hook/ld_library_path_lib.sh'
[1.473s] Level 1:colcon.colcon_core.environment:checking '/home/mike54pfeiffer/Desktop/School/ROB599/ROB599_ws/install/rob599_msgs/bin'
[1.473s] Level 1:colcon.colcon_core.environment:checking '/home/mike54pfeiffer/Desktop/School/ROB599/ROB599_ws/install/rob599_msgs/lib/pkgconfig/rob599_msgs.pc'
[1.473s] Level 1:colcon.colcon_core.environment:checking '/home/mike54pfeiffer/Desktop/School/ROB599/ROB599_ws/install/rob599_msgs/lib/python3.12/site-packages'
[1.473s] Level 1:colcon.colcon_core.shell:create_environment_hook('rob599_msgs', 'pythonpath')
[1.474s] INFO:colcon.colcon_core.shell:Creating environment hook '/home/mike54pfeiffer/Desktop/School/ROB599/ROB599_ws/install/rob599_msgs/share/rob599_msgs/hook/pythonpath.ps1'
[1.474s] INFO:colcon.colcon_core.shell:Creating environment descriptor '/home/mike54pfeiffer/Desktop/School/ROB599/ROB599_ws/install/rob599_msgs/share/rob599_msgs/hook/pythonpath.dsv'
[1.474s] INFO:colcon.colcon_core.shell:Creating environment hook '/home/mike54pfeiffer/Desktop/School/ROB599/ROB599_ws/install/rob599_msgs/share/rob599_msgs/hook/pythonpath.sh'
[1.475s] Level 1:colcon.colcon_core.environment:checking '/home/mike54pfeiffer/Desktop/School/ROB599/ROB599_ws/install/rob599_msgs/bin'
[1.475s] INFO:colcon.colcon_core.shell:Creating package script '/home/mike54pfeiffer/Desktop/School/ROB599/ROB599_ws/install/rob599_msgs/share/rob599_msgs/package.ps1'
[1.475s] INFO:colcon.colcon_core.shell:Creating package descriptor '/home/mike54pfeiffer/Desktop/School/ROB599/ROB599_ws/install/rob599_msgs/share/rob599_msgs/package.dsv'
[1.476s] INFO:colcon.colcon_core.shell:Creating package script '/home/mike54pfeiffer/Desktop/School/ROB599/ROB599_ws/install/rob599_msgs/share/rob599_msgs/package.sh'
[1.476s] INFO:colcon.colcon_core.shell:Creating package script '/home/mike54pfeiffer/Desktop/School/ROB599/ROB599_ws/install/rob599_msgs/share/rob599_msgs/package.bash'
[1.476s] INFO:colcon.colcon_core.shell:Creating package script '/home/mike54pfeiffer/Desktop/School/ROB599/ROB599_ws/install/rob599_msgs/share/rob599_msgs/package.zsh'
[1.477s] Level 1:colcon.colcon_core.environment:create_file_with_runtime_dependencies(/home/mike54pfeiffer/Desktop/School/ROB599/ROB599_ws/install/rob599_msgs/share/colcon-core/packages/rob599_msgs)
[1.477s] Level 1:colcon.colcon_core.environment:create_environment_scripts_only(rob599_msgs)
[1.477s] Level 1:colcon.colcon_core.environment:checking '/home/mike54pfeiffer/Desktop/School/ROB599/ROB599_ws/install/rob599_msgs' for CMake module files
[1.478s] Level 1:colcon.colcon_core.environment:checking '/home/mike54pfeiffer/Desktop/School/ROB599/ROB599_ws/install/rob599_msgs' for CMake config files
[1.478s] Level 1:colcon.colcon_core.shell:create_environment_hook('rob599_msgs', 'cmake_prefix_path')
[1.478s] INFO:colcon.colcon_core.shell:Creating environment hook '/home/mike54pfeiffer/Desktop/School/ROB599/ROB599_ws/install/rob599_msgs/share/rob599_msgs/hook/cmake_prefix_path.ps1'
[1.478s] INFO:colcon.colcon_core.shell:Creating environment descriptor '/home/mike54pfeiffer/Desktop/School/ROB599/ROB599_ws/install/rob599_msgs/share/rob599_msgs/hook/cmake_prefix_path.dsv'
[1.479s] INFO:colcon.colcon_core.shell:Creating environment hook '/home/mike54pfeiffer/Desktop/School/ROB599/ROB599_ws/install/rob599_msgs/share/rob599_msgs/hook/cmake_prefix_path.sh'
[1.479s] Level 1:colcon.colcon_core.environment:checking '/home/mike54pfeiffer/Desktop/School/ROB599/ROB599_ws/install/rob599_msgs/lib'
[1.479s] Level 1:colcon.colcon_core.shell:create_environment_hook('rob599_msgs', 'ld_library_path_lib')
[1.479s] INFO:colcon.colcon_core.shell:Creating environment hook '/home/mike54pfeiffer/Desktop/School/ROB599/ROB599_ws/install/rob599_msgs/share/rob599_msgs/hook/ld_library_path_lib.ps1'
[1.480s] INFO:colcon.colcon_core.shell:Creating environment descriptor '/home/mike54pfeiffer/Desktop/School/ROB599/ROB599_ws/install/rob599_msgs/share/rob599_msgs/hook/ld_library_path_lib.dsv'
[1.480s] INFO:colcon.colcon_core.shell:Creating environment hook '/home/mike54pfeiffer/Desktop/School/ROB599/ROB599_ws/install/rob599_msgs/share/rob599_msgs/hook/ld_library_path_lib.sh'
[1.480s] Level 1:colcon.colcon_core.environment:checking '/home/mike54pfeiffer/Desktop/School/ROB599/ROB599_ws/install/rob599_msgs/bin'
[1.480s] Level 1:colcon.colcon_core.environment:checking '/home/mike54pfeiffer/Desktop/School/ROB599/ROB599_ws/install/rob599_msgs/lib/pkgconfig/rob599_msgs.pc'
[1.480s] Level 1:colcon.colcon_core.environment:checking '/home/mike54pfeiffer/Desktop/School/ROB599/ROB599_ws/install/rob599_msgs/lib/python3.12/site-packages'
[1.481s] Level 1:colcon.colcon_core.shell:create_environment_hook('rob599_msgs', 'pythonpath')
[1.481s] INFO:colcon.colcon_core.shell:Creating environment hook '/home/mike54pfeiffer/Desktop/School/ROB599/ROB599_ws/install/rob599_msgs/share/rob599_msgs/hook/pythonpath.ps1'
[1.481s] INFO:colcon.colcon_core.shell:Creating environment descriptor '/home/mike54pfeiffer/Desktop/School/ROB599/ROB599_ws/install/rob599_msgs/share/rob599_msgs/hook/pythonpath.dsv'
[1.481s] INFO:colcon.colcon_core.shell:Creating environment hook '/home/mike54pfeiffer/Desktop/School/ROB599/ROB599_ws/install/rob599_msgs/share/rob599_msgs/hook/pythonpath.sh'
[1.482s] Level 1:colcon.colcon_core.environment:checking '/home/mike54pfeiffer/Desktop/School/ROB599/ROB599_ws/install/rob599_msgs/bin'
[1.482s] INFO:colcon.colcon_core.shell:Creating package script '/home/mike54pfeiffer/Desktop/School/ROB599/ROB599_ws/install/rob599_msgs/share/rob599_msgs/package.ps1'
[1.482s] INFO:colcon.colcon_core.shell:Creating package descriptor '/home/mike54pfeiffer/Desktop/School/ROB599/ROB599_ws/install/rob599_msgs/share/rob599_msgs/package.dsv'
[1.483s] INFO:colcon.colcon_core.shell:Creating package script '/home/mike54pfeiffer/Desktop/School/ROB599/ROB599_ws/install/rob599_msgs/share/rob599_msgs/package.sh'
[1.483s] INFO:colcon.colcon_core.shell:Creating package script '/home/mike54pfeiffer/Desktop/School/ROB599/ROB599_ws/install/rob599_msgs/share/rob599_msgs/package.bash'
[1.483s] INFO:colcon.colcon_core.shell:Creating package script '/home/mike54pfeiffer/Desktop/School/ROB599/ROB599_ws/install/rob599_msgs/share/rob599_msgs/package.zsh'
[1.484s] Level 1:colcon.colcon_core.environment:create_file_with_runtime_dependencies(/home/mike54pfeiffer/Desktop/School/ROB599/ROB599_ws/install/rob599_msgs/share/colcon-core/packages/rob599_msgs)
[1.662s] DEBUG:colcon.colcon_core.event_handler.log_command:Invoking command in '/home/mike54pfeiffer/Desktop/School/ROB599/ROB599_ws/src/hw2': DEBUGINFOD_URLS=https://debuginfod.ubuntu.com PYTHONPATH=/home/mike54pfeiffer/Desktop/School/ROB599/ROB599_ws/build/hw2/prefix_override:/usr/lib/python3/dist-packages/colcon_core/task/python/colcon_distutils_commands:/home/mike54pfeiffer/Desktop/School/ROB599/ROB599_ws/install/hw2/lib/python3.12/site-packages:${PYTHONPATH} /usr/bin/python3 -W ignore:setup.py install is deprecated -W ignore:easy_install command is deprecated setup.py egg_info --egg-base ../../build/hw2 build --build-base /home/mike54pfeiffer/Desktop/School/ROB599/ROB599_ws/build/hw2/build install --record /home/mike54pfeiffer/Desktop/School/ROB599/ROB599_ws/build/hw2/install.log --single-version-externally-managed install_data
[1.666s] DEBUG:colcon.colcon_core.event_handler.log_command:Invoking command in '/home/mike54pfeiffer/Desktop/School/ROB599/ROB599_ws/src/rob599_basic': DEBUGINFOD_URLS=https://debuginfod.ubuntu.com PYTHONPATH=/home/mike54pfeiffer/Desktop/School/ROB599/ROB599_ws/build/rob599_basic/prefix_override:/usr/lib/python3/dist-packages/colcon_core/task/python/colcon_distutils_commands:/home/mike54pfeiffer/Desktop/School/ROB599/ROB599_ws/install/rob599_basic/lib/python3.12/site-packages:${PYTHONPATH} /usr/bin/python3 -W ignore:setup.py install is deprecated -W ignore:easy_install command is deprecated setup.py egg_info --egg-base ../../build/rob599_basic build --build-base /home/mike54pfeiffer/Desktop/School/ROB599/ROB599_ws/build/rob599_basic/build install --record /home/mike54pfeiffer/Desktop/School/ROB599/ROB599_ws/build/rob599_basic/install.log --single-version-externally-managed install_data
[1.982s] DEBUG:colcon.colcon_core.event_handler.log_command:Invoking command in '/home/mike54pfeiffer/Desktop/School/ROB599/ROB599_ws/src/hw3': CMAKE_PREFIX_PATH=/home/mike54pfeiffer/Desktop/School/ROB599/ROB599_ws/install/hw3_interfaces:/home/mike54pfeiffer/Desktop/School/ROB599/ROB599_ws/install/rob599_msgs:/opt/ros/jazzy/opt/sdformat_vendor:/opt/ros/jazzy/opt/gz_math_vendor:/opt/ros/jazzy/opt/gz_utils_vendor:/opt/ros/jazzy/opt/gz_tools_vendor:/opt/ros/jazzy/opt/gz_cmake_vendor DEBUGINFOD_URLS=https://debuginfod.ubuntu.com LD_LIBRARY_PATH=/home/mike54pfeiffer/Desktop/School/ROB599/ROB599_ws/install/hw3_interfaces/lib:/home/mike54pfeiffer/Desktop/School/ROB599/ROB599_ws/install/rob599_msgs/lib:/opt/ros/jazzy/opt/sdformat_vendor/lib:/opt/ros/jazzy/opt/rviz_ogre_vendor/lib:/opt/ros/jazzy/lib/x86_64-linux-gnu:/opt/ros/jazzy/opt/gz_math_vendor/lib:/opt/ros/jazzy/opt/gz_utils_vendor/lib:/opt/ros/jazzy/opt/gz_tools_vendor/lib:/opt/ros/jazzy/opt/gz_cmake_vendor/lib:/opt/ros/jazzy/lib PYTHONPATH=/home/mike54pfeiffer/Desktop/School/ROB599/ROB599_ws/build/hw3/prefix_override:/usr/lib/python3/dist-packages/colcon_core/task/python/colcon_distutils_commands:/home/mike54pfeiffer/Desktop/School/ROB599/ROB599_ws/install/hw3/lib/python3.12/site-packages:/home/mike54pfeiffer/Desktop/School/ROB599/ROB599_ws/install/hw3_interfaces/lib/python3.12/site-packages:/home/mike54pfeiffer/Desktop/School/ROB599/ROB599_ws/install/rob599_msgs/lib/python3.12/site-packages:/home/mike54pfeiffer/Desktop/School/ROB599/ROB599_ws/install/rob599_basic/lib/python3.12/site-packages:/home/mike54pfeiffer/Desktop/School/ROB599/ROB599_ws/install/hw3/lib/python3.12/site-packages:/home/mike54pfeiffer/Desktop/School/ROB599/ROB599_ws/install/hw2/lib/python3.12/site-packages:/opt/ros/jazzy/lib/python3.12/site-packages /usr/bin/python3 -W ignore:setup.py install is deprecated -W ignore:easy_install command is deprecated setup.py egg_info --egg-base ../../build/hw3 build --build-base /home/mike54pfeiffer/Desktop/School/ROB599/ROB599_ws/build/hw3/build install --record /home/mike54pfeiffer/Desktop/School/ROB599/ROB599_ws/build/hw3/install.log --single-version-externally-managed install_data
[2.303s] Level 1:colcon.colcon_core.environment:checking '/home/mike54pfeiffer/Desktop/School/ROB599/ROB599_ws/install/hw2' for CMake module files
[2.304s] DEBUG:colcon.colcon_core.event_handler.log_command:Invoked command in '/home/mike54pfeiffer/Desktop/School/ROB599/ROB599_ws/src/hw2' returned '0': DEBUGINFOD_URLS=https://debuginfod.ubuntu.com PYTHONPATH=/home/mike54pfeiffer/Desktop/School/ROB599/ROB599_ws/build/hw2/prefix_override:/usr/lib/python3/dist-packages/colcon_core/task/python/colcon_distutils_commands:/home/mike54pfeiffer/Desktop/School/ROB599/ROB599_ws/install/hw2/lib/python3.12/site-packages:${PYTHONPATH} /usr/bin/python3 -W ignore:setup.py install is deprecated -W ignore:easy_install command is deprecated setup.py egg_info --egg-base ../../build/hw2 build --build-base /home/mike54pfeiffer/Desktop/School/ROB599/ROB599_ws/build/hw2/build install --record /home/mike54pfeiffer/Desktop/School/ROB599/ROB599_ws/build/hw2/install.log --single-version-externally-managed install_data
[2.304s] Level 1:colcon.colcon_core.environment:checking '/home/mike54pfeiffer/Desktop/School/ROB599/ROB599_ws/install/hw2' for CMake config files
[2.305s] Level 1:colcon.colcon_core.environment:checking '/home/mike54pfeiffer/Desktop/School/ROB599/ROB599_ws/install/hw2/lib'
[2.305s] Level 1:colcon.colcon_core.environment:checking '/home/mike54pfeiffer/Desktop/School/ROB599/ROB599_ws/install/hw2/bin'
[2.305s] Level 1:colcon.colcon_core.environment:checking '/home/mike54pfeiffer/Desktop/School/ROB599/ROB599_ws/install/hw2/lib/pkgconfig/hw2.pc'
[2.305s] Level 1:colcon.colcon_core.environment:checking '/home/mike54pfeiffer/Desktop/School/ROB599/ROB599_ws/install/hw2/lib/python3.12/site-packages'
[2.305s] Level 1:colcon.colcon_core.shell:create_environment_hook('hw2', 'pythonpath')
[2.305s] INFO:colcon.colcon_core.shell:Creating environment hook '/home/mike54pfeiffer/Desktop/School/ROB599/ROB599_ws/install/hw2/share/hw2/hook/pythonpath.ps1'
[2.306s] INFO:colcon.colcon_core.shell:Creating environment descriptor '/home/mike54pfeiffer/Desktop/School/ROB599/ROB599_ws/install/hw2/share/hw2/hook/pythonpath.dsv'
[2.306s] INFO:colcon.colcon_core.shell:Creating environment hook '/home/mike54pfeiffer/Desktop/School/ROB599/ROB599_ws/install/hw2/share/hw2/hook/pythonpath.sh'
[2.307s] Level 1:colcon.colcon_core.environment:checking '/home/mike54pfeiffer/Desktop/School/ROB599/ROB599_ws/install/hw2/bin'
[2.307s] Level 1:colcon.colcon_core.environment:create_environment_scripts_only(hw2)
[2.307s] INFO:colcon.colcon_core.shell:Creating package script '/home/mike54pfeiffer/Desktop/School/ROB599/ROB599_ws/install/hw2/share/hw2/package.ps1'
[2.307s] INFO:colcon.colcon_core.shell:Creating package descriptor '/home/mike54pfeiffer/Desktop/School/ROB599/ROB599_ws/install/hw2/share/hw2/package.dsv'
[2.307s] INFO:colcon.colcon_core.shell:Creating package script '/home/mike54pfeiffer/Desktop/School/ROB599/ROB599_ws/install/hw2/share/hw2/package.sh'
[2.308s] INFO:colcon.colcon_core.shell:Creating package script '/home/mike54pfeiffer/Desktop/School/ROB599/ROB599_ws/install/hw2/share/hw2/package.bash'
[2.308s] INFO:colcon.colcon_core.shell:Creating package script '/home/mike54pfeiffer/Desktop/School/ROB599/ROB599_ws/install/hw2/share/hw2/package.zsh'
[2.308s] Level 1:colcon.colcon_core.environment:create_file_with_runtime_dependencies(/home/mike54pfeiffer/Desktop/School/ROB599/ROB599_ws/install/hw2/share/colcon-core/packages/hw2)
[2.309s] Level 1:colcon.colcon_core.environment:checking '/home/mike54pfeiffer/Desktop/School/ROB599/ROB599_ws/install/rob599_basic' for CMake module files
[2.310s] Level 1:colcon.colcon_core.environment:checking '/home/mike54pfeiffer/Desktop/School/ROB599/ROB599_ws/install/rob599_basic' for CMake config files
[2.310s] DEBUG:colcon.colcon_core.event_handler.log_command:Invoked command in '/home/mike54pfeiffer/Desktop/School/ROB599/ROB599_ws/src/rob599_basic' returned '0': DEBUGINFOD_URLS=https://debuginfod.ubuntu.com PYTHONPATH=/home/mike54pfeiffer/Desktop/School/ROB599/ROB599_ws/build/rob599_basic/prefix_override:/usr/lib/python3/dist-packages/colcon_core/task/python/colcon_distutils_commands:/home/mike54pfeiffer/Desktop/School/ROB599/ROB599_ws/install/rob599_basic/lib/python3.12/site-packages:${PYTHONPATH} /usr/bin/python3 -W ignore:setup.py install is deprecated -W ignore:easy_install command is deprecated setup.py egg_info --egg-base ../../build/rob599_basic build --build-base /home/mike54pfeiffer/Desktop/School/ROB599/ROB599_ws/build/rob599_basic/build install --record /home/mike54pfeiffer/Desktop/School/ROB599/ROB599_ws/build/rob599_basic/install.log --single-version-externally-managed install_data
[2.312s] Level 1:colcon.colcon_core.environment:checking '/home/mike54pfeiffer/Desktop/School/ROB599/ROB599_ws/install/rob599_basic/lib'
[2.312s] Level 1:colcon.colcon_core.environment:checking '/home/mike54pfeiffer/Desktop/School/ROB599/ROB599_ws/install/rob599_basic/bin'
[2.312s] Level 1:colcon.colcon_core.environment:checking '/home/mike54pfeiffer/Desktop/School/ROB599/ROB599_ws/install/rob599_basic/lib/pkgconfig/rob599_basic.pc'
[2.312s] Level 1:colcon.colcon_core.environment:checking '/home/mike54pfeiffer/Desktop/School/ROB599/ROB599_ws/install/rob599_basic/lib/python3.12/site-packages'
[2.312s] Level 1:colcon.colcon_core.shell:create_environment_hook('rob599_basic', 'pythonpath')
[2.312s] INFO:colcon.colcon_core.shell:Creating environment hook '/home/mike54pfeiffer/Desktop/School/ROB599/ROB599_ws/install/rob599_basic/share/rob599_basic/hook/pythonpath.ps1'
[2.313s] INFO:colcon.colcon_core.shell:Creating environment descriptor '/home/mike54pfeiffer/Desktop/School/ROB599/ROB599_ws/install/rob599_basic/share/rob599_basic/hook/pythonpath.dsv'
[2.313s] INFO:colcon.colcon_core.shell:Creating environment hook '/home/mike54pfeiffer/Desktop/School/ROB599/ROB599_ws/install/rob599_basic/share/rob599_basic/hook/pythonpath.sh'
[2.314s] Level 1:colcon.colcon_core.environment:checking '/home/mike54pfeiffer/Desktop/School/ROB599/ROB599_ws/install/rob599_basic/bin'
[2.314s] Level 1:colcon.colcon_core.environment:create_environment_scripts_only(rob599_basic)
[2.314s] INFO:colcon.colcon_core.shell:Creating package script '/home/mike54pfeiffer/Desktop/School/ROB599/ROB599_ws/install/rob599_basic/share/rob599_basic/package.ps1'
[2.314s] INFO:colcon.colcon_core.shell:Creating package descriptor '/home/mike54pfeiffer/Desktop/School/ROB599/ROB599_ws/install/rob599_basic/share/rob599_basic/package.dsv'
[2.315s] INFO:colcon.colcon_core.shell:Creating package script '/home/mike54pfeiffer/Desktop/School/ROB599/ROB599_ws/install/rob599_basic/share/rob599_basic/package.sh'
[2.315s] INFO:colcon.colcon_core.shell:Creating package script '/home/mike54pfeiffer/Desktop/School/ROB599/ROB599_ws/install/rob599_basic/share/rob599_basic/package.bash'
[2.315s] INFO:colcon.colcon_core.shell:Creating package script '/home/mike54pfeiffer/Desktop/School/ROB599/ROB599_ws/install/rob599_basic/share/rob599_basic/package.zsh'
[2.316s] Level 1:colcon.colcon_core.environment:create_file_with_runtime_dependencies(/home/mike54pfeiffer/Desktop/School/ROB599/ROB599_ws/install/rob599_basic/share/colcon-core/packages/rob599_basic)
[2.684s] Level 1:colcon.colcon_core.environment:checking '/home/mike54pfeiffer/Desktop/School/ROB599/ROB599_ws/install/hw3' for CMake module files
[2.685s] DEBUG:colcon.colcon_core.event_handler.log_command:Invoked command in '/home/mike54pfeiffer/Desktop/School/ROB599/ROB599_ws/src/hw3' returned '0': CMAKE_PREFIX_PATH=/home/mike54pfeiffer/Desktop/School/ROB599/ROB599_ws/install/hw3_interfaces:/home/mike54pfeiffer/Desktop/School/ROB599/ROB599_ws/install/rob599_msgs:/opt/ros/jazzy/opt/sdformat_vendor:/opt/ros/jazzy/opt/gz_math_vendor:/opt/ros/jazzy/opt/gz_utils_vendor:/opt/ros/jazzy/opt/gz_tools_vendor:/opt/ros/jazzy/opt/gz_cmake_vendor DEBUGINFOD_URLS=https://debuginfod.ubuntu.com LD_LIBRARY_PATH=/home/mike54pfeiffer/Desktop/School/ROB599/ROB599_ws/install/hw3_interfaces/lib:/home/mike54pfeiffer/Desktop/School/ROB599/ROB599_ws/install/rob599_msgs/lib:/opt/ros/jazzy/opt/sdformat_vendor/lib:/opt/ros/jazzy/opt/rviz_ogre_vendor/lib:/opt/ros/jazzy/lib/x86_64-linux-gnu:/opt/ros/jazzy/opt/gz_math_vendor/lib:/opt/ros/jazzy/opt/gz_utils_vendor/lib:/opt/ros/jazzy/opt/gz_tools_vendor/lib:/opt/ros/jazzy/opt/gz_cmake_vendor/lib:/opt/ros/jazzy/lib PYTHONPATH=/home/mike54pfeiffer/Desktop/School/ROB599/ROB599_ws/build/hw3/prefix_override:/usr/lib/python3/dist-packages/colcon_core/task/python/colcon_distutils_commands:/home/mike54pfeiffer/Desktop/School/ROB599/ROB599_ws/install/hw3/lib/python3.12/site-packages:/home/mike54pfeiffer/Desktop/School/ROB599/ROB599_ws/install/hw3_interfaces/lib/python3.12/site-packages:/home/mike54pfeiffer/Desktop/School/ROB599/ROB599_ws/install/rob599_msgs/lib/python3.12/site-packages:/home/mike54pfeiffer/Desktop/School/ROB599/ROB599_ws/install/rob599_basic/lib/python3.12/site-packages:/home/mike54pfeiffer/Desktop/School/ROB599/ROB599_ws/install/hw3/lib/python3.12/site-packages:/home/mike54pfeiffer/Desktop/School/ROB599/ROB599_ws/install/hw2/lib/python3.12/site-packages:/opt/ros/jazzy/lib/python3.12/site-packages /usr/bin/python3 -W ignore:setup.py install is deprecated -W ignore:easy_install command is deprecated setup.py egg_info --egg-base ../../build/hw3 build --build-base /home/mike54pfeiffer/Desktop/School/ROB599/ROB599_ws/build/hw3/build install --record /home/mike54pfeiffer/Desktop/School/ROB599/ROB599_ws/build/hw3/install.log --single-version-externally-managed install_data
[2.686s] Level 1:colcon.colcon_core.environment:checking '/home/mike54pfeiffer/Desktop/School/ROB599/ROB599_ws/install/hw3' for CMake config files
[2.686s] Level 1:colcon.colcon_core.environment:checking '/home/mike54pfeiffer/Desktop/School/ROB599/ROB599_ws/install/hw3/lib'
[2.686s] Level 1:colcon.colcon_core.environment:checking '/home/mike54pfeiffer/Desktop/School/ROB599/ROB599_ws/install/hw3/bin'
[2.687s] Level 1:colcon.colcon_core.environment:checking '/home/mike54pfeiffer/Desktop/School/ROB599/ROB599_ws/install/hw3/lib/pkgconfig/hw3.pc'
[2.687s] Level 1:colcon.colcon_core.environment:checking '/home/mike54pfeiffer/Desktop/School/ROB599/ROB599_ws/install/hw3/lib/python3.12/site-packages'
[2.687s] Level 1:colcon.colcon_core.shell:create_environment_hook('hw3', 'pythonpath')
[2.687s] INFO:colcon.colcon_core.shell:Creating environment hook '/home/mike54pfeiffer/Desktop/School/ROB599/ROB599_ws/install/hw3/share/hw3/hook/pythonpath.ps1'
[2.688s] INFO:colcon.colcon_core.shell:Creating environment descriptor '/home/mike54pfeiffer/Desktop/School/ROB599/ROB599_ws/install/hw3/share/hw3/hook/pythonpath.dsv'
[2.688s] INFO:colcon.colcon_core.shell:Creating environment hook '/home/mike54pfeiffer/Desktop/School/ROB599/ROB599_ws/install/hw3/share/hw3/hook/pythonpath.sh'
[2.689s] Level 1:colcon.colcon_core.environment:checking '/home/mike54pfeiffer/Desktop/School/ROB599/ROB599_ws/install/hw3/bin'
[2.689s] Level 1:colcon.colcon_core.environment:create_environment_scripts_only(hw3)
[2.689s] INFO:colcon.colcon_core.shell:Creating package script '/home/mike54pfeiffer/Desktop/School/ROB599/ROB599_ws/install/hw3/share/hw3/package.ps1'
[2.690s] INFO:colcon.colcon_core.shell:Creating package descriptor '/home/mike54pfeiffer/Desktop/School/ROB599/ROB599_ws/install/hw3/share/hw3/package.dsv'
[2.690s] INFO:colcon.colcon_core.shell:Creating package script '/home/mike54pfeiffer/Desktop/School/ROB599/ROB599_ws/install/hw3/share/hw3/package.sh'
[2.690s] INFO:colcon.colcon_core.shell:Creating package script '/home/mike54pfeiffer/Desktop/School/ROB599/ROB599_ws/install/hw3/share/hw3/package.bash'
[2.690s] INFO:colcon.colcon_core.shell:Creating package script '/home/mike54pfeiffer/Desktop/School/ROB599/ROB599_ws/install/hw3/share/hw3/package.zsh'
[2.691s] Level 1:colcon.colcon_core.environment:create_file_with_runtime_dependencies(/home/mike54pfeiffer/Desktop/School/ROB599/ROB599_ws/install/hw3/share/colcon-core/packages/hw3)
[2.691s] DEBUG:colcon.colcon_parallel_executor.executor.parallel:closing loop
[2.691s] DEBUG:colcon.colcon_parallel_executor.executor.parallel:loop closed
[2.692s] DEBUG:colcon.colcon_parallel_executor.executor.parallel:run_until_complete finished with '0'
[2.692s] DEBUG:colcon.colcon_core.event_reactor:joining thread
[2.701s] INFO:colcon.colcon_core.plugin_system:Skipping extension 'colcon_notification.desktop_notification.terminal_notifier': Not used on non-Darwin systems
[2.701s] INFO:colcon.colcon_core.plugin_system:Skipping extension 'colcon_notification.desktop_notification.win32': Not used on non-Windows systems
[2.701s] INFO:colcon.colcon_notification.desktop_notification:Sending desktop notification using 'notify2'
[2.718s] DEBUG:colcon.colcon_core.event_reactor:joined thread
[2.719s] INFO:colcon.colcon_core.shell:Creating prefix script '/home/mike54pfeiffer/Desktop/School/ROB599/ROB599_ws/install/local_setup.ps1'
[2.720s] INFO:colcon.colcon_core.shell:Creating prefix util module '/home/mike54pfeiffer/Desktop/School/ROB599/ROB599_ws/install/_local_setup_util_ps1.py'
[2.721s] INFO:colcon.colcon_core.shell:Creating prefix chain script '/home/mike54pfeiffer/Desktop/School/ROB599/ROB599_ws/install/setup.ps1'
[2.723s] INFO:colcon.colcon_core.shell:Creating prefix script '/home/mike54pfeiffer/Desktop/School/ROB599/ROB599_ws/install/local_setup.sh'
[2.724s] INFO:colcon.colcon_core.shell:Creating prefix util module '/home/mike54pfeiffer/Desktop/School/ROB599/ROB599_ws/install/_local_setup_util_sh.py'
[2.724s] INFO:colcon.colcon_core.shell:Creating prefix chain script '/home/mike54pfeiffer/Desktop/School/ROB599/ROB599_ws/install/setup.sh'
[2.725s] INFO:colcon.colcon_core.shell:Creating prefix script '/home/mike54pfeiffer/Desktop/School/ROB599/ROB599_ws/install/local_setup.bash'
[2.726s] INFO:colcon.colcon_core.shell:Creating prefix chain script '/home/mike54pfeiffer/Desktop/School/ROB599/ROB599_ws/install/setup.bash'
[2.728s] INFO:colcon.colcon_core.shell:Creating prefix script '/home/mike54pfeiffer/Desktop/School/ROB599/ROB599_ws/install/local_setup.zsh'
[2.729s] INFO:colcon.colcon_core.shell:Creating prefix chain script '/home/mike54pfeiffer/Desktop/School/ROB599/ROB599_ws/install/setup.zsh'
