/home/mike54pfeiffer/Desktop/School/ROB599/ROB599_ws/install/hw3/lib/python3.12/site-packages/hw3/__init__.py
/home/mike54pfeiffer/Desktop/School/ROB599/ROB599_ws/install/hw3/lib/python3.12/site-packages/hw3/a.py
/home/mike54pfeiffer/Desktop/School/ROB599/ROB599_ws/install/hw3/lib/python3.12/site-packages/hw3/data_sender.py
/home/mike54pfeiffer/Desktop/School/ROB599/ROB599_ws/install/hw3/lib/python3.12/site-packages/hw3/data_receiver.py
/home/mike54pfeiffer/Desktop/School/ROB599/ROB599_ws/install/hw3/lib/python3.12/site-packages/hw3/__pycache__/__init__.cpython-312.pyc
/home/mike54pfeiffer/Desktop/School/ROB599/ROB599_ws/install/hw3/lib/python3.12/site-packages/hw3/__pycache__/a.cpython-312.pyc
/home/mike54pfeiffer/Desktop/School/ROB599/ROB599_ws/install/hw3/lib/python3.12/site-packages/hw3/__pycache__/data_sender.cpython-312.pyc
/home/mike54pfeiffer/Desktop/School/ROB599/ROB599_ws/install/hw3/lib/python3.12/site-packages/hw3/__pycache__/data_receiver.cpython-312.pyc
/home/mike54pfeiffer/Desktop/School/ROB599/ROB599_ws/install/hw3/share/ament_index/resource_index/packages/hw3
/home/mike54pfeiffer/Desktop/School/ROB599/ROB599_ws/install/hw3/share/hw3/package.xml
/home/mike54pfeiffer/Desktop/School/ROB599/ROB599_ws/install/hw3/lib/python3.12/site-packages/hw3-0.0.1-py3.12.egg-info/zip-safe
/home/mike54pfeiffer/Desktop/School/ROB599/ROB599_ws/install/hw3/lib/python3.12/site-packages/hw3-0.0.1-py3.12.egg-info/dependency_links.txt
/home/mike54pfeiffer/Desktop/School/ROB599/ROB599_ws/install/hw3/lib/python3.12/site-packages/hw3-0.0.1-py3.12.egg-info/top_level.txt
/home/mike54pfeiffer/Desktop/School/ROB599/ROB599_ws/install/hw3/lib/python3.12/site-packages/hw3-0.0.1-py3.12.egg-info/SOURCES.txt
/home/mike54pfeiffer/Desktop/School/ROB599/ROB599_ws/install/hw3/lib/python3.12/site-packages/hw3-0.0.1-py3.12.egg-info/PKG-INFO
/home/mike54pfeiffer/Desktop/School/ROB599/ROB599_ws/install/hw3/lib/python3.12/site-packages/hw3-0.0.1-py3.12.egg-info/entry_points.txt
/home/mike54pfeiffer/Desktop/School/ROB599/ROB599_ws/install/hw3/lib/python3.12/site-packages/hw3-0.0.1-py3.12.egg-info/requires.txt
/home/mike54pfeiffer/Desktop/School/ROB599/ROB599_ws/install/hw3/lib/hw3/data_receiver
/home/mike54pfeiffer/Desktop/School/ROB599/ROB599_ws/install/hw3/lib/hw3/data_receiver.log.start
/home/mike54pfeiffer/Desktop/School/ROB599/ROB599_ws/install/hw3/lib/hw3/data_receiver.log.stop
/home/mike54pfeiffer/Desktop/School/ROB599/ROB599_ws/install/hw3/lib/hw3/data_sender
/home/mike54pfeiffer/Desktop/School/ROB599/ROB599_ws/install/hw3/lib/hw3/data_sender.start
/home/mike54pfeiffer/Desktop/School/ROB599/ROB599_ws/install/hw3/lib/hw3/data_sender.stop
