[0.507s] Invoking command in '/home/mike54pfeiffer/Desktop/School/ROB599/ROB599_ws/build/rob599_msgs': CMAKE_PREFIX_PATH=${CMAKE_PREFIX_PATH}:/home/mike54pfeiffer/Desktop/School/ROB599/ROB599_ws/install/rob599_basic:/home/mike54pfeiffer/Desktop/School/ROB599/ROB599_ws/install/hw2:/opt/ros/jazzy DEBUGINFOD_URLS=https://debuginfod.ubuntu.com /usr/bin/cmake --build /home/mike54pfeiffer/Desktop/School/ROB599/ROB599_ws/build/rob599_msgs -- -j12 -l12
[0.564s] [  1%] Built target rob599_msgs__rosidl_generator_type_description
[0.578s] [  1%] Built target ament_cmake_python_copy_rob599_msgs
[0.585s] [  3%] Built target rob599_msgs__cpp
[0.587s] [ 25%] Built target rob599_msgs__rosidl_generator_c
[0.622s] [ 42%] Built target rob599_msgs__rosidl_typesupport_c
[0.622s] [ 62%] Built target rob599_msgs__rosidl_typesupport_introspection_c
[0.622s] [ 62%] Built target rob599_msgs__rosidl_typesupport_introspection_cpp
[0.622s] [ 62%] Built target rob599_msgs__rosidl_typesupport_cpp
[0.625s] [ 81%] Built target rob599_msgs__rosidl_typesupport_fastrtps_cpp
[0.625s] [ 81%] Built target rob599_msgs__rosidl_typesupport_fastrtps_c
[0.647s] [ 81%] Built target rob599_msgs
[0.669s] [ 82%] Built target rob599_msgs__py
[0.695s] [ 90%] Built target rob599_msgs__rosidl_generator_py
[0.724s] [100%] Built target rob599_msgs_s__rosidl_typesupport_fastrtps_c
[0.724s] [100%] Built target rob599_msgs_s__rosidl_typesupport_c
[0.725s] [100%] Built target rob599_msgs_s__rosidl_typesupport_introspection_c
[0.844s] running egg_info
[0.867s] writing rob599_msgs.egg-info/PKG-INFO
[0.868s] writing dependency_links to rob599_msgs.egg-info/dependency_links.txt
[0.868s] writing top-level names to rob599_msgs.egg-info/top_level.txt
[0.947s] reading manifest file 'rob599_msgs.egg-info/SOURCES.txt'
[0.948s] writing manifest file 'rob599_msgs.egg-info/SOURCES.txt'
[0.976s] [100%] Built target ament_cmake_python_build_rob599_msgs_egg
[0.990s] Invoked command in '/home/mike54pfeiffer/Desktop/School/ROB599/ROB599_ws/build/rob599_msgs' returned '0': CMAKE_PREFIX_PATH=${CMAKE_PREFIX_PATH}:/home/mike54pfeiffer/Desktop/School/ROB599/ROB599_ws/install/rob599_basic:/home/mike54pfeiffer/Desktop/School/ROB599/ROB599_ws/install/hw2:/opt/ros/jazzy DEBUGINFOD_URLS=https://debuginfod.ubuntu.com /usr/bin/cmake --build /home/mike54pfeiffer/Desktop/School/ROB599/ROB599_ws/build/rob599_msgs -- -j12 -l12
[1.001s] Invoking command in '/home/mike54pfeiffer/Desktop/School/ROB599/ROB599_ws/build/rob599_msgs': CMAKE_PREFIX_PATH=${CMAKE_PREFIX_PATH}:/home/mike54pfeiffer/Desktop/School/ROB599/ROB599_ws/install/rob599_basic:/home/mike54pfeiffer/Desktop/School/ROB599/ROB599_ws/install/hw2:/opt/ros/jazzy DEBUGINFOD_URLS=https://debuginfod.ubuntu.com /usr/bin/cmake --install /home/mike54pfeiffer/Desktop/School/ROB599/ROB599_ws/build/rob599_msgs
[1.011s] -- Install configuration: ""
[1.012s] -- Up-to-date: /home/mike54pfeiffer/Desktop/School/ROB599/ROB599_ws/install/rob599_msgs/share/ament_index/resource_index/rosidl_interfaces/rob599_msgs
[1.012s] -- Up-to-date: /home/mike54pfeiffer/Desktop/School/ROB599/ROB599_ws/install/rob599_msgs/share/rob599_msgs/msg/Object.json
[1.012s] -- Up-to-date: /home/mike54pfeiffer/Desktop/School/ROB599/ROB599_ws/install/rob599_msgs/share/rob599_msgs/srv/Doubler.json
[1.012s] -- Up-to-date: /home/mike54pfeiffer/Desktop/School/ROB599/ROB599_ws/install/rob599_msgs/share/rob599_msgs/srv/FibService.json
[1.012s] -- Up-to-date: /home/mike54pfeiffer/Desktop/School/ROB599/ROB599_ws/install/rob599_msgs/share/rob599_msgs/action/Fibonacci.json
[1.012s] -- Up-to-date: /home/mike54pfeiffer/Desktop/School/ROB599/ROB599_ws/install/rob599_msgs/include/rob599_msgs/rob599_msgs
[1.013s] -- Up-to-date: /home/mike54pfeiffer/Desktop/School/ROB599/ROB599_ws/install/rob599_msgs/include/rob599_msgs/rob599_msgs/action
[1.013s] -- Up-to-date: /home/mike54pfeiffer/Desktop/School/ROB599/ROB599_ws/install/rob599_msgs/include/rob599_msgs/rob599_msgs/action/fibonacci.h
[1.013s] -- Up-to-date: /home/mike54pfeiffer/Desktop/School/ROB599/ROB599_ws/install/rob599_msgs/include/rob599_msgs/rob599_msgs/action/detail
[1.013s] -- Up-to-date: /home/mike54pfeiffer/Desktop/School/ROB599/ROB599_ws/install/rob599_msgs/include/rob599_msgs/rob599_msgs/action/detail/fibonacci__type_support.h
[1.013s] -- Up-to-date: /home/mike54pfeiffer/Desktop/School/ROB599/ROB599_ws/install/rob599_msgs/include/rob599_msgs/rob599_msgs/action/detail/fibonacci__type_support.c
[1.013s] -- Up-to-date: /home/mike54pfeiffer/Desktop/School/ROB599/ROB599_ws/install/rob599_msgs/include/rob599_msgs/rob599_msgs/action/detail/fibonacci__functions.c
[1.013s] -- Up-to-date: /home/mike54pfeiffer/Desktop/School/ROB599/ROB599_ws/install/rob599_msgs/include/rob599_msgs/rob599_msgs/action/detail/fibonacci__description.c
[1.013s] -- Up-to-date: /home/mike54pfeiffer/Desktop/School/ROB599/ROB599_ws/install/rob599_msgs/include/rob599_msgs/rob599_msgs/action/detail/fibonacci__struct.h
[1.013s] -- Up-to-date: /home/mike54pfeiffer/Desktop/School/ROB599/ROB599_ws/install/rob599_msgs/include/rob599_msgs/rob599_msgs/action/detail/fibonacci__functions.h
[1.013s] -- Up-to-date: /home/mike54pfeiffer/Desktop/School/ROB599/ROB599_ws/install/rob599_msgs/include/rob599_msgs/rob599_msgs/msg
[1.013s] -- Up-to-date: /home/mike54pfeiffer/Desktop/School/ROB599/ROB599_ws/install/rob599_msgs/include/rob599_msgs/rob599_msgs/msg/object.h
[1.013s] -- Up-to-date: /home/mike54pfeiffer/Desktop/School/ROB599/ROB599_ws/install/rob599_msgs/include/rob599_msgs/rob599_msgs/msg/detail
[1.013s] -- Up-to-date: /home/mike54pfeiffer/Desktop/School/ROB599/ROB599_ws/install/rob599_msgs/include/rob599_msgs/rob599_msgs/msg/detail/object__functions.h
[1.014s] -- Up-to-date: /home/mike54pfeiffer/Desktop/School/ROB599/ROB599_ws/install/rob599_msgs/include/rob599_msgs/rob599_msgs/msg/detail/object__type_support.h
[1.014s] -- Up-to-date: /home/mike54pfeiffer/Desktop/School/ROB599/ROB599_ws/install/rob599_msgs/include/rob599_msgs/rob599_msgs/msg/detail/object__description.c
[1.014s] -- Up-to-date: /home/mike54pfeiffer/Desktop/School/ROB599/ROB599_ws/install/rob599_msgs/include/rob599_msgs/rob599_msgs/msg/detail/object__struct.h
[1.014s] -- Up-to-date: /home/mike54pfeiffer/Desktop/School/ROB599/ROB599_ws/install/rob599_msgs/include/rob599_msgs/rob599_msgs/msg/detail/object__type_support.c
[1.014s] -- Up-to-date: /home/mike54pfeiffer/Desktop/School/ROB599/ROB599_ws/install/rob599_msgs/include/rob599_msgs/rob599_msgs/msg/detail/object__functions.c
[1.014s] -- Up-to-date: /home/mike54pfeiffer/Desktop/School/ROB599/ROB599_ws/install/rob599_msgs/include/rob599_msgs/rob599_msgs/msg/rosidl_generator_c__visibility_control.h
[1.015s] -- Up-to-date: /home/mike54pfeiffer/Desktop/School/ROB599/ROB599_ws/install/rob599_msgs/include/rob599_msgs/rob599_msgs/srv
[1.015s] -- Up-to-date: /home/mike54pfeiffer/Desktop/School/ROB599/ROB599_ws/install/rob599_msgs/include/rob599_msgs/rob599_msgs/srv/fib_service.h
[1.015s] -- Up-to-date: /home/mike54pfeiffer/Desktop/School/ROB599/ROB599_ws/install/rob599_msgs/include/rob599_msgs/rob599_msgs/srv/doubler.h
[1.015s] -- Up-to-date: /home/mike54pfeiffer/Desktop/School/ROB599/ROB599_ws/install/rob599_msgs/include/rob599_msgs/rob599_msgs/srv/detail
[1.015s] -- Up-to-date: /home/mike54pfeiffer/Desktop/School/ROB599/ROB599_ws/install/rob599_msgs/include/rob599_msgs/rob599_msgs/srv/detail/fib_service__description.c
[1.015s] -- Up-to-date: /home/mike54pfeiffer/Desktop/School/ROB599/ROB599_ws/install/rob599_msgs/include/rob599_msgs/rob599_msgs/srv/detail/doubler__functions.c
[1.015s] -- Up-to-date: /home/mike54pfeiffer/Desktop/School/ROB599/ROB599_ws/install/rob599_msgs/include/rob599_msgs/rob599_msgs/srv/detail/doubler__type_support.c
[1.016s] -- Up-to-date: /home/mike54pfeiffer/Desktop/School/ROB599/ROB599_ws/install/rob599_msgs/include/rob599_msgs/rob599_msgs/srv/detail/fib_service__struct.h
[1.016s] -- Up-to-date: /home/mike54pfeiffer/Desktop/School/ROB599/ROB599_ws/install/rob599_msgs/include/rob599_msgs/rob599_msgs/srv/detail/fib_service__functions.h
[1.016s] -- Up-to-date: /home/mike54pfeiffer/Desktop/School/ROB599/ROB599_ws/install/rob599_msgs/include/rob599_msgs/rob599_msgs/srv/detail/fib_service__type_support.c
[1.016s] -- Up-to-date: /home/mike54pfeiffer/Desktop/School/ROB599/ROB599_ws/install/rob599_msgs/include/rob599_msgs/rob599_msgs/srv/detail/doubler__type_support.h
[1.016s] -- Up-to-date: /home/mike54pfeiffer/Desktop/School/ROB599/ROB599_ws/install/rob599_msgs/include/rob599_msgs/rob599_msgs/srv/detail/doubler__description.c
[1.016s] -- Up-to-date: /home/mike54pfeiffer/Desktop/School/ROB599/ROB599_ws/install/rob599_msgs/include/rob599_msgs/rob599_msgs/srv/detail/fib_service__type_support.h
[1.016s] -- Up-to-date: /home/mike54pfeiffer/Desktop/School/ROB599/ROB599_ws/install/rob599_msgs/include/rob599_msgs/rob599_msgs/srv/detail/doubler__struct.h
[1.016s] -- Up-to-date: /home/mike54pfeiffer/Desktop/School/ROB599/ROB599_ws/install/rob599_msgs/include/rob599_msgs/rob599_msgs/srv/detail/fib_service__functions.c
[1.016s] -- Up-to-date: /home/mike54pfeiffer/Desktop/School/ROB599/ROB599_ws/install/rob599_msgs/include/rob599_msgs/rob599_msgs/srv/detail/doubler__functions.h
[1.016s] -- Up-to-date: /home/mike54pfeiffer/Desktop/School/ROB599/ROB599_ws/install/rob599_msgs/share/rob599_msgs/environment/library_path.sh
[1.016s] -- Up-to-date: /home/mike54pfeiffer/Desktop/School/ROB599/ROB599_ws/install/rob599_msgs/share/rob599_msgs/environment/library_path.dsv
[1.016s] -- Up-to-date: /home/mike54pfeiffer/Desktop/School/ROB599/ROB599_ws/install/rob599_msgs/lib/librob599_msgs__rosidl_generator_c.so
[1.017s] -- Up-to-date: /home/mike54pfeiffer/Desktop/School/ROB599/ROB599_ws/install/rob599_msgs/include/rob599_msgs/rob599_msgs
[1.017s] -- Up-to-date: /home/mike54pfeiffer/Desktop/School/ROB599/ROB599_ws/install/rob599_msgs/include/rob599_msgs/rob599_msgs/action
[1.017s] -- Up-to-date: /home/mike54pfeiffer/Desktop/School/ROB599/ROB599_ws/install/rob599_msgs/include/rob599_msgs/rob599_msgs/action/detail
[1.017s] -- Up-to-date: /home/mike54pfeiffer/Desktop/School/ROB599/ROB599_ws/install/rob599_msgs/include/rob599_msgs/rob599_msgs/action/detail/fibonacci__rosidl_typesupport_fastrtps_c.h
[1.017s] -- Up-to-date: /home/mike54pfeiffer/Desktop/School/ROB599/ROB599_ws/install/rob599_msgs/include/rob599_msgs/rob599_msgs/msg
[1.017s] -- Up-to-date: /home/mike54pfeiffer/Desktop/School/ROB599/ROB599_ws/install/rob599_msgs/include/rob599_msgs/rob599_msgs/msg/rosidl_typesupport_fastrtps_c__visibility_control.h
[1.017s] -- Up-to-date: /home/mike54pfeiffer/Desktop/School/ROB599/ROB599_ws/install/rob599_msgs/include/rob599_msgs/rob599_msgs/msg/detail
[1.017s] -- Up-to-date: /home/mike54pfeiffer/Desktop/School/ROB599/ROB599_ws/install/rob599_msgs/include/rob599_msgs/rob599_msgs/msg/detail/object__rosidl_typesupport_fastrtps_c.h
[1.017s] -- Up-to-date: /home/mike54pfeiffer/Desktop/School/ROB599/ROB599_ws/install/rob599_msgs/include/rob599_msgs/rob599_msgs/srv
[1.017s] -- Up-to-date: /home/mike54pfeiffer/Desktop/School/ROB599/ROB599_ws/install/rob599_msgs/include/rob599_msgs/rob599_msgs/srv/detail
[1.017s] -- Up-to-date: /home/mike54pfeiffer/Desktop/School/ROB599/ROB599_ws/install/rob599_msgs/include/rob599_msgs/rob599_msgs/srv/detail/fib_service__rosidl_typesupport_fastrtps_c.h
[1.017s] -- Up-to-date: /home/mike54pfeiffer/Desktop/School/ROB599/ROB599_ws/install/rob599_msgs/include/rob599_msgs/rob599_msgs/srv/detail/doubler__rosidl_typesupport_fastrtps_c.h
[1.018s] -- Up-to-date: /home/mike54pfeiffer/Desktop/School/ROB599/ROB599_ws/install/rob599_msgs/lib/librob599_msgs__rosidl_typesupport_fastrtps_c.so
[1.018s] -- Up-to-date: /home/mike54pfeiffer/Desktop/School/ROB599/ROB599_ws/install/rob599_msgs/include/rob599_msgs/rob599_msgs
[1.018s] -- Up-to-date: /home/mike54pfeiffer/Desktop/School/ROB599/ROB599_ws/install/rob599_msgs/include/rob599_msgs/rob599_msgs/action
[1.018s] -- Up-to-date: /home/mike54pfeiffer/Desktop/School/ROB599/ROB599_ws/install/rob599_msgs/include/rob599_msgs/rob599_msgs/action/detail
[1.018s] -- Up-to-date: /home/mike54pfeiffer/Desktop/School/ROB599/ROB599_ws/install/rob599_msgs/include/rob599_msgs/rob599_msgs/action/detail/fibonacci__rosidl_typesupport_introspection_c.h
[1.018s] -- Up-to-date: /home/mike54pfeiffer/Desktop/School/ROB599/ROB599_ws/install/rob599_msgs/include/rob599_msgs/rob599_msgs/action/detail/fibonacci__type_support.c
[1.018s] -- Up-to-date: /home/mike54pfeiffer/Desktop/School/ROB599/ROB599_ws/install/rob599_msgs/include/rob599_msgs/rob599_msgs/msg
[1.018s] -- Up-to-date: /home/mike54pfeiffer/Desktop/School/ROB599/ROB599_ws/install/rob599_msgs/include/rob599_msgs/rob599_msgs/msg/rosidl_typesupport_introspection_c__visibility_control.h
[1.018s] -- Up-to-date: /home/mike54pfeiffer/Desktop/School/ROB599/ROB599_ws/install/rob599_msgs/include/rob599_msgs/rob599_msgs/msg/detail
[1.018s] -- Up-to-date: /home/mike54pfeiffer/Desktop/School/ROB599/ROB599_ws/install/rob599_msgs/include/rob599_msgs/rob599_msgs/msg/detail/object__type_support.c
[1.018s] -- Up-to-date: /home/mike54pfeiffer/Desktop/School/ROB599/ROB599_ws/install/rob599_msgs/include/rob599_msgs/rob599_msgs/msg/detail/object__rosidl_typesupport_introspection_c.h
[1.018s] -- Up-to-date: /home/mike54pfeiffer/Desktop/School/ROB599/ROB599_ws/install/rob599_msgs/include/rob599_msgs/rob599_msgs/srv
[1.018s] -- Up-to-date: /home/mike54pfeiffer/Desktop/School/ROB599/ROB599_ws/install/rob599_msgs/include/rob599_msgs/rob599_msgs/srv/detail
[1.018s] -- Up-to-date: /home/mike54pfeiffer/Desktop/School/ROB599/ROB599_ws/install/rob599_msgs/include/rob599_msgs/rob599_msgs/srv/detail/doubler__rosidl_typesupport_introspection_c.h
[1.019s] -- Up-to-date: /home/mike54pfeiffer/Desktop/School/ROB599/ROB599_ws/install/rob599_msgs/include/rob599_msgs/rob599_msgs/srv/detail/doubler__type_support.c
[1.019s] -- Up-to-date: /home/mike54pfeiffer/Desktop/School/ROB599/ROB599_ws/install/rob599_msgs/include/rob599_msgs/rob599_msgs/srv/detail/fib_service__type_support.c
[1.019s] -- Up-to-date: /home/mike54pfeiffer/Desktop/School/ROB599/ROB599_ws/install/rob599_msgs/include/rob599_msgs/rob599_msgs/srv/detail/fib_service__rosidl_typesupport_introspection_c.h
[1.019s] -- Up-to-date: /home/mike54pfeiffer/Desktop/School/ROB599/ROB599_ws/install/rob599_msgs/lib/librob599_msgs__rosidl_typesupport_introspection_c.so
[1.019s] -- Up-to-date: /home/mike54pfeiffer/Desktop/School/ROB599/ROB599_ws/install/rob599_msgs/lib/librob599_msgs__rosidl_typesupport_c.so
[1.019s] -- Up-to-date: /home/mike54pfeiffer/Desktop/School/ROB599/ROB599_ws/install/rob599_msgs/include/rob599_msgs/rob599_msgs
[1.019s] -- Up-to-date: /home/mike54pfeiffer/Desktop/School/ROB599/ROB599_ws/install/rob599_msgs/include/rob599_msgs/rob599_msgs/action
[1.019s] -- Up-to-date: /home/mike54pfeiffer/Desktop/School/ROB599/ROB599_ws/install/rob599_msgs/include/rob599_msgs/rob599_msgs/action/fibonacci.hpp
[1.019s] -- Up-to-date: /home/mike54pfeiffer/Desktop/School/ROB599/ROB599_ws/install/rob599_msgs/include/rob599_msgs/rob599_msgs/action/detail
[1.019s] -- Up-to-date: /home/mike54pfeiffer/Desktop/School/ROB599/ROB599_ws/install/rob599_msgs/include/rob599_msgs/rob599_msgs/action/detail/fibonacci__type_support.hpp
[1.019s] -- Up-to-date: /home/mike54pfeiffer/Desktop/School/ROB599/ROB599_ws/install/rob599_msgs/include/rob599_msgs/rob599_msgs/action/detail/fibonacci__builder.hpp
[1.020s] -- Up-to-date: /home/mike54pfeiffer/Desktop/School/ROB599/ROB599_ws/install/rob599_msgs/include/rob599_msgs/rob599_msgs/action/detail/fibonacci__traits.hpp
[1.020s] -- Up-to-date: /home/mike54pfeiffer/Desktop/School/ROB599/ROB599_ws/install/rob599_msgs/include/rob599_msgs/rob599_msgs/action/detail/fibonacci__struct.hpp
[1.020s] -- Up-to-date: /home/mike54pfeiffer/Desktop/School/ROB599/ROB599_ws/install/rob599_msgs/include/rob599_msgs/rob599_msgs/msg
[1.020s] -- Up-to-date: /home/mike54pfeiffer/Desktop/School/ROB599/ROB599_ws/install/rob599_msgs/include/rob599_msgs/rob599_msgs/msg/object.hpp
[1.020s] -- Up-to-date: /home/mike54pfeiffer/Desktop/School/ROB599/ROB599_ws/install/rob599_msgs/include/rob599_msgs/rob599_msgs/msg/detail
[1.020s] -- Up-to-date: /home/mike54pfeiffer/Desktop/School/ROB599/ROB599_ws/install/rob599_msgs/include/rob599_msgs/rob599_msgs/msg/detail/object__traits.hpp
[1.020s] -- Up-to-date: /home/mike54pfeiffer/Desktop/School/ROB599/ROB599_ws/install/rob599_msgs/include/rob599_msgs/rob599_msgs/msg/detail/object__builder.hpp
[1.020s] -- Up-to-date: /home/mike54pfeiffer/Desktop/School/ROB599/ROB599_ws/install/rob599_msgs/include/rob599_msgs/rob599_msgs/msg/detail/object__type_support.hpp
[1.020s] -- Up-to-date: /home/mike54pfeiffer/Desktop/School/ROB599/ROB599_ws/install/rob599_msgs/include/rob599_msgs/rob599_msgs/msg/detail/object__struct.hpp
[1.020s] -- Up-to-date: /home/mike54pfeiffer/Desktop/School/ROB599/ROB599_ws/install/rob599_msgs/include/rob599_msgs/rob599_msgs/msg/rosidl_generator_cpp__visibility_control.hpp
[1.020s] -- Up-to-date: /home/mike54pfeiffer/Desktop/School/ROB599/ROB599_ws/install/rob599_msgs/include/rob599_msgs/rob599_msgs/srv
[1.020s] -- Up-to-date: /home/mike54pfeiffer/Desktop/School/ROB599/ROB599_ws/install/rob599_msgs/include/rob599_msgs/rob599_msgs/srv/doubler.hpp
[1.020s] -- Up-to-date: /home/mike54pfeiffer/Desktop/School/ROB599/ROB599_ws/install/rob599_msgs/include/rob599_msgs/rob599_msgs/srv/detail
[1.020s] -- Up-to-date: /home/mike54pfeiffer/Desktop/School/ROB599/ROB599_ws/install/rob599_msgs/include/rob599_msgs/rob599_msgs/srv/detail/fib_service__traits.hpp
[1.020s] -- Up-to-date: /home/mike54pfeiffer/Desktop/School/ROB599/ROB599_ws/install/rob599_msgs/include/rob599_msgs/rob599_msgs/srv/detail/fib_service__type_support.hpp
[1.020s] -- Up-to-date: /home/mike54pfeiffer/Desktop/School/ROB599/ROB599_ws/install/rob599_msgs/include/rob599_msgs/rob599_msgs/srv/detail/fib_service__struct.hpp
[1.020s] -- Up-to-date: /home/mike54pfeiffer/Desktop/School/ROB599/ROB599_ws/install/rob599_msgs/include/rob599_msgs/rob599_msgs/srv/detail/doubler__struct.hpp
[1.021s] -- Up-to-date: /home/mike54pfeiffer/Desktop/School/ROB599/ROB599_ws/install/rob599_msgs/include/rob599_msgs/rob599_msgs/srv/detail/fib_service__builder.hpp
[1.021s] -- Up-to-date: /home/mike54pfeiffer/Desktop/School/ROB599/ROB599_ws/install/rob599_msgs/include/rob599_msgs/rob599_msgs/srv/detail/doubler__type_support.hpp
[1.021s] -- Up-to-date: /home/mike54pfeiffer/Desktop/School/ROB599/ROB599_ws/install/rob599_msgs/include/rob599_msgs/rob599_msgs/srv/detail/doubler__traits.hpp
[1.021s] -- Up-to-date: /home/mike54pfeiffer/Desktop/School/ROB599/ROB599_ws/install/rob599_msgs/include/rob599_msgs/rob599_msgs/srv/detail/doubler__builder.hpp
[1.021s] -- Up-to-date: /home/mike54pfeiffer/Desktop/School/ROB599/ROB599_ws/install/rob599_msgs/include/rob599_msgs/rob599_msgs/srv/fib_service.hpp
[1.021s] -- Up-to-date: /home/mike54pfeiffer/Desktop/School/ROB599/ROB599_ws/install/rob599_msgs/include/rob599_msgs/rob599_msgs
[1.021s] -- Up-to-date: /home/mike54pfeiffer/Desktop/School/ROB599/ROB599_ws/install/rob599_msgs/include/rob599_msgs/rob599_msgs/action
[1.021s] -- Up-to-date: /home/mike54pfeiffer/Desktop/School/ROB599/ROB599_ws/install/rob599_msgs/include/rob599_msgs/rob599_msgs/action/detail
[1.021s] -- Up-to-date: /home/mike54pfeiffer/Desktop/School/ROB599/ROB599_ws/install/rob599_msgs/include/rob599_msgs/rob599_msgs/action/detail/fibonacci__rosidl_typesupport_fastrtps_cpp.hpp
[1.021s] -- Up-to-date: /home/mike54pfeiffer/Desktop/School/ROB599/ROB599_ws/install/rob599_msgs/include/rob599_msgs/rob599_msgs/action/detail/dds_fastrtps
[1.021s] -- Up-to-date: /home/mike54pfeiffer/Desktop/School/ROB599/ROB599_ws/install/rob599_msgs/include/rob599_msgs/rob599_msgs/msg
[1.022s] -- Up-to-date: /home/mike54pfeiffer/Desktop/School/ROB599/ROB599_ws/install/rob599_msgs/include/rob599_msgs/rob599_msgs/msg/rosidl_typesupport_fastrtps_cpp__visibility_control.h
[1.022s] -- Up-to-date: /home/mike54pfeiffer/Desktop/School/ROB599/ROB599_ws/install/rob599_msgs/include/rob599_msgs/rob599_msgs/msg/detail
[1.022s] -- Up-to-date: /home/mike54pfeiffer/Desktop/School/ROB599/ROB599_ws/install/rob599_msgs/include/rob599_msgs/rob599_msgs/msg/detail/dds_fastrtps
[1.022s] -- Up-to-date: /home/mike54pfeiffer/Desktop/School/ROB599/ROB599_ws/install/rob599_msgs/include/rob599_msgs/rob599_msgs/msg/detail/object__rosidl_typesupport_fastrtps_cpp.hpp
[1.022s] -- Up-to-date: /home/mike54pfeiffer/Desktop/School/ROB599/ROB599_ws/install/rob599_msgs/include/rob599_msgs/rob599_msgs/srv
[1.022s] -- Up-to-date: /home/mike54pfeiffer/Desktop/School/ROB599/ROB599_ws/install/rob599_msgs/include/rob599_msgs/rob599_msgs/srv/detail
[1.022s] -- Up-to-date: /home/mike54pfeiffer/Desktop/School/ROB599/ROB599_ws/install/rob599_msgs/include/rob599_msgs/rob599_msgs/srv/detail/dds_fastrtps
[1.022s] -- Up-to-date: /home/mike54pfeiffer/Desktop/School/ROB599/ROB599_ws/install/rob599_msgs/include/rob599_msgs/rob599_msgs/srv/detail/doubler__rosidl_typesupport_fastrtps_cpp.hpp
[1.022s] -- Up-to-date: /home/mike54pfeiffer/Desktop/School/ROB599/ROB599_ws/install/rob599_msgs/include/rob599_msgs/rob599_msgs/srv/detail/fib_service__rosidl_typesupport_fastrtps_cpp.hpp
[1.022s] -- Up-to-date: /home/mike54pfeiffer/Desktop/School/ROB599/ROB599_ws/install/rob599_msgs/lib/librob599_msgs__rosidl_typesupport_fastrtps_cpp.so
[1.022s] -- Up-to-date: /home/mike54pfeiffer/Desktop/School/ROB599/ROB599_ws/install/rob599_msgs/include/rob599_msgs/rob599_msgs
[1.022s] -- Up-to-date: /home/mike54pfeiffer/Desktop/School/ROB599/ROB599_ws/install/rob599_msgs/include/rob599_msgs/rob599_msgs/action
[1.022s] -- Up-to-date: /home/mike54pfeiffer/Desktop/School/ROB599/ROB599_ws/install/rob599_msgs/include/rob599_msgs/rob599_msgs/action/detail
[1.022s] -- Up-to-date: /home/mike54pfeiffer/Desktop/School/ROB599/ROB599_ws/install/rob599_msgs/include/rob599_msgs/rob599_msgs/action/detail/fibonacci__type_support.cpp
[1.022s] -- Up-to-date: /home/mike54pfeiffer/Desktop/School/ROB599/ROB599_ws/install/rob599_msgs/include/rob599_msgs/rob599_msgs/action/detail/fibonacci__rosidl_typesupport_introspection_cpp.hpp
[1.023s] -- Up-to-date: /home/mike54pfeiffer/Desktop/School/ROB599/ROB599_ws/install/rob599_msgs/include/rob599_msgs/rob599_msgs/msg
[1.023s] -- Up-to-date: /home/mike54pfeiffer/Desktop/School/ROB599/ROB599_ws/install/rob599_msgs/include/rob599_msgs/rob599_msgs/msg/detail
[1.023s] -- Up-to-date: /home/mike54pfeiffer/Desktop/School/ROB599/ROB599_ws/install/rob599_msgs/include/rob599_msgs/rob599_msgs/msg/detail/object__rosidl_typesupport_introspection_cpp.hpp
[1.023s] -- Up-to-date: /home/mike54pfeiffer/Desktop/School/ROB599/ROB599_ws/install/rob599_msgs/include/rob599_msgs/rob599_msgs/msg/detail/object__type_support.cpp
[1.023s] -- Up-to-date: /home/mike54pfeiffer/Desktop/School/ROB599/ROB599_ws/install/rob599_msgs/include/rob599_msgs/rob599_msgs/srv
[1.023s] -- Up-to-date: /home/mike54pfeiffer/Desktop/School/ROB599/ROB599_ws/install/rob599_msgs/include/rob599_msgs/rob599_msgs/srv/detail
[1.023s] -- Up-to-date: /home/mike54pfeiffer/Desktop/School/ROB599/ROB599_ws/install/rob599_msgs/include/rob599_msgs/rob599_msgs/srv/detail/fib_service__rosidl_typesupport_introspection_cpp.hpp
[1.023s] -- Up-to-date: /home/mike54pfeiffer/Desktop/School/ROB599/ROB599_ws/install/rob599_msgs/include/rob599_msgs/rob599_msgs/srv/detail/doubler__type_support.cpp
[1.023s] -- Up-to-date: /home/mike54pfeiffer/Desktop/School/ROB599/ROB599_ws/install/rob599_msgs/include/rob599_msgs/rob599_msgs/srv/detail/doubler__rosidl_typesupport_introspection_cpp.hpp
[1.023s] -- Up-to-date: /home/mike54pfeiffer/Desktop/School/ROB599/ROB599_ws/install/rob599_msgs/include/rob599_msgs/rob599_msgs/srv/detail/fib_service__type_support.cpp
[1.023s] -- Up-to-date: /home/mike54pfeiffer/Desktop/School/ROB599/ROB599_ws/install/rob599_msgs/lib/librob599_msgs__rosidl_typesupport_introspection_cpp.so
[1.023s] -- Up-to-date: /home/mike54pfeiffer/Desktop/School/ROB599/ROB599_ws/install/rob599_msgs/lib/librob599_msgs__rosidl_typesupport_cpp.so
[1.023s] -- Up-to-date: /home/mike54pfeiffer/Desktop/School/ROB599/ROB599_ws/install/rob599_msgs/share/rob599_msgs/environment/pythonpath.sh
[1.023s] -- Up-to-date: /home/mike54pfeiffer/Desktop/School/ROB599/ROB599_ws/install/rob599_msgs/share/rob599_msgs/environment/pythonpath.dsv
[1.023s] -- Up-to-date: /home/mike54pfeiffer/Desktop/School/ROB599/ROB599_ws/install/rob599_msgs/lib/python3.12/site-packages/rob599_msgs-0.1.0-py3.12.egg-info
[1.023s] -- Installing: /home/mike54pfeiffer/Desktop/School/ROB599/ROB599_ws/install/rob599_msgs/lib/python3.12/site-packages/rob599_msgs-0.1.0-py3.12.egg-info/dependency_links.txt
[1.024s] -- Installing: /home/mike54pfeiffer/Desktop/School/ROB599/ROB599_ws/install/rob599_msgs/lib/python3.12/site-packages/rob599_msgs-0.1.0-py3.12.egg-info/top_level.txt
[1.024s] -- Installing: /home/mike54pfeiffer/Desktop/School/ROB599/ROB599_ws/install/rob599_msgs/lib/python3.12/site-packages/rob599_msgs-0.1.0-py3.12.egg-info/SOURCES.txt
[1.024s] -- Installing: /home/mike54pfeiffer/Desktop/School/ROB599/ROB599_ws/install/rob599_msgs/lib/python3.12/site-packages/rob599_msgs-0.1.0-py3.12.egg-info/PKG-INFO
[1.024s] -- Up-to-date: /home/mike54pfeiffer/Desktop/School/ROB599/ROB599_ws/install/rob599_msgs/lib/python3.12/site-packages/rob599_msgs
[1.024s] -- Up-to-date: /home/mike54pfeiffer/Desktop/School/ROB599/ROB599_ws/install/rob599_msgs/lib/python3.12/site-packages/rob599_msgs/action
[1.024s] -- Up-to-date: /home/mike54pfeiffer/Desktop/School/ROB599/ROB599_ws/install/rob599_msgs/lib/python3.12/site-packages/rob599_msgs/action/__init__.py
[1.024s] -- Up-to-date: /home/mike54pfeiffer/Desktop/School/ROB599/ROB599_ws/install/rob599_msgs/lib/python3.12/site-packages/rob599_msgs/action/_fibonacci.py
[1.024s] -- Up-to-date: /home/mike54pfeiffer/Desktop/School/ROB599/ROB599_ws/install/rob599_msgs/lib/python3.12/site-packages/rob599_msgs/action/_fibonacci_s.c
[1.024s] -- Up-to-date: /home/mike54pfeiffer/Desktop/School/ROB599/ROB599_ws/install/rob599_msgs/lib/python3.12/site-packages/rob599_msgs/_rob599_msgs_s.ep.rosidl_typesupport_c.c
[1.024s] -- Up-to-date: /home/mike54pfeiffer/Desktop/School/ROB599/ROB599_ws/install/rob599_msgs/lib/python3.12/site-packages/rob599_msgs/rob599_msgs_s__rosidl_typesupport_introspection_c.so
[1.024s] -- Up-to-date: /home/mike54pfeiffer/Desktop/School/ROB599/ROB599_ws/install/rob599_msgs/lib/python3.12/site-packages/rob599_msgs/__init__.py
[1.024s] -- Up-to-date: /home/mike54pfeiffer/Desktop/School/ROB599/ROB599_ws/install/rob599_msgs/lib/python3.12/site-packages/rob599_msgs/rob599_msgs_s__rosidl_typesupport_c.so
[1.024s] -- Up-to-date: /home/mike54pfeiffer/Desktop/School/ROB599/ROB599_ws/install/rob599_msgs/lib/python3.12/site-packages/rob599_msgs/msg
[1.024s] -- Up-to-date: /home/mike54pfeiffer/Desktop/School/ROB599/ROB599_ws/install/rob599_msgs/lib/python3.12/site-packages/rob599_msgs/msg/_object_s.c
[1.024s] -- Up-to-date: /home/mike54pfeiffer/Desktop/School/ROB599/ROB599_ws/install/rob599_msgs/lib/python3.12/site-packages/rob599_msgs/msg/__init__.py
[1.024s] -- Up-to-date: /home/mike54pfeiffer/Desktop/School/ROB599/ROB599_ws/install/rob599_msgs/lib/python3.12/site-packages/rob599_msgs/msg/_object.py
[1.025s] -- Up-to-date: /home/mike54pfeiffer/Desktop/School/ROB599/ROB599_ws/install/rob599_msgs/lib/python3.12/site-packages/rob599_msgs/_rob599_msgs_s.ep.rosidl_typesupport_introspection_c.c
[1.025s] -- Up-to-date: /home/mike54pfeiffer/Desktop/School/ROB599/ROB599_ws/install/rob599_msgs/lib/python3.12/site-packages/rob599_msgs/_rob599_msgs_s.ep.rosidl_typesupport_fastrtps_c.c
[1.025s] -- Up-to-date: /home/mike54pfeiffer/Desktop/School/ROB599/ROB599_ws/install/rob599_msgs/lib/python3.12/site-packages/rob599_msgs/rob599_msgs_s__rosidl_typesupport_fastrtps_c.so
[1.025s] -- Up-to-date: /home/mike54pfeiffer/Desktop/School/ROB599/ROB599_ws/install/rob599_msgs/lib/python3.12/site-packages/rob599_msgs/srv
[1.025s] -- Up-to-date: /home/mike54pfeiffer/Desktop/School/ROB599/ROB599_ws/install/rob599_msgs/lib/python3.12/site-packages/rob599_msgs/srv/__init__.py
[1.025s] -- Up-to-date: /home/mike54pfeiffer/Desktop/School/ROB599/ROB599_ws/install/rob599_msgs/lib/python3.12/site-packages/rob599_msgs/srv/_fib_service.py
[1.025s] -- Up-to-date: /home/mike54pfeiffer/Desktop/School/ROB599/ROB599_ws/install/rob599_msgs/lib/python3.12/site-packages/rob599_msgs/srv/_fib_service_s.c
[1.025s] -- Up-to-date: /home/mike54pfeiffer/Desktop/School/ROB599/ROB599_ws/install/rob599_msgs/lib/python3.12/site-packages/rob599_msgs/srv/_doubler_s.c
[1.025s] -- Up-to-date: /home/mike54pfeiffer/Desktop/School/ROB599/ROB599_ws/install/rob599_msgs/lib/python3.12/site-packages/rob599_msgs/srv/_doubler.py
[1.052s] Listing '/home/mike54pfeiffer/Desktop/School/ROB599/ROB599_ws/install/rob599_msgs/lib/python3.12/site-packages/rob599_msgs'...
[1.052s] Listing '/home/mike54pfeiffer/Desktop/School/ROB599/ROB599_ws/install/rob599_msgs/lib/python3.12/site-packages/rob599_msgs/action'...
[1.052s] Listing '/home/mike54pfeiffer/Desktop/School/ROB599/ROB599_ws/install/rob599_msgs/lib/python3.12/site-packages/rob599_msgs/msg'...
[1.052s] Listing '/home/mike54pfeiffer/Desktop/School/ROB599/ROB599_ws/install/rob599_msgs/lib/python3.12/site-packages/rob599_msgs/srv'...
[1.057s] -- Up-to-date: /home/mike54pfeiffer/Desktop/School/ROB599/ROB599_ws/install/rob599_msgs/lib/python3.12/site-packages/rob599_msgs/rob599_msgs_s__rosidl_typesupport_fastrtps_c.so
[1.058s] -- Up-to-date: /home/mike54pfeiffer/Desktop/School/ROB599/ROB599_ws/install/rob599_msgs/lib/python3.12/site-packages/rob599_msgs/rob599_msgs_s__rosidl_typesupport_introspection_c.so
[1.058s] -- Up-to-date: /home/mike54pfeiffer/Desktop/School/ROB599/ROB599_ws/install/rob599_msgs/lib/python3.12/site-packages/rob599_msgs/rob599_msgs_s__rosidl_typesupport_c.so
[1.058s] -- Up-to-date: /home/mike54pfeiffer/Desktop/School/ROB599/ROB599_ws/install/rob599_msgs/lib/librob599_msgs__rosidl_generator_py.so
[1.059s] -- Up-to-date: /home/mike54pfeiffer/Desktop/School/ROB599/ROB599_ws/install/rob599_msgs/share/rob599_msgs/msg/Object.idl
[1.059s] -- Up-to-date: /home/mike54pfeiffer/Desktop/School/ROB599/ROB599_ws/install/rob599_msgs/share/rob599_msgs/srv/Doubler.idl
[1.059s] -- Up-to-date: /home/mike54pfeiffer/Desktop/School/ROB599/ROB599_ws/install/rob599_msgs/share/rob599_msgs/srv/FibService.idl
[1.059s] -- Up-to-date: /home/mike54pfeiffer/Desktop/School/ROB599/ROB599_ws/install/rob599_msgs/share/rob599_msgs/action/Fibonacci.idl
[1.059s] -- Up-to-date: /home/mike54pfeiffer/Desktop/School/ROB599/ROB599_ws/install/rob599_msgs/share/rob599_msgs/msg/Object.msg
[1.059s] -- Up-to-date: /home/mike54pfeiffer/Desktop/School/ROB599/ROB599_ws/install/rob599_msgs/share/rob599_msgs/srv/Doubler.srv
[1.059s] -- Up-to-date: /home/mike54pfeiffer/Desktop/School/ROB599/ROB599_ws/install/rob599_msgs/share/rob599_msgs/srv/FibService.srv
[1.059s] -- Up-to-date: /home/mike54pfeiffer/Desktop/School/ROB599/ROB599_ws/install/rob599_msgs/share/rob599_msgs/action/Fibonacci.action
[1.059s] -- Up-to-date: /home/mike54pfeiffer/Desktop/School/ROB599/ROB599_ws/install/rob599_msgs/share/ament_index/resource_index/package_run_dependencies/rob599_msgs
[1.060s] -- Up-to-date: /home/mike54pfeiffer/Desktop/School/ROB599/ROB599_ws/install/rob599_msgs/share/ament_index/resource_index/parent_prefix_path/rob599_msgs
[1.060s] -- Up-to-date: /home/mike54pfeiffer/Desktop/School/ROB599/ROB599_ws/install/rob599_msgs/share/rob599_msgs/environment/ament_prefix_path.sh
[1.060s] -- Up-to-date: /home/mike54pfeiffer/Desktop/School/ROB599/ROB599_ws/install/rob599_msgs/share/rob599_msgs/environment/ament_prefix_path.dsv
[1.060s] -- Up-to-date: /home/mike54pfeiffer/Desktop/School/ROB599/ROB599_ws/install/rob599_msgs/share/rob599_msgs/environment/path.sh
[1.060s] -- Up-to-date: /home/mike54pfeiffer/Desktop/School/ROB599/ROB599_ws/install/rob599_msgs/share/rob599_msgs/environment/path.dsv
[1.060s] -- Up-to-date: /home/mike54pfeiffer/Desktop/School/ROB599/ROB599_ws/install/rob599_msgs/share/rob599_msgs/local_setup.bash
[1.060s] -- Up-to-date: /home/mike54pfeiffer/Desktop/School/ROB599/ROB599_ws/install/rob599_msgs/share/rob599_msgs/local_setup.sh
[1.060s] -- Up-to-date: /home/mike54pfeiffer/Desktop/School/ROB599/ROB599_ws/install/rob599_msgs/share/rob599_msgs/local_setup.zsh
[1.060s] -- Up-to-date: /home/mike54pfeiffer/Desktop/School/ROB599/ROB599_ws/install/rob599_msgs/share/rob599_msgs/local_setup.dsv
[1.060s] -- Installing: /home/mike54pfeiffer/Desktop/School/ROB599/ROB599_ws/install/rob599_msgs/share/rob599_msgs/package.dsv
[1.060s] -- Up-to-date: /home/mike54pfeiffer/Desktop/School/ROB599/ROB599_ws/install/rob599_msgs/share/ament_index/resource_index/packages/rob599_msgs
[1.060s] -- Up-to-date: /home/mike54pfeiffer/Desktop/School/ROB599/ROB599_ws/install/rob599_msgs/share/rob599_msgs/cmake/export_rob599_msgs__rosidl_generator_cExport.cmake
[1.061s] -- Up-to-date: /home/mike54pfeiffer/Desktop/School/ROB599/ROB599_ws/install/rob599_msgs/share/rob599_msgs/cmake/export_rob599_msgs__rosidl_generator_cExport-noconfig.cmake
[1.061s] -- Up-to-date: /home/mike54pfeiffer/Desktop/School/ROB599/ROB599_ws/install/rob599_msgs/share/rob599_msgs/cmake/export_rob599_msgs__rosidl_typesupport_fastrtps_cExport.cmake
[1.061s] -- Up-to-date: /home/mike54pfeiffer/Desktop/School/ROB599/ROB599_ws/install/rob599_msgs/share/rob599_msgs/cmake/export_rob599_msgs__rosidl_typesupport_fastrtps_cExport-noconfig.cmake
[1.061s] -- Up-to-date: /home/mike54pfeiffer/Desktop/School/ROB599/ROB599_ws/install/rob599_msgs/share/rob599_msgs/cmake/rob599_msgs__rosidl_typesupport_introspection_cExport.cmake
[1.061s] -- Up-to-date: /home/mike54pfeiffer/Desktop/School/ROB599/ROB599_ws/install/rob599_msgs/share/rob599_msgs/cmake/rob599_msgs__rosidl_typesupport_introspection_cExport-noconfig.cmake
[1.061s] -- Up-to-date: /home/mike54pfeiffer/Desktop/School/ROB599/ROB599_ws/install/rob599_msgs/share/rob599_msgs/cmake/rob599_msgs__rosidl_typesupport_cExport.cmake
[1.061s] -- Up-to-date: /home/mike54pfeiffer/Desktop/School/ROB599/ROB599_ws/install/rob599_msgs/share/rob599_msgs/cmake/rob599_msgs__rosidl_typesupport_cExport-noconfig.cmake
[1.061s] -- Up-to-date: /home/mike54pfeiffer/Desktop/School/ROB599/ROB599_ws/install/rob599_msgs/share/rob599_msgs/cmake/export_rob599_msgs__rosidl_generator_cppExport.cmake
[1.061s] -- Up-to-date: /home/mike54pfeiffer/Desktop/School/ROB599/ROB599_ws/install/rob599_msgs/share/rob599_msgs/cmake/export_rob599_msgs__rosidl_typesupport_fastrtps_cppExport.cmake
[1.061s] -- Up-to-date: /home/mike54pfeiffer/Desktop/School/ROB599/ROB599_ws/install/rob599_msgs/share/rob599_msgs/cmake/export_rob599_msgs__rosidl_typesupport_fastrtps_cppExport-noconfig.cmake
[1.061s] -- Up-to-date: /home/mike54pfeiffer/Desktop/School/ROB599/ROB599_ws/install/rob599_msgs/share/rob599_msgs/cmake/rob599_msgs__rosidl_typesupport_introspection_cppExport.cmake
[1.061s] -- Up-to-date: /home/mike54pfeiffer/Desktop/School/ROB599/ROB599_ws/install/rob599_msgs/share/rob599_msgs/cmake/rob599_msgs__rosidl_typesupport_introspection_cppExport-noconfig.cmake
[1.061s] -- Up-to-date: /home/mike54pfeiffer/Desktop/School/ROB599/ROB599_ws/install/rob599_msgs/share/rob599_msgs/cmake/rob599_msgs__rosidl_typesupport_cppExport.cmake
[1.061s] -- Up-to-date: /home/mike54pfeiffer/Desktop/School/ROB599/ROB599_ws/install/rob599_msgs/share/rob599_msgs/cmake/rob599_msgs__rosidl_typesupport_cppExport-noconfig.cmake
[1.062s] -- Up-to-date: /home/mike54pfeiffer/Desktop/School/ROB599/ROB599_ws/install/rob599_msgs/share/rob599_msgs/cmake/export_rob599_msgs__rosidl_generator_pyExport.cmake
[1.062s] -- Up-to-date: /home/mike54pfeiffer/Desktop/School/ROB599/ROB599_ws/install/rob599_msgs/share/rob599_msgs/cmake/export_rob599_msgs__rosidl_generator_pyExport-noconfig.cmake
[1.062s] -- Up-to-date: /home/mike54pfeiffer/Desktop/School/ROB599/ROB599_ws/install/rob599_msgs/share/rob599_msgs/cmake/rosidl_cmake-extras.cmake
[1.062s] -- Up-to-date: /home/mike54pfeiffer/Desktop/School/ROB599/ROB599_ws/install/rob599_msgs/share/rob599_msgs/cmake/ament_cmake_export_dependencies-extras.cmake
[1.062s] -- Up-to-date: /home/mike54pfeiffer/Desktop/School/ROB599/ROB599_ws/install/rob599_msgs/share/rob599_msgs/cmake/ament_cmake_export_include_directories-extras.cmake
[1.062s] -- Up-to-date: /home/mike54pfeiffer/Desktop/School/ROB599/ROB599_ws/install/rob599_msgs/share/rob599_msgs/cmake/ament_cmake_export_libraries-extras.cmake
[1.062s] -- Up-to-date: /home/mike54pfeiffer/Desktop/School/ROB599/ROB599_ws/install/rob599_msgs/share/rob599_msgs/cmake/ament_cmake_export_targets-extras.cmake
[1.062s] -- Up-to-date: /home/mike54pfeiffer/Desktop/School/ROB599/ROB599_ws/install/rob599_msgs/share/rob599_msgs/cmake/rosidl_cmake_export_typesupport_targets-extras.cmake
[1.062s] -- Up-to-date: /home/mike54pfeiffer/Desktop/School/ROB599/ROB599_ws/install/rob599_msgs/share/rob599_msgs/cmake/rosidl_cmake_export_typesupport_libraries-extras.cmake
[1.062s] -- Up-to-date: /home/mike54pfeiffer/Desktop/School/ROB599/ROB599_ws/install/rob599_msgs/share/rob599_msgs/cmake/rob599_msgsConfig.cmake
[1.062s] -- Up-to-date: /home/mike54pfeiffer/Desktop/School/ROB599/ROB599_ws/install/rob599_msgs/share/rob599_msgs/cmake/rob599_msgsConfig-version.cmake
[1.062s] -- Up-to-date: /home/mike54pfeiffer/Desktop/School/ROB599/ROB599_ws/install/rob599_msgs/share/rob599_msgs/package.xml
[1.064s] Invoked command in '/home/mike54pfeiffer/Desktop/School/ROB599/ROB599_ws/build/rob599_msgs' returned '0': CMAKE_PREFIX_PATH=${CMAKE_PREFIX_PATH}:/home/mike54pfeiffer/Desktop/School/ROB599/ROB599_ws/install/rob599_basic:/home/mike54pfeiffer/Desktop/School/ROB599/ROB599_ws/install/hw2:/opt/ros/jazzy DEBUGINFOD_URLS=https://debuginfod.ubuntu.com /usr/bin/cmake --install /home/mike54pfeiffer/Desktop/School/ROB599/ROB599_ws/build/rob599_msgs
