[1.551s] Invoking command in '/home/mike54pfeiffer/Desktop/School/ROB599/ROB599_ws/src/hw2': DEBUGINFOD_URLS=https://debuginfod.ubuntu.com PYTHONPATH=/home/mike54pfeiffer/Desktop/School/ROB599/ROB599_ws/build/hw2/prefix_override:/usr/lib/python3/dist-packages/colcon_core/task/python/colcon_distutils_commands:/home/mike54pfeiffer/Desktop/School/ROB599/ROB599_ws/install/hw2/lib/python3.12/site-packages:${PYTHONPATH} /usr/bin/python3 -W ignore:setup.py install is deprecated -W ignore:easy_install command is deprecated setup.py egg_info --egg-base ../../build/hw2 build --build-base /home/mike54pfeiffer/Desktop/School/ROB599/ROB599_ws/build/hw2/build install --record /home/mike54pfeiffer/Desktop/School/ROB599/ROB599_ws/build/hw2/install.log --single-version-externally-managed install_data
[1.960s] running egg_info
[1.991s] writing ../../build/hw2/hw2.egg-info/PKG-INFO
[1.992s] writing dependency_links to ../../build/hw2/hw2.egg-info/dependency_links.txt
[1.992s] writing entry points to ../../build/hw2/hw2.egg-info/entry_points.txt
[1.992s] writing requirements to ../../build/hw2/hw2.egg-info/requires.txt
[1.994s] writing top-level names to ../../build/hw2/hw2.egg-info/top_level.txt
[2.059s] reading manifest file '../../build/hw2/hw2.egg-info/SOURCES.txt'
[2.059s] adding license file 'LICENSE'
[2.060s] writing manifest file '../../build/hw2/hw2.egg-info/SOURCES.txt'
[2.061s] running build
[2.061s] running build_py
[2.061s] running install
[2.071s] running install_lib
[2.109s] running install_data
[2.110s] running install_egg_info
[2.148s] removing '/home/mike54pfeiffer/Desktop/School/ROB599/ROB599_ws/install/hw2/lib/python3.12/site-packages/hw2-0.0.1-py3.12.egg-info' (and everything under it)
[2.149s] Copying ../../build/hw2/hw2.egg-info to /home/mike54pfeiffer/Desktop/School/ROB599/ROB599_ws/install/hw2/lib/python3.12/site-packages/hw2-0.0.1-py3.12.egg-info
[2.150s] running install_scripts
[2.372s] Installing fast_wave script to /home/mike54pfeiffer/Desktop/School/ROB599/ROB599_ws/install/hw2/lib/hw2
[2.372s] Installing limiter script to /home/mike54pfeiffer/Desktop/School/ROB599/ROB599_ws/install/hw2/lib/hw2
[2.372s] Installing oscope script to /home/mike54pfeiffer/Desktop/School/ROB599/ROB599_ws/install/hw2/lib/hw2
[2.372s] Installing slow_wave script to /home/mike54pfeiffer/Desktop/School/ROB599/ROB599_ws/install/hw2/lib/hw2
[2.373s] writing list of installed files to '/home/mike54pfeiffer/Desktop/School/ROB599/ROB599_ws/build/hw2/install.log'
[2.460s] Invoked command in '/home/mike54pfeiffer/Desktop/School/ROB599/ROB599_ws/src/hw2' returned '0': DEBUGINFOD_URLS=https://debuginfod.ubuntu.com PYTHONPATH=/home/mike54pfeiffer/Desktop/School/ROB599/ROB599_ws/build/hw2/prefix_override:/usr/lib/python3/dist-packages/colcon_core/task/python/colcon_distutils_commands:/home/mike54pfeiffer/Desktop/School/ROB599/ROB599_ws/install/hw2/lib/python3.12/site-packages:${PYTHONPATH} /usr/bin/python3 -W ignore:setup.py install is deprecated -W ignore:easy_install command is deprecated setup.py egg_info --egg-base ../../build/hw2 build --build-base /home/mike54pfeiffer/Desktop/School/ROB599/ROB599_ws/build/hw2/build install --record /home/mike54pfeiffer/Desktop/School/ROB599/ROB599_ws/build/hw2/install.log --single-version-externally-managed install_data
