/home/mike54pfeiffer/Desktop/School/ROB599/ROB599_ws/install/hw4/lib/python3.12/site-packages/hw4/nasa.py
/home/mike54pfeiffer/Desktop/School/ROB599/ROB599_ws/install/hw4/lib/python3.12/site-packages/hw4/__init__.py
/home/mike54pfeiffer/Desktop/School/ROB599/ROB599_ws/install/hw4/lib/python3.12/site-packages/hw4/launch_rocket.py
/home/mike54pfeiffer/Desktop/School/ROB599/ROB599_ws/install/hw4/lib/python3.12/site-packages/hw4/oscope.py
/home/mike54pfeiffer/Desktop/School/ROB599/ROB599_ws/install/hw4/lib/python3.12/site-packages/hw4/__pycache__/nasa.cpython-312.pyc
/home/mike54pfeiffer/Desktop/School/ROB599/ROB599_ws/install/hw4/lib/python3.12/site-packages/hw4/__pycache__/__init__.cpython-312.pyc
/home/mike54pfeiffer/Desktop/School/ROB599/ROB599_ws/install/hw4/lib/python3.12/site-packages/hw4/__pycache__/launch_rocket.cpython-312.pyc
/home/mike54pfeiffer/Desktop/School/ROB599/ROB599_ws/install/hw4/lib/python3.12/site-packages/hw4/__pycache__/oscope.cpython-312.pyc
/home/mike54pfeiffer/Desktop/School/ROB599/ROB599_ws/install/hw4/share/ament_index/resource_index/packages/hw4
/home/mike54pfeiffer/Desktop/School/ROB599/ROB599_ws/install/hw4/share/hw4/package.xml
/home/mike54pfeiffer/Desktop/School/ROB599/ROB599_ws/install/hw4/share/hw4/launch/wave.py
/home/mike54pfeiffer/Desktop/School/ROB599/ROB599_ws/install/hw4/share/hw4/launch/launch_rocket_without_cancel.py
/home/mike54pfeiffer/Desktop/School/ROB599/ROB599_ws/install/hw4/share/hw4/launch/launch_rocket_with_cancel.py
/home/mike54pfeiffer/Desktop/School/ROB599/ROB599_ws/install/hw4/lib/python3.12/site-packages/hw4-0.0.1-py3.12.egg-info/zip-safe
/home/mike54pfeiffer/Desktop/School/ROB599/ROB599_ws/install/hw4/lib/python3.12/site-packages/hw4-0.0.1-py3.12.egg-info/dependency_links.txt
/home/mike54pfeiffer/Desktop/School/ROB599/ROB599_ws/install/hw4/lib/python3.12/site-packages/hw4-0.0.1-py3.12.egg-info/top_level.txt
/home/mike54pfeiffer/Desktop/School/ROB599/ROB599_ws/install/hw4/lib/python3.12/site-packages/hw4-0.0.1-py3.12.egg-info/SOURCES.txt
/home/mike54pfeiffer/Desktop/School/ROB599/ROB599_ws/install/hw4/lib/python3.12/site-packages/hw4-0.0.1-py3.12.egg-info/PKG-INFO
/home/mike54pfeiffer/Desktop/School/ROB599/ROB599_ws/install/hw4/lib/python3.12/site-packages/hw4-0.0.1-py3.12.egg-info/entry_points.txt
/home/mike54pfeiffer/Desktop/School/ROB599/ROB599_ws/install/hw4/lib/python3.12/site-packages/hw4-0.0.1-py3.12.egg-info/requires.txt
/home/mike54pfeiffer/Desktop/School/ROB599/ROB599_ws/install/hw4/lib/hw4/limiter
/home/mike54pfeiffer/Desktop/School/ROB599/ROB599_ws/install/hw4/lib/hw4/nasa
/home/mike54pfeiffer/Desktop/School/ROB599/ROB599_ws/install/hw4/lib/hw4/oscope
/home/mike54pfeiffer/Desktop/School/ROB599/ROB599_ws/install/hw4/lib/hw4/rocket_launcher.with_cancel
/home/mike54pfeiffer/Desktop/School/ROB599/ROB599_ws/install/hw4/lib/hw4/rocket_launcher.without_cancel
