[3.269s] Invoking command in '/home/mike54pfeiffer/Desktop/School/ROB599/ROB599_ws/src/rob599_basic': DEBUGINFOD_URLS=https://debuginfod.ubuntu.com PYTHONPATH=/home/mike54pfeiffer/Desktop/School/ROB599/ROB599_ws/build/rob599_basic/prefix_override:/usr/lib/python3/dist-packages/colcon_core/task/python/colcon_distutils_commands:/home/mike54pfeiffer/Desktop/School/ROB599/ROB599_ws/install/rob599_basic/lib/python3.12/site-packages:${PYTHONPATH} /usr/bin/python3 -W ignore:setup.py install is deprecated -W ignore:easy_install command is deprecated setup.py egg_info --egg-base ../../build/rob599_basic build --build-base /home/mike54pfeiffer/Desktop/School/ROB599/ROB599_ws/build/rob599_basic/build install --record /home/mike54pfeiffer/Desktop/School/ROB599/ROB599_ws/build/rob599_basic/install.log --single-version-externally-managed install_data
[4.170s] running egg_info
[4.237s] writing ../../build/rob599_basic/rob599_basic.egg-info/PKG-INFO
[4.237s] writing dependency_links to ../../build/rob599_basic/rob599_basic.egg-info/dependency_links.txt
[4.238s] writing entry points to ../../build/rob599_basic/rob599_basic.egg-info/entry_points.txt
[4.238s] writing requirements to ../../build/rob599_basic/rob599_basic.egg-info/requires.txt
[4.239s] writing top-level names to ../../build/rob599_basic/rob599_basic.egg-info/top_level.txt
[4.387s] reading manifest file '../../build/rob599_basic/rob599_basic.egg-info/SOURCES.txt'
[4.389s] adding license file 'LICENSE'
[4.390s] writing manifest file '../../build/rob599_basic/rob599_basic.egg-info/SOURCES.txt'
[4.391s] running build
[4.391s] running build_py
[4.392s] copying rob599_basic/service_client.py -> /home/mike54pfeiffer/Desktop/School/ROB599/ROB599_ws/build/rob599_basic/build/lib/rob599_basic
[4.393s] copying rob599_basic/bag_writer.py -> /home/mike54pfeiffer/Desktop/School/ROB599/ROB599_ws/build/rob599_basic/build/lib/rob599_basic
[4.394s] copying rob599_basic/messages.py -> /home/mike54pfeiffer/Desktop/School/ROB599/ROB599_ws/build/rob599_basic/build/lib/rob599_basic
[4.394s] copying rob599_basic/action_client.py -> /home/mike54pfeiffer/Desktop/School/ROB599/ROB599_ws/build/rob599_basic/build/lib/rob599_basic
[4.394s] copying rob599_basic/params.py -> /home/mike54pfeiffer/Desktop/School/ROB599/ROB599_ws/build/rob599_basic/build/lib/rob599_basic
[4.395s] copying rob599_basic/action_server.py -> /home/mike54pfeiffer/Desktop/School/ROB599/ROB599_ws/build/rob599_basic/build/lib/rob599_basic
[4.397s] running install
[4.408s] running install_lib
[4.483s] copying /home/mike54pfeiffer/Desktop/School/ROB599/ROB599_ws/build/rob599_basic/build/lib/rob599_basic/service_client.py -> /home/mike54pfeiffer/Desktop/School/ROB599/ROB599_ws/install/rob599_basic/lib/python3.12/site-packages/rob599_basic
[4.484s] copying /home/mike54pfeiffer/Desktop/School/ROB599/ROB599_ws/build/rob599_basic/build/lib/rob599_basic/bag_writer.py -> /home/mike54pfeiffer/Desktop/School/ROB599/ROB599_ws/install/rob599_basic/lib/python3.12/site-packages/rob599_basic
[4.485s] copying /home/mike54pfeiffer/Desktop/School/ROB599/ROB599_ws/build/rob599_basic/build/lib/rob599_basic/messages.py -> /home/mike54pfeiffer/Desktop/School/ROB599/ROB599_ws/install/rob599_basic/lib/python3.12/site-packages/rob599_basic
[4.485s] copying /home/mike54pfeiffer/Desktop/School/ROB599/ROB599_ws/build/rob599_basic/build/lib/rob599_basic/action_client.py -> /home/mike54pfeiffer/Desktop/School/ROB599/ROB599_ws/install/rob599_basic/lib/python3.12/site-packages/rob599_basic
[4.486s] copying /home/mike54pfeiffer/Desktop/School/ROB599/ROB599_ws/build/rob599_basic/build/lib/rob599_basic/params.py -> /home/mike54pfeiffer/Desktop/School/ROB599/ROB599_ws/install/rob599_basic/lib/python3.12/site-packages/rob599_basic
[4.486s] copying /home/mike54pfeiffer/Desktop/School/ROB599/ROB599_ws/build/rob599_basic/build/lib/rob599_basic/action_server.py -> /home/mike54pfeiffer/Desktop/School/ROB599/ROB599_ws/install/rob599_basic/lib/python3.12/site-packages/rob599_basic
[4.488s] byte-compiling /home/mike54pfeiffer/Desktop/School/ROB599/ROB599_ws/install/rob599_basic/lib/python3.12/site-packages/rob599_basic/service_client.py to service_client.cpython-312.pyc
[4.490s] byte-compiling /home/mike54pfeiffer/Desktop/School/ROB599/ROB599_ws/install/rob599_basic/lib/python3.12/site-packages/rob599_basic/bag_writer.py to bag_writer.cpython-312.pyc
[4.491s] byte-compiling /home/mike54pfeiffer/Desktop/School/ROB599/ROB599_ws/install/rob599_basic/lib/python3.12/site-packages/rob599_basic/messages.py to messages.cpython-312.pyc
[4.493s] byte-compiling /home/mike54pfeiffer/Desktop/School/ROB599/ROB599_ws/install/rob599_basic/lib/python3.12/site-packages/rob599_basic/action_client.py to action_client.cpython-312.pyc
[4.495s] byte-compiling /home/mike54pfeiffer/Desktop/School/ROB599/ROB599_ws/install/rob599_basic/lib/python3.12/site-packages/rob599_basic/params.py to params.cpython-312.pyc
[4.497s] byte-compiling /home/mike54pfeiffer/Desktop/School/ROB599/ROB599_ws/install/rob599_basic/lib/python3.12/site-packages/rob599_basic/action_server.py to action_server.cpython-312.pyc
[4.499s] running install_data
[4.499s] creating /home/mike54pfeiffer/Desktop/School/ROB599/ROB599_ws/install/rob599_basic/share/rob599_basic/launch
[4.500s] copying launch/doubler_launch.py -> /home/mike54pfeiffer/Desktop/School/ROB599/ROB599_ws/install/rob599_basic/share/rob599_basic/launch
[4.500s] copying launch/cascade_launch.py -> /home/mike54pfeiffer/Desktop/School/ROB599/ROB599_ws/install/rob599_basic/share/rob599_basic/launch
[4.500s] copying launch/doubler_launch.xml -> /home/mike54pfeiffer/Desktop/School/ROB599/ROB599_ws/install/rob599_basic/share/rob599_basic/launch
[4.501s] running install_egg_info
[4.578s] removing '/home/mike54pfeiffer/Desktop/School/ROB599/ROB599_ws/install/rob599_basic/lib/python3.12/site-packages/rob599_basic-0.1.0-py3.12.egg-info' (and everything under it)
[4.579s] Copying ../../build/rob599_basic/rob599_basic.egg-info to /home/mike54pfeiffer/Desktop/School/ROB599/ROB599_ws/install/rob599_basic/lib/python3.12/site-packages/rob599_basic-0.1.0-py3.12.egg-info
[4.583s] running install_scripts
[5.047s] Installing action_client script to /home/mike54pfeiffer/Desktop/School/ROB599/ROB599_ws/install/rob599_basic/lib/rob599_basic
[5.048s] Installing action_server script to /home/mike54pfeiffer/Desktop/School/ROB599/ROB599_ws/install/rob599_basic/lib/rob599_basic
[5.048s] Installing bag_writer script to /home/mike54pfeiffer/Desktop/School/ROB599/ROB599_ws/install/rob599_basic/lib/rob599_basic
[5.049s] Installing custom_publisher script to /home/mike54pfeiffer/Desktop/School/ROB599/ROB599_ws/install/rob599_basic/lib/rob599_basic
[5.049s] Installing custom_subscriber script to /home/mike54pfeiffer/Desktop/School/ROB599/ROB599_ws/install/rob599_basic/lib/rob599_basic
[5.050s] Installing doubler script to /home/mike54pfeiffer/Desktop/School/ROB599/ROB599_ws/install/rob599_basic/lib/rob599_basic
[5.050s] Installing noiser script to /home/mike54pfeiffer/Desktop/School/ROB599/ROB599_ws/install/rob599_basic/lib/rob599_basic
[5.050s] Installing param_demo script to /home/mike54pfeiffer/Desktop/School/ROB599/ROB599_ws/install/rob599_basic/lib/rob599_basic
[5.051s] Installing publisher script to /home/mike54pfeiffer/Desktop/School/ROB599/ROB599_ws/install/rob599_basic/lib/rob599_basic
[5.051s] Installing service_client script to /home/mike54pfeiffer/Desktop/School/ROB599/ROB599_ws/install/rob599_basic/lib/rob599_basic
[5.051s] Installing service_server script to /home/mike54pfeiffer/Desktop/School/ROB599/ROB599_ws/install/rob599_basic/lib/rob599_basic
[5.052s] Installing subscriber script to /home/mike54pfeiffer/Desktop/School/ROB599/ROB599_ws/install/rob599_basic/lib/rob599_basic
[5.052s] Installing twice script to /home/mike54pfeiffer/Desktop/School/ROB599/ROB599_ws/install/rob599_basic/lib/rob599_basic
[5.052s] Installing useless script to /home/mike54pfeiffer/Desktop/School/ROB599/ROB599_ws/install/rob599_basic/lib/rob599_basic
[5.054s] writing list of installed files to '/home/mike54pfeiffer/Desktop/School/ROB599/ROB599_ws/build/rob599_basic/install.log'
[5.127s] Invoked command in '/home/mike54pfeiffer/Desktop/School/ROB599/ROB599_ws/src/rob599_basic' returned '0': DEBUGINFOD_URLS=https://debuginfod.ubuntu.com PYTHONPATH=/home/mike54pfeiffer/Desktop/School/ROB599/ROB599_ws/build/rob599_basic/prefix_override:/usr/lib/python3/dist-packages/colcon_core/task/python/colcon_distutils_commands:/home/mike54pfeiffer/Desktop/School/ROB599/ROB599_ws/install/rob599_basic/lib/python3.12/site-packages:${PYTHONPATH} /usr/bin/python3 -W ignore:setup.py install is deprecated -W ignore:easy_install command is deprecated setup.py egg_info --egg-base ../../build/rob599_basic build --build-base /home/mike54pfeiffer/Desktop/School/ROB599/ROB599_ws/build/rob599_basic/build install --record /home/mike54pfeiffer/Desktop/School/ROB599/ROB599_ws/build/rob599_basic/install.log --single-version-externally-managed install_data
