[0.022s] Invoking command in '/home/mike54pfeiffer/Desktop/School/ROB599/ROB599_ws/build/hw4_interfaces': CMAKE_PREFIX_PATH=${CMAKE_PREFIX_PATH}:/opt/ros/jazzy DEBUGINFOD_URLS=https://debuginfod.ubuntu.com /usr/bin/cmake /home/mike54pfeiffer/Desktop/School/ROB599/ROB599_ws/src/hw4_interfaces -DCMAKE_INSTALL_PREFIX=/home/mike54pfeiffer/Desktop/School/ROB599/ROB599_ws/install/hw4_interfaces
[0.517s] -- The C compiler identification is GNU 13.3.0
[0.517s] -- The CXX compiler identification is GNU 13.3.0
[0.517s] -- Detecting C compiler ABI info
[0.517s] -- Detecting C compiler ABI info - done
[0.517s] -- Check for working C compiler: /usr/bin/cc - skipped
[0.517s] -- Detecting C compile features
[0.517s] -- Detecting C compile features - done
[0.517s] -- Detecting CXX compiler ABI info
[0.518s] -- Detecting CXX compiler ABI info - done
[0.518s] -- Check for working CXX compiler: /usr/bin/c++ - skipped
[0.518s] -- Detecting CXX compile features
[0.518s] -- Detecting CXX compile features - done
[0.518s] -- Found ament_cmake: 2.5.3 (/opt/ros/jazzy/share/ament_cmake/cmake)
[0.518s] -- Found Python3: /usr/bin/python3 (found version "3.12.3") found components: Interpreter 
[0.646s] -- Found ament_lint_auto: 0.17.2 (/opt/ros/jazzy/share/ament_lint_auto/cmake)
[0.822s] -- Found rosidl_default_generators: 1.6.0 (/opt/ros/jazzy/share/rosidl_default_generators/cmake)
[0.826s] -- Using all available rosidl_typesupport_c: rosidl_typesupport_fastrtps_c;rosidl_typesupport_introspection_c
[0.896s] -- Using all available rosidl_typesupport_cpp: rosidl_typesupport_fastrtps_cpp;rosidl_typesupport_introspection_cpp
[0.936s] -- Found rosidl_adapter: 4.6.5 (/opt/ros/jazzy/share/rosidl_adapter/cmake)
[1.242s] -- Configuring incomplete, errors occurred!
[1.243s] [31mCMake Error at /opt/ros/jazzy/share/rosidl_cmake/cmake/rosidl_generate_interfaces.cmake:223 (message):
[1.243s]   Packages installing interfaces must include
[1.243s]   '<member_of_group>rosidl_interface_packages</member_of_group>' in their
[1.243s]   package.xml
[1.243s] Call Stack (most recent call first):
[1.243s]   CMakeLists.txt:28 (rosidl_generate_interfaces)
[1.243s] 
[1.244s] [0m
[1.253s] Invoked command in '/home/mike54pfeiffer/Desktop/School/ROB599/ROB599_ws/build/hw4_interfaces' returned '1': CMAKE_PREFIX_PATH=${CMAKE_PREFIX_PATH}:/opt/ros/jazzy DEBUGINFOD_URLS=https://debuginfod.ubuntu.com /usr/bin/cmake /home/mike54pfeiffer/Desktop/School/ROB599/ROB599_ws/src/hw4_interfaces -DCMAKE_INSTALL_PREFIX=/home/mike54pfeiffer/Desktop/School/ROB599/ROB599_ws/install/hw4_interfaces
