[0.090s] DEBUG:colcon:Command line arguments: ['/usr/bin/colcon', 'build']
[0.090s] DEBUG:colcon:Parsed command line arguments: Namespace(log_base=None, log_level=None, verb_name='build', build_base='build', install_base='install', merge_install=False, symlink_install=False, test_result_base=None, continue_on_error=False, executor='parallel', parallel_workers=12, event_handlers=None, ignore_user_meta=False, metas=['./colcon.meta'], base_paths=['.'], packages_ignore=None, packages_ignore_regex=None, paths=None, packages_up_to=None, packages_up_to_regex=None, packages_above=None, packages_above_and_dependencies=None, packages_above_depth=None, packages_select_by_dep=None, packages_skip_by_dep=None, packages_skip_up_to=None, packages_select_build_failed=False, packages_skip_build_finished=False, packages_select_test_failures=False, packages_skip_test_passed=False, packages_select=None, packages_skip=None, packages_select_regex=None, packages_skip_regex=None, packages_start=None, packages_end=None, allow_overriding=[], cmake_args=None, cmake_target=None, cmake_target_skip_unavailable=False, cmake_clean_cache=False, cmake_clean_first=False, cmake_force_configure=False, ament_cmake_args=None, catkin_cmake_args=None, catkin_skip_building_tests=False, mixin_files=None, mixin=None, verb_parser=<colcon_mixin.mixin.mixin_argument.MixinArgumentDecorator object at 0x78114e9db860>, verb_extension=<colcon_core.verb.build.BuildVerb object at 0x78114e9db470>, main=<bound method BuildVerb.main of <colcon_core.verb.build.BuildVerb object at 0x78114e9db470>>, mixin_verb=('build',))
[0.122s] Level 1:colcon.colcon_core.package_discovery:discover_packages(colcon_meta) check parameters
[0.122s] Level 1:colcon.colcon_core.package_discovery:discover_packages(recursive) check parameters
[0.122s] Level 1:colcon.colcon_core.package_discovery:discover_packages(ignore) check parameters
[0.122s] Level 1:colcon.colcon_core.package_discovery:discover_packages(path) check parameters
[0.122s] Level 1:colcon.colcon_core.package_discovery:discover_packages(colcon_meta) discover
[0.122s] Level 1:colcon.colcon_core.package_discovery:discover_packages(recursive) discover
[0.122s] INFO:colcon.colcon_core.package_discovery:Crawling recursively for packages in '/home/mike54pfeiffer/Desktop/School/ROB599/ROB599_ws'
[0.122s] Level 1:colcon.colcon_core.package_identification:_identify(.) by extensions ['ignore', 'ignore_ament_install']
[0.122s] Level 1:colcon.colcon_core.package_identification:_identify(.) by extension 'ignore'
[0.122s] Level 1:colcon.colcon_core.package_identification:_identify(.) by extension 'ignore_ament_install'
[0.122s] Level 1:colcon.colcon_core.package_identification:_identify(.) by extensions ['colcon_pkg']
[0.122s] Level 1:colcon.colcon_core.package_identification:_identify(.) by extension 'colcon_pkg'
[0.122s] Level 1:colcon.colcon_core.package_identification:_identify(.) by extensions ['colcon_meta']
[0.122s] Level 1:colcon.colcon_core.package_identification:_identify(.) by extension 'colcon_meta'
[0.123s] Level 1:colcon.colcon_core.package_identification:_identify(.) by extensions ['ros']
[0.123s] Level 1:colcon.colcon_core.package_identification:_identify(.) by extension 'ros'
[0.142s] Level 1:colcon.colcon_core.package_identification:_identify(.) by extensions ['cmake', 'python']
[0.142s] Level 1:colcon.colcon_core.package_identification:_identify(.) by extension 'cmake'
[0.142s] Level 1:colcon.colcon_core.package_identification:_identify(.) by extension 'python'
[0.142s] Level 1:colcon.colcon_core.package_identification:_identify(.) by extensions ['python_setup_py']
[0.142s] Level 1:colcon.colcon_core.package_identification:_identify(.) by extension 'python_setup_py'
[0.142s] Level 1:colcon.colcon_core.package_identification:_identify(build) by extensions ['ignore', 'ignore_ament_install']
[0.142s] Level 1:colcon.colcon_core.package_identification:_identify(build) by extension 'ignore'
[0.142s] Level 1:colcon.colcon_core.package_identification:_identify(build) ignored
[0.142s] Level 1:colcon.colcon_core.package_identification:_identify(install) by extensions ['ignore', 'ignore_ament_install']
[0.143s] Level 1:colcon.colcon_core.package_identification:_identify(install) by extension 'ignore'
[0.143s] Level 1:colcon.colcon_core.package_identification:_identify(install) ignored
[0.143s] Level 1:colcon.colcon_core.package_identification:_identify(log) by extensions ['ignore', 'ignore_ament_install']
[0.143s] Level 1:colcon.colcon_core.package_identification:_identify(log) by extension 'ignore'
[0.143s] Level 1:colcon.colcon_core.package_identification:_identify(log) ignored
[0.143s] Level 1:colcon.colcon_core.package_identification:_identify(src) by extensions ['ignore', 'ignore_ament_install']
[0.143s] Level 1:colcon.colcon_core.package_identification:_identify(src) by extension 'ignore'
[0.143s] Level 1:colcon.colcon_core.package_identification:_identify(src) by extension 'ignore_ament_install'
[0.143s] Level 1:colcon.colcon_core.package_identification:_identify(src) by extensions ['colcon_pkg']
[0.143s] Level 1:colcon.colcon_core.package_identification:_identify(src) by extension 'colcon_pkg'
[0.143s] Level 1:colcon.colcon_core.package_identification:_identify(src) by extensions ['colcon_meta']
[0.143s] Level 1:colcon.colcon_core.package_identification:_identify(src) by extension 'colcon_meta'
[0.143s] Level 1:colcon.colcon_core.package_identification:_identify(src) by extensions ['ros']
[0.143s] Level 1:colcon.colcon_core.package_identification:_identify(src) by extension 'ros'
[0.143s] Level 1:colcon.colcon_core.package_identification:_identify(src) by extensions ['cmake', 'python']
[0.143s] Level 1:colcon.colcon_core.package_identification:_identify(src) by extension 'cmake'
[0.143s] Level 1:colcon.colcon_core.package_identification:_identify(src) by extension 'python'
[0.143s] Level 1:colcon.colcon_core.package_identification:_identify(src) by extensions ['python_setup_py']
[0.143s] Level 1:colcon.colcon_core.package_identification:_identify(src) by extension 'python_setup_py'
[0.143s] Level 1:colcon.colcon_core.package_identification:_identify(src/hw2) by extensions ['ignore', 'ignore_ament_install']
[0.144s] Level 1:colcon.colcon_core.package_identification:_identify(src/hw2) by extension 'ignore'
[0.144s] Level 1:colcon.colcon_core.package_identification:_identify(src/hw2) by extension 'ignore_ament_install'
[0.144s] Level 1:colcon.colcon_core.package_identification:_identify(src/hw2) by extensions ['colcon_pkg']
[0.144s] Level 1:colcon.colcon_core.package_identification:_identify(src/hw2) by extension 'colcon_pkg'
[0.144s] Level 1:colcon.colcon_core.package_identification:_identify(src/hw2) by extensions ['colcon_meta']
[0.144s] Level 1:colcon.colcon_core.package_identification:_identify(src/hw2) by extension 'colcon_meta'
[0.144s] Level 1:colcon.colcon_core.package_identification:_identify(src/hw2) by extensions ['ros']
[0.144s] Level 1:colcon.colcon_core.package_identification:_identify(src/hw2) by extension 'ros'
[0.146s] DEBUG:colcon.colcon_core.package_identification:Package 'src/hw2' with type 'ros.ament_python' and name 'hw2'
[0.146s] Level 1:colcon.colcon_core.package_identification:_identify(src/hw3) by extensions ['ignore', 'ignore_ament_install']
[0.146s] Level 1:colcon.colcon_core.package_identification:_identify(src/hw3) by extension 'ignore'
[0.146s] Level 1:colcon.colcon_core.package_identification:_identify(src/hw3) by extension 'ignore_ament_install'
[0.146s] Level 1:colcon.colcon_core.package_identification:_identify(src/hw3) by extensions ['colcon_pkg']
[0.146s] Level 1:colcon.colcon_core.package_identification:_identify(src/hw3) by extension 'colcon_pkg'
[0.146s] Level 1:colcon.colcon_core.package_identification:_identify(src/hw3) by extensions ['colcon_meta']
[0.146s] Level 1:colcon.colcon_core.package_identification:_identify(src/hw3) by extension 'colcon_meta'
[0.146s] Level 1:colcon.colcon_core.package_identification:_identify(src/hw3) by extensions ['ros']
[0.146s] Level 1:colcon.colcon_core.package_identification:_identify(src/hw3) by extension 'ros'
[0.146s] DEBUG:colcon.colcon_core.package_identification:Package 'src/hw3' with type 'ros.ament_python' and name 'hw3'
[0.146s] Level 1:colcon.colcon_core.package_identification:_identify(src/hw3_interfaces) by extensions ['ignore', 'ignore_ament_install']
[0.147s] Level 1:colcon.colcon_core.package_identification:_identify(src/hw3_interfaces) by extension 'ignore'
[0.147s] Level 1:colcon.colcon_core.package_identification:_identify(src/hw3_interfaces) by extension 'ignore_ament_install'
[0.147s] Level 1:colcon.colcon_core.package_identification:_identify(src/hw3_interfaces) by extensions ['colcon_pkg']
[0.147s] Level 1:colcon.colcon_core.package_identification:_identify(src/hw3_interfaces) by extension 'colcon_pkg'
[0.147s] Level 1:colcon.colcon_core.package_identification:_identify(src/hw3_interfaces) by extensions ['colcon_meta']
[0.147s] Level 1:colcon.colcon_core.package_identification:_identify(src/hw3_interfaces) by extension 'colcon_meta'
[0.147s] Level 1:colcon.colcon_core.package_identification:_identify(src/hw3_interfaces) by extensions ['ros']
[0.147s] Level 1:colcon.colcon_core.package_identification:_identify(src/hw3_interfaces) by extension 'ros'
[0.147s] DEBUG:colcon.colcon_core.package_identification:Package 'src/hw3_interfaces' with type 'ros.ament_cmake' and name 'hw3_interfaces'
[0.147s] Level 1:colcon.colcon_core.package_identification:_identify(src/hw4) by extensions ['ignore', 'ignore_ament_install']
[0.147s] Level 1:colcon.colcon_core.package_identification:_identify(src/hw4) by extension 'ignore'
[0.147s] Level 1:colcon.colcon_core.package_identification:_identify(src/hw4) by extension 'ignore_ament_install'
[0.147s] Level 1:colcon.colcon_core.package_identification:_identify(src/hw4) by extensions ['colcon_pkg']
[0.147s] Level 1:colcon.colcon_core.package_identification:_identify(src/hw4) by extension 'colcon_pkg'
[0.147s] Level 1:colcon.colcon_core.package_identification:_identify(src/hw4) by extensions ['colcon_meta']
[0.147s] Level 1:colcon.colcon_core.package_identification:_identify(src/hw4) by extension 'colcon_meta'
[0.147s] Level 1:colcon.colcon_core.package_identification:_identify(src/hw4) by extensions ['ros']
[0.147s] Level 1:colcon.colcon_core.package_identification:_identify(src/hw4) by extension 'ros'
[0.148s] DEBUG:colcon.colcon_core.package_identification:Package 'src/hw4' with type 'ros.ament_python' and name 'hw4'
[0.148s] Level 1:colcon.colcon_core.package_identification:_identify(src/hw4_interfaces) by extensions ['ignore', 'ignore_ament_install']
[0.148s] Level 1:colcon.colcon_core.package_identification:_identify(src/hw4_interfaces) by extension 'ignore'
[0.148s] Level 1:colcon.colcon_core.package_identification:_identify(src/hw4_interfaces) by extension 'ignore_ament_install'
[0.148s] Level 1:colcon.colcon_core.package_identification:_identify(src/hw4_interfaces) by extensions ['colcon_pkg']
[0.148s] Level 1:colcon.colcon_core.package_identification:_identify(src/hw4_interfaces) by extension 'colcon_pkg'
[0.148s] Level 1:colcon.colcon_core.package_identification:_identify(src/hw4_interfaces) by extensions ['colcon_meta']
[0.148s] Level 1:colcon.colcon_core.package_identification:_identify(src/hw4_interfaces) by extension 'colcon_meta'
[0.148s] Level 1:colcon.colcon_core.package_identification:_identify(src/hw4_interfaces) by extensions ['ros']
[0.148s] Level 1:colcon.colcon_core.package_identification:_identify(src/hw4_interfaces) by extension 'ros'
[0.149s] DEBUG:colcon.colcon_core.package_identification:Package 'src/hw4_interfaces' with type 'ros.ament_cmake' and name 'hw4_interfaces'
[0.149s] Level 1:colcon.colcon_core.package_identification:_identify(src/rob599_basic) by extensions ['ignore', 'ignore_ament_install']
[0.149s] Level 1:colcon.colcon_core.package_identification:_identify(src/rob599_basic) by extension 'ignore'
[0.149s] Level 1:colcon.colcon_core.package_identification:_identify(src/rob599_basic) by extension 'ignore_ament_install'
[0.149s] Level 1:colcon.colcon_core.package_identification:_identify(src/rob599_basic) by extensions ['colcon_pkg']
[0.149s] Level 1:colcon.colcon_core.package_identification:_identify(src/rob599_basic) by extension 'colcon_pkg'
[0.149s] Level 1:colcon.colcon_core.package_identification:_identify(src/rob599_basic) by extensions ['colcon_meta']
[0.149s] Level 1:colcon.colcon_core.package_identification:_identify(src/rob599_basic) by extension 'colcon_meta'
[0.149s] Level 1:colcon.colcon_core.package_identification:_identify(src/rob599_basic) by extensions ['ros']
[0.149s] Level 1:colcon.colcon_core.package_identification:_identify(src/rob599_basic) by extension 'ros'
[0.149s] DEBUG:colcon.colcon_core.package_identification:Package 'src/rob599_basic' with type 'ros.ament_python' and name 'rob599_basic'
[0.149s] Level 1:colcon.colcon_core.package_identification:_identify(src/rob599_msgs) by extensions ['ignore', 'ignore_ament_install']
[0.150s] Level 1:colcon.colcon_core.package_identification:_identify(src/rob599_msgs) by extension 'ignore'
[0.150s] Level 1:colcon.colcon_core.package_identification:_identify(src/rob599_msgs) by extension 'ignore_ament_install'
[0.150s] Level 1:colcon.colcon_core.package_identification:_identify(src/rob599_msgs) by extensions ['colcon_pkg']
[0.150s] Level 1:colcon.colcon_core.package_identification:_identify(src/rob599_msgs) by extension 'colcon_pkg'
[0.150s] Level 1:colcon.colcon_core.package_identification:_identify(src/rob599_msgs) by extensions ['colcon_meta']
[0.150s] Level 1:colcon.colcon_core.package_identification:_identify(src/rob599_msgs) by extension 'colcon_meta'
[0.150s] Level 1:colcon.colcon_core.package_identification:_identify(src/rob599_msgs) by extensions ['ros']
[0.150s] Level 1:colcon.colcon_core.package_identification:_identify(src/rob599_msgs) by extension 'ros'
[0.150s] DEBUG:colcon.colcon_core.package_identification:Package 'src/rob599_msgs' with type 'ros.ament_cmake' and name 'rob599_msgs'
[0.150s] Level 1:colcon.colcon_core.package_discovery:discover_packages(recursive) using defaults
[0.150s] Level 1:colcon.colcon_core.package_discovery:discover_packages(ignore) discover
[0.150s] Level 1:colcon.colcon_core.package_discovery:discover_packages(ignore) using defaults
[0.150s] Level 1:colcon.colcon_core.package_discovery:discover_packages(path) discover
[0.150s] Level 1:colcon.colcon_core.package_discovery:discover_packages(path) using defaults
[0.166s] Level 1:colcon.colcon_core.package_discovery:discover_packages(prefix_path) check parameters
[0.166s] Level 1:colcon.colcon_core.package_discovery:discover_packages(prefix_path) discover
[0.168s] DEBUG:colcon.colcon_installed_package_information.package_discovery:Found 7 installed packages in /home/mike54pfeiffer/Desktop/School/ROB599/ROB599_ws/install
[0.170s] DEBUG:colcon.colcon_installed_package_information.package_discovery:Found 320 installed packages in /opt/ros/jazzy
[0.170s] Level 1:colcon.colcon_core.package_discovery:discover_packages(prefix_path) using defaults
[0.206s] Level 5:colcon.colcon_core.verb:set package 'hw2' build argument 'cmake_args' from command line to 'None'
[0.206s] Level 5:colcon.colcon_core.verb:set package 'hw2' build argument 'cmake_target' from command line to 'None'
[0.206s] Level 5:colcon.colcon_core.verb:set package 'hw2' build argument 'cmake_target_skip_unavailable' from command line to 'False'
[0.206s] Level 5:colcon.colcon_core.verb:set package 'hw2' build argument 'cmake_clean_cache' from command line to 'False'
[0.206s] Level 5:colcon.colcon_core.verb:set package 'hw2' build argument 'cmake_clean_first' from command line to 'False'
[0.206s] Level 5:colcon.colcon_core.verb:set package 'hw2' build argument 'cmake_force_configure' from command line to 'False'
[0.206s] Level 5:colcon.colcon_core.verb:set package 'hw2' build argument 'ament_cmake_args' from command line to 'None'
[0.206s] Level 5:colcon.colcon_core.verb:set package 'hw2' build argument 'catkin_cmake_args' from command line to 'None'
[0.206s] Level 5:colcon.colcon_core.verb:set package 'hw2' build argument 'catkin_skip_building_tests' from command line to 'False'
[0.206s] DEBUG:colcon.colcon_core.verb:Building package 'hw2' with the following arguments: {'ament_cmake_args': None, 'build_base': '/home/mike54pfeiffer/Desktop/School/ROB599/ROB599_ws/build/hw2', 'catkin_cmake_args': None, 'catkin_skip_building_tests': False, 'cmake_args': None, 'cmake_clean_cache': False, 'cmake_clean_first': False, 'cmake_force_configure': False, 'cmake_target': None, 'cmake_target_skip_unavailable': False, 'install_base': '/home/mike54pfeiffer/Desktop/School/ROB599/ROB599_ws/install/hw2', 'merge_install': False, 'path': '/home/mike54pfeiffer/Desktop/School/ROB599/ROB599_ws/src/hw2', 'symlink_install': False, 'test_result_base': None}
[0.206s] Level 5:colcon.colcon_core.verb:set package 'hw3_interfaces' build argument 'cmake_args' from command line to 'None'
[0.206s] Level 5:colcon.colcon_core.verb:set package 'hw3_interfaces' build argument 'cmake_target' from command line to 'None'
[0.206s] Level 5:colcon.colcon_core.verb:set package 'hw3_interfaces' build argument 'cmake_target_skip_unavailable' from command line to 'False'
[0.206s] Level 5:colcon.colcon_core.verb:set package 'hw3_interfaces' build argument 'cmake_clean_cache' from command line to 'False'
[0.206s] Level 5:colcon.colcon_core.verb:set package 'hw3_interfaces' build argument 'cmake_clean_first' from command line to 'False'
[0.206s] Level 5:colcon.colcon_core.verb:set package 'hw3_interfaces' build argument 'cmake_force_configure' from command line to 'False'
[0.206s] Level 5:colcon.colcon_core.verb:set package 'hw3_interfaces' build argument 'ament_cmake_args' from command line to 'None'
[0.206s] Level 5:colcon.colcon_core.verb:set package 'hw3_interfaces' build argument 'catkin_cmake_args' from command line to 'None'
[0.207s] Level 5:colcon.colcon_core.verb:set package 'hw3_interfaces' build argument 'catkin_skip_building_tests' from command line to 'False'
[0.207s] DEBUG:colcon.colcon_core.verb:Building package 'hw3_interfaces' with the following arguments: {'ament_cmake_args': None, 'build_base': '/home/mike54pfeiffer/Desktop/School/ROB599/ROB599_ws/build/hw3_interfaces', 'catkin_cmake_args': None, 'catkin_skip_building_tests': False, 'cmake_args': None, 'cmake_clean_cache': False, 'cmake_clean_first': False, 'cmake_force_configure': False, 'cmake_target': None, 'cmake_target_skip_unavailable': False, 'install_base': '/home/mike54pfeiffer/Desktop/School/ROB599/ROB599_ws/install/hw3_interfaces', 'merge_install': False, 'path': '/home/mike54pfeiffer/Desktop/School/ROB599/ROB599_ws/src/hw3_interfaces', 'symlink_install': False, 'test_result_base': None}
[0.207s] Level 5:colcon.colcon_core.verb:set package 'hw4_interfaces' build argument 'cmake_args' from command line to 'None'
[0.207s] Level 5:colcon.colcon_core.verb:set package 'hw4_interfaces' build argument 'cmake_target' from command line to 'None'
[0.207s] Level 5:colcon.colcon_core.verb:set package 'hw4_interfaces' build argument 'cmake_target_skip_unavailable' from command line to 'False'
[0.207s] Level 5:colcon.colcon_core.verb:set package 'hw4_interfaces' build argument 'cmake_clean_cache' from command line to 'False'
[0.207s] Level 5:colcon.colcon_core.verb:set package 'hw4_interfaces' build argument 'cmake_clean_first' from command line to 'False'
[0.207s] Level 5:colcon.colcon_core.verb:set package 'hw4_interfaces' build argument 'cmake_force_configure' from command line to 'False'
[0.207s] Level 5:colcon.colcon_core.verb:set package 'hw4_interfaces' build argument 'ament_cmake_args' from command line to 'None'
[0.207s] Level 5:colcon.colcon_core.verb:set package 'hw4_interfaces' build argument 'catkin_cmake_args' from command line to 'None'
[0.207s] Level 5:colcon.colcon_core.verb:set package 'hw4_interfaces' build argument 'catkin_skip_building_tests' from command line to 'False'
[0.207s] DEBUG:colcon.colcon_core.verb:Building package 'hw4_interfaces' with the following arguments: {'ament_cmake_args': None, 'build_base': '/home/mike54pfeiffer/Desktop/School/ROB599/ROB599_ws/build/hw4_interfaces', 'catkin_cmake_args': None, 'catkin_skip_building_tests': False, 'cmake_args': None, 'cmake_clean_cache': False, 'cmake_clean_first': False, 'cmake_force_configure': False, 'cmake_target': None, 'cmake_target_skip_unavailable': False, 'install_base': '/home/mike54pfeiffer/Desktop/School/ROB599/ROB599_ws/install/hw4_interfaces', 'merge_install': False, 'path': '/home/mike54pfeiffer/Desktop/School/ROB599/ROB599_ws/src/hw4_interfaces', 'symlink_install': False, 'test_result_base': None}
[0.207s] Level 5:colcon.colcon_core.verb:set package 'rob599_basic' build argument 'cmake_args' from command line to 'None'
[0.207s] Level 5:colcon.colcon_core.verb:set package 'rob599_basic' build argument 'cmake_target' from command line to 'None'
[0.207s] Level 5:colcon.colcon_core.verb:set package 'rob599_basic' build argument 'cmake_target_skip_unavailable' from command line to 'False'
[0.207s] Level 5:colcon.colcon_core.verb:set package 'rob599_basic' build argument 'cmake_clean_cache' from command line to 'False'
[0.207s] Level 5:colcon.colcon_core.verb:set package 'rob599_basic' build argument 'cmake_clean_first' from command line to 'False'
[0.207s] Level 5:colcon.colcon_core.verb:set package 'rob599_basic' build argument 'cmake_force_configure' from command line to 'False'
[0.207s] Level 5:colcon.colcon_core.verb:set package 'rob599_basic' build argument 'ament_cmake_args' from command line to 'None'
[0.207s] Level 5:colcon.colcon_core.verb:set package 'rob599_basic' build argument 'catkin_cmake_args' from command line to 'None'
[0.207s] Level 5:colcon.colcon_core.verb:set package 'rob599_basic' build argument 'catkin_skip_building_tests' from command line to 'False'
[0.207s] DEBUG:colcon.colcon_core.verb:Building package 'rob599_basic' with the following arguments: {'ament_cmake_args': None, 'build_base': '/home/mike54pfeiffer/Desktop/School/ROB599/ROB599_ws/build/rob599_basic', 'catkin_cmake_args': None, 'catkin_skip_building_tests': False, 'cmake_args': None, 'cmake_clean_cache': False, 'cmake_clean_first': False, 'cmake_force_configure': False, 'cmake_target': None, 'cmake_target_skip_unavailable': False, 'install_base': '/home/mike54pfeiffer/Desktop/School/ROB599/ROB599_ws/install/rob599_basic', 'merge_install': False, 'path': '/home/mike54pfeiffer/Desktop/School/ROB599/ROB599_ws/src/rob599_basic', 'symlink_install': False, 'test_result_base': None}
[0.207s] Level 5:colcon.colcon_core.verb:set package 'rob599_msgs' build argument 'cmake_args' from command line to 'None'
[0.207s] Level 5:colcon.colcon_core.verb:set package 'rob599_msgs' build argument 'cmake_target' from command line to 'None'
[0.207s] Level 5:colcon.colcon_core.verb:set package 'rob599_msgs' build argument 'cmake_target_skip_unavailable' from command line to 'False'
[0.207s] Level 5:colcon.colcon_core.verb:set package 'rob599_msgs' build argument 'cmake_clean_cache' from command line to 'False'
[0.207s] Level 5:colcon.colcon_core.verb:set package 'rob599_msgs' build argument 'cmake_clean_first' from command line to 'False'
[0.207s] Level 5:colcon.colcon_core.verb:set package 'rob599_msgs' build argument 'cmake_force_configure' from command line to 'False'
[0.207s] Level 5:colcon.colcon_core.verb:set package 'rob599_msgs' build argument 'ament_cmake_args' from command line to 'None'
[0.208s] Level 5:colcon.colcon_core.verb:set package 'rob599_msgs' build argument 'catkin_cmake_args' from command line to 'None'
[0.208s] Level 5:colcon.colcon_core.verb:set package 'rob599_msgs' build argument 'catkin_skip_building_tests' from command line to 'False'
[0.208s] DEBUG:colcon.colcon_core.verb:Building package 'rob599_msgs' with the following arguments: {'ament_cmake_args': None, 'build_base': '/home/mike54pfeiffer/Desktop/School/ROB599/ROB599_ws/build/rob599_msgs', 'catkin_cmake_args': None, 'catkin_skip_building_tests': False, 'cmake_args': None, 'cmake_clean_cache': False, 'cmake_clean_first': False, 'cmake_force_configure': False, 'cmake_target': None, 'cmake_target_skip_unavailable': False, 'install_base': '/home/mike54pfeiffer/Desktop/School/ROB599/ROB599_ws/install/rob599_msgs', 'merge_install': False, 'path': '/home/mike54pfeiffer/Desktop/School/ROB599/ROB599_ws/src/rob599_msgs', 'symlink_install': False, 'test_result_base': None}
[0.208s] Level 5:colcon.colcon_core.verb:set package 'hw3' build argument 'cmake_args' from command line to 'None'
[0.208s] Level 5:colcon.colcon_core.verb:set package 'hw3' build argument 'cmake_target' from command line to 'None'
[0.208s] Level 5:colcon.colcon_core.verb:set package 'hw3' build argument 'cmake_target_skip_unavailable' from command line to 'False'
[0.208s] Level 5:colcon.colcon_core.verb:set package 'hw3' build argument 'cmake_clean_cache' from command line to 'False'
[0.208s] Level 5:colcon.colcon_core.verb:set package 'hw3' build argument 'cmake_clean_first' from command line to 'False'
[0.208s] Level 5:colcon.colcon_core.verb:set package 'hw3' build argument 'cmake_force_configure' from command line to 'False'
[0.208s] Level 5:colcon.colcon_core.verb:set package 'hw3' build argument 'ament_cmake_args' from command line to 'None'
[0.208s] Level 5:colcon.colcon_core.verb:set package 'hw3' build argument 'catkin_cmake_args' from command line to 'None'
[0.208s] Level 5:colcon.colcon_core.verb:set package 'hw3' build argument 'catkin_skip_building_tests' from command line to 'False'
[0.208s] DEBUG:colcon.colcon_core.verb:Building package 'hw3' with the following arguments: {'ament_cmake_args': None, 'build_base': '/home/mike54pfeiffer/Desktop/School/ROB599/ROB599_ws/build/hw3', 'catkin_cmake_args': None, 'catkin_skip_building_tests': False, 'cmake_args': None, 'cmake_clean_cache': False, 'cmake_clean_first': False, 'cmake_force_configure': False, 'cmake_target': None, 'cmake_target_skip_unavailable': False, 'install_base': '/home/mike54pfeiffer/Desktop/School/ROB599/ROB599_ws/install/hw3', 'merge_install': False, 'path': '/home/mike54pfeiffer/Desktop/School/ROB599/ROB599_ws/src/hw3', 'symlink_install': False, 'test_result_base': None}
[0.208s] Level 5:colcon.colcon_core.verb:set package 'hw4' build argument 'cmake_args' from command line to 'None'
[0.208s] Level 5:colcon.colcon_core.verb:set package 'hw4' build argument 'cmake_target' from command line to 'None'
[0.208s] Level 5:colcon.colcon_core.verb:set package 'hw4' build argument 'cmake_target_skip_unavailable' from command line to 'False'
[0.208s] Level 5:colcon.colcon_core.verb:set package 'hw4' build argument 'cmake_clean_cache' from command line to 'False'
[0.208s] Level 5:colcon.colcon_core.verb:set package 'hw4' build argument 'cmake_clean_first' from command line to 'False'
[0.208s] Level 5:colcon.colcon_core.verb:set package 'hw4' build argument 'cmake_force_configure' from command line to 'False'
[0.208s] Level 5:colcon.colcon_core.verb:set package 'hw4' build argument 'ament_cmake_args' from command line to 'None'
[0.208s] Level 5:colcon.colcon_core.verb:set package 'hw4' build argument 'catkin_cmake_args' from command line to 'None'
[0.208s] Level 5:colcon.colcon_core.verb:set package 'hw4' build argument 'catkin_skip_building_tests' from command line to 'False'
[0.208s] DEBUG:colcon.colcon_core.verb:Building package 'hw4' with the following arguments: {'ament_cmake_args': None, 'build_base': '/home/mike54pfeiffer/Desktop/School/ROB599/ROB599_ws/build/hw4', 'catkin_cmake_args': None, 'catkin_skip_building_tests': False, 'cmake_args': None, 'cmake_clean_cache': False, 'cmake_clean_first': False, 'cmake_force_configure': False, 'cmake_target': None, 'cmake_target_skip_unavailable': False, 'install_base': '/home/mike54pfeiffer/Desktop/School/ROB599/ROB599_ws/install/hw4', 'merge_install': False, 'path': '/home/mike54pfeiffer/Desktop/School/ROB599/ROB599_ws/src/hw4', 'symlink_install': False, 'test_result_base': None}
[0.208s] INFO:colcon.colcon_core.executor:Executing jobs using 'parallel' executor
[0.209s] DEBUG:colcon.colcon_parallel_executor.executor.parallel:run_until_complete
[0.209s] INFO:colcon.colcon_ros.task.ament_cmake.build:Building ROS package in '/home/mike54pfeiffer/Desktop/School/ROB599/ROB599_ws/src/hw3_interfaces' with build type 'ament_cmake'
[0.209s] INFO:colcon.colcon_cmake.task.cmake.build:Building CMake package in '/home/mike54pfeiffer/Desktop/School/ROB599/ROB599_ws/src/hw3_interfaces'
[0.211s] INFO:colcon.colcon_core.plugin_system:Skipping extension 'colcon_core.shell.bat': Not used on non-Windows systems
[0.211s] INFO:colcon.colcon_core.shell:Skip shell extension 'powershell' for command environment: Not usable outside of PowerShell
[0.211s] DEBUG:colcon.colcon_core.shell:Skip shell extension 'dsv' for command environment
[0.214s] INFO:colcon.colcon_ros.task.ament_cmake.build:Building ROS package in '/home/mike54pfeiffer/Desktop/School/ROB599/ROB599_ws/src/hw4_interfaces' with build type 'ament_cmake'
[0.214s] INFO:colcon.colcon_cmake.task.cmake.build:Building CMake package in '/home/mike54pfeiffer/Desktop/School/ROB599/ROB599_ws/src/hw4_interfaces'
[0.214s] INFO:colcon.colcon_core.shell:Skip shell extension 'powershell' for command environment: Not usable outside of PowerShell
[0.214s] DEBUG:colcon.colcon_core.shell:Skip shell extension 'dsv' for command environment
[0.218s] INFO:colcon.colcon_ros.task.ament_python.build:Building ROS package in '/home/mike54pfeiffer/Desktop/School/ROB599/ROB599_ws/src/hw2' with build type 'ament_python'
[0.218s] Level 1:colcon.colcon_core.shell:create_environment_hook('hw2', 'ament_prefix_path')
[0.219s] INFO:colcon.colcon_core.shell:Creating environment hook '/home/mike54pfeiffer/Desktop/School/ROB599/ROB599_ws/install/hw2/share/hw2/hook/ament_prefix_path.ps1'
[0.219s] INFO:colcon.colcon_core.shell:Creating environment descriptor '/home/mike54pfeiffer/Desktop/School/ROB599/ROB599_ws/install/hw2/share/hw2/hook/ament_prefix_path.dsv'
[0.220s] INFO:colcon.colcon_core.shell:Creating environment hook '/home/mike54pfeiffer/Desktop/School/ROB599/ROB599_ws/install/hw2/share/hw2/hook/ament_prefix_path.sh'
[0.220s] INFO:colcon.colcon_core.shell:Skip shell extension 'powershell' for command environment: Not usable outside of PowerShell
[0.220s] DEBUG:colcon.colcon_core.shell:Skip shell extension 'dsv' for command environment
[0.223s] INFO:colcon.colcon_ros.task.ament_python.build:Building ROS package in '/home/mike54pfeiffer/Desktop/School/ROB599/ROB599_ws/src/rob599_basic' with build type 'ament_python'
[0.223s] Level 1:colcon.colcon_core.shell:create_environment_hook('rob599_basic', 'ament_prefix_path')
[0.224s] INFO:colcon.colcon_core.shell:Creating environment hook '/home/mike54pfeiffer/Desktop/School/ROB599/ROB599_ws/install/rob599_basic/share/rob599_basic/hook/ament_prefix_path.ps1'
[0.224s] INFO:colcon.colcon_core.shell:Creating environment descriptor '/home/mike54pfeiffer/Desktop/School/ROB599/ROB599_ws/install/rob599_basic/share/rob599_basic/hook/ament_prefix_path.dsv'
[0.225s] INFO:colcon.colcon_core.shell:Creating environment hook '/home/mike54pfeiffer/Desktop/School/ROB599/ROB599_ws/install/rob599_basic/share/rob599_basic/hook/ament_prefix_path.sh'
[0.225s] INFO:colcon.colcon_core.shell:Skip shell extension 'powershell' for command environment: Not usable outside of PowerShell
[0.225s] DEBUG:colcon.colcon_core.shell:Skip shell extension 'dsv' for command environment
[0.229s] INFO:colcon.colcon_ros.task.ament_cmake.build:Building ROS package in '/home/mike54pfeiffer/Desktop/School/ROB599/ROB599_ws/src/rob599_msgs' with build type 'ament_cmake'
[0.229s] INFO:colcon.colcon_cmake.task.cmake.build:Building CMake package in '/home/mike54pfeiffer/Desktop/School/ROB599/ROB599_ws/src/rob599_msgs'
[0.229s] INFO:colcon.colcon_core.shell:Skip shell extension 'powershell' for command environment: Not usable outside of PowerShell
[0.229s] DEBUG:colcon.colcon_core.shell:Skip shell extension 'dsv' for command environment
[0.239s] DEBUG:colcon.colcon_core.event_handler.log_command:Invoking command in '/home/mike54pfeiffer/Desktop/School/ROB599/ROB599_ws/build/hw3_interfaces': CMAKE_PREFIX_PATH=${CMAKE_PREFIX_PATH}:/home/mike54pfeiffer/Desktop/School/ROB599/ROB599_ws/install/rob599_basic:/home/mike54pfeiffer/Desktop/School/ROB599/ROB599_ws/install/hw4:/home/mike54pfeiffer/Desktop/School/ROB599/ROB599_ws/install/hw3:/home/mike54pfeiffer/Desktop/School/ROB599/ROB599_ws/install/hw2:/opt/ros/jazzy DEBUGINFOD_URLS=https://debuginfod.ubuntu.com /usr/bin/cmake --build /home/mike54pfeiffer/Desktop/School/ROB599/ROB599_ws/build/hw3_interfaces -- -j12 -l12
[0.242s] DEBUG:colcon.colcon_core.event_handler.log_command:Invoking command in '/home/mike54pfeiffer/Desktop/School/ROB599/ROB599_ws/build/hw4_interfaces': CMAKE_PREFIX_PATH=${CMAKE_PREFIX_PATH}:/home/mike54pfeiffer/Desktop/School/ROB599/ROB599_ws/install/rob599_basic:/home/mike54pfeiffer/Desktop/School/ROB599/ROB599_ws/install/hw4:/home/mike54pfeiffer/Desktop/School/ROB599/ROB599_ws/install/hw3:/home/mike54pfeiffer/Desktop/School/ROB599/ROB599_ws/install/hw2:/opt/ros/jazzy DEBUGINFOD_URLS=https://debuginfod.ubuntu.com /usr/bin/cmake --build /home/mike54pfeiffer/Desktop/School/ROB599/ROB599_ws/build/hw4_interfaces -- -j12 -l12
[0.548s] INFO:colcon.colcon_core.task.python.build:Building Python package in '/home/mike54pfeiffer/Desktop/School/ROB599/ROB599_ws/src/hw2'
[0.548s] INFO:colcon.colcon_core.shell:Skip shell extension 'powershell' for command environment: Not usable outside of PowerShell
[0.548s] DEBUG:colcon.colcon_core.shell:Skip shell extension 'dsv' for command environment
[0.802s] INFO:colcon.colcon_core.task.python.build:Building Python package in '/home/mike54pfeiffer/Desktop/School/ROB599/ROB599_ws/src/rob599_basic'
[0.803s] INFO:colcon.colcon_core.shell:Skip shell extension 'powershell' for command environment: Not usable outside of PowerShell
[0.803s] DEBUG:colcon.colcon_core.shell:Skip shell extension 'dsv' for command environment
[0.813s] DEBUG:colcon.colcon_core.event_handler.log_command:Invoked command in '/home/mike54pfeiffer/Desktop/School/ROB599/ROB599_ws/build/hw3_interfaces' returned '0': CMAKE_PREFIX_PATH=${CMAKE_PREFIX_PATH}:/home/mike54pfeiffer/Desktop/School/ROB599/ROB599_ws/install/rob599_basic:/home/mike54pfeiffer/Desktop/School/ROB599/ROB599_ws/install/hw4:/home/mike54pfeiffer/Desktop/School/ROB599/ROB599_ws/install/hw3:/home/mike54pfeiffer/Desktop/School/ROB599/ROB599_ws/install/hw2:/opt/ros/jazzy DEBUGINFOD_URLS=https://debuginfod.ubuntu.com /usr/bin/cmake --build /home/mike54pfeiffer/Desktop/School/ROB599/ROB599_ws/build/hw3_interfaces -- -j12 -l12
[0.821s] DEBUG:colcon.colcon_core.event_handler.log_command:Invoking command in '/home/mike54pfeiffer/Desktop/School/ROB599/ROB599_ws/build/hw3_interfaces': CMAKE_PREFIX_PATH=${CMAKE_PREFIX_PATH}:/home/mike54pfeiffer/Desktop/School/ROB599/ROB599_ws/install/rob599_basic:/home/mike54pfeiffer/Desktop/School/ROB599/ROB599_ws/install/hw4:/home/mike54pfeiffer/Desktop/School/ROB599/ROB599_ws/install/hw3:/home/mike54pfeiffer/Desktop/School/ROB599/ROB599_ws/install/hw2:/opt/ros/jazzy DEBUGINFOD_URLS=https://debuginfod.ubuntu.com /usr/bin/cmake --install /home/mike54pfeiffer/Desktop/School/ROB599/ROB599_ws/build/hw3_interfaces
[0.822s] DEBUG:colcon.colcon_core.event_handler.log_command:Invoked command in '/home/mike54pfeiffer/Desktop/School/ROB599/ROB599_ws/build/hw4_interfaces' returned '0': CMAKE_PREFIX_PATH=${CMAKE_PREFIX_PATH}:/home/mike54pfeiffer/Desktop/School/ROB599/ROB599_ws/install/rob599_basic:/home/mike54pfeiffer/Desktop/School/ROB599/ROB599_ws/install/hw4:/home/mike54pfeiffer/Desktop/School/ROB599/ROB599_ws/install/hw3:/home/mike54pfeiffer/Desktop/School/ROB599/ROB599_ws/install/hw2:/opt/ros/jazzy DEBUGINFOD_URLS=https://debuginfod.ubuntu.com /usr/bin/cmake --build /home/mike54pfeiffer/Desktop/School/ROB599/ROB599_ws/build/hw4_interfaces -- -j12 -l12
[0.823s] DEBUG:colcon.colcon_core.event_handler.log_command:Invoking command in '/home/mike54pfeiffer/Desktop/School/ROB599/ROB599_ws/build/hw4_interfaces': CMAKE_PREFIX_PATH=${CMAKE_PREFIX_PATH}:/home/mike54pfeiffer/Desktop/School/ROB599/ROB599_ws/install/rob599_basic:/home/mike54pfeiffer/Desktop/School/ROB599/ROB599_ws/install/hw4:/home/mike54pfeiffer/Desktop/School/ROB599/ROB599_ws/install/hw3:/home/mike54pfeiffer/Desktop/School/ROB599/ROB599_ws/install/hw2:/opt/ros/jazzy DEBUGINFOD_URLS=https://debuginfod.ubuntu.com /usr/bin/cmake --install /home/mike54pfeiffer/Desktop/School/ROB599/ROB599_ws/build/hw4_interfaces
[0.826s] DEBUG:colcon.colcon_core.event_handler.log_command:Invoking command in '/home/mike54pfeiffer/Desktop/School/ROB599/ROB599_ws/build/rob599_msgs': CMAKE_PREFIX_PATH=${CMAKE_PREFIX_PATH}:/home/mike54pfeiffer/Desktop/School/ROB599/ROB599_ws/install/rob599_basic:/home/mike54pfeiffer/Desktop/School/ROB599/ROB599_ws/install/hw4:/home/mike54pfeiffer/Desktop/School/ROB599/ROB599_ws/install/hw3:/home/mike54pfeiffer/Desktop/School/ROB599/ROB599_ws/install/hw2:/opt/ros/jazzy DEBUGINFOD_URLS=https://debuginfod.ubuntu.com /usr/bin/cmake --build /home/mike54pfeiffer/Desktop/School/ROB599/ROB599_ws/build/rob599_msgs -- -j12 -l12
[0.899s] Level 1:colcon.colcon_core.environment:create_environment_scripts_only(hw4_interfaces)
[0.905s] Level 1:colcon.colcon_core.environment:checking '/home/mike54pfeiffer/Desktop/School/ROB599/ROB599_ws/install/hw4_interfaces' for CMake module files
[0.906s] Level 1:colcon.colcon_core.environment:checking '/home/mike54pfeiffer/Desktop/School/ROB599/ROB599_ws/install/hw4_interfaces' for CMake config files
[0.909s] Level 1:colcon.colcon_core.shell:create_environment_hook('hw4_interfaces', 'cmake_prefix_path')
[0.909s] INFO:colcon.colcon_core.shell:Creating environment hook '/home/mike54pfeiffer/Desktop/School/ROB599/ROB599_ws/install/hw4_interfaces/share/hw4_interfaces/hook/cmake_prefix_path.ps1'
[0.910s] INFO:colcon.colcon_core.shell:Creating environment descriptor '/home/mike54pfeiffer/Desktop/School/ROB599/ROB599_ws/install/hw4_interfaces/share/hw4_interfaces/hook/cmake_prefix_path.dsv'
[0.911s] INFO:colcon.colcon_core.shell:Creating environment hook '/home/mike54pfeiffer/Desktop/School/ROB599/ROB599_ws/install/hw4_interfaces/share/hw4_interfaces/hook/cmake_prefix_path.sh'
[0.912s] Level 1:colcon.colcon_core.environment:checking '/home/mike54pfeiffer/Desktop/School/ROB599/ROB599_ws/install/hw4_interfaces/lib'
[0.912s] Level 1:colcon.colcon_core.shell:create_environment_hook('hw4_interfaces', 'ld_library_path_lib')
[0.913s] INFO:colcon.colcon_core.shell:Creating environment hook '/home/mike54pfeiffer/Desktop/School/ROB599/ROB599_ws/install/hw4_interfaces/share/hw4_interfaces/hook/ld_library_path_lib.ps1'
[0.913s] INFO:colcon.colcon_core.shell:Creating environment descriptor '/home/mike54pfeiffer/Desktop/School/ROB599/ROB599_ws/install/hw4_interfaces/share/hw4_interfaces/hook/ld_library_path_lib.dsv'
[0.914s] INFO:colcon.colcon_core.shell:Creating environment hook '/home/mike54pfeiffer/Desktop/School/ROB599/ROB599_ws/install/hw4_interfaces/share/hw4_interfaces/hook/ld_library_path_lib.sh'
[0.914s] DEBUG:colcon.colcon_core.event_handler.log_command:Invoked command in '/home/mike54pfeiffer/Desktop/School/ROB599/ROB599_ws/build/hw4_interfaces' returned '0': CMAKE_PREFIX_PATH=${CMAKE_PREFIX_PATH}:/home/mike54pfeiffer/Desktop/School/ROB599/ROB599_ws/install/rob599_basic:/home/mike54pfeiffer/Desktop/School/ROB599/ROB599_ws/install/hw4:/home/mike54pfeiffer/Desktop/School/ROB599/ROB599_ws/install/hw3:/home/mike54pfeiffer/Desktop/School/ROB599/ROB599_ws/install/hw2:/opt/ros/jazzy DEBUGINFOD_URLS=https://debuginfod.ubuntu.com /usr/bin/cmake --install /home/mike54pfeiffer/Desktop/School/ROB599/ROB599_ws/build/hw4_interfaces
[0.915s] Level 1:colcon.colcon_core.environment:checking '/home/mike54pfeiffer/Desktop/School/ROB599/ROB599_ws/install/hw4_interfaces/bin'
[0.915s] Level 1:colcon.colcon_core.environment:checking '/home/mike54pfeiffer/Desktop/School/ROB599/ROB599_ws/install/hw4_interfaces/lib/pkgconfig/hw4_interfaces.pc'
[0.915s] Level 1:colcon.colcon_core.environment:checking '/home/mike54pfeiffer/Desktop/School/ROB599/ROB599_ws/install/hw4_interfaces/lib/python3.12/site-packages'
[0.915s] Level 1:colcon.colcon_core.shell:create_environment_hook('hw4_interfaces', 'pythonpath')
[0.916s] INFO:colcon.colcon_core.shell:Creating environment hook '/home/mike54pfeiffer/Desktop/School/ROB599/ROB599_ws/install/hw4_interfaces/share/hw4_interfaces/hook/pythonpath.ps1'
[0.916s] INFO:colcon.colcon_core.shell:Creating environment descriptor '/home/mike54pfeiffer/Desktop/School/ROB599/ROB599_ws/install/hw4_interfaces/share/hw4_interfaces/hook/pythonpath.dsv'
[0.917s] INFO:colcon.colcon_core.shell:Creating environment hook '/home/mike54pfeiffer/Desktop/School/ROB599/ROB599_ws/install/hw4_interfaces/share/hw4_interfaces/hook/pythonpath.sh'
[0.917s] Level 1:colcon.colcon_core.environment:checking '/home/mike54pfeiffer/Desktop/School/ROB599/ROB599_ws/install/hw4_interfaces/bin'
[0.918s] INFO:colcon.colcon_core.shell:Creating package script '/home/mike54pfeiffer/Desktop/School/ROB599/ROB599_ws/install/hw4_interfaces/share/hw4_interfaces/package.ps1'
[0.919s] INFO:colcon.colcon_core.shell:Creating package descriptor '/home/mike54pfeiffer/Desktop/School/ROB599/ROB599_ws/install/hw4_interfaces/share/hw4_interfaces/package.dsv'
[0.920s] INFO:colcon.colcon_core.shell:Creating package script '/home/mike54pfeiffer/Desktop/School/ROB599/ROB599_ws/install/hw4_interfaces/share/hw4_interfaces/package.sh'
[0.920s] INFO:colcon.colcon_core.shell:Creating package script '/home/mike54pfeiffer/Desktop/School/ROB599/ROB599_ws/install/hw4_interfaces/share/hw4_interfaces/package.bash'
[0.921s] INFO:colcon.colcon_core.shell:Creating package script '/home/mike54pfeiffer/Desktop/School/ROB599/ROB599_ws/install/hw4_interfaces/share/hw4_interfaces/package.zsh'
[0.922s] Level 1:colcon.colcon_core.environment:create_file_with_runtime_dependencies(/home/mike54pfeiffer/Desktop/School/ROB599/ROB599_ws/install/hw4_interfaces/share/colcon-core/packages/hw4_interfaces)
[0.923s] Level 1:colcon.colcon_core.environment:create_environment_scripts_only(hw4_interfaces)
[0.923s] Level 1:colcon.colcon_core.environment:checking '/home/mike54pfeiffer/Desktop/School/ROB599/ROB599_ws/install/hw4_interfaces' for CMake module files
[0.924s] Level 1:colcon.colcon_core.environment:checking '/home/mike54pfeiffer/Desktop/School/ROB599/ROB599_ws/install/hw4_interfaces' for CMake config files
[0.924s] Level 1:colcon.colcon_core.shell:create_environment_hook('hw4_interfaces', 'cmake_prefix_path')
[0.925s] INFO:colcon.colcon_core.shell:Creating environment hook '/home/mike54pfeiffer/Desktop/School/ROB599/ROB599_ws/install/hw4_interfaces/share/hw4_interfaces/hook/cmake_prefix_path.ps1'
[0.925s] INFO:colcon.colcon_core.shell:Creating environment descriptor '/home/mike54pfeiffer/Desktop/School/ROB599/ROB599_ws/install/hw4_interfaces/share/hw4_interfaces/hook/cmake_prefix_path.dsv'
[0.926s] INFO:colcon.colcon_core.shell:Creating environment hook '/home/mike54pfeiffer/Desktop/School/ROB599/ROB599_ws/install/hw4_interfaces/share/hw4_interfaces/hook/cmake_prefix_path.sh'
[0.927s] Level 1:colcon.colcon_core.environment:checking '/home/mike54pfeiffer/Desktop/School/ROB599/ROB599_ws/install/hw4_interfaces/lib'
[0.927s] Level 1:colcon.colcon_core.shell:create_environment_hook('hw4_interfaces', 'ld_library_path_lib')
[0.927s] INFO:colcon.colcon_core.shell:Creating environment hook '/home/mike54pfeiffer/Desktop/School/ROB599/ROB599_ws/install/hw4_interfaces/share/hw4_interfaces/hook/ld_library_path_lib.ps1'
[0.928s] INFO:colcon.colcon_core.shell:Creating environment descriptor '/home/mike54pfeiffer/Desktop/School/ROB599/ROB599_ws/install/hw4_interfaces/share/hw4_interfaces/hook/ld_library_path_lib.dsv'
[0.928s] INFO:colcon.colcon_core.shell:Creating environment hook '/home/mike54pfeiffer/Desktop/School/ROB599/ROB599_ws/install/hw4_interfaces/share/hw4_interfaces/hook/ld_library_path_lib.sh'
[0.929s] Level 1:colcon.colcon_core.environment:checking '/home/mike54pfeiffer/Desktop/School/ROB599/ROB599_ws/install/hw4_interfaces/bin'
[0.930s] Level 1:colcon.colcon_core.environment:checking '/home/mike54pfeiffer/Desktop/School/ROB599/ROB599_ws/install/hw4_interfaces/lib/pkgconfig/hw4_interfaces.pc'
[0.930s] Level 1:colcon.colcon_core.environment:checking '/home/mike54pfeiffer/Desktop/School/ROB599/ROB599_ws/install/hw4_interfaces/lib/python3.12/site-packages'
[0.930s] Level 1:colcon.colcon_core.shell:create_environment_hook('hw4_interfaces', 'pythonpath')
[0.930s] INFO:colcon.colcon_core.shell:Creating environment hook '/home/mike54pfeiffer/Desktop/School/ROB599/ROB599_ws/install/hw4_interfaces/share/hw4_interfaces/hook/pythonpath.ps1'
[0.931s] INFO:colcon.colcon_core.shell:Creating environment descriptor '/home/mike54pfeiffer/Desktop/School/ROB599/ROB599_ws/install/hw4_interfaces/share/hw4_interfaces/hook/pythonpath.dsv'
[0.931s] INFO:colcon.colcon_core.shell:Creating environment hook '/home/mike54pfeiffer/Desktop/School/ROB599/ROB599_ws/install/hw4_interfaces/share/hw4_interfaces/hook/pythonpath.sh'
[0.932s] Level 1:colcon.colcon_core.environment:checking '/home/mike54pfeiffer/Desktop/School/ROB599/ROB599_ws/install/hw4_interfaces/bin'
[0.932s] INFO:colcon.colcon_core.shell:Creating package script '/home/mike54pfeiffer/Desktop/School/ROB599/ROB599_ws/install/hw4_interfaces/share/hw4_interfaces/package.ps1'
[0.934s] INFO:colcon.colcon_core.shell:Creating package descriptor '/home/mike54pfeiffer/Desktop/School/ROB599/ROB599_ws/install/hw4_interfaces/share/hw4_interfaces/package.dsv'
[0.934s] INFO:colcon.colcon_core.shell:Creating package script '/home/mike54pfeiffer/Desktop/School/ROB599/ROB599_ws/install/hw4_interfaces/share/hw4_interfaces/package.sh'
[0.935s] INFO:colcon.colcon_core.shell:Creating package script '/home/mike54pfeiffer/Desktop/School/ROB599/ROB599_ws/install/hw4_interfaces/share/hw4_interfaces/package.bash'
[0.936s] INFO:colcon.colcon_core.shell:Creating package script '/home/mike54pfeiffer/Desktop/School/ROB599/ROB599_ws/install/hw4_interfaces/share/hw4_interfaces/package.zsh'
[0.936s] Level 1:colcon.colcon_core.environment:create_file_with_runtime_dependencies(/home/mike54pfeiffer/Desktop/School/ROB599/ROB599_ws/install/hw4_interfaces/share/colcon-core/packages/hw4_interfaces)
[0.937s] Level 1:colcon.colcon_core.environment:create_environment_scripts_only(hw3_interfaces)
[0.937s] Level 1:colcon.colcon_core.environment:checking '/home/mike54pfeiffer/Desktop/School/ROB599/ROB599_ws/install/hw3_interfaces' for CMake module files
[0.938s] Level 1:colcon.colcon_core.environment:checking '/home/mike54pfeiffer/Desktop/School/ROB599/ROB599_ws/install/hw3_interfaces' for CMake config files
[0.939s] Level 1:colcon.colcon_core.shell:create_environment_hook('hw3_interfaces', 'cmake_prefix_path')
[0.939s] INFO:colcon.colcon_core.shell:Creating environment hook '/home/mike54pfeiffer/Desktop/School/ROB599/ROB599_ws/install/hw3_interfaces/share/hw3_interfaces/hook/cmake_prefix_path.ps1'
[0.941s] DEBUG:colcon.colcon_core.event_handler.log_command:Invoked command in '/home/mike54pfeiffer/Desktop/School/ROB599/ROB599_ws/build/hw3_interfaces' returned '0': CMAKE_PREFIX_PATH=${CMAKE_PREFIX_PATH}:/home/mike54pfeiffer/Desktop/School/ROB599/ROB599_ws/install/rob599_basic:/home/mike54pfeiffer/Desktop/School/ROB599/ROB599_ws/install/hw4:/home/mike54pfeiffer/Desktop/School/ROB599/ROB599_ws/install/hw3:/home/mike54pfeiffer/Desktop/School/ROB599/ROB599_ws/install/hw2:/opt/ros/jazzy DEBUGINFOD_URLS=https://debuginfod.ubuntu.com /usr/bin/cmake --install /home/mike54pfeiffer/Desktop/School/ROB599/ROB599_ws/build/hw3_interfaces
[0.942s] INFO:colcon.colcon_core.shell:Creating environment descriptor '/home/mike54pfeiffer/Desktop/School/ROB599/ROB599_ws/install/hw3_interfaces/share/hw3_interfaces/hook/cmake_prefix_path.dsv'
[0.942s] INFO:colcon.colcon_core.shell:Creating environment hook '/home/mike54pfeiffer/Desktop/School/ROB599/ROB599_ws/install/hw3_interfaces/share/hw3_interfaces/hook/cmake_prefix_path.sh'
[0.943s] Level 1:colcon.colcon_core.environment:checking '/home/mike54pfeiffer/Desktop/School/ROB599/ROB599_ws/install/hw3_interfaces/lib'
[0.944s] Level 1:colcon.colcon_core.shell:create_environment_hook('hw3_interfaces', 'ld_library_path_lib')
[0.944s] INFO:colcon.colcon_core.shell:Creating environment hook '/home/mike54pfeiffer/Desktop/School/ROB599/ROB599_ws/install/hw3_interfaces/share/hw3_interfaces/hook/ld_library_path_lib.ps1'
[0.945s] INFO:colcon.colcon_core.shell:Creating environment descriptor '/home/mike54pfeiffer/Desktop/School/ROB599/ROB599_ws/install/hw3_interfaces/share/hw3_interfaces/hook/ld_library_path_lib.dsv'
[0.945s] INFO:colcon.colcon_core.shell:Creating environment hook '/home/mike54pfeiffer/Desktop/School/ROB599/ROB599_ws/install/hw3_interfaces/share/hw3_interfaces/hook/ld_library_path_lib.sh'
[0.946s] Level 1:colcon.colcon_core.environment:checking '/home/mike54pfeiffer/Desktop/School/ROB599/ROB599_ws/install/hw3_interfaces/bin'
[0.946s] Level 1:colcon.colcon_core.environment:checking '/home/mike54pfeiffer/Desktop/School/ROB599/ROB599_ws/install/hw3_interfaces/lib/pkgconfig/hw3_interfaces.pc'
[0.947s] Level 1:colcon.colcon_core.environment:checking '/home/mike54pfeiffer/Desktop/School/ROB599/ROB599_ws/install/hw3_interfaces/lib/python3.12/site-packages'
[0.947s] Level 1:colcon.colcon_core.shell:create_environment_hook('hw3_interfaces', 'pythonpath')
[0.947s] INFO:colcon.colcon_core.shell:Creating environment hook '/home/mike54pfeiffer/Desktop/School/ROB599/ROB599_ws/install/hw3_interfaces/share/hw3_interfaces/hook/pythonpath.ps1'
[0.949s] INFO:colcon.colcon_core.shell:Creating environment descriptor '/home/mike54pfeiffer/Desktop/School/ROB599/ROB599_ws/install/hw3_interfaces/share/hw3_interfaces/hook/pythonpath.dsv'
[0.950s] INFO:colcon.colcon_core.shell:Creating environment hook '/home/mike54pfeiffer/Desktop/School/ROB599/ROB599_ws/install/hw3_interfaces/share/hw3_interfaces/hook/pythonpath.sh'
[0.951s] Level 1:colcon.colcon_core.environment:checking '/home/mike54pfeiffer/Desktop/School/ROB599/ROB599_ws/install/hw3_interfaces/bin'
[0.951s] INFO:colcon.colcon_core.shell:Creating package script '/home/mike54pfeiffer/Desktop/School/ROB599/ROB599_ws/install/hw3_interfaces/share/hw3_interfaces/package.ps1'
[0.953s] INFO:colcon.colcon_core.shell:Creating package descriptor '/home/mike54pfeiffer/Desktop/School/ROB599/ROB599_ws/install/hw3_interfaces/share/hw3_interfaces/package.dsv'
[0.953s] INFO:colcon.colcon_core.shell:Creating package script '/home/mike54pfeiffer/Desktop/School/ROB599/ROB599_ws/install/hw3_interfaces/share/hw3_interfaces/package.sh'
[0.954s] INFO:colcon.colcon_core.shell:Creating package script '/home/mike54pfeiffer/Desktop/School/ROB599/ROB599_ws/install/hw3_interfaces/share/hw3_interfaces/package.bash'
[0.955s] INFO:colcon.colcon_core.shell:Creating package script '/home/mike54pfeiffer/Desktop/School/ROB599/ROB599_ws/install/hw3_interfaces/share/hw3_interfaces/package.zsh'
[0.955s] Level 1:colcon.colcon_core.environment:create_file_with_runtime_dependencies(/home/mike54pfeiffer/Desktop/School/ROB599/ROB599_ws/install/hw3_interfaces/share/colcon-core/packages/hw3_interfaces)
[0.956s] Level 1:colcon.colcon_core.environment:create_environment_scripts_only(hw3_interfaces)
[0.956s] Level 1:colcon.colcon_core.environment:checking '/home/mike54pfeiffer/Desktop/School/ROB599/ROB599_ws/install/hw3_interfaces' for CMake module files
[0.957s] Level 1:colcon.colcon_core.environment:checking '/home/mike54pfeiffer/Desktop/School/ROB599/ROB599_ws/install/hw3_interfaces' for CMake config files
[0.958s] Level 1:colcon.colcon_core.shell:create_environment_hook('hw3_interfaces', 'cmake_prefix_path')
[0.958s] INFO:colcon.colcon_core.shell:Creating environment hook '/home/mike54pfeiffer/Desktop/School/ROB599/ROB599_ws/install/hw3_interfaces/share/hw3_interfaces/hook/cmake_prefix_path.ps1'
[0.959s] INFO:colcon.colcon_core.shell:Creating environment descriptor '/home/mike54pfeiffer/Desktop/School/ROB599/ROB599_ws/install/hw3_interfaces/share/hw3_interfaces/hook/cmake_prefix_path.dsv'
[0.959s] INFO:colcon.colcon_core.shell:Creating environment hook '/home/mike54pfeiffer/Desktop/School/ROB599/ROB599_ws/install/hw3_interfaces/share/hw3_interfaces/hook/cmake_prefix_path.sh'
[0.961s] Level 1:colcon.colcon_core.environment:checking '/home/mike54pfeiffer/Desktop/School/ROB599/ROB599_ws/install/hw3_interfaces/lib'
[0.962s] Level 1:colcon.colcon_core.shell:create_environment_hook('hw3_interfaces', 'ld_library_path_lib')
[0.962s] INFO:colcon.colcon_core.shell:Creating environment hook '/home/mike54pfeiffer/Desktop/School/ROB599/ROB599_ws/install/hw3_interfaces/share/hw3_interfaces/hook/ld_library_path_lib.ps1'
[0.963s] INFO:colcon.colcon_core.shell:Creating environment descriptor '/home/mike54pfeiffer/Desktop/School/ROB599/ROB599_ws/install/hw3_interfaces/share/hw3_interfaces/hook/ld_library_path_lib.dsv'
[0.964s] INFO:colcon.colcon_core.shell:Creating environment hook '/home/mike54pfeiffer/Desktop/School/ROB599/ROB599_ws/install/hw3_interfaces/share/hw3_interfaces/hook/ld_library_path_lib.sh'
[0.964s] Level 1:colcon.colcon_core.environment:checking '/home/mike54pfeiffer/Desktop/School/ROB599/ROB599_ws/install/hw3_interfaces/bin'
[0.964s] Level 1:colcon.colcon_core.environment:checking '/home/mike54pfeiffer/Desktop/School/ROB599/ROB599_ws/install/hw3_interfaces/lib/pkgconfig/hw3_interfaces.pc'
[0.965s] Level 1:colcon.colcon_core.environment:checking '/home/mike54pfeiffer/Desktop/School/ROB599/ROB599_ws/install/hw3_interfaces/lib/python3.12/site-packages'
[0.965s] Level 1:colcon.colcon_core.shell:create_environment_hook('hw3_interfaces', 'pythonpath')
[0.965s] INFO:colcon.colcon_core.shell:Creating environment hook '/home/mike54pfeiffer/Desktop/School/ROB599/ROB599_ws/install/hw3_interfaces/share/hw3_interfaces/hook/pythonpath.ps1'
[0.966s] INFO:colcon.colcon_core.shell:Creating environment descriptor '/home/mike54pfeiffer/Desktop/School/ROB599/ROB599_ws/install/hw3_interfaces/share/hw3_interfaces/hook/pythonpath.dsv'
[0.966s] INFO:colcon.colcon_core.shell:Creating environment hook '/home/mike54pfeiffer/Desktop/School/ROB599/ROB599_ws/install/hw3_interfaces/share/hw3_interfaces/hook/pythonpath.sh'
[0.967s] Level 1:colcon.colcon_core.environment:checking '/home/mike54pfeiffer/Desktop/School/ROB599/ROB599_ws/install/hw3_interfaces/bin'
[0.968s] INFO:colcon.colcon_core.shell:Creating package script '/home/mike54pfeiffer/Desktop/School/ROB599/ROB599_ws/install/hw3_interfaces/share/hw3_interfaces/package.ps1'
[0.969s] INFO:colcon.colcon_core.shell:Creating package descriptor '/home/mike54pfeiffer/Desktop/School/ROB599/ROB599_ws/install/hw3_interfaces/share/hw3_interfaces/package.dsv'
[0.969s] INFO:colcon.colcon_core.shell:Creating package script '/home/mike54pfeiffer/Desktop/School/ROB599/ROB599_ws/install/hw3_interfaces/share/hw3_interfaces/package.sh'
[0.970s] INFO:colcon.colcon_core.shell:Creating package script '/home/mike54pfeiffer/Desktop/School/ROB599/ROB599_ws/install/hw3_interfaces/share/hw3_interfaces/package.bash'
[0.971s] INFO:colcon.colcon_core.shell:Creating package script '/home/mike54pfeiffer/Desktop/School/ROB599/ROB599_ws/install/hw3_interfaces/share/hw3_interfaces/package.zsh'
[0.971s] Level 1:colcon.colcon_core.environment:create_file_with_runtime_dependencies(/home/mike54pfeiffer/Desktop/School/ROB599/ROB599_ws/install/hw3_interfaces/share/colcon-core/packages/hw3_interfaces)
[0.973s] INFO:colcon.colcon_ros.task.ament_python.build:Building ROS package in '/home/mike54pfeiffer/Desktop/School/ROB599/ROB599_ws/src/hw3' with build type 'ament_python'
[0.973s] Level 1:colcon.colcon_core.shell:create_environment_hook('hw3', 'ament_prefix_path')
[0.973s] INFO:colcon.colcon_core.shell:Creating environment hook '/home/mike54pfeiffer/Desktop/School/ROB599/ROB599_ws/install/hw3/share/hw3/hook/ament_prefix_path.ps1'
[0.974s] INFO:colcon.colcon_core.shell:Creating environment descriptor '/home/mike54pfeiffer/Desktop/School/ROB599/ROB599_ws/install/hw3/share/hw3/hook/ament_prefix_path.dsv'
[0.975s] INFO:colcon.colcon_core.shell:Creating environment hook '/home/mike54pfeiffer/Desktop/School/ROB599/ROB599_ws/install/hw3/share/hw3/hook/ament_prefix_path.sh'
[0.975s] INFO:colcon.colcon_core.shell:Skip shell extension 'powershell' for command environment: Not usable outside of PowerShell
[0.975s] DEBUG:colcon.colcon_core.shell:Skip shell extension 'dsv' for command environment
[0.983s] INFO:colcon.colcon_ros.task.ament_python.build:Building ROS package in '/home/mike54pfeiffer/Desktop/School/ROB599/ROB599_ws/src/hw4' with build type 'ament_python'
[0.983s] Level 1:colcon.colcon_core.shell:create_environment_hook('hw4', 'ament_prefix_path')
[0.983s] INFO:colcon.colcon_core.shell:Creating environment hook '/home/mike54pfeiffer/Desktop/School/ROB599/ROB599_ws/install/hw4/share/hw4/hook/ament_prefix_path.ps1'
[0.984s] INFO:colcon.colcon_core.shell:Creating environment descriptor '/home/mike54pfeiffer/Desktop/School/ROB599/ROB599_ws/install/hw4/share/hw4/hook/ament_prefix_path.dsv'
[0.984s] INFO:colcon.colcon_core.shell:Creating environment hook '/home/mike54pfeiffer/Desktop/School/ROB599/ROB599_ws/install/hw4/share/hw4/hook/ament_prefix_path.sh'
[0.985s] INFO:colcon.colcon_core.shell:Skip shell extension 'powershell' for command environment: Not usable outside of PowerShell
[0.985s] DEBUG:colcon.colcon_core.shell:Skip shell extension 'dsv' for command environment
[1.279s] INFO:colcon.colcon_core.task.python.build:Building Python package in '/home/mike54pfeiffer/Desktop/School/ROB599/ROB599_ws/src/hw3'
[1.279s] INFO:colcon.colcon_core.shell:Skip shell extension 'powershell' for command environment: Not usable outside of PowerShell
[1.279s] DEBUG:colcon.colcon_core.shell:Skip shell extension 'dsv' for command environment
[1.557s] INFO:colcon.colcon_core.task.python.build:Building Python package in '/home/mike54pfeiffer/Desktop/School/ROB599/ROB599_ws/src/hw4'
[1.557s] INFO:colcon.colcon_core.shell:Skip shell extension 'powershell' for command environment: Not usable outside of PowerShell
[1.557s] DEBUG:colcon.colcon_core.shell:Skip shell extension 'dsv' for command environment
[1.566s] DEBUG:colcon.colcon_core.event_handler.log_command:Invoked command in '/home/mike54pfeiffer/Desktop/School/ROB599/ROB599_ws/build/rob599_msgs' returned '0': CMAKE_PREFIX_PATH=${CMAKE_PREFIX_PATH}:/home/mike54pfeiffer/Desktop/School/ROB599/ROB599_ws/install/rob599_basic:/home/mike54pfeiffer/Desktop/School/ROB599/ROB599_ws/install/hw4:/home/mike54pfeiffer/Desktop/School/ROB599/ROB599_ws/install/hw3:/home/mike54pfeiffer/Desktop/School/ROB599/ROB599_ws/install/hw2:/opt/ros/jazzy DEBUGINFOD_URLS=https://debuginfod.ubuntu.com /usr/bin/cmake --build /home/mike54pfeiffer/Desktop/School/ROB599/ROB599_ws/build/rob599_msgs -- -j12 -l12
[1.567s] DEBUG:colcon.colcon_core.event_handler.log_command:Invoking command in '/home/mike54pfeiffer/Desktop/School/ROB599/ROB599_ws/build/rob599_msgs': CMAKE_PREFIX_PATH=${CMAKE_PREFIX_PATH}:/home/mike54pfeiffer/Desktop/School/ROB599/ROB599_ws/install/rob599_basic:/home/mike54pfeiffer/Desktop/School/ROB599/ROB599_ws/install/hw4:/home/mike54pfeiffer/Desktop/School/ROB599/ROB599_ws/install/hw3:/home/mike54pfeiffer/Desktop/School/ROB599/ROB599_ws/install/hw2:/opt/ros/jazzy DEBUGINFOD_URLS=https://debuginfod.ubuntu.com /usr/bin/cmake --install /home/mike54pfeiffer/Desktop/School/ROB599/ROB599_ws/build/rob599_msgs
[1.677s] Level 1:colcon.colcon_core.environment:create_environment_scripts_only(rob599_msgs)
[1.678s] Level 1:colcon.colcon_core.environment:checking '/home/mike54pfeiffer/Desktop/School/ROB599/ROB599_ws/install/rob599_msgs' for CMake module files
[1.680s] Level 1:colcon.colcon_core.environment:checking '/home/mike54pfeiffer/Desktop/School/ROB599/ROB599_ws/install/rob599_msgs' for CMake config files
[1.682s] DEBUG:colcon.colcon_core.event_handler.log_command:Invoked command in '/home/mike54pfeiffer/Desktop/School/ROB599/ROB599_ws/build/rob599_msgs' returned '0': CMAKE_PREFIX_PATH=${CMAKE_PREFIX_PATH}:/home/mike54pfeiffer/Desktop/School/ROB599/ROB599_ws/install/rob599_basic:/home/mike54pfeiffer/Desktop/School/ROB599/ROB599_ws/install/hw4:/home/mike54pfeiffer/Desktop/School/ROB599/ROB599_ws/install/hw3:/home/mike54pfeiffer/Desktop/School/ROB599/ROB599_ws/install/hw2:/opt/ros/jazzy DEBUGINFOD_URLS=https://debuginfod.ubuntu.com /usr/bin/cmake --install /home/mike54pfeiffer/Desktop/School/ROB599/ROB599_ws/build/rob599_msgs
[1.683s] Level 1:colcon.colcon_core.shell:create_environment_hook('rob599_msgs', 'cmake_prefix_path')
[1.683s] INFO:colcon.colcon_core.shell:Creating environment hook '/home/mike54pfeiffer/Desktop/School/ROB599/ROB599_ws/install/rob599_msgs/share/rob599_msgs/hook/cmake_prefix_path.ps1'
[1.684s] INFO:colcon.colcon_core.shell:Creating environment descriptor '/home/mike54pfeiffer/Desktop/School/ROB599/ROB599_ws/install/rob599_msgs/share/rob599_msgs/hook/cmake_prefix_path.dsv'
[1.685s] INFO:colcon.colcon_core.shell:Creating environment hook '/home/mike54pfeiffer/Desktop/School/ROB599/ROB599_ws/install/rob599_msgs/share/rob599_msgs/hook/cmake_prefix_path.sh'
[1.686s] Level 1:colcon.colcon_core.environment:checking '/home/mike54pfeiffer/Desktop/School/ROB599/ROB599_ws/install/rob599_msgs/lib'
[1.686s] Level 1:colcon.colcon_core.shell:create_environment_hook('rob599_msgs', 'ld_library_path_lib')
[1.686s] INFO:colcon.colcon_core.shell:Creating environment hook '/home/mike54pfeiffer/Desktop/School/ROB599/ROB599_ws/install/rob599_msgs/share/rob599_msgs/hook/ld_library_path_lib.ps1'
[1.687s] INFO:colcon.colcon_core.shell:Creating environment descriptor '/home/mike54pfeiffer/Desktop/School/ROB599/ROB599_ws/install/rob599_msgs/share/rob599_msgs/hook/ld_library_path_lib.dsv'
[1.687s] INFO:colcon.colcon_core.shell:Creating environment hook '/home/mike54pfeiffer/Desktop/School/ROB599/ROB599_ws/install/rob599_msgs/share/rob599_msgs/hook/ld_library_path_lib.sh'
[1.688s] Level 1:colcon.colcon_core.environment:checking '/home/mike54pfeiffer/Desktop/School/ROB599/ROB599_ws/install/rob599_msgs/bin'
[1.688s] Level 1:colcon.colcon_core.environment:checking '/home/mike54pfeiffer/Desktop/School/ROB599/ROB599_ws/install/rob599_msgs/lib/pkgconfig/rob599_msgs.pc'
[1.688s] Level 1:colcon.colcon_core.environment:checking '/home/mike54pfeiffer/Desktop/School/ROB599/ROB599_ws/install/rob599_msgs/lib/python3.12/site-packages'
[1.689s] Level 1:colcon.colcon_core.shell:create_environment_hook('rob599_msgs', 'pythonpath')
[1.689s] INFO:colcon.colcon_core.shell:Creating environment hook '/home/mike54pfeiffer/Desktop/School/ROB599/ROB599_ws/install/rob599_msgs/share/rob599_msgs/hook/pythonpath.ps1'
[1.690s] INFO:colcon.colcon_core.shell:Creating environment descriptor '/home/mike54pfeiffer/Desktop/School/ROB599/ROB599_ws/install/rob599_msgs/share/rob599_msgs/hook/pythonpath.dsv'
[1.690s] INFO:colcon.colcon_core.shell:Creating environment hook '/home/mike54pfeiffer/Desktop/School/ROB599/ROB599_ws/install/rob599_msgs/share/rob599_msgs/hook/pythonpath.sh'
[1.691s] Level 1:colcon.colcon_core.environment:checking '/home/mike54pfeiffer/Desktop/School/ROB599/ROB599_ws/install/rob599_msgs/bin'
[1.691s] INFO:colcon.colcon_core.shell:Creating package script '/home/mike54pfeiffer/Desktop/School/ROB599/ROB599_ws/install/rob599_msgs/share/rob599_msgs/package.ps1'
[1.692s] INFO:colcon.colcon_core.shell:Creating package descriptor '/home/mike54pfeiffer/Desktop/School/ROB599/ROB599_ws/install/rob599_msgs/share/rob599_msgs/package.dsv'
[1.693s] INFO:colcon.colcon_core.shell:Creating package script '/home/mike54pfeiffer/Desktop/School/ROB599/ROB599_ws/install/rob599_msgs/share/rob599_msgs/package.sh'
[1.693s] INFO:colcon.colcon_core.shell:Creating package script '/home/mike54pfeiffer/Desktop/School/ROB599/ROB599_ws/install/rob599_msgs/share/rob599_msgs/package.bash'
[1.694s] INFO:colcon.colcon_core.shell:Creating package script '/home/mike54pfeiffer/Desktop/School/ROB599/ROB599_ws/install/rob599_msgs/share/rob599_msgs/package.zsh'
[1.694s] Level 1:colcon.colcon_core.environment:create_file_with_runtime_dependencies(/home/mike54pfeiffer/Desktop/School/ROB599/ROB599_ws/install/rob599_msgs/share/colcon-core/packages/rob599_msgs)
[1.695s] Level 1:colcon.colcon_core.environment:create_environment_scripts_only(rob599_msgs)
[1.696s] Level 1:colcon.colcon_core.environment:checking '/home/mike54pfeiffer/Desktop/School/ROB599/ROB599_ws/install/rob599_msgs' for CMake module files
[1.696s] Level 1:colcon.colcon_core.environment:checking '/home/mike54pfeiffer/Desktop/School/ROB599/ROB599_ws/install/rob599_msgs' for CMake config files
[1.697s] Level 1:colcon.colcon_core.shell:create_environment_hook('rob599_msgs', 'cmake_prefix_path')
[1.697s] INFO:colcon.colcon_core.shell:Creating environment hook '/home/mike54pfeiffer/Desktop/School/ROB599/ROB599_ws/install/rob599_msgs/share/rob599_msgs/hook/cmake_prefix_path.ps1'
[1.698s] INFO:colcon.colcon_core.shell:Creating environment descriptor '/home/mike54pfeiffer/Desktop/School/ROB599/ROB599_ws/install/rob599_msgs/share/rob599_msgs/hook/cmake_prefix_path.dsv'
[1.698s] INFO:colcon.colcon_core.shell:Creating environment hook '/home/mike54pfeiffer/Desktop/School/ROB599/ROB599_ws/install/rob599_msgs/share/rob599_msgs/hook/cmake_prefix_path.sh'
[1.699s] Level 1:colcon.colcon_core.environment:checking '/home/mike54pfeiffer/Desktop/School/ROB599/ROB599_ws/install/rob599_msgs/lib'
[1.699s] Level 1:colcon.colcon_core.shell:create_environment_hook('rob599_msgs', 'ld_library_path_lib')
[1.699s] INFO:colcon.colcon_core.shell:Creating environment hook '/home/mike54pfeiffer/Desktop/School/ROB599/ROB599_ws/install/rob599_msgs/share/rob599_msgs/hook/ld_library_path_lib.ps1'
[1.700s] INFO:colcon.colcon_core.shell:Creating environment descriptor '/home/mike54pfeiffer/Desktop/School/ROB599/ROB599_ws/install/rob599_msgs/share/rob599_msgs/hook/ld_library_path_lib.dsv'
[1.701s] INFO:colcon.colcon_core.shell:Creating environment hook '/home/mike54pfeiffer/Desktop/School/ROB599/ROB599_ws/install/rob599_msgs/share/rob599_msgs/hook/ld_library_path_lib.sh'
[1.701s] Level 1:colcon.colcon_core.environment:checking '/home/mike54pfeiffer/Desktop/School/ROB599/ROB599_ws/install/rob599_msgs/bin'
[1.701s] Level 1:colcon.colcon_core.environment:checking '/home/mike54pfeiffer/Desktop/School/ROB599/ROB599_ws/install/rob599_msgs/lib/pkgconfig/rob599_msgs.pc'
[1.702s] Level 1:colcon.colcon_core.environment:checking '/home/mike54pfeiffer/Desktop/School/ROB599/ROB599_ws/install/rob599_msgs/lib/python3.12/site-packages'
[1.702s] Level 1:colcon.colcon_core.shell:create_environment_hook('rob599_msgs', 'pythonpath')
[1.702s] INFO:colcon.colcon_core.shell:Creating environment hook '/home/mike54pfeiffer/Desktop/School/ROB599/ROB599_ws/install/rob599_msgs/share/rob599_msgs/hook/pythonpath.ps1'
[1.703s] INFO:colcon.colcon_core.shell:Creating environment descriptor '/home/mike54pfeiffer/Desktop/School/ROB599/ROB599_ws/install/rob599_msgs/share/rob599_msgs/hook/pythonpath.dsv'
[1.703s] INFO:colcon.colcon_core.shell:Creating environment hook '/home/mike54pfeiffer/Desktop/School/ROB599/ROB599_ws/install/rob599_msgs/share/rob599_msgs/hook/pythonpath.sh'
[1.704s] Level 1:colcon.colcon_core.environment:checking '/home/mike54pfeiffer/Desktop/School/ROB599/ROB599_ws/install/rob599_msgs/bin'
[1.704s] INFO:colcon.colcon_core.shell:Creating package script '/home/mike54pfeiffer/Desktop/School/ROB599/ROB599_ws/install/rob599_msgs/share/rob599_msgs/package.ps1'
[1.705s] INFO:colcon.colcon_core.shell:Creating package descriptor '/home/mike54pfeiffer/Desktop/School/ROB599/ROB599_ws/install/rob599_msgs/share/rob599_msgs/package.dsv'
[1.705s] INFO:colcon.colcon_core.shell:Creating package script '/home/mike54pfeiffer/Desktop/School/ROB599/ROB599_ws/install/rob599_msgs/share/rob599_msgs/package.sh'
[1.706s] INFO:colcon.colcon_core.shell:Creating package script '/home/mike54pfeiffer/Desktop/School/ROB599/ROB599_ws/install/rob599_msgs/share/rob599_msgs/package.bash'
[1.706s] INFO:colcon.colcon_core.shell:Creating package script '/home/mike54pfeiffer/Desktop/School/ROB599/ROB599_ws/install/rob599_msgs/share/rob599_msgs/package.zsh'
[1.706s] Level 1:colcon.colcon_core.environment:create_file_with_runtime_dependencies(/home/mike54pfeiffer/Desktop/School/ROB599/ROB599_ws/install/rob599_msgs/share/colcon-core/packages/rob599_msgs)
[1.730s] DEBUG:colcon.colcon_core.event_handler.log_command:Invoking command in '/home/mike54pfeiffer/Desktop/School/ROB599/ROB599_ws/src/rob599_basic': DEBUGINFOD_URLS=https://debuginfod.ubuntu.com PYTHONPATH=/home/mike54pfeiffer/Desktop/School/ROB599/ROB599_ws/build/rob599_basic/prefix_override:/usr/lib/python3/dist-packages/colcon_core/task/python/colcon_distutils_commands:/home/mike54pfeiffer/Desktop/School/ROB599/ROB599_ws/install/rob599_basic/lib/python3.12/site-packages:${PYTHONPATH} /usr/bin/python3 -W ignore:setup.py install is deprecated -W ignore:easy_install command is deprecated setup.py egg_info --egg-base ../../build/rob599_basic build --build-base /home/mike54pfeiffer/Desktop/School/ROB599/ROB599_ws/build/rob599_basic/build install --record /home/mike54pfeiffer/Desktop/School/ROB599/ROB599_ws/build/rob599_basic/install.log --single-version-externally-managed install_data
[1.734s] DEBUG:colcon.colcon_core.event_handler.log_command:Invoking command in '/home/mike54pfeiffer/Desktop/School/ROB599/ROB599_ws/src/hw2': DEBUGINFOD_URLS=https://debuginfod.ubuntu.com PYTHONPATH=/home/mike54pfeiffer/Desktop/School/ROB599/ROB599_ws/build/hw2/prefix_override:/usr/lib/python3/dist-packages/colcon_core/task/python/colcon_distutils_commands:/home/mike54pfeiffer/Desktop/School/ROB599/ROB599_ws/install/hw2/lib/python3.12/site-packages:${PYTHONPATH} /usr/bin/python3 -W ignore:setup.py install is deprecated -W ignore:easy_install command is deprecated setup.py egg_info --egg-base ../../build/hw2 build --build-base /home/mike54pfeiffer/Desktop/School/ROB599/ROB599_ws/build/hw2/build install --record /home/mike54pfeiffer/Desktop/School/ROB599/ROB599_ws/build/hw2/install.log --single-version-externally-managed install_data
[2.515s] DEBUG:colcon.colcon_core.event_handler.log_command:Invoking command in '/home/mike54pfeiffer/Desktop/School/ROB599/ROB599_ws/src/hw3': CMAKE_PREFIX_PATH=/home/mike54pfeiffer/Desktop/School/ROB599/ROB599_ws/install/hw3_interfaces:/home/mike54pfeiffer/Desktop/School/ROB599/ROB599_ws/install/rob599_msgs:/home/mike54pfeiffer/Desktop/School/ROB599/ROB599_ws/install/hw4_interfaces:/opt/ros/jazzy/opt/sdformat_vendor:/opt/ros/jazzy/opt/gz_math_vendor:/opt/ros/jazzy/opt/gz_utils_vendor:/opt/ros/jazzy/opt/gz_tools_vendor:/opt/ros/jazzy/opt/gz_cmake_vendor DEBUGINFOD_URLS=https://debuginfod.ubuntu.com LD_LIBRARY_PATH=/home/mike54pfeiffer/Desktop/School/ROB599/ROB599_ws/install/hw3_interfaces/lib:/home/mike54pfeiffer/Desktop/School/ROB599/ROB599_ws/install/rob599_msgs/lib:/home/mike54pfeiffer/Desktop/School/ROB599/ROB599_ws/install/hw4_interfaces/lib:/opt/ros/jazzy/opt/sdformat_vendor/lib:/opt/ros/jazzy/opt/rviz_ogre_vendor/lib:/opt/ros/jazzy/lib/x86_64-linux-gnu:/opt/ros/jazzy/opt/gz_math_vendor/lib:/opt/ros/jazzy/opt/gz_utils_vendor/lib:/opt/ros/jazzy/opt/gz_tools_vendor/lib:/opt/ros/jazzy/opt/gz_cmake_vendor/lib:/opt/ros/jazzy/lib PYTHONPATH=/home/mike54pfeiffer/Desktop/School/ROB599/ROB599_ws/build/hw3/prefix_override:/usr/lib/python3/dist-packages/colcon_core/task/python/colcon_distutils_commands:/home/mike54pfeiffer/Desktop/School/ROB599/ROB599_ws/install/hw3/lib/python3.12/site-packages:/home/mike54pfeiffer/Desktop/School/ROB599/ROB599_ws/install/hw3_interfaces/lib/python3.12/site-packages:/home/mike54pfeiffer/Desktop/School/ROB599/ROB599_ws/install/rob599_msgs/lib/python3.12/site-packages:/home/mike54pfeiffer/Desktop/School/ROB599/ROB599_ws/install/rob599_basic/lib/python3.12/site-packages:/home/mike54pfeiffer/Desktop/School/ROB599/ROB599_ws/install/hw4/lib/python3.12/site-packages:/home/mike54pfeiffer/Desktop/School/ROB599/ROB599_ws/install/hw4_interfaces/lib/python3.12/site-packages:/home/mike54pfeiffer/Desktop/School/ROB599/ROB599_ws/install/hw3/lib/python3.12/site-packages:/home/mike54pfeiffer/Desktop/School/ROB599/ROB599_ws/install/hw2/lib/python3.12/site-packages:/opt/ros/jazzy/lib/python3.12/site-packages /usr/bin/python3 -W ignore:setup.py install is deprecated -W ignore:easy_install command is deprecated setup.py egg_info --egg-base ../../build/hw3 build --build-base /home/mike54pfeiffer/Desktop/School/ROB599/ROB599_ws/build/hw3/build install --record /home/mike54pfeiffer/Desktop/School/ROB599/ROB599_ws/build/hw3/install.log --single-version-externally-managed install_data
[2.520s] DEBUG:colcon.colcon_core.event_handler.log_command:Invoking command in '/home/mike54pfeiffer/Desktop/School/ROB599/ROB599_ws/src/hw4': CMAKE_PREFIX_PATH=/home/mike54pfeiffer/Desktop/School/ROB599/ROB599_ws/install/hw4_interfaces:/home/mike54pfeiffer/Desktop/School/ROB599/ROB599_ws/install/rob599_msgs:/home/mike54pfeiffer/Desktop/School/ROB599/ROB599_ws/install/hw3_interfaces:/opt/ros/jazzy/opt/sdformat_vendor:/opt/ros/jazzy/opt/gz_math_vendor:/opt/ros/jazzy/opt/gz_utils_vendor:/opt/ros/jazzy/opt/gz_tools_vendor:/opt/ros/jazzy/opt/gz_cmake_vendor DEBUGINFOD_URLS=https://debuginfod.ubuntu.com LD_LIBRARY_PATH=/home/mike54pfeiffer/Desktop/School/ROB599/ROB599_ws/install/hw4_interfaces/lib:/home/mike54pfeiffer/Desktop/School/ROB599/ROB599_ws/install/rob599_msgs/lib:/home/mike54pfeiffer/Desktop/School/ROB599/ROB599_ws/install/hw3_interfaces/lib:/opt/ros/jazzy/opt/sdformat_vendor/lib:/opt/ros/jazzy/opt/rviz_ogre_vendor/lib:/opt/ros/jazzy/lib/x86_64-linux-gnu:/opt/ros/jazzy/opt/gz_math_vendor/lib:/opt/ros/jazzy/opt/gz_utils_vendor/lib:/opt/ros/jazzy/opt/gz_tools_vendor/lib:/opt/ros/jazzy/opt/gz_cmake_vendor/lib:/opt/ros/jazzy/lib PYTHONPATH=/home/mike54pfeiffer/Desktop/School/ROB599/ROB599_ws/build/hw4/prefix_override:/usr/lib/python3/dist-packages/colcon_core/task/python/colcon_distutils_commands:/home/mike54pfeiffer/Desktop/School/ROB599/ROB599_ws/install/hw4/lib/python3.12/site-packages:/home/mike54pfeiffer/Desktop/School/ROB599/ROB599_ws/install/hw4_interfaces/lib/python3.12/site-packages:/home/mike54pfeiffer/Desktop/School/ROB599/ROB599_ws/install/rob599_msgs/lib/python3.12/site-packages:/home/mike54pfeiffer/Desktop/School/ROB599/ROB599_ws/install/rob599_basic/lib/python3.12/site-packages:/home/mike54pfeiffer/Desktop/School/ROB599/ROB599_ws/install/hw4/lib/python3.12/site-packages:/home/mike54pfeiffer/Desktop/School/ROB599/ROB599_ws/install/hw3/lib/python3.12/site-packages:/home/mike54pfeiffer/Desktop/School/ROB599/ROB599_ws/install/hw3_interfaces/lib/python3.12/site-packages:/home/mike54pfeiffer/Desktop/School/ROB599/ROB599_ws/install/hw2/lib/python3.12/site-packages:/opt/ros/jazzy/lib/python3.12/site-packages /usr/bin/python3 -W ignore:setup.py install is deprecated -W ignore:easy_install command is deprecated setup.py egg_info --egg-base ../../build/hw4 build --build-base /home/mike54pfeiffer/Desktop/School/ROB599/ROB599_ws/build/hw4/build install --record /home/mike54pfeiffer/Desktop/School/ROB599/ROB599_ws/build/hw4/install.log --single-version-externally-managed install_data
[2.612s] Level 1:colcon.colcon_core.environment:checking '/home/mike54pfeiffer/Desktop/School/ROB599/ROB599_ws/install/rob599_basic' for CMake module files
[2.613s] DEBUG:colcon.colcon_core.event_handler.log_command:Invoked command in '/home/mike54pfeiffer/Desktop/School/ROB599/ROB599_ws/src/rob599_basic' returned '0': DEBUGINFOD_URLS=https://debuginfod.ubuntu.com PYTHONPATH=/home/mike54pfeiffer/Desktop/School/ROB599/ROB599_ws/build/rob599_basic/prefix_override:/usr/lib/python3/dist-packages/colcon_core/task/python/colcon_distutils_commands:/home/mike54pfeiffer/Desktop/School/ROB599/ROB599_ws/install/rob599_basic/lib/python3.12/site-packages:${PYTHONPATH} /usr/bin/python3 -W ignore:setup.py install is deprecated -W ignore:easy_install command is deprecated setup.py egg_info --egg-base ../../build/rob599_basic build --build-base /home/mike54pfeiffer/Desktop/School/ROB599/ROB599_ws/build/rob599_basic/build install --record /home/mike54pfeiffer/Desktop/School/ROB599/ROB599_ws/build/rob599_basic/install.log --single-version-externally-managed install_data
[2.613s] Level 1:colcon.colcon_core.environment:checking '/home/mike54pfeiffer/Desktop/School/ROB599/ROB599_ws/install/rob599_basic' for CMake config files
[2.614s] Level 1:colcon.colcon_core.environment:checking '/home/mike54pfeiffer/Desktop/School/ROB599/ROB599_ws/install/rob599_basic/lib'
[2.614s] Level 1:colcon.colcon_core.environment:checking '/home/mike54pfeiffer/Desktop/School/ROB599/ROB599_ws/install/rob599_basic/bin'
[2.614s] Level 1:colcon.colcon_core.environment:checking '/home/mike54pfeiffer/Desktop/School/ROB599/ROB599_ws/install/rob599_basic/lib/pkgconfig/rob599_basic.pc'
[2.615s] Level 1:colcon.colcon_core.environment:checking '/home/mike54pfeiffer/Desktop/School/ROB599/ROB599_ws/install/rob599_basic/lib/python3.12/site-packages'
[2.615s] Level 1:colcon.colcon_core.shell:create_environment_hook('rob599_basic', 'pythonpath')
[2.615s] INFO:colcon.colcon_core.shell:Creating environment hook '/home/mike54pfeiffer/Desktop/School/ROB599/ROB599_ws/install/rob599_basic/share/rob599_basic/hook/pythonpath.ps1'
[2.616s] INFO:colcon.colcon_core.shell:Creating environment descriptor '/home/mike54pfeiffer/Desktop/School/ROB599/ROB599_ws/install/rob599_basic/share/rob599_basic/hook/pythonpath.dsv'
[2.617s] INFO:colcon.colcon_core.shell:Creating environment hook '/home/mike54pfeiffer/Desktop/School/ROB599/ROB599_ws/install/rob599_basic/share/rob599_basic/hook/pythonpath.sh'
[2.618s] Level 1:colcon.colcon_core.environment:checking '/home/mike54pfeiffer/Desktop/School/ROB599/ROB599_ws/install/rob599_basic/bin'
[2.618s] Level 1:colcon.colcon_core.environment:create_environment_scripts_only(rob599_basic)
[2.618s] INFO:colcon.colcon_core.shell:Creating package script '/home/mike54pfeiffer/Desktop/School/ROB599/ROB599_ws/install/rob599_basic/share/rob599_basic/package.ps1'
[2.619s] INFO:colcon.colcon_core.shell:Creating package descriptor '/home/mike54pfeiffer/Desktop/School/ROB599/ROB599_ws/install/rob599_basic/share/rob599_basic/package.dsv'
[2.619s] INFO:colcon.colcon_core.shell:Creating package script '/home/mike54pfeiffer/Desktop/School/ROB599/ROB599_ws/install/rob599_basic/share/rob599_basic/package.sh'
[2.620s] INFO:colcon.colcon_core.shell:Creating package script '/home/mike54pfeiffer/Desktop/School/ROB599/ROB599_ws/install/rob599_basic/share/rob599_basic/package.bash'
[2.620s] INFO:colcon.colcon_core.shell:Creating package script '/home/mike54pfeiffer/Desktop/School/ROB599/ROB599_ws/install/rob599_basic/share/rob599_basic/package.zsh'
[2.621s] Level 1:colcon.colcon_core.environment:create_file_with_runtime_dependencies(/home/mike54pfeiffer/Desktop/School/ROB599/ROB599_ws/install/rob599_basic/share/colcon-core/packages/rob599_basic)
[2.641s] Level 1:colcon.colcon_core.environment:checking '/home/mike54pfeiffer/Desktop/School/ROB599/ROB599_ws/install/hw2' for CMake module files
[2.641s] Level 1:colcon.colcon_core.environment:checking '/home/mike54pfeiffer/Desktop/School/ROB599/ROB599_ws/install/hw2' for CMake config files
[2.642s] DEBUG:colcon.colcon_core.event_handler.log_command:Invoked command in '/home/mike54pfeiffer/Desktop/School/ROB599/ROB599_ws/src/hw2' returned '0': DEBUGINFOD_URLS=https://debuginfod.ubuntu.com PYTHONPATH=/home/mike54pfeiffer/Desktop/School/ROB599/ROB599_ws/build/hw2/prefix_override:/usr/lib/python3/dist-packages/colcon_core/task/python/colcon_distutils_commands:/home/mike54pfeiffer/Desktop/School/ROB599/ROB599_ws/install/hw2/lib/python3.12/site-packages:${PYTHONPATH} /usr/bin/python3 -W ignore:setup.py install is deprecated -W ignore:easy_install command is deprecated setup.py egg_info --egg-base ../../build/hw2 build --build-base /home/mike54pfeiffer/Desktop/School/ROB599/ROB599_ws/build/hw2/build install --record /home/mike54pfeiffer/Desktop/School/ROB599/ROB599_ws/build/hw2/install.log --single-version-externally-managed install_data
[2.643s] Level 1:colcon.colcon_core.environment:checking '/home/mike54pfeiffer/Desktop/School/ROB599/ROB599_ws/install/hw2/lib'
[2.643s] Level 1:colcon.colcon_core.environment:checking '/home/mike54pfeiffer/Desktop/School/ROB599/ROB599_ws/install/hw2/bin'
[2.643s] Level 1:colcon.colcon_core.environment:checking '/home/mike54pfeiffer/Desktop/School/ROB599/ROB599_ws/install/hw2/lib/pkgconfig/hw2.pc'
[2.643s] Level 1:colcon.colcon_core.environment:checking '/home/mike54pfeiffer/Desktop/School/ROB599/ROB599_ws/install/hw2/lib/python3.12/site-packages'
[2.643s] Level 1:colcon.colcon_core.shell:create_environment_hook('hw2', 'pythonpath')
[2.644s] INFO:colcon.colcon_core.shell:Creating environment hook '/home/mike54pfeiffer/Desktop/School/ROB599/ROB599_ws/install/hw2/share/hw2/hook/pythonpath.ps1'
[2.644s] INFO:colcon.colcon_core.shell:Creating environment descriptor '/home/mike54pfeiffer/Desktop/School/ROB599/ROB599_ws/install/hw2/share/hw2/hook/pythonpath.dsv'
[2.645s] INFO:colcon.colcon_core.shell:Creating environment hook '/home/mike54pfeiffer/Desktop/School/ROB599/ROB599_ws/install/hw2/share/hw2/hook/pythonpath.sh'
[2.645s] Level 1:colcon.colcon_core.environment:checking '/home/mike54pfeiffer/Desktop/School/ROB599/ROB599_ws/install/hw2/bin'
[2.646s] Level 1:colcon.colcon_core.environment:create_environment_scripts_only(hw2)
[2.646s] INFO:colcon.colcon_core.shell:Creating package script '/home/mike54pfeiffer/Desktop/School/ROB599/ROB599_ws/install/hw2/share/hw2/package.ps1'
[2.646s] INFO:colcon.colcon_core.shell:Creating package descriptor '/home/mike54pfeiffer/Desktop/School/ROB599/ROB599_ws/install/hw2/share/hw2/package.dsv'
[2.647s] INFO:colcon.colcon_core.shell:Creating package script '/home/mike54pfeiffer/Desktop/School/ROB599/ROB599_ws/install/hw2/share/hw2/package.sh'
[2.647s] INFO:colcon.colcon_core.shell:Creating package script '/home/mike54pfeiffer/Desktop/School/ROB599/ROB599_ws/install/hw2/share/hw2/package.bash'
[2.648s] INFO:colcon.colcon_core.shell:Creating package script '/home/mike54pfeiffer/Desktop/School/ROB599/ROB599_ws/install/hw2/share/hw2/package.zsh'
[2.648s] Level 1:colcon.colcon_core.environment:create_file_with_runtime_dependencies(/home/mike54pfeiffer/Desktop/School/ROB599/ROB599_ws/install/hw2/share/colcon-core/packages/hw2)
[3.399s] Level 1:colcon.colcon_core.environment:checking '/home/mike54pfeiffer/Desktop/School/ROB599/ROB599_ws/install/hw4' for CMake module files
[3.400s] DEBUG:colcon.colcon_core.event_handler.log_command:Invoked command in '/home/mike54pfeiffer/Desktop/School/ROB599/ROB599_ws/src/hw4' returned '0': CMAKE_PREFIX_PATH=/home/mike54pfeiffer/Desktop/School/ROB599/ROB599_ws/install/hw4_interfaces:/home/mike54pfeiffer/Desktop/School/ROB599/ROB599_ws/install/rob599_msgs:/home/mike54pfeiffer/Desktop/School/ROB599/ROB599_ws/install/hw3_interfaces:/opt/ros/jazzy/opt/sdformat_vendor:/opt/ros/jazzy/opt/gz_math_vendor:/opt/ros/jazzy/opt/gz_utils_vendor:/opt/ros/jazzy/opt/gz_tools_vendor:/opt/ros/jazzy/opt/gz_cmake_vendor DEBUGINFOD_URLS=https://debuginfod.ubuntu.com LD_LIBRARY_PATH=/home/mike54pfeiffer/Desktop/School/ROB599/ROB599_ws/install/hw4_interfaces/lib:/home/mike54pfeiffer/Desktop/School/ROB599/ROB599_ws/install/rob599_msgs/lib:/home/mike54pfeiffer/Desktop/School/ROB599/ROB599_ws/install/hw3_interfaces/lib:/opt/ros/jazzy/opt/sdformat_vendor/lib:/opt/ros/jazzy/opt/rviz_ogre_vendor/lib:/opt/ros/jazzy/lib/x86_64-linux-gnu:/opt/ros/jazzy/opt/gz_math_vendor/lib:/opt/ros/jazzy/opt/gz_utils_vendor/lib:/opt/ros/jazzy/opt/gz_tools_vendor/lib:/opt/ros/jazzy/opt/gz_cmake_vendor/lib:/opt/ros/jazzy/lib PYTHONPATH=/home/mike54pfeiffer/Desktop/School/ROB599/ROB599_ws/build/hw4/prefix_override:/usr/lib/python3/dist-packages/colcon_core/task/python/colcon_distutils_commands:/home/mike54pfeiffer/Desktop/School/ROB599/ROB599_ws/install/hw4/lib/python3.12/site-packages:/home/mike54pfeiffer/Desktop/School/ROB599/ROB599_ws/install/hw4_interfaces/lib/python3.12/site-packages:/home/mike54pfeiffer/Desktop/School/ROB599/ROB599_ws/install/rob599_msgs/lib/python3.12/site-packages:/home/mike54pfeiffer/Desktop/School/ROB599/ROB599_ws/install/rob599_basic/lib/python3.12/site-packages:/home/mike54pfeiffer/Desktop/School/ROB599/ROB599_ws/install/hw4/lib/python3.12/site-packages:/home/mike54pfeiffer/Desktop/School/ROB599/ROB599_ws/install/hw3/lib/python3.12/site-packages:/home/mike54pfeiffer/Desktop/School/ROB599/ROB599_ws/install/hw3_interfaces/lib/python3.12/site-packages:/home/mike54pfeiffer/Desktop/School/ROB599/ROB599_ws/install/hw2/lib/python3.12/site-packages:/opt/ros/jazzy/lib/python3.12/site-packages /usr/bin/python3 -W ignore:setup.py install is deprecated -W ignore:easy_install command is deprecated setup.py egg_info --egg-base ../../build/hw4 build --build-base /home/mike54pfeiffer/Desktop/School/ROB599/ROB599_ws/build/hw4/build install --record /home/mike54pfeiffer/Desktop/School/ROB599/ROB599_ws/build/hw4/install.log --single-version-externally-managed install_data
[3.401s] Level 1:colcon.colcon_core.environment:checking '/home/mike54pfeiffer/Desktop/School/ROB599/ROB599_ws/install/hw4' for CMake config files
[3.401s] Level 1:colcon.colcon_core.environment:checking '/home/mike54pfeiffer/Desktop/School/ROB599/ROB599_ws/install/hw4/lib'
[3.402s] Level 1:colcon.colcon_core.environment:checking '/home/mike54pfeiffer/Desktop/School/ROB599/ROB599_ws/install/hw4/bin'
[3.402s] Level 1:colcon.colcon_core.environment:checking '/home/mike54pfeiffer/Desktop/School/ROB599/ROB599_ws/install/hw4/lib/pkgconfig/hw4.pc'
[3.402s] Level 1:colcon.colcon_core.environment:checking '/home/mike54pfeiffer/Desktop/School/ROB599/ROB599_ws/install/hw4/lib/python3.12/site-packages'
[3.402s] Level 1:colcon.colcon_core.shell:create_environment_hook('hw4', 'pythonpath')
[3.402s] INFO:colcon.colcon_core.shell:Creating environment hook '/home/mike54pfeiffer/Desktop/School/ROB599/ROB599_ws/install/hw4/share/hw4/hook/pythonpath.ps1'
[3.403s] INFO:colcon.colcon_core.shell:Creating environment descriptor '/home/mike54pfeiffer/Desktop/School/ROB599/ROB599_ws/install/hw4/share/hw4/hook/pythonpath.dsv'
[3.403s] INFO:colcon.colcon_core.shell:Creating environment hook '/home/mike54pfeiffer/Desktop/School/ROB599/ROB599_ws/install/hw4/share/hw4/hook/pythonpath.sh'
[3.404s] Level 1:colcon.colcon_core.environment:checking '/home/mike54pfeiffer/Desktop/School/ROB599/ROB599_ws/install/hw4/bin'
[3.404s] Level 1:colcon.colcon_core.environment:create_environment_scripts_only(hw4)
[3.404s] INFO:colcon.colcon_core.shell:Creating package script '/home/mike54pfeiffer/Desktop/School/ROB599/ROB599_ws/install/hw4/share/hw4/package.ps1'
[3.405s] INFO:colcon.colcon_core.shell:Creating package descriptor '/home/mike54pfeiffer/Desktop/School/ROB599/ROB599_ws/install/hw4/share/hw4/package.dsv'
[3.405s] INFO:colcon.colcon_core.shell:Creating package script '/home/mike54pfeiffer/Desktop/School/ROB599/ROB599_ws/install/hw4/share/hw4/package.sh'
[3.406s] INFO:colcon.colcon_core.shell:Creating package script '/home/mike54pfeiffer/Desktop/School/ROB599/ROB599_ws/install/hw4/share/hw4/package.bash'
[3.406s] INFO:colcon.colcon_core.shell:Creating package script '/home/mike54pfeiffer/Desktop/School/ROB599/ROB599_ws/install/hw4/share/hw4/package.zsh'
[3.407s] Level 1:colcon.colcon_core.environment:create_file_with_runtime_dependencies(/home/mike54pfeiffer/Desktop/School/ROB599/ROB599_ws/install/hw4/share/colcon-core/packages/hw4)
[3.408s] Level 1:colcon.colcon_core.environment:checking '/home/mike54pfeiffer/Desktop/School/ROB599/ROB599_ws/install/hw3' for CMake module files
[3.409s] Level 1:colcon.colcon_core.environment:checking '/home/mike54pfeiffer/Desktop/School/ROB599/ROB599_ws/install/hw3' for CMake config files
[3.409s] DEBUG:colcon.colcon_core.event_handler.log_command:Invoked command in '/home/mike54pfeiffer/Desktop/School/ROB599/ROB599_ws/src/hw3' returned '0': CMAKE_PREFIX_PATH=/home/mike54pfeiffer/Desktop/School/ROB599/ROB599_ws/install/hw3_interfaces:/home/mike54pfeiffer/Desktop/School/ROB599/ROB599_ws/install/rob599_msgs:/home/mike54pfeiffer/Desktop/School/ROB599/ROB599_ws/install/hw4_interfaces:/opt/ros/jazzy/opt/sdformat_vendor:/opt/ros/jazzy/opt/gz_math_vendor:/opt/ros/jazzy/opt/gz_utils_vendor:/opt/ros/jazzy/opt/gz_tools_vendor:/opt/ros/jazzy/opt/gz_cmake_vendor DEBUGINFOD_URLS=https://debuginfod.ubuntu.com LD_LIBRARY_PATH=/home/mike54pfeiffer/Desktop/School/ROB599/ROB599_ws/install/hw3_interfaces/lib:/home/mike54pfeiffer/Desktop/School/ROB599/ROB599_ws/install/rob599_msgs/lib:/home/mike54pfeiffer/Desktop/School/ROB599/ROB599_ws/install/hw4_interfaces/lib:/opt/ros/jazzy/opt/sdformat_vendor/lib:/opt/ros/jazzy/opt/rviz_ogre_vendor/lib:/opt/ros/jazzy/lib/x86_64-linux-gnu:/opt/ros/jazzy/opt/gz_math_vendor/lib:/opt/ros/jazzy/opt/gz_utils_vendor/lib:/opt/ros/jazzy/opt/gz_tools_vendor/lib:/opt/ros/jazzy/opt/gz_cmake_vendor/lib:/opt/ros/jazzy/lib PYTHONPATH=/home/mike54pfeiffer/Desktop/School/ROB599/ROB599_ws/build/hw3/prefix_override:/usr/lib/python3/dist-packages/colcon_core/task/python/colcon_distutils_commands:/home/mike54pfeiffer/Desktop/School/ROB599/ROB599_ws/install/hw3/lib/python3.12/site-packages:/home/mike54pfeiffer/Desktop/School/ROB599/ROB599_ws/install/hw3_interfaces/lib/python3.12/site-packages:/home/mike54pfeiffer/Desktop/School/ROB599/ROB599_ws/install/rob599_msgs/lib/python3.12/site-packages:/home/mike54pfeiffer/Desktop/School/ROB599/ROB599_ws/install/rob599_basic/lib/python3.12/site-packages:/home/mike54pfeiffer/Desktop/School/ROB599/ROB599_ws/install/hw4/lib/python3.12/site-packages:/home/mike54pfeiffer/Desktop/School/ROB599/ROB599_ws/install/hw4_interfaces/lib/python3.12/site-packages:/home/mike54pfeiffer/Desktop/School/ROB599/ROB599_ws/install/hw3/lib/python3.12/site-packages:/home/mike54pfeiffer/Desktop/School/ROB599/ROB599_ws/install/hw2/lib/python3.12/site-packages:/opt/ros/jazzy/lib/python3.12/site-packages /usr/bin/python3 -W ignore:setup.py install is deprecated -W ignore:easy_install command is deprecated setup.py egg_info --egg-base ../../build/hw3 build --build-base /home/mike54pfeiffer/Desktop/School/ROB599/ROB599_ws/build/hw3/build install --record /home/mike54pfeiffer/Desktop/School/ROB599/ROB599_ws/build/hw3/install.log --single-version-externally-managed install_data
[3.410s] Level 1:colcon.colcon_core.environment:checking '/home/mike54pfeiffer/Desktop/School/ROB599/ROB599_ws/install/hw3/lib'
[3.410s] Level 1:colcon.colcon_core.environment:checking '/home/mike54pfeiffer/Desktop/School/ROB599/ROB599_ws/install/hw3/bin'
[3.410s] Level 1:colcon.colcon_core.environment:checking '/home/mike54pfeiffer/Desktop/School/ROB599/ROB599_ws/install/hw3/lib/pkgconfig/hw3.pc'
[3.410s] Level 1:colcon.colcon_core.environment:checking '/home/mike54pfeiffer/Desktop/School/ROB599/ROB599_ws/install/hw3/lib/python3.12/site-packages'
[3.410s] Level 1:colcon.colcon_core.shell:create_environment_hook('hw3', 'pythonpath')
[3.411s] INFO:colcon.colcon_core.shell:Creating environment hook '/home/mike54pfeiffer/Desktop/School/ROB599/ROB599_ws/install/hw3/share/hw3/hook/pythonpath.ps1'
[3.411s] INFO:colcon.colcon_core.shell:Creating environment descriptor '/home/mike54pfeiffer/Desktop/School/ROB599/ROB599_ws/install/hw3/share/hw3/hook/pythonpath.dsv'
[3.411s] INFO:colcon.colcon_core.shell:Creating environment hook '/home/mike54pfeiffer/Desktop/School/ROB599/ROB599_ws/install/hw3/share/hw3/hook/pythonpath.sh'
[3.412s] Level 1:colcon.colcon_core.environment:checking '/home/mike54pfeiffer/Desktop/School/ROB599/ROB599_ws/install/hw3/bin'
[3.412s] Level 1:colcon.colcon_core.environment:create_environment_scripts_only(hw3)
[3.412s] INFO:colcon.colcon_core.shell:Creating package script '/home/mike54pfeiffer/Desktop/School/ROB599/ROB599_ws/install/hw3/share/hw3/package.ps1'
[3.413s] INFO:colcon.colcon_core.shell:Creating package descriptor '/home/mike54pfeiffer/Desktop/School/ROB599/ROB599_ws/install/hw3/share/hw3/package.dsv'
[3.413s] INFO:colcon.colcon_core.shell:Creating package script '/home/mike54pfeiffer/Desktop/School/ROB599/ROB599_ws/install/hw3/share/hw3/package.sh'
[3.414s] INFO:colcon.colcon_core.shell:Creating package script '/home/mike54pfeiffer/Desktop/School/ROB599/ROB599_ws/install/hw3/share/hw3/package.bash'
[3.414s] INFO:colcon.colcon_core.shell:Creating package script '/home/mike54pfeiffer/Desktop/School/ROB599/ROB599_ws/install/hw3/share/hw3/package.zsh'
[3.414s] Level 1:colcon.colcon_core.environment:create_file_with_runtime_dependencies(/home/mike54pfeiffer/Desktop/School/ROB599/ROB599_ws/install/hw3/share/colcon-core/packages/hw3)
[3.415s] DEBUG:colcon.colcon_parallel_executor.executor.parallel:closing loop
[3.415s] DEBUG:colcon.colcon_parallel_executor.executor.parallel:loop closed
[3.415s] DEBUG:colcon.colcon_parallel_executor.executor.parallel:run_until_complete finished with '0'
[3.416s] DEBUG:colcon.colcon_core.event_reactor:joining thread
[3.423s] INFO:colcon.colcon_core.plugin_system:Skipping extension 'colcon_notification.desktop_notification.terminal_notifier': Not used on non-Darwin systems
[3.423s] INFO:colcon.colcon_core.plugin_system:Skipping extension 'colcon_notification.desktop_notification.win32': Not used on non-Windows systems
[3.423s] INFO:colcon.colcon_notification.desktop_notification:Sending desktop notification using 'notify2'
[3.441s] DEBUG:colcon.colcon_core.event_reactor:joined thread
[3.441s] INFO:colcon.colcon_core.shell:Creating prefix script '/home/mike54pfeiffer/Desktop/School/ROB599/ROB599_ws/install/local_setup.ps1'
[3.442s] INFO:colcon.colcon_core.shell:Creating prefix util module '/home/mike54pfeiffer/Desktop/School/ROB599/ROB599_ws/install/_local_setup_util_ps1.py'
[3.444s] INFO:colcon.colcon_core.shell:Creating prefix chain script '/home/mike54pfeiffer/Desktop/School/ROB599/ROB599_ws/install/setup.ps1'
[3.446s] INFO:colcon.colcon_core.shell:Creating prefix script '/home/mike54pfeiffer/Desktop/School/ROB599/ROB599_ws/install/local_setup.sh'
[3.447s] INFO:colcon.colcon_core.shell:Creating prefix util module '/home/mike54pfeiffer/Desktop/School/ROB599/ROB599_ws/install/_local_setup_util_sh.py'
[3.447s] INFO:colcon.colcon_core.shell:Creating prefix chain script '/home/mike54pfeiffer/Desktop/School/ROB599/ROB599_ws/install/setup.sh'
[3.449s] INFO:colcon.colcon_core.shell:Creating prefix script '/home/mike54pfeiffer/Desktop/School/ROB599/ROB599_ws/install/local_setup.bash'
[3.450s] INFO:colcon.colcon_core.shell:Creating prefix chain script '/home/mike54pfeiffer/Desktop/School/ROB599/ROB599_ws/install/setup.bash'
[3.451s] INFO:colcon.colcon_core.shell:Creating prefix script '/home/mike54pfeiffer/Desktop/School/ROB599/ROB599_ws/install/local_setup.zsh'
[3.452s] INFO:colcon.colcon_core.shell:Creating prefix chain script '/home/mike54pfeiffer/Desktop/School/ROB599/ROB599_ws/install/setup.zsh'
