[0.743s] Invoking command in '/home/mike54pfeiffer/Desktop/School/ROB599/ROB599_ws/build/rob599_msgs': CMAKE_PREFIX_PATH=${CMAKE_PREFIX_PATH}:/opt/ros/jazzy DEBUGINFOD_URLS=https://debuginfod.ubuntu.com /usr/bin/cmake --build /home/mike54pfeiffer/Desktop/School/ROB599/ROB599_ws/build/rob599_msgs -- -j12 -l12
[0.828s] [  1%] Built target rob599_msgs__rosidl_generator_type_description
[0.839s] [  1%] Built target ament_cmake_python_copy_rob599_msgs
[0.855s] [  3%] Built target rob599_msgs__cpp
[0.863s] [ 25%] Built target rob599_msgs__rosidl_generator_c
[0.905s] [ 34%] Built target rob599_msgs__rosidl_typesupport_cpp
[0.905s] [ 43%] Built target rob599_msgs__rosidl_typesupport_introspection_c
[0.906s] [ 53%] Built target rob599_msgs__rosidl_typesupport_c
[0.907s] [ 62%] Built target rob599_msgs__rosidl_typesupport_fastrtps_cpp
[0.908s] [ 81%] Built target rob599_msgs__rosidl_typesupport_fastrtps_c
[0.908s] [ 81%] Built target rob599_msgs__rosidl_typesupport_introspection_cpp
[0.949s] [ 81%] Built target rob599_msgs
[0.979s] [ 82%] Built target rob599_msgs__py
[1.014s] [ 90%] Built target rob599_msgs__rosidl_generator_py
[1.044s] [ 95%] Built target rob599_msgs_s__rosidl_typesupport_fastrtps_c
[1.044s] [ 96%] Built target rob599_msgs_s__rosidl_typesupport_introspection_c
[1.047s] [100%] Built target rob599_msgs_s__rosidl_typesupport_c
[1.129s] running egg_info
[1.154s] writing rob599_msgs.egg-info/PKG-INFO
[1.154s] writing dependency_links to rob599_msgs.egg-info/dependency_links.txt
[1.154s] writing top-level names to rob599_msgs.egg-info/top_level.txt
[1.236s] reading manifest file 'rob599_msgs.egg-info/SOURCES.txt'
[1.237s] writing manifest file 'rob599_msgs.egg-info/SOURCES.txt'
[1.270s] [100%] Built target ament_cmake_python_build_rob599_msgs_egg
[1.285s] Invoked command in '/home/mike54pfeiffer/Desktop/School/ROB599/ROB599_ws/build/rob599_msgs' returned '0': CMAKE_PREFIX_PATH=${CMAKE_PREFIX_PATH}:/opt/ros/jazzy DEBUGINFOD_URLS=https://debuginfod.ubuntu.com /usr/bin/cmake --build /home/mike54pfeiffer/Desktop/School/ROB599/ROB599_ws/build/rob599_msgs -- -j12 -l12
[1.287s] Invoking command in '/home/mike54pfeiffer/Desktop/School/ROB599/ROB599_ws/build/rob599_msgs': CMAKE_PREFIX_PATH=${CMAKE_PREFIX_PATH}:/opt/ros/jazzy DEBUGINFOD_URLS=https://debuginfod.ubuntu.com /usr/bin/cmake --install /home/mike54pfeiffer/Desktop/School/ROB599/ROB599_ws/build/rob599_msgs
[1.298s] -- Install configuration: ""
[1.298s] -- Up-to-date: /home/mike54pfeiffer/Desktop/School/ROB599/ROB599_ws/install/rob599_msgs/share/ament_index/resource_index/rosidl_interfaces/rob599_msgs
[1.298s] -- Up-to-date: /home/mike54pfeiffer/Desktop/School/ROB599/ROB599_ws/install/rob599_msgs/share/rob599_msgs/msg/Object.json
[1.299s] -- Up-to-date: /home/mike54pfeiffer/Desktop/School/ROB599/ROB599_ws/install/rob599_msgs/share/rob599_msgs/srv/Doubler.json
[1.299s] -- Up-to-date: /home/mike54pfeiffer/Desktop/School/ROB599/ROB599_ws/install/rob599_msgs/share/rob599_msgs/srv/FibService.json
[1.299s] -- Up-to-date: /home/mike54pfeiffer/Desktop/School/ROB599/ROB599_ws/install/rob599_msgs/share/rob599_msgs/action/Fibonacci.json
[1.299s] -- Up-to-date: /home/mike54pfeiffer/Desktop/School/ROB599/ROB599_ws/install/rob599_msgs/include/rob599_msgs/rob599_msgs
[1.299s] -- Up-to-date: /home/mike54pfeiffer/Desktop/School/ROB599/ROB599_ws/install/rob599_msgs/include/rob599_msgs/rob599_msgs/action
[1.299s] -- Up-to-date: /home/mike54pfeiffer/Desktop/School/ROB599/ROB599_ws/install/rob599_msgs/include/rob599_msgs/rob599_msgs/action/fibonacci.h
[1.299s] -- Up-to-date: /home/mike54pfeiffer/Desktop/School/ROB599/ROB599_ws/install/rob599_msgs/include/rob599_msgs/rob599_msgs/action/detail
[1.300s] -- Up-to-date: /home/mike54pfeiffer/Desktop/School/ROB599/ROB599_ws/install/rob599_msgs/include/rob599_msgs/rob599_msgs/action/detail/fibonacci__type_support.h
[1.300s] -- Up-to-date: /home/mike54pfeiffer/Desktop/School/ROB599/ROB599_ws/install/rob599_msgs/include/rob599_msgs/rob599_msgs/action/detail/fibonacci__type_support.c
[1.300s] -- Up-to-date: /home/mike54pfeiffer/Desktop/School/ROB599/ROB599_ws/install/rob599_msgs/include/rob599_msgs/rob599_msgs/action/detail/fibonacci__functions.c
[1.300s] -- Up-to-date: /home/mike54pfeiffer/Desktop/School/ROB599/ROB599_ws/install/rob599_msgs/include/rob599_msgs/rob599_msgs/action/detail/fibonacci__description.c
[1.300s] -- Up-to-date: /home/mike54pfeiffer/Desktop/School/ROB599/ROB599_ws/install/rob599_msgs/include/rob599_msgs/rob599_msgs/action/detail/fibonacci__struct.h
[1.301s] -- Up-to-date: /home/mike54pfeiffer/Desktop/School/ROB599/ROB599_ws/install/rob599_msgs/include/rob599_msgs/rob599_msgs/action/detail/fibonacci__functions.h
[1.301s] -- Up-to-date: /home/mike54pfeiffer/Desktop/School/ROB599/ROB599_ws/install/rob599_msgs/include/rob599_msgs/rob599_msgs/msg
[1.301s] -- Up-to-date: /home/mike54pfeiffer/Desktop/School/ROB599/ROB599_ws/install/rob599_msgs/include/rob599_msgs/rob599_msgs/msg/object.h
[1.301s] -- Up-to-date: /home/mike54pfeiffer/Desktop/School/ROB599/ROB599_ws/install/rob599_msgs/include/rob599_msgs/rob599_msgs/msg/detail
[1.301s] -- Up-to-date: /home/mike54pfeiffer/Desktop/School/ROB599/ROB599_ws/install/rob599_msgs/include/rob599_msgs/rob599_msgs/msg/detail/object__functions.h
[1.301s] -- Up-to-date: /home/mike54pfeiffer/Desktop/School/ROB599/ROB599_ws/install/rob599_msgs/include/rob599_msgs/rob599_msgs/msg/detail/object__type_support.h
[1.301s] -- Up-to-date: /home/mike54pfeiffer/Desktop/School/ROB599/ROB599_ws/install/rob599_msgs/include/rob599_msgs/rob599_msgs/msg/detail/object__description.c
[1.301s] -- Up-to-date: /home/mike54pfeiffer/Desktop/School/ROB599/ROB599_ws/install/rob599_msgs/include/rob599_msgs/rob599_msgs/msg/detail/object__struct.h
[1.301s] -- Up-to-date: /home/mike54pfeiffer/Desktop/School/ROB599/ROB599_ws/install/rob599_msgs/include/rob599_msgs/rob599_msgs/msg/detail/object__type_support.c
[1.302s] -- Up-to-date: /home/mike54pfeiffer/Desktop/School/ROB599/ROB599_ws/install/rob599_msgs/include/rob599_msgs/rob599_msgs/msg/detail/object__functions.c
[1.302s] -- Up-to-date: /home/mike54pfeiffer/Desktop/School/ROB599/ROB599_ws/install/rob599_msgs/include/rob599_msgs/rob599_msgs/msg/rosidl_generator_c__visibility_control.h
[1.302s] -- Up-to-date: /home/mike54pfeiffer/Desktop/School/ROB599/ROB599_ws/install/rob599_msgs/include/rob599_msgs/rob599_msgs/srv
[1.302s] -- Up-to-date: /home/mike54pfeiffer/Desktop/School/ROB599/ROB599_ws/install/rob599_msgs/include/rob599_msgs/rob599_msgs/srv/fib_service.h
[1.302s] -- Up-to-date: /home/mike54pfeiffer/Desktop/School/ROB599/ROB599_ws/install/rob599_msgs/include/rob599_msgs/rob599_msgs/srv/doubler.h
[1.302s] -- Up-to-date: /home/mike54pfeiffer/Desktop/School/ROB599/ROB599_ws/install/rob599_msgs/include/rob599_msgs/rob599_msgs/srv/detail
[1.302s] -- Up-to-date: /home/mike54pfeiffer/Desktop/School/ROB599/ROB599_ws/install/rob599_msgs/include/rob599_msgs/rob599_msgs/srv/detail/fib_service__description.c
[1.302s] -- Up-to-date: /home/mike54pfeiffer/Desktop/School/ROB599/ROB599_ws/install/rob599_msgs/include/rob599_msgs/rob599_msgs/srv/detail/doubler__functions.c
[1.302s] -- Up-to-date: /home/mike54pfeiffer/Desktop/School/ROB599/ROB599_ws/install/rob599_msgs/include/rob599_msgs/rob599_msgs/srv/detail/doubler__type_support.c
[1.302s] -- Up-to-date: /home/mike54pfeiffer/Desktop/School/ROB599/ROB599_ws/install/rob599_msgs/include/rob599_msgs/rob599_msgs/srv/detail/fib_service__struct.h
[1.303s] -- Up-to-date: /home/mike54pfeiffer/Desktop/School/ROB599/ROB599_ws/install/rob599_msgs/include/rob599_msgs/rob599_msgs/srv/detail/fib_service__functions.h
[1.303s] -- Up-to-date: /home/mike54pfeiffer/Desktop/School/ROB599/ROB599_ws/install/rob599_msgs/include/rob599_msgs/rob599_msgs/srv/detail/fib_service__type_support.c
[1.303s] -- Up-to-date: /home/mike54pfeiffer/Desktop/School/ROB599/ROB599_ws/install/rob599_msgs/include/rob599_msgs/rob599_msgs/srv/detail/doubler__type_support.h
[1.303s] -- Up-to-date: /home/mike54pfeiffer/Desktop/School/ROB599/ROB599_ws/install/rob599_msgs/include/rob599_msgs/rob599_msgs/srv/detail/doubler__description.c
[1.303s] -- Up-to-date: /home/mike54pfeiffer/Desktop/School/ROB599/ROB599_ws/install/rob599_msgs/include/rob599_msgs/rob599_msgs/srv/detail/fib_service__type_support.h
[1.303s] -- Up-to-date: /home/mike54pfeiffer/Desktop/School/ROB599/ROB599_ws/install/rob599_msgs/include/rob599_msgs/rob599_msgs/srv/detail/doubler__struct.h
[1.303s] -- Up-to-date: /home/mike54pfeiffer/Desktop/School/ROB599/ROB599_ws/install/rob599_msgs/include/rob599_msgs/rob599_msgs/srv/detail/fib_service__functions.c
[1.303s] -- Up-to-date: /home/mike54pfeiffer/Desktop/School/ROB599/ROB599_ws/install/rob599_msgs/include/rob599_msgs/rob599_msgs/srv/detail/doubler__functions.h
[1.303s] -- Up-to-date: /home/mike54pfeiffer/Desktop/School/ROB599/ROB599_ws/install/rob599_msgs/share/rob599_msgs/environment/library_path.sh
[1.304s] -- Up-to-date: /home/mike54pfeiffer/Desktop/School/ROB599/ROB599_ws/install/rob599_msgs/share/rob599_msgs/environment/library_path.dsv
[1.304s] -- Up-to-date: /home/mike54pfeiffer/Desktop/School/ROB599/ROB599_ws/install/rob599_msgs/lib/librob599_msgs__rosidl_generator_c.so
[1.304s] -- Up-to-date: /home/mike54pfeiffer/Desktop/School/ROB599/ROB599_ws/install/rob599_msgs/include/rob599_msgs/rob599_msgs
[1.304s] -- Up-to-date: /home/mike54pfeiffer/Desktop/School/ROB599/ROB599_ws/install/rob599_msgs/include/rob599_msgs/rob599_msgs/action
[1.304s] -- Up-to-date: /home/mike54pfeiffer/Desktop/School/ROB599/ROB599_ws/install/rob599_msgs/include/rob599_msgs/rob599_msgs/action/detail
[1.304s] -- Up-to-date: /home/mike54pfeiffer/Desktop/School/ROB599/ROB599_ws/install/rob599_msgs/include/rob599_msgs/rob599_msgs/action/detail/fibonacci__rosidl_typesupport_fastrtps_c.h
[1.304s] -- Up-to-date: /home/mike54pfeiffer/Desktop/School/ROB599/ROB599_ws/install/rob599_msgs/include/rob599_msgs/rob599_msgs/msg
[1.304s] -- Up-to-date: /home/mike54pfeiffer/Desktop/School/ROB599/ROB599_ws/install/rob599_msgs/include/rob599_msgs/rob599_msgs/msg/rosidl_typesupport_fastrtps_c__visibility_control.h
[1.304s] -- Up-to-date: /home/mike54pfeiffer/Desktop/School/ROB599/ROB599_ws/install/rob599_msgs/include/rob599_msgs/rob599_msgs/msg/detail
[1.304s] -- Up-to-date: /home/mike54pfeiffer/Desktop/School/ROB599/ROB599_ws/install/rob599_msgs/include/rob599_msgs/rob599_msgs/msg/detail/object__rosidl_typesupport_fastrtps_c.h
[1.304s] -- Up-to-date: /home/mike54pfeiffer/Desktop/School/ROB599/ROB599_ws/install/rob599_msgs/include/rob599_msgs/rob599_msgs/srv
[1.304s] -- Up-to-date: /home/mike54pfeiffer/Desktop/School/ROB599/ROB599_ws/install/rob599_msgs/include/rob599_msgs/rob599_msgs/srv/detail
[1.305s] -- Up-to-date: /home/mike54pfeiffer/Desktop/School/ROB599/ROB599_ws/install/rob599_msgs/include/rob599_msgs/rob599_msgs/srv/detail/fib_service__rosidl_typesupport_fastrtps_c.h
[1.305s] -- Up-to-date: /home/mike54pfeiffer/Desktop/School/ROB599/ROB599_ws/install/rob599_msgs/include/rob599_msgs/rob599_msgs/srv/detail/doubler__rosidl_typesupport_fastrtps_c.h
[1.305s] -- Up-to-date: /home/mike54pfeiffer/Desktop/School/ROB599/ROB599_ws/install/rob599_msgs/lib/librob599_msgs__rosidl_typesupport_fastrtps_c.so
[1.305s] -- Up-to-date: /home/mike54pfeiffer/Desktop/School/ROB599/ROB599_ws/install/rob599_msgs/include/rob599_msgs/rob599_msgs
[1.305s] -- Up-to-date: /home/mike54pfeiffer/Desktop/School/ROB599/ROB599_ws/install/rob599_msgs/include/rob599_msgs/rob599_msgs/action
[1.305s] -- Up-to-date: /home/mike54pfeiffer/Desktop/School/ROB599/ROB599_ws/install/rob599_msgs/include/rob599_msgs/rob599_msgs/action/detail
[1.305s] -- Up-to-date: /home/mike54pfeiffer/Desktop/School/ROB599/ROB599_ws/install/rob599_msgs/include/rob599_msgs/rob599_msgs/action/detail/fibonacci__rosidl_typesupport_introspection_c.h
[1.305s] -- Up-to-date: /home/mike54pfeiffer/Desktop/School/ROB599/ROB599_ws/install/rob599_msgs/include/rob599_msgs/rob599_msgs/action/detail/fibonacci__type_support.c
[1.305s] -- Up-to-date: /home/mike54pfeiffer/Desktop/School/ROB599/ROB599_ws/install/rob599_msgs/include/rob599_msgs/rob599_msgs/msg
[1.305s] -- Up-to-date: /home/mike54pfeiffer/Desktop/School/ROB599/ROB599_ws/install/rob599_msgs/include/rob599_msgs/rob599_msgs/msg/rosidl_typesupport_introspection_c__visibility_control.h
[1.305s] -- Up-to-date: /home/mike54pfeiffer/Desktop/School/ROB599/ROB599_ws/install/rob599_msgs/include/rob599_msgs/rob599_msgs/msg/detail
[1.306s] -- Up-to-date: /home/mike54pfeiffer/Desktop/School/ROB599/ROB599_ws/install/rob599_msgs/include/rob599_msgs/rob599_msgs/msg/detail/object__type_support.c
[1.306s] -- Up-to-date: /home/mike54pfeiffer/Desktop/School/ROB599/ROB599_ws/install/rob599_msgs/include/rob599_msgs/rob599_msgs/msg/detail/object__rosidl_typesupport_introspection_c.h
[1.306s] -- Up-to-date: /home/mike54pfeiffer/Desktop/School/ROB599/ROB599_ws/install/rob599_msgs/include/rob599_msgs/rob599_msgs/srv
[1.306s] -- Up-to-date: /home/mike54pfeiffer/Desktop/School/ROB599/ROB599_ws/install/rob599_msgs/include/rob599_msgs/rob599_msgs/srv/detail
[1.306s] -- Up-to-date: /home/mike54pfeiffer/Desktop/School/ROB599/ROB599_ws/install/rob599_msgs/include/rob599_msgs/rob599_msgs/srv/detail/doubler__rosidl_typesupport_introspection_c.h
[1.306s] -- Up-to-date: /home/mike54pfeiffer/Desktop/School/ROB599/ROB599_ws/install/rob599_msgs/include/rob599_msgs/rob599_msgs/srv/detail/doubler__type_support.c
[1.306s] -- Up-to-date: /home/mike54pfeiffer/Desktop/School/ROB599/ROB599_ws/install/rob599_msgs/include/rob599_msgs/rob599_msgs/srv/detail/fib_service__type_support.c
[1.306s] -- Up-to-date: /home/mike54pfeiffer/Desktop/School/ROB599/ROB599_ws/install/rob599_msgs/include/rob599_msgs/rob599_msgs/srv/detail/fib_service__rosidl_typesupport_introspection_c.h
[1.307s] -- Up-to-date: /home/mike54pfeiffer/Desktop/School/ROB599/ROB599_ws/install/rob599_msgs/lib/librob599_msgs__rosidl_typesupport_introspection_c.so
[1.307s] -- Up-to-date: /home/mike54pfeiffer/Desktop/School/ROB599/ROB599_ws/install/rob599_msgs/lib/librob599_msgs__rosidl_typesupport_c.so
[1.307s] -- Up-to-date: /home/mike54pfeiffer/Desktop/School/ROB599/ROB599_ws/install/rob599_msgs/include/rob599_msgs/rob599_msgs
[1.307s] -- Up-to-date: /home/mike54pfeiffer/Desktop/School/ROB599/ROB599_ws/install/rob599_msgs/include/rob599_msgs/rob599_msgs/action
[1.307s] -- Up-to-date: /home/mike54pfeiffer/Desktop/School/ROB599/ROB599_ws/install/rob599_msgs/include/rob599_msgs/rob599_msgs/action/fibonacci.hpp
[1.307s] -- Up-to-date: /home/mike54pfeiffer/Desktop/School/ROB599/ROB599_ws/install/rob599_msgs/include/rob599_msgs/rob599_msgs/action/detail
[1.307s] -- Up-to-date: /home/mike54pfeiffer/Desktop/School/ROB599/ROB599_ws/install/rob599_msgs/include/rob599_msgs/rob599_msgs/action/detail/fibonacci__type_support.hpp
[1.307s] -- Up-to-date: /home/mike54pfeiffer/Desktop/School/ROB599/ROB599_ws/install/rob599_msgs/include/rob599_msgs/rob599_msgs/action/detail/fibonacci__builder.hpp
[1.308s] -- Up-to-date: /home/mike54pfeiffer/Desktop/School/ROB599/ROB599_ws/install/rob599_msgs/include/rob599_msgs/rob599_msgs/action/detail/fibonacci__traits.hpp
[1.308s] -- Up-to-date: /home/mike54pfeiffer/Desktop/School/ROB599/ROB599_ws/install/rob599_msgs/include/rob599_msgs/rob599_msgs/action/detail/fibonacci__struct.hpp
[1.308s] -- Up-to-date: /home/mike54pfeiffer/Desktop/School/ROB599/ROB599_ws/install/rob599_msgs/include/rob599_msgs/rob599_msgs/msg
[1.308s] -- Up-to-date: /home/mike54pfeiffer/Desktop/School/ROB599/ROB599_ws/install/rob599_msgs/include/rob599_msgs/rob599_msgs/msg/object.hpp
[1.308s] -- Up-to-date: /home/mike54pfeiffer/Desktop/School/ROB599/ROB599_ws/install/rob599_msgs/include/rob599_msgs/rob599_msgs/msg/detail
[1.308s] -- Up-to-date: /home/mike54pfeiffer/Desktop/School/ROB599/ROB599_ws/install/rob599_msgs/include/rob599_msgs/rob599_msgs/msg/detail/object__traits.hpp
[1.308s] -- Up-to-date: /home/mike54pfeiffer/Desktop/School/ROB599/ROB599_ws/install/rob599_msgs/include/rob599_msgs/rob599_msgs/msg/detail/object__builder.hpp
[1.308s] -- Up-to-date: /home/mike54pfeiffer/Desktop/School/ROB599/ROB599_ws/install/rob599_msgs/include/rob599_msgs/rob599_msgs/msg/detail/object__type_support.hpp
[1.308s] -- Up-to-date: /home/mike54pfeiffer/Desktop/School/ROB599/ROB599_ws/install/rob599_msgs/include/rob599_msgs/rob599_msgs/msg/detail/object__struct.hpp
[1.309s] -- Up-to-date: /home/mike54pfeiffer/Desktop/School/ROB599/ROB599_ws/install/rob599_msgs/include/rob599_msgs/rob599_msgs/msg/rosidl_generator_cpp__visibility_control.hpp
[1.309s] -- Up-to-date: /home/mike54pfeiffer/Desktop/School/ROB599/ROB599_ws/install/rob599_msgs/include/rob599_msgs/rob599_msgs/srv
[1.309s] -- Up-to-date: /home/mike54pfeiffer/Desktop/School/ROB599/ROB599_ws/install/rob599_msgs/include/rob599_msgs/rob599_msgs/srv/doubler.hpp
[1.309s] -- Up-to-date: /home/mike54pfeiffer/Desktop/School/ROB599/ROB599_ws/install/rob599_msgs/include/rob599_msgs/rob599_msgs/srv/detail
[1.309s] -- Up-to-date: /home/mike54pfeiffer/Desktop/School/ROB599/ROB599_ws/install/rob599_msgs/include/rob599_msgs/rob599_msgs/srv/detail/fib_service__traits.hpp
[1.309s] -- Up-to-date: /home/mike54pfeiffer/Desktop/School/ROB599/ROB599_ws/install/rob599_msgs/include/rob599_msgs/rob599_msgs/srv/detail/fib_service__type_support.hpp
[1.309s] -- Up-to-date: /home/mike54pfeiffer/Desktop/School/ROB599/ROB599_ws/install/rob599_msgs/include/rob599_msgs/rob599_msgs/srv/detail/fib_service__struct.hpp
[1.310s] -- Up-to-date: /home/mike54pfeiffer/Desktop/School/ROB599/ROB599_ws/install/rob599_msgs/include/rob599_msgs/rob599_msgs/srv/detail/doubler__struct.hpp
[1.310s] -- Up-to-date: /home/mike54pfeiffer/Desktop/School/ROB599/ROB599_ws/install/rob599_msgs/include/rob599_msgs/rob599_msgs/srv/detail/fib_service__builder.hpp
[1.310s] -- Up-to-date: /home/mike54pfeiffer/Desktop/School/ROB599/ROB599_ws/install/rob599_msgs/include/rob599_msgs/rob599_msgs/srv/detail/doubler__type_support.hpp
[1.310s] -- Up-to-date: /home/mike54pfeiffer/Desktop/School/ROB599/ROB599_ws/install/rob599_msgs/include/rob599_msgs/rob599_msgs/srv/detail/doubler__traits.hpp
[1.310s] -- Up-to-date: /home/mike54pfeiffer/Desktop/School/ROB599/ROB599_ws/install/rob599_msgs/include/rob599_msgs/rob599_msgs/srv/detail/doubler__builder.hpp
[1.310s] -- Up-to-date: /home/mike54pfeiffer/Desktop/School/ROB599/ROB599_ws/install/rob599_msgs/include/rob599_msgs/rob599_msgs/srv/fib_service.hpp
[1.310s] -- Up-to-date: /home/mike54pfeiffer/Desktop/School/ROB599/ROB599_ws/install/rob599_msgs/include/rob599_msgs/rob599_msgs
[1.310s] -- Up-to-date: /home/mike54pfeiffer/Desktop/School/ROB599/ROB599_ws/install/rob599_msgs/include/rob599_msgs/rob599_msgs/action
[1.310s] -- Up-to-date: /home/mike54pfeiffer/Desktop/School/ROB599/ROB599_ws/install/rob599_msgs/include/rob599_msgs/rob599_msgs/action/detail
[1.310s] -- Up-to-date: /home/mike54pfeiffer/Desktop/School/ROB599/ROB599_ws/install/rob599_msgs/include/rob599_msgs/rob599_msgs/action/detail/fibonacci__rosidl_typesupport_fastrtps_cpp.hpp
[1.311s] -- Up-to-date: /home/mike54pfeiffer/Desktop/School/ROB599/ROB599_ws/install/rob599_msgs/include/rob599_msgs/rob599_msgs/action/detail/dds_fastrtps
[1.311s] -- Up-to-date: /home/mike54pfeiffer/Desktop/School/ROB599/ROB599_ws/install/rob599_msgs/include/rob599_msgs/rob599_msgs/msg
[1.311s] -- Up-to-date: /home/mike54pfeiffer/Desktop/School/ROB599/ROB599_ws/install/rob599_msgs/include/rob599_msgs/rob599_msgs/msg/rosidl_typesupport_fastrtps_cpp__visibility_control.h
[1.311s] -- Up-to-date: /home/mike54pfeiffer/Desktop/School/ROB599/ROB599_ws/install/rob599_msgs/include/rob599_msgs/rob599_msgs/msg/detail
[1.311s] -- Up-to-date: /home/mike54pfeiffer/Desktop/School/ROB599/ROB599_ws/install/rob599_msgs/include/rob599_msgs/rob599_msgs/msg/detail/dds_fastrtps
[1.311s] -- Up-to-date: /home/mike54pfeiffer/Desktop/School/ROB599/ROB599_ws/install/rob599_msgs/include/rob599_msgs/rob599_msgs/msg/detail/object__rosidl_typesupport_fastrtps_cpp.hpp
[1.311s] -- Up-to-date: /home/mike54pfeiffer/Desktop/School/ROB599/ROB599_ws/install/rob599_msgs/include/rob599_msgs/rob599_msgs/srv
[1.311s] -- Up-to-date: /home/mike54pfeiffer/Desktop/School/ROB599/ROB599_ws/install/rob599_msgs/include/rob599_msgs/rob599_msgs/srv/detail
[1.311s] -- Up-to-date: /home/mike54pfeiffer/Desktop/School/ROB599/ROB599_ws/install/rob599_msgs/include/rob599_msgs/rob599_msgs/srv/detail/dds_fastrtps
[1.311s] -- Up-to-date: /home/mike54pfeiffer/Desktop/School/ROB599/ROB599_ws/install/rob599_msgs/include/rob599_msgs/rob599_msgs/srv/detail/doubler__rosidl_typesupport_fastrtps_cpp.hpp
[1.311s] -- Up-to-date: /home/mike54pfeiffer/Desktop/School/ROB599/ROB599_ws/install/rob599_msgs/include/rob599_msgs/rob599_msgs/srv/detail/fib_service__rosidl_typesupport_fastrtps_cpp.hpp
[1.311s] -- Up-to-date: /home/mike54pfeiffer/Desktop/School/ROB599/ROB599_ws/install/rob599_msgs/lib/librob599_msgs__rosidl_typesupport_fastrtps_cpp.so
[1.312s] -- Up-to-date: /home/mike54pfeiffer/Desktop/School/ROB599/ROB599_ws/install/rob599_msgs/include/rob599_msgs/rob599_msgs
[1.312s] -- Up-to-date: /home/mike54pfeiffer/Desktop/School/ROB599/ROB599_ws/install/rob599_msgs/include/rob599_msgs/rob599_msgs/action
[1.312s] -- Up-to-date: /home/mike54pfeiffer/Desktop/School/ROB599/ROB599_ws/install/rob599_msgs/include/rob599_msgs/rob599_msgs/action/detail
[1.312s] -- Up-to-date: /home/mike54pfeiffer/Desktop/School/ROB599/ROB599_ws/install/rob599_msgs/include/rob599_msgs/rob599_msgs/action/detail/fibonacci__type_support.cpp
[1.312s] -- Up-to-date: /home/mike54pfeiffer/Desktop/School/ROB599/ROB599_ws/install/rob599_msgs/include/rob599_msgs/rob599_msgs/action/detail/fibonacci__rosidl_typesupport_introspection_cpp.hpp
[1.312s] -- Up-to-date: /home/mike54pfeiffer/Desktop/School/ROB599/ROB599_ws/install/rob599_msgs/include/rob599_msgs/rob599_msgs/msg
[1.312s] -- Up-to-date: /home/mike54pfeiffer/Desktop/School/ROB599/ROB599_ws/install/rob599_msgs/include/rob599_msgs/rob599_msgs/msg/detail
[1.312s] -- Up-to-date: /home/mike54pfeiffer/Desktop/School/ROB599/ROB599_ws/install/rob599_msgs/include/rob599_msgs/rob599_msgs/msg/detail/object__rosidl_typesupport_introspection_cpp.hpp
[1.312s] -- Up-to-date: /home/mike54pfeiffer/Desktop/School/ROB599/ROB599_ws/install/rob599_msgs/include/rob599_msgs/rob599_msgs/msg/detail/object__type_support.cpp
[1.312s] -- Up-to-date: /home/mike54pfeiffer/Desktop/School/ROB599/ROB599_ws/install/rob599_msgs/include/rob599_msgs/rob599_msgs/srv
[1.312s] -- Up-to-date: /home/mike54pfeiffer/Desktop/School/ROB599/ROB599_ws/install/rob599_msgs/include/rob599_msgs/rob599_msgs/srv/detail
[1.312s] -- Up-to-date: /home/mike54pfeiffer/Desktop/School/ROB599/ROB599_ws/install/rob599_msgs/include/rob599_msgs/rob599_msgs/srv/detail/fib_service__rosidl_typesupport_introspection_cpp.hpp
[1.312s] -- Up-to-date: /home/mike54pfeiffer/Desktop/School/ROB599/ROB599_ws/install/rob599_msgs/include/rob599_msgs/rob599_msgs/srv/detail/doubler__type_support.cpp
[1.313s] -- Up-to-date: /home/mike54pfeiffer/Desktop/School/ROB599/ROB599_ws/install/rob599_msgs/include/rob599_msgs/rob599_msgs/srv/detail/doubler__rosidl_typesupport_introspection_cpp.hpp
[1.313s] -- Up-to-date: /home/mike54pfeiffer/Desktop/School/ROB599/ROB599_ws/install/rob599_msgs/include/rob599_msgs/rob599_msgs/srv/detail/fib_service__type_support.cpp
[1.313s] -- Up-to-date: /home/mike54pfeiffer/Desktop/School/ROB599/ROB599_ws/install/rob599_msgs/lib/librob599_msgs__rosidl_typesupport_introspection_cpp.so
[1.313s] -- Up-to-date: /home/mike54pfeiffer/Desktop/School/ROB599/ROB599_ws/install/rob599_msgs/lib/librob599_msgs__rosidl_typesupport_cpp.so
[1.313s] -- Up-to-date: /home/mike54pfeiffer/Desktop/School/ROB599/ROB599_ws/install/rob599_msgs/share/rob599_msgs/environment/pythonpath.sh
[1.313s] -- Up-to-date: /home/mike54pfeiffer/Desktop/School/ROB599/ROB599_ws/install/rob599_msgs/share/rob599_msgs/environment/pythonpath.dsv
[1.313s] -- Up-to-date: /home/mike54pfeiffer/Desktop/School/ROB599/ROB599_ws/install/rob599_msgs/lib/python3.12/site-packages/rob599_msgs-0.1.0-py3.12.egg-info
[1.313s] -- Installing: /home/mike54pfeiffer/Desktop/School/ROB599/ROB599_ws/install/rob599_msgs/lib/python3.12/site-packages/rob599_msgs-0.1.0-py3.12.egg-info/dependency_links.txt
[1.313s] -- Installing: /home/mike54pfeiffer/Desktop/School/ROB599/ROB599_ws/install/rob599_msgs/lib/python3.12/site-packages/rob599_msgs-0.1.0-py3.12.egg-info/top_level.txt
[1.313s] -- Installing: /home/mike54pfeiffer/Desktop/School/ROB599/ROB599_ws/install/rob599_msgs/lib/python3.12/site-packages/rob599_msgs-0.1.0-py3.12.egg-info/SOURCES.txt
[1.313s] -- Installing: /home/mike54pfeiffer/Desktop/School/ROB599/ROB599_ws/install/rob599_msgs/lib/python3.12/site-packages/rob599_msgs-0.1.0-py3.12.egg-info/PKG-INFO
[1.314s] -- Up-to-date: /home/mike54pfeiffer/Desktop/School/ROB599/ROB599_ws/install/rob599_msgs/lib/python3.12/site-packages/rob599_msgs
[1.314s] -- Up-to-date: /home/mike54pfeiffer/Desktop/School/ROB599/ROB599_ws/install/rob599_msgs/lib/python3.12/site-packages/rob599_msgs/action
[1.314s] -- Up-to-date: /home/mike54pfeiffer/Desktop/School/ROB599/ROB599_ws/install/rob599_msgs/lib/python3.12/site-packages/rob599_msgs/action/__init__.py
[1.314s] -- Up-to-date: /home/mike54pfeiffer/Desktop/School/ROB599/ROB599_ws/install/rob599_msgs/lib/python3.12/site-packages/rob599_msgs/action/_fibonacci.py
[1.314s] -- Up-to-date: /home/mike54pfeiffer/Desktop/School/ROB599/ROB599_ws/install/rob599_msgs/lib/python3.12/site-packages/rob599_msgs/action/_fibonacci_s.c
[1.314s] -- Up-to-date: /home/mike54pfeiffer/Desktop/School/ROB599/ROB599_ws/install/rob599_msgs/lib/python3.12/site-packages/rob599_msgs/_rob599_msgs_s.ep.rosidl_typesupport_c.c
[1.314s] -- Up-to-date: /home/mike54pfeiffer/Desktop/School/ROB599/ROB599_ws/install/rob599_msgs/lib/python3.12/site-packages/rob599_msgs/rob599_msgs_s__rosidl_typesupport_introspection_c.so
[1.314s] -- Up-to-date: /home/mike54pfeiffer/Desktop/School/ROB599/ROB599_ws/install/rob599_msgs/lib/python3.12/site-packages/rob599_msgs/__init__.py
[1.314s] -- Up-to-date: /home/mike54pfeiffer/Desktop/School/ROB599/ROB599_ws/install/rob599_msgs/lib/python3.12/site-packages/rob599_msgs/rob599_msgs_s__rosidl_typesupport_c.so
[1.314s] -- Up-to-date: /home/mike54pfeiffer/Desktop/School/ROB599/ROB599_ws/install/rob599_msgs/lib/python3.12/site-packages/rob599_msgs/msg
[1.314s] -- Up-to-date: /home/mike54pfeiffer/Desktop/School/ROB599/ROB599_ws/install/rob599_msgs/lib/python3.12/site-packages/rob599_msgs/msg/_object_s.c
[1.315s] -- Up-to-date: /home/mike54pfeiffer/Desktop/School/ROB599/ROB599_ws/install/rob599_msgs/lib/python3.12/site-packages/rob599_msgs/msg/__init__.py
[1.315s] -- Up-to-date: /home/mike54pfeiffer/Desktop/School/ROB599/ROB599_ws/install/rob599_msgs/lib/python3.12/site-packages/rob599_msgs/msg/_object.py
[1.315s] -- Up-to-date: /home/mike54pfeiffer/Desktop/School/ROB599/ROB599_ws/install/rob599_msgs/lib/python3.12/site-packages/rob599_msgs/_rob599_msgs_s.ep.rosidl_typesupport_introspection_c.c
[1.315s] -- Up-to-date: /home/mike54pfeiffer/Desktop/School/ROB599/ROB599_ws/install/rob599_msgs/lib/python3.12/site-packages/rob599_msgs/_rob599_msgs_s.ep.rosidl_typesupport_fastrtps_c.c
[1.315s] -- Up-to-date: /home/mike54pfeiffer/Desktop/School/ROB599/ROB599_ws/install/rob599_msgs/lib/python3.12/site-packages/rob599_msgs/rob599_msgs_s__rosidl_typesupport_fastrtps_c.so
[1.315s] -- Up-to-date: /home/mike54pfeiffer/Desktop/School/ROB599/ROB599_ws/install/rob599_msgs/lib/python3.12/site-packages/rob599_msgs/srv
[1.315s] -- Up-to-date: /home/mike54pfeiffer/Desktop/School/ROB599/ROB599_ws/install/rob599_msgs/lib/python3.12/site-packages/rob599_msgs/srv/__init__.py
[1.315s] -- Up-to-date: /home/mike54pfeiffer/Desktop/School/ROB599/ROB599_ws/install/rob599_msgs/lib/python3.12/site-packages/rob599_msgs/srv/_fib_service.py
[1.315s] -- Up-to-date: /home/mike54pfeiffer/Desktop/School/ROB599/ROB599_ws/install/rob599_msgs/lib/python3.12/site-packages/rob599_msgs/srv/_fib_service_s.c
[1.315s] -- Up-to-date: /home/mike54pfeiffer/Desktop/School/ROB599/ROB599_ws/install/rob599_msgs/lib/python3.12/site-packages/rob599_msgs/srv/_doubler_s.c
[1.316s] -- Up-to-date: /home/mike54pfeiffer/Desktop/School/ROB599/ROB599_ws/install/rob599_msgs/lib/python3.12/site-packages/rob599_msgs/srv/_doubler.py
[1.354s] Listing '/home/mike54pfeiffer/Desktop/School/ROB599/ROB599_ws/install/rob599_msgs/lib/python3.12/site-packages/rob599_msgs'...
[1.354s] Listing '/home/mike54pfeiffer/Desktop/School/ROB599/ROB599_ws/install/rob599_msgs/lib/python3.12/site-packages/rob599_msgs/action'...
[1.354s] Listing '/home/mike54pfeiffer/Desktop/School/ROB599/ROB599_ws/install/rob599_msgs/lib/python3.12/site-packages/rob599_msgs/msg'...
[1.354s] Listing '/home/mike54pfeiffer/Desktop/School/ROB599/ROB599_ws/install/rob599_msgs/lib/python3.12/site-packages/rob599_msgs/srv'...
[1.361s] -- Up-to-date: /home/mike54pfeiffer/Desktop/School/ROB599/ROB599_ws/install/rob599_msgs/lib/python3.12/site-packages/rob599_msgs/rob599_msgs_s__rosidl_typesupport_fastrtps_c.so
[1.361s] -- Up-to-date: /home/mike54pfeiffer/Desktop/School/ROB599/ROB599_ws/install/rob599_msgs/lib/python3.12/site-packages/rob599_msgs/rob599_msgs_s__rosidl_typesupport_introspection_c.so
[1.362s] -- Up-to-date: /home/mike54pfeiffer/Desktop/School/ROB599/ROB599_ws/install/rob599_msgs/lib/python3.12/site-packages/rob599_msgs/rob599_msgs_s__rosidl_typesupport_c.so
[1.363s] -- Up-to-date: /home/mike54pfeiffer/Desktop/School/ROB599/ROB599_ws/install/rob599_msgs/lib/librob599_msgs__rosidl_generator_py.so
[1.363s] -- Up-to-date: /home/mike54pfeiffer/Desktop/School/ROB599/ROB599_ws/install/rob599_msgs/share/rob599_msgs/msg/Object.idl
[1.363s] -- Up-to-date: /home/mike54pfeiffer/Desktop/School/ROB599/ROB599_ws/install/rob599_msgs/share/rob599_msgs/srv/Doubler.idl
[1.363s] -- Up-to-date: /home/mike54pfeiffer/Desktop/School/ROB599/ROB599_ws/install/rob599_msgs/share/rob599_msgs/srv/FibService.idl
[1.363s] -- Up-to-date: /home/mike54pfeiffer/Desktop/School/ROB599/ROB599_ws/install/rob599_msgs/share/rob599_msgs/action/Fibonacci.idl
[1.363s] -- Up-to-date: /home/mike54pfeiffer/Desktop/School/ROB599/ROB599_ws/install/rob599_msgs/share/rob599_msgs/msg/Object.msg
[1.364s] -- Up-to-date: /home/mike54pfeiffer/Desktop/School/ROB599/ROB599_ws/install/rob599_msgs/share/rob599_msgs/srv/Doubler.srv
[1.364s] -- Up-to-date: /home/mike54pfeiffer/Desktop/School/ROB599/ROB599_ws/install/rob599_msgs/share/rob599_msgs/srv/FibService.srv
[1.364s] -- Up-to-date: /home/mike54pfeiffer/Desktop/School/ROB599/ROB599_ws/install/rob599_msgs/share/rob599_msgs/action/Fibonacci.action
[1.364s] -- Up-to-date: /home/mike54pfeiffer/Desktop/School/ROB599/ROB599_ws/install/rob599_msgs/share/ament_index/resource_index/package_run_dependencies/rob599_msgs
[1.364s] -- Up-to-date: /home/mike54pfeiffer/Desktop/School/ROB599/ROB599_ws/install/rob599_msgs/share/ament_index/resource_index/parent_prefix_path/rob599_msgs
[1.364s] -- Up-to-date: /home/mike54pfeiffer/Desktop/School/ROB599/ROB599_ws/install/rob599_msgs/share/rob599_msgs/environment/ament_prefix_path.sh
[1.364s] -- Up-to-date: /home/mike54pfeiffer/Desktop/School/ROB599/ROB599_ws/install/rob599_msgs/share/rob599_msgs/environment/ament_prefix_path.dsv
[1.364s] -- Up-to-date: /home/mike54pfeiffer/Desktop/School/ROB599/ROB599_ws/install/rob599_msgs/share/rob599_msgs/environment/path.sh
[1.364s] -- Up-to-date: /home/mike54pfeiffer/Desktop/School/ROB599/ROB599_ws/install/rob599_msgs/share/rob599_msgs/environment/path.dsv
[1.364s] -- Up-to-date: /home/mike54pfeiffer/Desktop/School/ROB599/ROB599_ws/install/rob599_msgs/share/rob599_msgs/local_setup.bash
[1.364s] -- Up-to-date: /home/mike54pfeiffer/Desktop/School/ROB599/ROB599_ws/install/rob599_msgs/share/rob599_msgs/local_setup.sh
[1.364s] -- Up-to-date: /home/mike54pfeiffer/Desktop/School/ROB599/ROB599_ws/install/rob599_msgs/share/rob599_msgs/local_setup.zsh
[1.365s] -- Up-to-date: /home/mike54pfeiffer/Desktop/School/ROB599/ROB599_ws/install/rob599_msgs/share/rob599_msgs/local_setup.dsv
[1.365s] -- Installing: /home/mike54pfeiffer/Desktop/School/ROB599/ROB599_ws/install/rob599_msgs/share/rob599_msgs/package.dsv
[1.365s] -- Up-to-date: /home/mike54pfeiffer/Desktop/School/ROB599/ROB599_ws/install/rob599_msgs/share/ament_index/resource_index/packages/rob599_msgs
[1.365s] -- Up-to-date: /home/mike54pfeiffer/Desktop/School/ROB599/ROB599_ws/install/rob599_msgs/share/rob599_msgs/cmake/export_rob599_msgs__rosidl_generator_cExport.cmake
[1.365s] -- Up-to-date: /home/mike54pfeiffer/Desktop/School/ROB599/ROB599_ws/install/rob599_msgs/share/rob599_msgs/cmake/export_rob599_msgs__rosidl_generator_cExport-noconfig.cmake
[1.365s] -- Up-to-date: /home/mike54pfeiffer/Desktop/School/ROB599/ROB599_ws/install/rob599_msgs/share/rob599_msgs/cmake/export_rob599_msgs__rosidl_typesupport_fastrtps_cExport.cmake
[1.366s] -- Up-to-date: /home/mike54pfeiffer/Desktop/School/ROB599/ROB599_ws/install/rob599_msgs/share/rob599_msgs/cmake/export_rob599_msgs__rosidl_typesupport_fastrtps_cExport-noconfig.cmake
[1.366s] -- Up-to-date: /home/mike54pfeiffer/Desktop/School/ROB599/ROB599_ws/install/rob599_msgs/share/rob599_msgs/cmake/rob599_msgs__rosidl_typesupport_introspection_cExport.cmake
[1.366s] -- Up-to-date: /home/mike54pfeiffer/Desktop/School/ROB599/ROB599_ws/install/rob599_msgs/share/rob599_msgs/cmake/rob599_msgs__rosidl_typesupport_introspection_cExport-noconfig.cmake
[1.367s] -- Up-to-date: /home/mike54pfeiffer/Desktop/School/ROB599/ROB599_ws/install/rob599_msgs/share/rob599_msgs/cmake/rob599_msgs__rosidl_typesupport_cExport.cmake
[1.367s] -- Up-to-date: /home/mike54pfeiffer/Desktop/School/ROB599/ROB599_ws/install/rob599_msgs/share/rob599_msgs/cmake/rob599_msgs__rosidl_typesupport_cExport-noconfig.cmake
[1.367s] -- Up-to-date: /home/mike54pfeiffer/Desktop/School/ROB599/ROB599_ws/install/rob599_msgs/share/rob599_msgs/cmake/export_rob599_msgs__rosidl_generator_cppExport.cmake
[1.367s] -- Up-to-date: /home/mike54pfeiffer/Desktop/School/ROB599/ROB599_ws/install/rob599_msgs/share/rob599_msgs/cmake/export_rob599_msgs__rosidl_typesupport_fastrtps_cppExport.cmake
[1.367s] -- Up-to-date: /home/mike54pfeiffer/Desktop/School/ROB599/ROB599_ws/install/rob599_msgs/share/rob599_msgs/cmake/export_rob599_msgs__rosidl_typesupport_fastrtps_cppExport-noconfig.cmake
[1.368s] -- Up-to-date: /home/mike54pfeiffer/Desktop/School/ROB599/ROB599_ws/install/rob599_msgs/share/rob599_msgs/cmake/rob599_msgs__rosidl_typesupport_introspection_cppExport.cmake
[1.368s] -- Up-to-date: /home/mike54pfeiffer/Desktop/School/ROB599/ROB599_ws/install/rob599_msgs/share/rob599_msgs/cmake/rob599_msgs__rosidl_typesupport_introspection_cppExport-noconfig.cmake
[1.368s] -- Up-to-date: /home/mike54pfeiffer/Desktop/School/ROB599/ROB599_ws/install/rob599_msgs/share/rob599_msgs/cmake/rob599_msgs__rosidl_typesupport_cppExport.cmake
[1.368s] -- Up-to-date: /home/mike54pfeiffer/Desktop/School/ROB599/ROB599_ws/install/rob599_msgs/share/rob599_msgs/cmake/rob599_msgs__rosidl_typesupport_cppExport-noconfig.cmake
[1.369s] -- Up-to-date: /home/mike54pfeiffer/Desktop/School/ROB599/ROB599_ws/install/rob599_msgs/share/rob599_msgs/cmake/export_rob599_msgs__rosidl_generator_pyExport.cmake
[1.369s] -- Up-to-date: /home/mike54pfeiffer/Desktop/School/ROB599/ROB599_ws/install/rob599_msgs/share/rob599_msgs/cmake/export_rob599_msgs__rosidl_generator_pyExport-noconfig.cmake
[1.369s] -- Up-to-date: /home/mike54pfeiffer/Desktop/School/ROB599/ROB599_ws/install/rob599_msgs/share/rob599_msgs/cmake/rosidl_cmake-extras.cmake
[1.369s] -- Up-to-date: /home/mike54pfeiffer/Desktop/School/ROB599/ROB599_ws/install/rob599_msgs/share/rob599_msgs/cmake/ament_cmake_export_dependencies-extras.cmake
[1.369s] -- Up-to-date: /home/mike54pfeiffer/Desktop/School/ROB599/ROB599_ws/install/rob599_msgs/share/rob599_msgs/cmake/ament_cmake_export_include_directories-extras.cmake
[1.369s] -- Up-to-date: /home/mike54pfeiffer/Desktop/School/ROB599/ROB599_ws/install/rob599_msgs/share/rob599_msgs/cmake/ament_cmake_export_libraries-extras.cmake
[1.370s] -- Up-to-date: /home/mike54pfeiffer/Desktop/School/ROB599/ROB599_ws/install/rob599_msgs/share/rob599_msgs/cmake/ament_cmake_export_targets-extras.cmake
[1.370s] -- Up-to-date: /home/mike54pfeiffer/Desktop/School/ROB599/ROB599_ws/install/rob599_msgs/share/rob599_msgs/cmake/rosidl_cmake_export_typesupport_targets-extras.cmake
[1.370s] -- Up-to-date: /home/mike54pfeiffer/Desktop/School/ROB599/ROB599_ws/install/rob599_msgs/share/rob599_msgs/cmake/rosidl_cmake_export_typesupport_libraries-extras.cmake
[1.370s] -- Up-to-date: /home/mike54pfeiffer/Desktop/School/ROB599/ROB599_ws/install/rob599_msgs/share/rob599_msgs/cmake/rob599_msgsConfig.cmake
[1.370s] -- Up-to-date: /home/mike54pfeiffer/Desktop/School/ROB599/ROB599_ws/install/rob599_msgs/share/rob599_msgs/cmake/rob599_msgsConfig-version.cmake
[1.370s] -- Up-to-date: /home/mike54pfeiffer/Desktop/School/ROB599/ROB599_ws/install/rob599_msgs/share/rob599_msgs/package.xml
[1.373s] Invoked command in '/home/mike54pfeiffer/Desktop/School/ROB599/ROB599_ws/build/rob599_msgs' returned '0': CMAKE_PREFIX_PATH=${CMAKE_PREFIX_PATH}:/opt/ros/jazzy DEBUGINFOD_URLS=https://debuginfod.ubuntu.com /usr/bin/cmake --install /home/mike54pfeiffer/Desktop/School/ROB599/ROB599_ws/build/rob599_msgs
