-- Found ament_cmake: 2.5.3 (/opt/ros/jazzy/share/ament_cmake/cmake)
-- Found ament_lint_auto: 0.17.2 (/opt/ros/jazzy/share/ament_lint_auto/cmake)
-- Found rosidl_default_generators: 1.6.0 (/opt/ros/jazzy/share/rosidl_default_generators/cmake)
-- Using all available rosidl_typesupport_c: rosidl_typesupport_fastrtps_c;rosidl_typesupport_introspection_c
-- Using all available rosidl_typesupport_cpp: rosidl_typesupport_fastrtps_cpp;rosidl_typesupport_introspection_cpp
-- Found rosidl_adapter: 4.6.5 (/opt/ros/jazzy/share/rosidl_adapter/cmake)
-- Found ament_cmake_ros: 0.12.0 (/opt/ros/jazzy/share/ament_cmake_ros/cmake)
-- Using all available rosidl_typesupport_c: rosidl_typesupport_fastrtps_c;rosidl_typesupport_introspection_c
-- Using all available rosidl_typesupport_cpp: rosidl_typesupport_fastrtps_cpp;rosidl_typesupport_introspection_cpp
-- Found python_cmake_module: 0.11.1 (/opt/ros/jazzy/share/python_cmake_module/cmake)
-- Found PythonExtra: /usr/bin/python3  
-- Found Python3: /usr/bin/python3 (found version "3.12.3") found components: Interpreter Development NumPy Development.Module Development.Embed 
-- Added test 'lint_cmake' to check CMake code style
-- Added test 'xmllint' to check XML markup files
-- Configuring done (3.3s)
-- Generating done (0.0s)
-- Build files have been written to: /home/mike54pfeiffer/Desktop/School/ROB599/ROB599_ws/build/hw4_interfaces
[  2%] [34m[1mGenerating type hashes for ROS interfaces[0m
[  2%] Built target ament_cmake_python_copy_hw4_interfaces
[  2%] Built target hw4_interfaces__rosidl_generator_type_description
[  5%] [34m[1mGenerating C code for ROS interfaces[0m
[  8%] [34m[1mGenerating C++ code for ROS interfaces[0m
running egg_info
creating hw4_interfaces.egg-info
writing hw4_interfaces.egg-info/PKG-INFO
writing dependency_links to hw4_interfaces.egg-info/dependency_links.txt
writing top-level names to hw4_interfaces.egg-info/top_level.txt
writing manifest file 'hw4_interfaces.egg-info/SOURCES.txt'
reading manifest file 'hw4_interfaces.egg-info/SOURCES.txt'
writing manifest file 'hw4_interfaces.egg-info/SOURCES.txt'
[  8%] Built target ament_cmake_python_build_hw4_interfaces_egg
[  8%] Built target hw4_interfaces__cpp
[ 14%] [32mBuilding C object CMakeFiles/hw4_interfaces__rosidl_generator_c.dir/rosidl_generator_c/hw4_interfaces/action/detail/rocket_launch__functions.c.o[0m
[ 14%] [32mBuilding C object CMakeFiles/hw4_interfaces__rosidl_generator_c.dir/rosidl_generator_c/hw4_interfaces/action/detail/rocket_launch__description.c.o[0m
[ 17%] [32mBuilding C object CMakeFiles/hw4_interfaces__rosidl_generator_c.dir/rosidl_generator_c/hw4_interfaces/action/detail/rocket_launch__type_support.c.o[0m
[ 20%] [32m[1mLinking C shared library libhw4_interfaces__rosidl_generator_c.so[0m
[ 20%] Built target hw4_interfaces__rosidl_generator_c
[ 29%] [34m[1mGenerating C++ type support dispatch for ROS interfaces[0m
[ 29%] [34m[1mGenerating C++ type support for eProsima Fast-RTPS[0m
[ 29%] [34m[1mGenerating C type support for eProsima Fast-RTPS[0m
[ 32%] [34m[1mGenerating C++ introspection for ROS interfaces[0m
[ 38%] [34m[1mGenerating C type support dispatch for ROS interfaces[0m
[ 38%] [34m[1mGenerating C introspection for ROS interfaces[0m
[ 41%] [32mBuilding CXX object CMakeFiles/hw4_interfaces__rosidl_typesupport_c.dir/rosidl_typesupport_c/hw4_interfaces/action/rocket_launch__type_support.cpp.o[0m
[ 44%] [32mBuilding CXX object CMakeFiles/hw4_interfaces__rosidl_typesupport_cpp.dir/rosidl_typesupport_cpp/hw4_interfaces/action/rocket_launch__type_support.cpp.o[0m
[ 47%] [32mBuilding CXX object CMakeFiles/hw4_interfaces__rosidl_typesupport_introspection_cpp.dir/rosidl_typesupport_introspection_cpp/hw4_interfaces/action/detail/rocket_launch__type_support.cpp.o[0m
[ 50%] [32m[1mLinking CXX shared library libhw4_interfaces__rosidl_typesupport_c.so[0m
[ 52%] [32mBuilding C object CMakeFiles/hw4_interfaces__rosidl_typesupport_introspection_c.dir/rosidl_typesupport_introspection_c/hw4_interfaces/action/detail/rocket_launch__type_support.c.o[0m
[ 52%] Built target hw4_interfaces__rosidl_typesupport_c
[ 55%] [32m[1mLinking C shared library libhw4_interfaces__rosidl_typesupport_introspection_c.so[0m
[ 58%] [32mBuilding CXX object CMakeFiles/hw4_interfaces__rosidl_typesupport_fastrtps_cpp.dir/rosidl_typesupport_fastrtps_cpp/hw4_interfaces/action/detail/dds_fastrtps/rocket_launch__type_support.cpp.o[0m
[ 58%] Built target hw4_interfaces__rosidl_typesupport_introspection_c
[ 61%] [32mBuilding CXX object CMakeFiles/hw4_interfaces__rosidl_typesupport_fastrtps_c.dir/rosidl_typesupport_fastrtps_c/hw4_interfaces/action/detail/rocket_launch__type_support_c.cpp.o[0m
[ 64%] [32m[1mLinking CXX shared library libhw4_interfaces__rosidl_typesupport_cpp.so[0m
[ 67%] [32m[1mLinking CXX shared library libhw4_interfaces__rosidl_typesupport_fastrtps_c.so[0m
[ 67%] Built target hw4_interfaces__rosidl_typesupport_fastrtps_c
[ 70%] [32m[1mLinking CXX shared library libhw4_interfaces__rosidl_typesupport_introspection_cpp.so[0m
[ 70%] Built target hw4_interfaces__rosidl_typesupport_cpp
[ 70%] Built target hw4_interfaces__rosidl_typesupport_introspection_cpp
[ 73%] [32m[1mLinking CXX shared library libhw4_interfaces__rosidl_typesupport_fastrtps_cpp.so[0m
[ 73%] Built target hw4_interfaces__rosidl_typesupport_fastrtps_cpp
[ 73%] Built target hw4_interfaces
[ 76%] [34m[1mGenerating Python code for ROS interfaces[0m
[ 76%] Built target hw4_interfaces__py
[ 79%] [32mBuilding C object CMakeFiles/hw4_interfaces__rosidl_generator_py.dir/rosidl_generator_py/hw4_interfaces/action/_rocket_launch_s.c.o[0m
[ 82%] [32m[1mLinking C shared library libhw4_interfaces__rosidl_generator_py.so[0m
[ 82%] Built target hw4_interfaces__rosidl_generator_py
[ 91%] [32mBuilding C object CMakeFiles/hw4_interfaces_s__rosidl_typesupport_c.dir/rosidl_generator_py/hw4_interfaces/_hw4_interfaces_s.ep.rosidl_typesupport_c.c.o[0m
[ 91%] [32mBuilding C object CMakeFiles/hw4_interfaces_s__rosidl_typesupport_introspection_c.dir/rosidl_generator_py/hw4_interfaces/_hw4_interfaces_s.ep.rosidl_typesupport_introspection_c.c.o[0m
[ 91%] [32mBuilding C object CMakeFiles/hw4_interfaces_s__rosidl_typesupport_fastrtps_c.dir/rosidl_generator_py/hw4_interfaces/_hw4_interfaces_s.ep.rosidl_typesupport_fastrtps_c.c.o[0m
[ 97%] [32m[1mLinking C shared module rosidl_generator_py/hw4_interfaces/hw4_interfaces_s__rosidl_typesupport_introspection_c.so[0m
[ 97%] [32m[1mLinking C shared module rosidl_generator_py/hw4_interfaces/hw4_interfaces_s__rosidl_typesupport_c.so[0m
[100%] [32m[1mLinking C shared module rosidl_generator_py/hw4_interfaces/hw4_interfaces_s__rosidl_typesupport_fastrtps_c.so[0m
[100%] Built target hw4_interfaces_s__rosidl_typesupport_introspection_c
[100%] Built target hw4_interfaces_s__rosidl_typesupport_c
[100%] Built target hw4_interfaces_s__rosidl_typesupport_fastrtps_c
-- Install configuration: ""
-- Installing: /home/mike54pfeiffer/Desktop/School/ROB599/ROB599_ws/install/hw4_interfaces/share/ament_index/resource_index/rosidl_interfaces/hw4_interfaces
-- Installing: /home/mike54pfeiffer/Desktop/School/ROB599/ROB599_ws/install/hw4_interfaces/share/hw4_interfaces/action/RocketLaunch.json
-- Installing: /home/mike54pfeiffer/Desktop/School/ROB599/ROB599_ws/install/hw4_interfaces/include/hw4_interfaces/hw4_interfaces
-- Installing: /home/mike54pfeiffer/Desktop/School/ROB599/ROB599_ws/install/hw4_interfaces/include/hw4_interfaces/hw4_interfaces/action
-- Installing: /home/mike54pfeiffer/Desktop/School/ROB599/ROB599_ws/install/hw4_interfaces/include/hw4_interfaces/hw4_interfaces/action/rocket_launch.h
-- Installing: /home/mike54pfeiffer/Desktop/School/ROB599/ROB599_ws/install/hw4_interfaces/include/hw4_interfaces/hw4_interfaces/action/detail
-- Installing: /home/mike54pfeiffer/Desktop/School/ROB599/ROB599_ws/install/hw4_interfaces/include/hw4_interfaces/hw4_interfaces/action/detail/rocket_launch__struct.h
-- Installing: /home/mike54pfeiffer/Desktop/School/ROB599/ROB599_ws/install/hw4_interfaces/include/hw4_interfaces/hw4_interfaces/action/detail/rocket_launch__functions.c
-- Installing: /home/mike54pfeiffer/Desktop/School/ROB599/ROB599_ws/install/hw4_interfaces/include/hw4_interfaces/hw4_interfaces/action/detail/rocket_launch__functions.h
-- Installing: /home/mike54pfeiffer/Desktop/School/ROB599/ROB599_ws/install/hw4_interfaces/include/hw4_interfaces/hw4_interfaces/action/detail/rocket_launch__type_support.h
-- Installing: /home/mike54pfeiffer/Desktop/School/ROB599/ROB599_ws/install/hw4_interfaces/include/hw4_interfaces/hw4_interfaces/action/detail/rocket_launch__type_support.c
-- Installing: /home/mike54pfeiffer/Desktop/School/ROB599/ROB599_ws/install/hw4_interfaces/include/hw4_interfaces/hw4_interfaces/action/detail/rocket_launch__description.c
-- Installing: /home/mike54pfeiffer/Desktop/School/ROB599/ROB599_ws/install/hw4_interfaces/include/hw4_interfaces/hw4_interfaces/msg
-- Installing: /home/mike54pfeiffer/Desktop/School/ROB599/ROB599_ws/install/hw4_interfaces/include/hw4_interfaces/hw4_interfaces/msg/rosidl_generator_c__visibility_control.h
-- Installing: /home/mike54pfeiffer/Desktop/School/ROB599/ROB599_ws/install/hw4_interfaces/share/hw4_interfaces/environment/library_path.sh
-- Installing: /home/mike54pfeiffer/Desktop/School/ROB599/ROB599_ws/install/hw4_interfaces/share/hw4_interfaces/environment/library_path.dsv
-- Installing: /home/mike54pfeiffer/Desktop/School/ROB599/ROB599_ws/install/hw4_interfaces/lib/libhw4_interfaces__rosidl_generator_c.so
-- Set non-toolchain portion of runtime path of "/home/mike54pfeiffer/Desktop/School/ROB599/ROB599_ws/install/hw4_interfaces/lib/libhw4_interfaces__rosidl_generator_c.so" to ""
-- Up-to-date: /home/mike54pfeiffer/Desktop/School/ROB599/ROB599_ws/install/hw4_interfaces/include/hw4_interfaces/hw4_interfaces
-- Up-to-date: /home/mike54pfeiffer/Desktop/School/ROB599/ROB599_ws/install/hw4_interfaces/include/hw4_interfaces/hw4_interfaces/action
-- Up-to-date: /home/mike54pfeiffer/Desktop/School/ROB599/ROB599_ws/install/hw4_interfaces/include/hw4_interfaces/hw4_interfaces/action/detail
-- Installing: /home/mike54pfeiffer/Desktop/School/ROB599/ROB599_ws/install/hw4_interfaces/include/hw4_interfaces/hw4_interfaces/action/detail/rocket_launch__rosidl_typesupport_fastrtps_c.h
-- Up-to-date: /home/mike54pfeiffer/Desktop/School/ROB599/ROB599_ws/install/hw4_interfaces/include/hw4_interfaces/hw4_interfaces/msg
-- Installing: /home/mike54pfeiffer/Desktop/School/ROB599/ROB599_ws/install/hw4_interfaces/include/hw4_interfaces/hw4_interfaces/msg/rosidl_typesupport_fastrtps_c__visibility_control.h
-- Installing: /home/mike54pfeiffer/Desktop/School/ROB599/ROB599_ws/install/hw4_interfaces/lib/libhw4_interfaces__rosidl_typesupport_fastrtps_c.so
-- Set non-toolchain portion of runtime path of "/home/mike54pfeiffer/Desktop/School/ROB599/ROB599_ws/install/hw4_interfaces/lib/libhw4_interfaces__rosidl_typesupport_fastrtps_c.so" to ""
-- Up-to-date: /home/mike54pfeiffer/Desktop/School/ROB599/ROB599_ws/install/hw4_interfaces/include/hw4_interfaces/hw4_interfaces
-- Up-to-date: /home/mike54pfeiffer/Desktop/School/ROB599/ROB599_ws/install/hw4_interfaces/include/hw4_interfaces/hw4_interfaces/action
-- Up-to-date: /home/mike54pfeiffer/Desktop/School/ROB599/ROB599_ws/install/hw4_interfaces/include/hw4_interfaces/hw4_interfaces/action/detail
-- Installing: /home/mike54pfeiffer/Desktop/School/ROB599/ROB599_ws/install/hw4_interfaces/include/hw4_interfaces/hw4_interfaces/action/detail/rocket_launch__type_support.c
-- Installing: /home/mike54pfeiffer/Desktop/School/ROB599/ROB599_ws/install/hw4_interfaces/include/hw4_interfaces/hw4_interfaces/action/detail/rocket_launch__rosidl_typesupport_introspection_c.h
-- Up-to-date: /home/mike54pfeiffer/Desktop/School/ROB599/ROB599_ws/install/hw4_interfaces/include/hw4_interfaces/hw4_interfaces/msg
-- Installing: /home/mike54pfeiffer/Desktop/School/ROB599/ROB599_ws/install/hw4_interfaces/include/hw4_interfaces/hw4_interfaces/msg/rosidl_typesupport_introspection_c__visibility_control.h
-- Installing: /home/mike54pfeiffer/Desktop/School/ROB599/ROB599_ws/install/hw4_interfaces/lib/libhw4_interfaces__rosidl_typesupport_introspection_c.so
-- Set non-toolchain portion of runtime path of "/home/mike54pfeiffer/Desktop/School/ROB599/ROB599_ws/install/hw4_interfaces/lib/libhw4_interfaces__rosidl_typesupport_introspection_c.so" to ""
-- Installing: /home/mike54pfeiffer/Desktop/School/ROB599/ROB599_ws/install/hw4_interfaces/lib/libhw4_interfaces__rosidl_typesupport_c.so
-- Set non-toolchain portion of runtime path of "/home/mike54pfeiffer/Desktop/School/ROB599/ROB599_ws/install/hw4_interfaces/lib/libhw4_interfaces__rosidl_typesupport_c.so" to ""
-- Up-to-date: /home/mike54pfeiffer/Desktop/School/ROB599/ROB599_ws/install/hw4_interfaces/include/hw4_interfaces/hw4_interfaces
-- Up-to-date: /home/mike54pfeiffer/Desktop/School/ROB599/ROB599_ws/install/hw4_interfaces/include/hw4_interfaces/hw4_interfaces/action
-- Up-to-date: /home/mike54pfeiffer/Desktop/School/ROB599/ROB599_ws/install/hw4_interfaces/include/hw4_interfaces/hw4_interfaces/action/detail
-- Installing: /home/mike54pfeiffer/Desktop/School/ROB599/ROB599_ws/install/hw4_interfaces/include/hw4_interfaces/hw4_interfaces/action/detail/rocket_launch__traits.hpp
-- Installing: /home/mike54pfeiffer/Desktop/School/ROB599/ROB599_ws/install/hw4_interfaces/include/hw4_interfaces/hw4_interfaces/action/detail/rocket_launch__struct.hpp
-- Installing: /home/mike54pfeiffer/Desktop/School/ROB599/ROB599_ws/install/hw4_interfaces/include/hw4_interfaces/hw4_interfaces/action/detail/rocket_launch__type_support.hpp
-- Installing: /home/mike54pfeiffer/Desktop/School/ROB599/ROB599_ws/install/hw4_interfaces/include/hw4_interfaces/hw4_interfaces/action/detail/rocket_launch__builder.hpp
-- Installing: /home/mike54pfeiffer/Desktop/School/ROB599/ROB599_ws/install/hw4_interfaces/include/hw4_interfaces/hw4_interfaces/action/rocket_launch.hpp
-- Up-to-date: /home/mike54pfeiffer/Desktop/School/ROB599/ROB599_ws/install/hw4_interfaces/include/hw4_interfaces/hw4_interfaces/msg
-- Installing: /home/mike54pfeiffer/Desktop/School/ROB599/ROB599_ws/install/hw4_interfaces/include/hw4_interfaces/hw4_interfaces/msg/rosidl_generator_cpp__visibility_control.hpp
-- Up-to-date: /home/mike54pfeiffer/Desktop/School/ROB599/ROB599_ws/install/hw4_interfaces/include/hw4_interfaces/hw4_interfaces
-- Up-to-date: /home/mike54pfeiffer/Desktop/School/ROB599/ROB599_ws/install/hw4_interfaces/include/hw4_interfaces/hw4_interfaces/action
-- Up-to-date: /home/mike54pfeiffer/Desktop/School/ROB599/ROB599_ws/install/hw4_interfaces/include/hw4_interfaces/hw4_interfaces/action/detail
-- Installing: /home/mike54pfeiffer/Desktop/School/ROB599/ROB599_ws/install/hw4_interfaces/include/hw4_interfaces/hw4_interfaces/action/detail/dds_fastrtps
-- Installing: /home/mike54pfeiffer/Desktop/School/ROB599/ROB599_ws/install/hw4_interfaces/include/hw4_interfaces/hw4_interfaces/action/detail/rocket_launch__rosidl_typesupport_fastrtps_cpp.hpp
-- Up-to-date: /home/mike54pfeiffer/Desktop/School/ROB599/ROB599_ws/install/hw4_interfaces/include/hw4_interfaces/hw4_interfaces/msg
-- Installing: /home/mike54pfeiffer/Desktop/School/ROB599/ROB599_ws/install/hw4_interfaces/include/hw4_interfaces/hw4_interfaces/msg/rosidl_typesupport_fastrtps_cpp__visibility_control.h
-- Installing: /home/mike54pfeiffer/Desktop/School/ROB599/ROB599_ws/install/hw4_interfaces/lib/libhw4_interfaces__rosidl_typesupport_fastrtps_cpp.so
-- Set non-toolchain portion of runtime path of "/home/mike54pfeiffer/Desktop/School/ROB599/ROB599_ws/install/hw4_interfaces/lib/libhw4_interfaces__rosidl_typesupport_fastrtps_cpp.so" to ""
-- Up-to-date: /home/mike54pfeiffer/Desktop/School/ROB599/ROB599_ws/install/hw4_interfaces/include/hw4_interfaces/hw4_interfaces
-- Up-to-date: /home/mike54pfeiffer/Desktop/School/ROB599/ROB599_ws/install/hw4_interfaces/include/hw4_interfaces/hw4_interfaces/action
-- Up-to-date: /home/mike54pfeiffer/Desktop/School/ROB599/ROB599_ws/install/hw4_interfaces/include/hw4_interfaces/hw4_interfaces/action/detail
-- Installing: /home/mike54pfeiffer/Desktop/School/ROB599/ROB599_ws/install/hw4_interfaces/include/hw4_interfaces/hw4_interfaces/action/detail/rocket_launch__rosidl_typesupport_introspection_cpp.hpp
-- Installing: /home/mike54pfeiffer/Desktop/School/ROB599/ROB599_ws/install/hw4_interfaces/include/hw4_interfaces/hw4_interfaces/action/detail/rocket_launch__type_support.cpp
-- Installing: /home/mike54pfeiffer/Desktop/School/ROB599/ROB599_ws/install/hw4_interfaces/lib/libhw4_interfaces__rosidl_typesupport_introspection_cpp.so
-- Set non-toolchain portion of runtime path of "/home/mike54pfeiffer/Desktop/School/ROB599/ROB599_ws/install/hw4_interfaces/lib/libhw4_interfaces__rosidl_typesupport_introspection_cpp.so" to ""
-- Installing: /home/mike54pfeiffer/Desktop/School/ROB599/ROB599_ws/install/hw4_interfaces/lib/libhw4_interfaces__rosidl_typesupport_cpp.so
-- Set non-toolchain portion of runtime path of "/home/mike54pfeiffer/Desktop/School/ROB599/ROB599_ws/install/hw4_interfaces/lib/libhw4_interfaces__rosidl_typesupport_cpp.so" to ""
-- Installing: /home/mike54pfeiffer/Desktop/School/ROB599/ROB599_ws/install/hw4_interfaces/share/hw4_interfaces/environment/pythonpath.sh
-- Installing: /home/mike54pfeiffer/Desktop/School/ROB599/ROB599_ws/install/hw4_interfaces/share/hw4_interfaces/environment/pythonpath.dsv
-- Installing: /home/mike54pfeiffer/Desktop/School/ROB599/ROB599_ws/install/hw4_interfaces/lib/python3.12/site-packages/hw4_interfaces-0.0.0-py3.12.egg-info
-- Installing: /home/mike54pfeiffer/Desktop/School/ROB599/ROB599_ws/install/hw4_interfaces/lib/python3.12/site-packages/hw4_interfaces-0.0.0-py3.12.egg-info/dependency_links.txt
-- Installing: /home/mike54pfeiffer/Desktop/School/ROB599/ROB599_ws/install/hw4_interfaces/lib/python3.12/site-packages/hw4_interfaces-0.0.0-py3.12.egg-info/top_level.txt
-- Installing: /home/mike54pfeiffer/Desktop/School/ROB599/ROB599_ws/install/hw4_interfaces/lib/python3.12/site-packages/hw4_interfaces-0.0.0-py3.12.egg-info/SOURCES.txt
-- Installing: /home/mike54pfeiffer/Desktop/School/ROB599/ROB599_ws/install/hw4_interfaces/lib/python3.12/site-packages/hw4_interfaces-0.0.0-py3.12.egg-info/PKG-INFO
-- Installing: /home/mike54pfeiffer/Desktop/School/ROB599/ROB599_ws/install/hw4_interfaces/lib/python3.12/site-packages/hw4_interfaces
-- Installing: /home/mike54pfeiffer/Desktop/School/ROB599/ROB599_ws/install/hw4_interfaces/lib/python3.12/site-packages/hw4_interfaces/action
-- Installing: /home/mike54pfeiffer/Desktop/School/ROB599/ROB599_ws/install/hw4_interfaces/lib/python3.12/site-packages/hw4_interfaces/action/_rocket_launch.py
-- Installing: /home/mike54pfeiffer/Desktop/School/ROB599/ROB599_ws/install/hw4_interfaces/lib/python3.12/site-packages/hw4_interfaces/action/__init__.py
-- Installing: /home/mike54pfeiffer/Desktop/School/ROB599/ROB599_ws/install/hw4_interfaces/lib/python3.12/site-packages/hw4_interfaces/action/_rocket_launch_s.c
-- Installing: /home/mike54pfeiffer/Desktop/School/ROB599/ROB599_ws/install/hw4_interfaces/lib/python3.12/site-packages/hw4_interfaces/hw4_interfaces_s__rosidl_typesupport_introspection_c.so
-- Installing: /home/mike54pfeiffer/Desktop/School/ROB599/ROB599_ws/install/hw4_interfaces/lib/python3.12/site-packages/hw4_interfaces/__init__.py
-- Installing: /home/mike54pfeiffer/Desktop/School/ROB599/ROB599_ws/install/hw4_interfaces/lib/python3.12/site-packages/hw4_interfaces/hw4_interfaces_s__rosidl_typesupport_fastrtps_c.so
-- Installing: /home/mike54pfeiffer/Desktop/School/ROB599/ROB599_ws/install/hw4_interfaces/lib/python3.12/site-packages/hw4_interfaces/_hw4_interfaces_s.ep.rosidl_typesupport_introspection_c.c
-- Installing: /home/mike54pfeiffer/Desktop/School/ROB599/ROB599_ws/install/hw4_interfaces/lib/python3.12/site-packages/hw4_interfaces/hw4_interfaces_s__rosidl_typesupport_c.so
-- Installing: /home/mike54pfeiffer/Desktop/School/ROB599/ROB599_ws/install/hw4_interfaces/lib/python3.12/site-packages/hw4_interfaces/_hw4_interfaces_s.ep.rosidl_typesupport_c.c
-- Installing: /home/mike54pfeiffer/Desktop/School/ROB599/ROB599_ws/install/hw4_interfaces/lib/python3.12/site-packages/hw4_interfaces/_hw4_interfaces_s.ep.rosidl_typesupport_fastrtps_c.c
Listing '/home/mike54pfeiffer/Desktop/School/ROB599/ROB599_ws/install/hw4_interfaces/lib/python3.12/site-packages/hw4_interfaces'...
Compiling '/home/mike54pfeiffer/Desktop/School/ROB599/ROB599_ws/install/hw4_interfaces/lib/python3.12/site-packages/hw4_interfaces/__init__.py'...
Listing '/home/mike54pfeiffer/Desktop/School/ROB599/ROB599_ws/install/hw4_interfaces/lib/python3.12/site-packages/hw4_interfaces/action'...
Compiling '/home/mike54pfeiffer/Desktop/School/ROB599/ROB599_ws/install/hw4_interfaces/lib/python3.12/site-packages/hw4_interfaces/action/__init__.py'...
Compiling '/home/mike54pfeiffer/Desktop/School/ROB599/ROB599_ws/install/hw4_interfaces/lib/python3.12/site-packages/hw4_interfaces/action/_rocket_launch.py'...
-- Installing: /home/mike54pfeiffer/Desktop/School/ROB599/ROB599_ws/install/hw4_interfaces/lib/python3.12/site-packages/hw4_interfaces/hw4_interfaces_s__rosidl_typesupport_fastrtps_c.so
-- Set non-toolchain portion of runtime path of "/home/mike54pfeiffer/Desktop/School/ROB599/ROB599_ws/install/hw4_interfaces/lib/python3.12/site-packages/hw4_interfaces/hw4_interfaces_s__rosidl_typesupport_fastrtps_c.so" to ""
-- Installing: /home/mike54pfeiffer/Desktop/School/ROB599/ROB599_ws/install/hw4_interfaces/lib/python3.12/site-packages/hw4_interfaces/hw4_interfaces_s__rosidl_typesupport_introspection_c.so
-- Set non-toolchain portion of runtime path of "/home/mike54pfeiffer/Desktop/School/ROB599/ROB599_ws/install/hw4_interfaces/lib/python3.12/site-packages/hw4_interfaces/hw4_interfaces_s__rosidl_typesupport_introspection_c.so" to ""
-- Installing: /home/mike54pfeiffer/Desktop/School/ROB599/ROB599_ws/install/hw4_interfaces/lib/python3.12/site-packages/hw4_interfaces/hw4_interfaces_s__rosidl_typesupport_c.so
-- Set non-toolchain portion of runtime path of "/home/mike54pfeiffer/Desktop/School/ROB599/ROB599_ws/install/hw4_interfaces/lib/python3.12/site-packages/hw4_interfaces/hw4_interfaces_s__rosidl_typesupport_c.so" to ""
-- Installing: /home/mike54pfeiffer/Desktop/School/ROB599/ROB599_ws/install/hw4_interfaces/lib/libhw4_interfaces__rosidl_generator_py.so
-- Set non-toolchain portion of runtime path of "/home/mike54pfeiffer/Desktop/School/ROB599/ROB599_ws/install/hw4_interfaces/lib/libhw4_interfaces__rosidl_generator_py.so" to ""
-- Installing: /home/mike54pfeiffer/Desktop/School/ROB599/ROB599_ws/install/hw4_interfaces/share/hw4_interfaces/action/RocketLaunch.idl
-- Installing: /home/mike54pfeiffer/Desktop/School/ROB599/ROB599_ws/install/hw4_interfaces/share/hw4_interfaces/action/RocketLaunch.action
-- Installing: /home/mike54pfeiffer/Desktop/School/ROB599/ROB599_ws/install/hw4_interfaces/share/ament_index/resource_index/package_run_dependencies/hw4_interfaces
-- Installing: /home/mike54pfeiffer/Desktop/School/ROB599/ROB599_ws/install/hw4_interfaces/share/ament_index/resource_index/parent_prefix_path/hw4_interfaces
-- Installing: /home/mike54pfeiffer/Desktop/School/ROB599/ROB599_ws/install/hw4_interfaces/share/hw4_interfaces/environment/ament_prefix_path.sh
-- Installing: /home/mike54pfeiffer/Desktop/School/ROB599/ROB599_ws/install/hw4_interfaces/share/hw4_interfaces/environment/ament_prefix_path.dsv
-- Installing: /home/mike54pfeiffer/Desktop/School/ROB599/ROB599_ws/install/hw4_interfaces/share/hw4_interfaces/environment/path.sh
-- Installing: /home/mike54pfeiffer/Desktop/School/ROB599/ROB599_ws/install/hw4_interfaces/share/hw4_interfaces/environment/path.dsv
-- Installing: /home/mike54pfeiffer/Desktop/School/ROB599/ROB599_ws/install/hw4_interfaces/share/hw4_interfaces/local_setup.bash
-- Installing: /home/mike54pfeiffer/Desktop/School/ROB599/ROB599_ws/install/hw4_interfaces/share/hw4_interfaces/local_setup.sh
-- Installing: /home/mike54pfeiffer/Desktop/School/ROB599/ROB599_ws/install/hw4_interfaces/share/hw4_interfaces/local_setup.zsh
-- Installing: /home/mike54pfeiffer/Desktop/School/ROB599/ROB599_ws/install/hw4_interfaces/share/hw4_interfaces/local_setup.dsv
-- Installing: /home/mike54pfeiffer/Desktop/School/ROB599/ROB599_ws/install/hw4_interfaces/share/hw4_interfaces/package.dsv
-- Installing: /home/mike54pfeiffer/Desktop/School/ROB599/ROB599_ws/install/hw4_interfaces/share/ament_index/resource_index/packages/hw4_interfaces
-- Installing: /home/mike54pfeiffer/Desktop/School/ROB599/ROB599_ws/install/hw4_interfaces/share/hw4_interfaces/cmake/export_hw4_interfaces__rosidl_generator_cExport.cmake
-- Installing: /home/mike54pfeiffer/Desktop/School/ROB599/ROB599_ws/install/hw4_interfaces/share/hw4_interfaces/cmake/export_hw4_interfaces__rosidl_generator_cExport-noconfig.cmake
-- Installing: /home/mike54pfeiffer/Desktop/School/ROB599/ROB599_ws/install/hw4_interfaces/share/hw4_interfaces/cmake/export_hw4_interfaces__rosidl_typesupport_fastrtps_cExport.cmake
-- Installing: /home/mike54pfeiffer/Desktop/School/ROB599/ROB599_ws/install/hw4_interfaces/share/hw4_interfaces/cmake/export_hw4_interfaces__rosidl_typesupport_fastrtps_cExport-noconfig.cmake
-- Installing: /home/mike54pfeiffer/Desktop/School/ROB599/ROB599_ws/install/hw4_interfaces/share/hw4_interfaces/cmake/hw4_interfaces__rosidl_typesupport_introspection_cExport.cmake
-- Installing: /home/mike54pfeiffer/Desktop/School/ROB599/ROB599_ws/install/hw4_interfaces/share/hw4_interfaces/cmake/hw4_interfaces__rosidl_typesupport_introspection_cExport-noconfig.cmake
-- Installing: /home/mike54pfeiffer/Desktop/School/ROB599/ROB599_ws/install/hw4_interfaces/share/hw4_interfaces/cmake/hw4_interfaces__rosidl_typesupport_cExport.cmake
-- Installing: /home/mike54pfeiffer/Desktop/School/ROB599/ROB599_ws/install/hw4_interfaces/share/hw4_interfaces/cmake/hw4_interfaces__rosidl_typesupport_cExport-noconfig.cmake
-- Installing: /home/mike54pfeiffer/Desktop/School/ROB599/ROB599_ws/install/hw4_interfaces/share/hw4_interfaces/cmake/export_hw4_interfaces__rosidl_generator_cppExport.cmake
-- Installing: /home/mike54pfeiffer/Desktop/School/ROB599/ROB599_ws/install/hw4_interfaces/share/hw4_interfaces/cmake/export_hw4_interfaces__rosidl_typesupport_fastrtps_cppExport.cmake
-- Installing: /home/mike54pfeiffer/Desktop/School/ROB599/ROB599_ws/install/hw4_interfaces/share/hw4_interfaces/cmake/export_hw4_interfaces__rosidl_typesupport_fastrtps_cppExport-noconfig.cmake
-- Installing: /home/mike54pfeiffer/Desktop/School/ROB599/ROB599_ws/install/hw4_interfaces/share/hw4_interfaces/cmake/hw4_interfaces__rosidl_typesupport_introspection_cppExport.cmake
-- Installing: /home/mike54pfeiffer/Desktop/School/ROB599/ROB599_ws/install/hw4_interfaces/share/hw4_interfaces/cmake/hw4_interfaces__rosidl_typesupport_introspection_cppExport-noconfig.cmake
-- Installing: /home/mike54pfeiffer/Desktop/School/ROB599/ROB599_ws/install/hw4_interfaces/share/hw4_interfaces/cmake/hw4_interfaces__rosidl_typesupport_cppExport.cmake
-- Installing: /home/mike54pfeiffer/Desktop/School/ROB599/ROB599_ws/install/hw4_interfaces/share/hw4_interfaces/cmake/hw4_interfaces__rosidl_typesupport_cppExport-noconfig.cmake
-- Installing: /home/mike54pfeiffer/Desktop/School/ROB599/ROB599_ws/install/hw4_interfaces/share/hw4_interfaces/cmake/export_hw4_interfaces__rosidl_generator_pyExport.cmake
-- Installing: /home/mike54pfeiffer/Desktop/School/ROB599/ROB599_ws/install/hw4_interfaces/share/hw4_interfaces/cmake/export_hw4_interfaces__rosidl_generator_pyExport-noconfig.cmake
-- Installing: /home/mike54pfeiffer/Desktop/School/ROB599/ROB599_ws/install/hw4_interfaces/share/hw4_interfaces/cmake/rosidl_cmake-extras.cmake
-- Installing: /home/mike54pfeiffer/Desktop/School/ROB599/ROB599_ws/install/hw4_interfaces/share/hw4_interfaces/cmake/ament_cmake_export_dependencies-extras.cmake
-- Installing: /home/mike54pfeiffer/Desktop/School/ROB599/ROB599_ws/install/hw4_interfaces/share/hw4_interfaces/cmake/ament_cmake_export_include_directories-extras.cmake
-- Installing: /home/mike54pfeiffer/Desktop/School/ROB599/ROB599_ws/install/hw4_interfaces/share/hw4_interfaces/cmake/ament_cmake_export_libraries-extras.cmake
-- Installing: /home/mike54pfeiffer/Desktop/School/ROB599/ROB599_ws/install/hw4_interfaces/share/hw4_interfaces/cmake/ament_cmake_export_targets-extras.cmake
-- Installing: /home/mike54pfeiffer/Desktop/School/ROB599/ROB599_ws/install/hw4_interfaces/share/hw4_interfaces/cmake/rosidl_cmake_export_typesupport_targets-extras.cmake
-- Installing: /home/mike54pfeiffer/Desktop/School/ROB599/ROB599_ws/install/hw4_interfaces/share/hw4_interfaces/cmake/rosidl_cmake_export_typesupport_libraries-extras.cmake
-- Installing: /home/mike54pfeiffer/Desktop/School/ROB599/ROB599_ws/install/hw4_interfaces/share/hw4_interfaces/cmake/hw4_interfacesConfig.cmake
-- Installing: /home/mike54pfeiffer/Desktop/School/ROB599/ROB599_ws/install/hw4_interfaces/share/hw4_interfaces/cmake/hw4_interfacesConfig-version.cmake
-- Installing: /home/mike54pfeiffer/Desktop/School/ROB599/ROB599_ws/install/hw4_interfaces/share/hw4_interfaces/package.xml
