[0.205s] DEBUG:colcon:Command line arguments: ['/usr/bin/colcon', 'build']
[0.205s] DEBUG:colcon:Parsed command line arguments: Namespace(log_base=None, log_level=None, verb_name='build', build_base='build', install_base='install', merge_install=False, symlink_install=False, test_result_base=None, continue_on_error=False, executor='parallel', parallel_workers=12, event_handlers=None, ignore_user_meta=False, metas=['./colcon.meta'], base_paths=['.'], packages_ignore=None, packages_ignore_regex=None, paths=None, packages_up_to=None, packages_up_to_regex=None, packages_above=None, packages_above_and_dependencies=None, packages_above_depth=None, packages_select_by_dep=None, packages_skip_by_dep=None, packages_skip_up_to=None, packages_select_build_failed=False, packages_skip_build_finished=False, packages_select_test_failures=False, packages_skip_test_passed=False, packages_select=None, packages_skip=None, packages_select_regex=None, packages_skip_regex=None, packages_start=None, packages_end=None, allow_overriding=[], cmake_args=None, cmake_target=None, cmake_target_skip_unavailable=False, cmake_clean_cache=False, cmake_clean_first=False, cmake_force_configure=False, ament_cmake_args=None, catkin_cmake_args=None, catkin_skip_building_tests=False, mixin_files=None, mixin=None, verb_parser=<colcon_mixin.mixin.mixin_argument.MixinArgumentDecorator object at 0x7e5dfbbcb6e0>, verb_extension=<colcon_core.verb.build.BuildVerb object at 0x7e5dfbbcb2c0>, main=<bound method BuildVerb.main of <colcon_core.verb.build.BuildVerb object at 0x7e5dfbbcb2c0>>, mixin_verb=('build',))
[0.257s] Level 1:colcon.colcon_core.package_discovery:discover_packages(colcon_meta) check parameters
[0.257s] Level 1:colcon.colcon_core.package_discovery:discover_packages(recursive) check parameters
[0.257s] Level 1:colcon.colcon_core.package_discovery:discover_packages(ignore) check parameters
[0.257s] Level 1:colcon.colcon_core.package_discovery:discover_packages(path) check parameters
[0.257s] Level 1:colcon.colcon_core.package_discovery:discover_packages(colcon_meta) discover
[0.258s] Level 1:colcon.colcon_core.package_discovery:discover_packages(recursive) discover
[0.258s] INFO:colcon.colcon_core.package_discovery:Crawling recursively for packages in '/home/mike54pfeiffer/Desktop/School/ROB599/ROB599_ws'
[0.258s] Level 1:colcon.colcon_core.package_identification:_identify(.) by extensions ['ignore', 'ignore_ament_install']
[0.258s] Level 1:colcon.colcon_core.package_identification:_identify(.) by extension 'ignore'
[0.258s] Level 1:colcon.colcon_core.package_identification:_identify(.) by extension 'ignore_ament_install'
[0.258s] Level 1:colcon.colcon_core.package_identification:_identify(.) by extensions ['colcon_pkg']
[0.258s] Level 1:colcon.colcon_core.package_identification:_identify(.) by extension 'colcon_pkg'
[0.258s] Level 1:colcon.colcon_core.package_identification:_identify(.) by extensions ['colcon_meta']
[0.258s] Level 1:colcon.colcon_core.package_identification:_identify(.) by extension 'colcon_meta'
[0.258s] Level 1:colcon.colcon_core.package_identification:_identify(.) by extensions ['ros']
[0.258s] Level 1:colcon.colcon_core.package_identification:_identify(.) by extension 'ros'
[0.284s] Level 1:colcon.colcon_core.package_identification:_identify(.) by extensions ['cmake', 'python']
[0.284s] Level 1:colcon.colcon_core.package_identification:_identify(.) by extension 'cmake'
[0.284s] Level 1:colcon.colcon_core.package_identification:_identify(.) by extension 'python'
[0.284s] Level 1:colcon.colcon_core.package_identification:_identify(.) by extensions ['python_setup_py']
[0.285s] Level 1:colcon.colcon_core.package_identification:_identify(.) by extension 'python_setup_py'
[0.285s] Level 1:colcon.colcon_core.package_identification:_identify(build) by extensions ['ignore', 'ignore_ament_install']
[0.285s] Level 1:colcon.colcon_core.package_identification:_identify(build) by extension 'ignore'
[0.285s] Level 1:colcon.colcon_core.package_identification:_identify(build) ignored
[0.285s] Level 1:colcon.colcon_core.package_identification:_identify(install) by extensions ['ignore', 'ignore_ament_install']
[0.285s] Level 1:colcon.colcon_core.package_identification:_identify(install) by extension 'ignore'
[0.285s] Level 1:colcon.colcon_core.package_identification:_identify(install) ignored
[0.285s] Level 1:colcon.colcon_core.package_identification:_identify(log) by extensions ['ignore', 'ignore_ament_install']
[0.285s] Level 1:colcon.colcon_core.package_identification:_identify(log) by extension 'ignore'
[0.285s] Level 1:colcon.colcon_core.package_identification:_identify(log) ignored
[0.285s] Level 1:colcon.colcon_core.package_identification:_identify(src) by extensions ['ignore', 'ignore_ament_install']
[0.285s] Level 1:colcon.colcon_core.package_identification:_identify(src) by extension 'ignore'
[0.285s] Level 1:colcon.colcon_core.package_identification:_identify(src) by extension 'ignore_ament_install'
[0.285s] Level 1:colcon.colcon_core.package_identification:_identify(src) by extensions ['colcon_pkg']
[0.285s] Level 1:colcon.colcon_core.package_identification:_identify(src) by extension 'colcon_pkg'
[0.285s] Level 1:colcon.colcon_core.package_identification:_identify(src) by extensions ['colcon_meta']
[0.285s] Level 1:colcon.colcon_core.package_identification:_identify(src) by extension 'colcon_meta'
[0.285s] Level 1:colcon.colcon_core.package_identification:_identify(src) by extensions ['ros']
[0.285s] Level 1:colcon.colcon_core.package_identification:_identify(src) by extension 'ros'
[0.286s] Level 1:colcon.colcon_core.package_identification:_identify(src) by extensions ['cmake', 'python']
[0.286s] Level 1:colcon.colcon_core.package_identification:_identify(src) by extension 'cmake'
[0.286s] Level 1:colcon.colcon_core.package_identification:_identify(src) by extension 'python'
[0.286s] Level 1:colcon.colcon_core.package_identification:_identify(src) by extensions ['python_setup_py']
[0.286s] Level 1:colcon.colcon_core.package_identification:_identify(src) by extension 'python_setup_py'
[0.286s] Level 1:colcon.colcon_core.package_identification:_identify(src/hw2) by extensions ['ignore', 'ignore_ament_install']
[0.286s] Level 1:colcon.colcon_core.package_identification:_identify(src/hw2) by extension 'ignore'
[0.286s] Level 1:colcon.colcon_core.package_identification:_identify(src/hw2) by extension 'ignore_ament_install'
[0.286s] Level 1:colcon.colcon_core.package_identification:_identify(src/hw2) by extensions ['colcon_pkg']
[0.286s] Level 1:colcon.colcon_core.package_identification:_identify(src/hw2) by extension 'colcon_pkg'
[0.286s] Level 1:colcon.colcon_core.package_identification:_identify(src/hw2) by extensions ['colcon_meta']
[0.286s] Level 1:colcon.colcon_core.package_identification:_identify(src/hw2) by extension 'colcon_meta'
[0.286s] Level 1:colcon.colcon_core.package_identification:_identify(src/hw2) by extensions ['ros']
[0.286s] Level 1:colcon.colcon_core.package_identification:_identify(src/hw2) by extension 'ros'
[0.288s] DEBUG:colcon.colcon_core.package_identification:Package 'src/hw2' with type 'ros.ament_python' and name 'hw2'
[0.288s] Level 1:colcon.colcon_core.package_identification:_identify(src/hw3) by extensions ['ignore', 'ignore_ament_install']
[0.288s] Level 1:colcon.colcon_core.package_identification:_identify(src/hw3) by extension 'ignore'
[0.289s] Level 1:colcon.colcon_core.package_identification:_identify(src/hw3) by extension 'ignore_ament_install'
[0.289s] Level 1:colcon.colcon_core.package_identification:_identify(src/hw3) by extensions ['colcon_pkg']
[0.289s] Level 1:colcon.colcon_core.package_identification:_identify(src/hw3) by extension 'colcon_pkg'
[0.289s] Level 1:colcon.colcon_core.package_identification:_identify(src/hw3) by extensions ['colcon_meta']
[0.289s] Level 1:colcon.colcon_core.package_identification:_identify(src/hw3) by extension 'colcon_meta'
[0.289s] Level 1:colcon.colcon_core.package_identification:_identify(src/hw3) by extensions ['ros']
[0.289s] Level 1:colcon.colcon_core.package_identification:_identify(src/hw3) by extension 'ros'
[0.289s] DEBUG:colcon.colcon_core.package_identification:Package 'src/hw3' with type 'ros.ament_python' and name 'hw3'
[0.289s] Level 1:colcon.colcon_core.package_identification:_identify(src/hw3_interfaces) by extensions ['ignore', 'ignore_ament_install']
[0.289s] Level 1:colcon.colcon_core.package_identification:_identify(src/hw3_interfaces) by extension 'ignore'
[0.290s] Level 1:colcon.colcon_core.package_identification:_identify(src/hw3_interfaces) by extension 'ignore_ament_install'
[0.290s] Level 1:colcon.colcon_core.package_identification:_identify(src/hw3_interfaces) by extensions ['colcon_pkg']
[0.290s] Level 1:colcon.colcon_core.package_identification:_identify(src/hw3_interfaces) by extension 'colcon_pkg'
[0.290s] Level 1:colcon.colcon_core.package_identification:_identify(src/hw3_interfaces) by extensions ['colcon_meta']
[0.290s] Level 1:colcon.colcon_core.package_identification:_identify(src/hw3_interfaces) by extension 'colcon_meta'
[0.290s] Level 1:colcon.colcon_core.package_identification:_identify(src/hw3_interfaces) by extensions ['ros']
[0.290s] Level 1:colcon.colcon_core.package_identification:_identify(src/hw3_interfaces) by extension 'ros'
[0.290s] DEBUG:colcon.colcon_core.package_identification:Package 'src/hw3_interfaces' with type 'ros.ament_cmake' and name 'hw3_interfaces'
[0.290s] Level 1:colcon.colcon_core.package_identification:_identify(src/hw4) by extensions ['ignore', 'ignore_ament_install']
[0.290s] Level 1:colcon.colcon_core.package_identification:_identify(src/hw4) by extension 'ignore'
[0.290s] Level 1:colcon.colcon_core.package_identification:_identify(src/hw4) by extension 'ignore_ament_install'
[0.290s] Level 1:colcon.colcon_core.package_identification:_identify(src/hw4) by extensions ['colcon_pkg']
[0.290s] Level 1:colcon.colcon_core.package_identification:_identify(src/hw4) by extension 'colcon_pkg'
[0.290s] Level 1:colcon.colcon_core.package_identification:_identify(src/hw4) by extensions ['colcon_meta']
[0.290s] Level 1:colcon.colcon_core.package_identification:_identify(src/hw4) by extension 'colcon_meta'
[0.291s] Level 1:colcon.colcon_core.package_identification:_identify(src/hw4) by extensions ['ros']
[0.291s] Level 1:colcon.colcon_core.package_identification:_identify(src/hw4) by extension 'ros'
[0.291s] DEBUG:colcon.colcon_core.package_identification:Package 'src/hw4' with type 'ros.ament_python' and name 'hw4'
[0.291s] Level 1:colcon.colcon_core.package_identification:_identify(src/rob599_basic) by extensions ['ignore', 'ignore_ament_install']
[0.291s] Level 1:colcon.colcon_core.package_identification:_identify(src/rob599_basic) by extension 'ignore'
[0.291s] Level 1:colcon.colcon_core.package_identification:_identify(src/rob599_basic) by extension 'ignore_ament_install'
[0.291s] Level 1:colcon.colcon_core.package_identification:_identify(src/rob599_basic) by extensions ['colcon_pkg']
[0.291s] Level 1:colcon.colcon_core.package_identification:_identify(src/rob599_basic) by extension 'colcon_pkg'
[0.291s] Level 1:colcon.colcon_core.package_identification:_identify(src/rob599_basic) by extensions ['colcon_meta']
[0.291s] Level 1:colcon.colcon_core.package_identification:_identify(src/rob599_basic) by extension 'colcon_meta'
[0.291s] Level 1:colcon.colcon_core.package_identification:_identify(src/rob599_basic) by extensions ['ros']
[0.291s] Level 1:colcon.colcon_core.package_identification:_identify(src/rob599_basic) by extension 'ros'
[0.292s] DEBUG:colcon.colcon_core.package_identification:Package 'src/rob599_basic' with type 'ros.ament_python' and name 'rob599_basic'
[0.292s] Level 1:colcon.colcon_core.package_identification:_identify(src/rob599_msgs) by extensions ['ignore', 'ignore_ament_install']
[0.292s] Level 1:colcon.colcon_core.package_identification:_identify(src/rob599_msgs) by extension 'ignore'
[0.292s] Level 1:colcon.colcon_core.package_identification:_identify(src/rob599_msgs) by extension 'ignore_ament_install'
[0.292s] Level 1:colcon.colcon_core.package_identification:_identify(src/rob599_msgs) by extensions ['colcon_pkg']
[0.292s] Level 1:colcon.colcon_core.package_identification:_identify(src/rob599_msgs) by extension 'colcon_pkg'
[0.292s] Level 1:colcon.colcon_core.package_identification:_identify(src/rob599_msgs) by extensions ['colcon_meta']
[0.292s] Level 1:colcon.colcon_core.package_identification:_identify(src/rob599_msgs) by extension 'colcon_meta'
[0.292s] Level 1:colcon.colcon_core.package_identification:_identify(src/rob599_msgs) by extensions ['ros']
[0.292s] Level 1:colcon.colcon_core.package_identification:_identify(src/rob599_msgs) by extension 'ros'
[0.293s] DEBUG:colcon.colcon_core.package_identification:Package 'src/rob599_msgs' with type 'ros.ament_cmake' and name 'rob599_msgs'
[0.293s] Level 1:colcon.colcon_core.package_discovery:discover_packages(recursive) using defaults
[0.293s] Level 1:colcon.colcon_core.package_discovery:discover_packages(ignore) discover
[0.293s] Level 1:colcon.colcon_core.package_discovery:discover_packages(ignore) using defaults
[0.293s] Level 1:colcon.colcon_core.package_discovery:discover_packages(path) discover
[0.293s] Level 1:colcon.colcon_core.package_discovery:discover_packages(path) using defaults
[0.314s] Level 1:colcon.colcon_core.package_discovery:discover_packages(prefix_path) check parameters
[0.314s] Level 1:colcon.colcon_core.package_discovery:discover_packages(prefix_path) discover
[0.318s] DEBUG:colcon.colcon_installed_package_information.package_discovery:Found 6 installed packages in /home/mike54pfeiffer/Desktop/School/ROB599/ROB599_ws/install
[0.320s] DEBUG:colcon.colcon_installed_package_information.package_discovery:Found 318 installed packages in /opt/ros/jazzy
[0.322s] Level 1:colcon.colcon_core.package_discovery:discover_packages(prefix_path) using defaults
[0.406s] Level 5:colcon.colcon_core.verb:set package 'hw2' build argument 'cmake_args' from command line to 'None'
[0.406s] Level 5:colcon.colcon_core.verb:set package 'hw2' build argument 'cmake_target' from command line to 'None'
[0.406s] Level 5:colcon.colcon_core.verb:set package 'hw2' build argument 'cmake_target_skip_unavailable' from command line to 'False'
[0.406s] Level 5:colcon.colcon_core.verb:set package 'hw2' build argument 'cmake_clean_cache' from command line to 'False'
[0.406s] Level 5:colcon.colcon_core.verb:set package 'hw2' build argument 'cmake_clean_first' from command line to 'False'
[0.406s] Level 5:colcon.colcon_core.verb:set package 'hw2' build argument 'cmake_force_configure' from command line to 'False'
[0.406s] Level 5:colcon.colcon_core.verb:set package 'hw2' build argument 'ament_cmake_args' from command line to 'None'
[0.406s] Level 5:colcon.colcon_core.verb:set package 'hw2' build argument 'catkin_cmake_args' from command line to 'None'
[0.406s] Level 5:colcon.colcon_core.verb:set package 'hw2' build argument 'catkin_skip_building_tests' from command line to 'False'
[0.406s] DEBUG:colcon.colcon_core.verb:Building package 'hw2' with the following arguments: {'ament_cmake_args': None, 'build_base': '/home/mike54pfeiffer/Desktop/School/ROB599/ROB599_ws/build/hw2', 'catkin_cmake_args': None, 'catkin_skip_building_tests': False, 'cmake_args': None, 'cmake_clean_cache': False, 'cmake_clean_first': False, 'cmake_force_configure': False, 'cmake_target': None, 'cmake_target_skip_unavailable': False, 'install_base': '/home/mike54pfeiffer/Desktop/School/ROB599/ROB599_ws/install/hw2', 'merge_install': False, 'path': '/home/mike54pfeiffer/Desktop/School/ROB599/ROB599_ws/src/hw2', 'symlink_install': False, 'test_result_base': None}
[0.406s] Level 5:colcon.colcon_core.verb:set package 'hw3_interfaces' build argument 'cmake_args' from command line to 'None'
[0.406s] Level 5:colcon.colcon_core.verb:set package 'hw3_interfaces' build argument 'cmake_target' from command line to 'None'
[0.406s] Level 5:colcon.colcon_core.verb:set package 'hw3_interfaces' build argument 'cmake_target_skip_unavailable' from command line to 'False'
[0.406s] Level 5:colcon.colcon_core.verb:set package 'hw3_interfaces' build argument 'cmake_clean_cache' from command line to 'False'
[0.406s] Level 5:colcon.colcon_core.verb:set package 'hw3_interfaces' build argument 'cmake_clean_first' from command line to 'False'
[0.406s] Level 5:colcon.colcon_core.verb:set package 'hw3_interfaces' build argument 'cmake_force_configure' from command line to 'False'
[0.406s] Level 5:colcon.colcon_core.verb:set package 'hw3_interfaces' build argument 'ament_cmake_args' from command line to 'None'
[0.406s] Level 5:colcon.colcon_core.verb:set package 'hw3_interfaces' build argument 'catkin_cmake_args' from command line to 'None'
[0.406s] Level 5:colcon.colcon_core.verb:set package 'hw3_interfaces' build argument 'catkin_skip_building_tests' from command line to 'False'
[0.406s] DEBUG:colcon.colcon_core.verb:Building package 'hw3_interfaces' with the following arguments: {'ament_cmake_args': None, 'build_base': '/home/mike54pfeiffer/Desktop/School/ROB599/ROB599_ws/build/hw3_interfaces', 'catkin_cmake_args': None, 'catkin_skip_building_tests': False, 'cmake_args': None, 'cmake_clean_cache': False, 'cmake_clean_first': False, 'cmake_force_configure': False, 'cmake_target': None, 'cmake_target_skip_unavailable': False, 'install_base': '/home/mike54pfeiffer/Desktop/School/ROB599/ROB599_ws/install/hw3_interfaces', 'merge_install': False, 'path': '/home/mike54pfeiffer/Desktop/School/ROB599/ROB599_ws/src/hw3_interfaces', 'symlink_install': False, 'test_result_base': None}
[0.407s] Level 5:colcon.colcon_core.verb:set package 'hw4' build argument 'cmake_args' from command line to 'None'
[0.407s] Level 5:colcon.colcon_core.verb:set package 'hw4' build argument 'cmake_target' from command line to 'None'
[0.407s] Level 5:colcon.colcon_core.verb:set package 'hw4' build argument 'cmake_target_skip_unavailable' from command line to 'False'
[0.407s] Level 5:colcon.colcon_core.verb:set package 'hw4' build argument 'cmake_clean_cache' from command line to 'False'
[0.407s] Level 5:colcon.colcon_core.verb:set package 'hw4' build argument 'cmake_clean_first' from command line to 'False'
[0.407s] Level 5:colcon.colcon_core.verb:set package 'hw4' build argument 'cmake_force_configure' from command line to 'False'
[0.407s] Level 5:colcon.colcon_core.verb:set package 'hw4' build argument 'ament_cmake_args' from command line to 'None'
[0.407s] Level 5:colcon.colcon_core.verb:set package 'hw4' build argument 'catkin_cmake_args' from command line to 'None'
[0.407s] Level 5:colcon.colcon_core.verb:set package 'hw4' build argument 'catkin_skip_building_tests' from command line to 'False'
[0.407s] DEBUG:colcon.colcon_core.verb:Building package 'hw4' with the following arguments: {'ament_cmake_args': None, 'build_base': '/home/mike54pfeiffer/Desktop/School/ROB599/ROB599_ws/build/hw4', 'catkin_cmake_args': None, 'catkin_skip_building_tests': False, 'cmake_args': None, 'cmake_clean_cache': False, 'cmake_clean_first': False, 'cmake_force_configure': False, 'cmake_target': None, 'cmake_target_skip_unavailable': False, 'install_base': '/home/mike54pfeiffer/Desktop/School/ROB599/ROB599_ws/install/hw4', 'merge_install': False, 'path': '/home/mike54pfeiffer/Desktop/School/ROB599/ROB599_ws/src/hw4', 'symlink_install': False, 'test_result_base': None}
[0.407s] Level 5:colcon.colcon_core.verb:set package 'rob599_basic' build argument 'cmake_args' from command line to 'None'
[0.407s] Level 5:colcon.colcon_core.verb:set package 'rob599_basic' build argument 'cmake_target' from command line to 'None'
[0.407s] Level 5:colcon.colcon_core.verb:set package 'rob599_basic' build argument 'cmake_target_skip_unavailable' from command line to 'False'
[0.407s] Level 5:colcon.colcon_core.verb:set package 'rob599_basic' build argument 'cmake_clean_cache' from command line to 'False'
[0.407s] Level 5:colcon.colcon_core.verb:set package 'rob599_basic' build argument 'cmake_clean_first' from command line to 'False'
[0.407s] Level 5:colcon.colcon_core.verb:set package 'rob599_basic' build argument 'cmake_force_configure' from command line to 'False'
[0.407s] Level 5:colcon.colcon_core.verb:set package 'rob599_basic' build argument 'ament_cmake_args' from command line to 'None'
[0.407s] Level 5:colcon.colcon_core.verb:set package 'rob599_basic' build argument 'catkin_cmake_args' from command line to 'None'
[0.407s] Level 5:colcon.colcon_core.verb:set package 'rob599_basic' build argument 'catkin_skip_building_tests' from command line to 'False'
[0.407s] DEBUG:colcon.colcon_core.verb:Building package 'rob599_basic' with the following arguments: {'ament_cmake_args': None, 'build_base': '/home/mike54pfeiffer/Desktop/School/ROB599/ROB599_ws/build/rob599_basic', 'catkin_cmake_args': None, 'catkin_skip_building_tests': False, 'cmake_args': None, 'cmake_clean_cache': False, 'cmake_clean_first': False, 'cmake_force_configure': False, 'cmake_target': None, 'cmake_target_skip_unavailable': False, 'install_base': '/home/mike54pfeiffer/Desktop/School/ROB599/ROB599_ws/install/rob599_basic', 'merge_install': False, 'path': '/home/mike54pfeiffer/Desktop/School/ROB599/ROB599_ws/src/rob599_basic', 'symlink_install': False, 'test_result_base': None}
[0.407s] Level 5:colcon.colcon_core.verb:set package 'rob599_msgs' build argument 'cmake_args' from command line to 'None'
[0.407s] Level 5:colcon.colcon_core.verb:set package 'rob599_msgs' build argument 'cmake_target' from command line to 'None'
[0.407s] Level 5:colcon.colcon_core.verb:set package 'rob599_msgs' build argument 'cmake_target_skip_unavailable' from command line to 'False'
[0.407s] Level 5:colcon.colcon_core.verb:set package 'rob599_msgs' build argument 'cmake_clean_cache' from command line to 'False'
[0.407s] Level 5:colcon.colcon_core.verb:set package 'rob599_msgs' build argument 'cmake_clean_first' from command line to 'False'
[0.407s] Level 5:colcon.colcon_core.verb:set package 'rob599_msgs' build argument 'cmake_force_configure' from command line to 'False'
[0.407s] Level 5:colcon.colcon_core.verb:set package 'rob599_msgs' build argument 'ament_cmake_args' from command line to 'None'
[0.407s] Level 5:colcon.colcon_core.verb:set package 'rob599_msgs' build argument 'catkin_cmake_args' from command line to 'None'
[0.407s] Level 5:colcon.colcon_core.verb:set package 'rob599_msgs' build argument 'catkin_skip_building_tests' from command line to 'False'
[0.407s] DEBUG:colcon.colcon_core.verb:Building package 'rob599_msgs' with the following arguments: {'ament_cmake_args': None, 'build_base': '/home/mike54pfeiffer/Desktop/School/ROB599/ROB599_ws/build/rob599_msgs', 'catkin_cmake_args': None, 'catkin_skip_building_tests': False, 'cmake_args': None, 'cmake_clean_cache': False, 'cmake_clean_first': False, 'cmake_force_configure': False, 'cmake_target': None, 'cmake_target_skip_unavailable': False, 'install_base': '/home/mike54pfeiffer/Desktop/School/ROB599/ROB599_ws/install/rob599_msgs', 'merge_install': False, 'path': '/home/mike54pfeiffer/Desktop/School/ROB599/ROB599_ws/src/rob599_msgs', 'symlink_install': False, 'test_result_base': None}
[0.407s] Level 5:colcon.colcon_core.verb:set package 'hw3' build argument 'cmake_args' from command line to 'None'
[0.407s] Level 5:colcon.colcon_core.verb:set package 'hw3' build argument 'cmake_target' from command line to 'None'
[0.407s] Level 5:colcon.colcon_core.verb:set package 'hw3' build argument 'cmake_target_skip_unavailable' from command line to 'False'
[0.407s] Level 5:colcon.colcon_core.verb:set package 'hw3' build argument 'cmake_clean_cache' from command line to 'False'
[0.407s] Level 5:colcon.colcon_core.verb:set package 'hw3' build argument 'cmake_clean_first' from command line to 'False'
[0.408s] Level 5:colcon.colcon_core.verb:set package 'hw3' build argument 'cmake_force_configure' from command line to 'False'
[0.408s] Level 5:colcon.colcon_core.verb:set package 'hw3' build argument 'ament_cmake_args' from command line to 'None'
[0.408s] Level 5:colcon.colcon_core.verb:set package 'hw3' build argument 'catkin_cmake_args' from command line to 'None'
[0.408s] Level 5:colcon.colcon_core.verb:set package 'hw3' build argument 'catkin_skip_building_tests' from command line to 'False'
[0.408s] DEBUG:colcon.colcon_core.verb:Building package 'hw3' with the following arguments: {'ament_cmake_args': None, 'build_base': '/home/mike54pfeiffer/Desktop/School/ROB599/ROB599_ws/build/hw3', 'catkin_cmake_args': None, 'catkin_skip_building_tests': False, 'cmake_args': None, 'cmake_clean_cache': False, 'cmake_clean_first': False, 'cmake_force_configure': False, 'cmake_target': None, 'cmake_target_skip_unavailable': False, 'install_base': '/home/mike54pfeiffer/Desktop/School/ROB599/ROB599_ws/install/hw3', 'merge_install': False, 'path': '/home/mike54pfeiffer/Desktop/School/ROB599/ROB599_ws/src/hw3', 'symlink_install': False, 'test_result_base': None}
[0.408s] INFO:colcon.colcon_core.executor:Executing jobs using 'parallel' executor
[0.408s] DEBUG:colcon.colcon_parallel_executor.executor.parallel:run_until_complete
[0.409s] INFO:colcon.colcon_ros.task.ament_cmake.build:Building ROS package in '/home/mike54pfeiffer/Desktop/School/ROB599/ROB599_ws/src/hw3_interfaces' with build type 'ament_cmake'
[0.409s] INFO:colcon.colcon_cmake.task.cmake.build:Building CMake package in '/home/mike54pfeiffer/Desktop/School/ROB599/ROB599_ws/src/hw3_interfaces'
[0.412s] INFO:colcon.colcon_core.plugin_system:Skipping extension 'colcon_core.shell.bat': Not used on non-Windows systems
[0.412s] INFO:colcon.colcon_core.shell:Skip shell extension 'powershell' for command environment: Not usable outside of PowerShell
[0.412s] DEBUG:colcon.colcon_core.shell:Skip shell extension 'dsv' for command environment
[0.417s] INFO:colcon.colcon_ros.task.ament_python.build:Building ROS package in '/home/mike54pfeiffer/Desktop/School/ROB599/ROB599_ws/src/hw2' with build type 'ament_python'
[0.417s] Level 1:colcon.colcon_core.shell:create_environment_hook('hw2', 'ament_prefix_path')
[0.417s] INFO:colcon.colcon_core.shell:Creating environment hook '/home/mike54pfeiffer/Desktop/School/ROB599/ROB599_ws/install/hw2/share/hw2/hook/ament_prefix_path.ps1'
[0.419s] INFO:colcon.colcon_core.shell:Creating environment descriptor '/home/mike54pfeiffer/Desktop/School/ROB599/ROB599_ws/install/hw2/share/hw2/hook/ament_prefix_path.dsv'
[0.419s] INFO:colcon.colcon_core.shell:Creating environment hook '/home/mike54pfeiffer/Desktop/School/ROB599/ROB599_ws/install/hw2/share/hw2/hook/ament_prefix_path.sh'
[0.420s] INFO:colcon.colcon_core.shell:Skip shell extension 'powershell' for command environment: Not usable outside of PowerShell
[0.420s] DEBUG:colcon.colcon_core.shell:Skip shell extension 'dsv' for command environment
[0.423s] INFO:colcon.colcon_ros.task.ament_python.build:Building ROS package in '/home/mike54pfeiffer/Desktop/School/ROB599/ROB599_ws/src/hw4' with build type 'ament_python'
[0.423s] Level 1:colcon.colcon_core.shell:create_environment_hook('hw4', 'ament_prefix_path')
[0.424s] INFO:colcon.colcon_core.shell:Creating environment hook '/home/mike54pfeiffer/Desktop/School/ROB599/ROB599_ws/install/hw4/share/hw4/hook/ament_prefix_path.ps1'
[0.424s] INFO:colcon.colcon_core.shell:Creating environment descriptor '/home/mike54pfeiffer/Desktop/School/ROB599/ROB599_ws/install/hw4/share/hw4/hook/ament_prefix_path.dsv'
[0.425s] INFO:colcon.colcon_core.shell:Creating environment hook '/home/mike54pfeiffer/Desktop/School/ROB599/ROB599_ws/install/hw4/share/hw4/hook/ament_prefix_path.sh'
[0.426s] INFO:colcon.colcon_core.shell:Skip shell extension 'powershell' for command environment: Not usable outside of PowerShell
[0.426s] DEBUG:colcon.colcon_core.shell:Skip shell extension 'dsv' for command environment
[0.429s] INFO:colcon.colcon_ros.task.ament_python.build:Building ROS package in '/home/mike54pfeiffer/Desktop/School/ROB599/ROB599_ws/src/rob599_basic' with build type 'ament_python'
[0.429s] Level 1:colcon.colcon_core.shell:create_environment_hook('rob599_basic', 'ament_prefix_path')
[0.429s] INFO:colcon.colcon_core.shell:Creating environment hook '/home/mike54pfeiffer/Desktop/School/ROB599/ROB599_ws/install/rob599_basic/share/rob599_basic/hook/ament_prefix_path.ps1'
[0.430s] INFO:colcon.colcon_core.shell:Creating environment descriptor '/home/mike54pfeiffer/Desktop/School/ROB599/ROB599_ws/install/rob599_basic/share/rob599_basic/hook/ament_prefix_path.dsv'
[0.431s] INFO:colcon.colcon_core.shell:Creating environment hook '/home/mike54pfeiffer/Desktop/School/ROB599/ROB599_ws/install/rob599_basic/share/rob599_basic/hook/ament_prefix_path.sh'
[0.432s] INFO:colcon.colcon_core.shell:Skip shell extension 'powershell' for command environment: Not usable outside of PowerShell
[0.432s] DEBUG:colcon.colcon_core.shell:Skip shell extension 'dsv' for command environment
[0.435s] INFO:colcon.colcon_ros.task.ament_cmake.build:Building ROS package in '/home/mike54pfeiffer/Desktop/School/ROB599/ROB599_ws/src/rob599_msgs' with build type 'ament_cmake'
[0.435s] INFO:colcon.colcon_cmake.task.cmake.build:Building CMake package in '/home/mike54pfeiffer/Desktop/School/ROB599/ROB599_ws/src/rob599_msgs'
[0.436s] INFO:colcon.colcon_core.shell:Skip shell extension 'powershell' for command environment: Not usable outside of PowerShell
[0.436s] DEBUG:colcon.colcon_core.shell:Skip shell extension 'dsv' for command environment
[0.444s] DEBUG:colcon.colcon_core.event_handler.log_command:Invoking command in '/home/mike54pfeiffer/Desktop/School/ROB599/ROB599_ws/build/hw3_interfaces': CMAKE_PREFIX_PATH=${CMAKE_PREFIX_PATH}:/home/mike54pfeiffer/Desktop/School/ROB599/ROB599_ws/install/rob599_basic:/home/mike54pfeiffer/Desktop/School/ROB599/ROB599_ws/install/hw4:/home/mike54pfeiffer/Desktop/School/ROB599/ROB599_ws/install/hw3:/home/mike54pfeiffer/Desktop/School/ROB599/ROB599_ws/install/hw2:/opt/ros/jazzy DEBUGINFOD_URLS=https://debuginfod.ubuntu.com /usr/bin/cmake --build /home/mike54pfeiffer/Desktop/School/ROB599/ROB599_ws/build/hw3_interfaces -- -j12 -l12
[0.720s] INFO:colcon.colcon_core.task.python.build:Building Python package in '/home/mike54pfeiffer/Desktop/School/ROB599/ROB599_ws/src/hw2'
[0.720s] INFO:colcon.colcon_core.shell:Skip shell extension 'powershell' for command environment: Not usable outside of PowerShell
[0.720s] DEBUG:colcon.colcon_core.shell:Skip shell extension 'dsv' for command environment
[0.957s] INFO:colcon.colcon_core.task.python.build:Building Python package in '/home/mike54pfeiffer/Desktop/School/ROB599/ROB599_ws/src/hw4'
[0.957s] INFO:colcon.colcon_core.shell:Skip shell extension 'powershell' for command environment: Not usable outside of PowerShell
[0.957s] DEBUG:colcon.colcon_core.shell:Skip shell extension 'dsv' for command environment
[1.181s] INFO:colcon.colcon_core.task.python.build:Building Python package in '/home/mike54pfeiffer/Desktop/School/ROB599/ROB599_ws/src/rob599_basic'
[1.181s] INFO:colcon.colcon_core.shell:Skip shell extension 'powershell' for command environment: Not usable outside of PowerShell
[1.181s] DEBUG:colcon.colcon_core.shell:Skip shell extension 'dsv' for command environment
[1.188s] DEBUG:colcon.colcon_core.event_handler.log_command:Invoked command in '/home/mike54pfeiffer/Desktop/School/ROB599/ROB599_ws/build/hw3_interfaces' returned '0': CMAKE_PREFIX_PATH=${CMAKE_PREFIX_PATH}:/home/mike54pfeiffer/Desktop/School/ROB599/ROB599_ws/install/rob599_basic:/home/mike54pfeiffer/Desktop/School/ROB599/ROB599_ws/install/hw4:/home/mike54pfeiffer/Desktop/School/ROB599/ROB599_ws/install/hw3:/home/mike54pfeiffer/Desktop/School/ROB599/ROB599_ws/install/hw2:/opt/ros/jazzy DEBUGINFOD_URLS=https://debuginfod.ubuntu.com /usr/bin/cmake --build /home/mike54pfeiffer/Desktop/School/ROB599/ROB599_ws/build/hw3_interfaces -- -j12 -l12
[1.198s] DEBUG:colcon.colcon_core.event_handler.log_command:Invoking command in '/home/mike54pfeiffer/Desktop/School/ROB599/ROB599_ws/build/hw3_interfaces': CMAKE_PREFIX_PATH=${CMAKE_PREFIX_PATH}:/home/mike54pfeiffer/Desktop/School/ROB599/ROB599_ws/install/rob599_basic:/home/mike54pfeiffer/Desktop/School/ROB599/ROB599_ws/install/hw4:/home/mike54pfeiffer/Desktop/School/ROB599/ROB599_ws/install/hw3:/home/mike54pfeiffer/Desktop/School/ROB599/ROB599_ws/install/hw2:/opt/ros/jazzy DEBUGINFOD_URLS=https://debuginfod.ubuntu.com /usr/bin/cmake --install /home/mike54pfeiffer/Desktop/School/ROB599/ROB599_ws/build/hw3_interfaces
[1.200s] DEBUG:colcon.colcon_core.event_handler.log_command:Invoking command in '/home/mike54pfeiffer/Desktop/School/ROB599/ROB599_ws/build/rob599_msgs': CMAKE_PREFIX_PATH=${CMAKE_PREFIX_PATH}:/home/mike54pfeiffer/Desktop/School/ROB599/ROB599_ws/install/rob599_basic:/home/mike54pfeiffer/Desktop/School/ROB599/ROB599_ws/install/hw4:/home/mike54pfeiffer/Desktop/School/ROB599/ROB599_ws/install/hw3:/home/mike54pfeiffer/Desktop/School/ROB599/ROB599_ws/install/hw2:/opt/ros/jazzy DEBUGINFOD_URLS=https://debuginfod.ubuntu.com /usr/bin/cmake --build /home/mike54pfeiffer/Desktop/School/ROB599/ROB599_ws/build/rob599_msgs -- -j12 -l12
[1.291s] Level 1:colcon.colcon_core.environment:create_environment_scripts_only(hw3_interfaces)
[1.292s] DEBUG:colcon.colcon_core.event_handler.log_command:Invoked command in '/home/mike54pfeiffer/Desktop/School/ROB599/ROB599_ws/build/hw3_interfaces' returned '0': CMAKE_PREFIX_PATH=${CMAKE_PREFIX_PATH}:/home/mike54pfeiffer/Desktop/School/ROB599/ROB599_ws/install/rob599_basic:/home/mike54pfeiffer/Desktop/School/ROB599/ROB599_ws/install/hw4:/home/mike54pfeiffer/Desktop/School/ROB599/ROB599_ws/install/hw3:/home/mike54pfeiffer/Desktop/School/ROB599/ROB599_ws/install/hw2:/opt/ros/jazzy DEBUGINFOD_URLS=https://debuginfod.ubuntu.com /usr/bin/cmake --install /home/mike54pfeiffer/Desktop/School/ROB599/ROB599_ws/build/hw3_interfaces
[1.297s] Level 1:colcon.colcon_core.environment:checking '/home/mike54pfeiffer/Desktop/School/ROB599/ROB599_ws/install/hw3_interfaces' for CMake module files
[1.298s] Level 1:colcon.colcon_core.environment:checking '/home/mike54pfeiffer/Desktop/School/ROB599/ROB599_ws/install/hw3_interfaces' for CMake config files
[1.299s] Level 1:colcon.colcon_core.shell:create_environment_hook('hw3_interfaces', 'cmake_prefix_path')
[1.299s] INFO:colcon.colcon_core.shell:Creating environment hook '/home/mike54pfeiffer/Desktop/School/ROB599/ROB599_ws/install/hw3_interfaces/share/hw3_interfaces/hook/cmake_prefix_path.ps1'
[1.300s] INFO:colcon.colcon_core.shell:Creating environment descriptor '/home/mike54pfeiffer/Desktop/School/ROB599/ROB599_ws/install/hw3_interfaces/share/hw3_interfaces/hook/cmake_prefix_path.dsv'
[1.300s] INFO:colcon.colcon_core.shell:Creating environment hook '/home/mike54pfeiffer/Desktop/School/ROB599/ROB599_ws/install/hw3_interfaces/share/hw3_interfaces/hook/cmake_prefix_path.sh'
[1.301s] Level 1:colcon.colcon_core.environment:checking '/home/mike54pfeiffer/Desktop/School/ROB599/ROB599_ws/install/hw3_interfaces/lib'
[1.302s] Level 1:colcon.colcon_core.shell:create_environment_hook('hw3_interfaces', 'ld_library_path_lib')
[1.302s] INFO:colcon.colcon_core.shell:Creating environment hook '/home/mike54pfeiffer/Desktop/School/ROB599/ROB599_ws/install/hw3_interfaces/share/hw3_interfaces/hook/ld_library_path_lib.ps1'
[1.302s] INFO:colcon.colcon_core.shell:Creating environment descriptor '/home/mike54pfeiffer/Desktop/School/ROB599/ROB599_ws/install/hw3_interfaces/share/hw3_interfaces/hook/ld_library_path_lib.dsv'
[1.303s] INFO:colcon.colcon_core.shell:Creating environment hook '/home/mike54pfeiffer/Desktop/School/ROB599/ROB599_ws/install/hw3_interfaces/share/hw3_interfaces/hook/ld_library_path_lib.sh'
[1.303s] Level 1:colcon.colcon_core.environment:checking '/home/mike54pfeiffer/Desktop/School/ROB599/ROB599_ws/install/hw3_interfaces/bin'
[1.303s] Level 1:colcon.colcon_core.environment:checking '/home/mike54pfeiffer/Desktop/School/ROB599/ROB599_ws/install/hw3_interfaces/lib/pkgconfig/hw3_interfaces.pc'
[1.304s] Level 1:colcon.colcon_core.environment:checking '/home/mike54pfeiffer/Desktop/School/ROB599/ROB599_ws/install/hw3_interfaces/lib/python3.12/site-packages'
[1.304s] Level 1:colcon.colcon_core.shell:create_environment_hook('hw3_interfaces', 'pythonpath')
[1.304s] INFO:colcon.colcon_core.shell:Creating environment hook '/home/mike54pfeiffer/Desktop/School/ROB599/ROB599_ws/install/hw3_interfaces/share/hw3_interfaces/hook/pythonpath.ps1'
[1.305s] INFO:colcon.colcon_core.shell:Creating environment descriptor '/home/mike54pfeiffer/Desktop/School/ROB599/ROB599_ws/install/hw3_interfaces/share/hw3_interfaces/hook/pythonpath.dsv'
[1.305s] INFO:colcon.colcon_core.shell:Creating environment hook '/home/mike54pfeiffer/Desktop/School/ROB599/ROB599_ws/install/hw3_interfaces/share/hw3_interfaces/hook/pythonpath.sh'
[1.306s] Level 1:colcon.colcon_core.environment:checking '/home/mike54pfeiffer/Desktop/School/ROB599/ROB599_ws/install/hw3_interfaces/bin'
[1.306s] INFO:colcon.colcon_core.shell:Creating package script '/home/mike54pfeiffer/Desktop/School/ROB599/ROB599_ws/install/hw3_interfaces/share/hw3_interfaces/package.ps1'
[1.307s] INFO:colcon.colcon_core.shell:Creating package descriptor '/home/mike54pfeiffer/Desktop/School/ROB599/ROB599_ws/install/hw3_interfaces/share/hw3_interfaces/package.dsv'
[1.309s] INFO:colcon.colcon_core.shell:Creating package script '/home/mike54pfeiffer/Desktop/School/ROB599/ROB599_ws/install/hw3_interfaces/share/hw3_interfaces/package.sh'
[1.309s] INFO:colcon.colcon_core.shell:Creating package script '/home/mike54pfeiffer/Desktop/School/ROB599/ROB599_ws/install/hw3_interfaces/share/hw3_interfaces/package.bash'
[1.311s] INFO:colcon.colcon_core.shell:Creating package script '/home/mike54pfeiffer/Desktop/School/ROB599/ROB599_ws/install/hw3_interfaces/share/hw3_interfaces/package.zsh'
[1.312s] Level 1:colcon.colcon_core.environment:create_file_with_runtime_dependencies(/home/mike54pfeiffer/Desktop/School/ROB599/ROB599_ws/install/hw3_interfaces/share/colcon-core/packages/hw3_interfaces)
[1.313s] Level 1:colcon.colcon_core.environment:create_environment_scripts_only(hw3_interfaces)
[1.313s] Level 1:colcon.colcon_core.environment:checking '/home/mike54pfeiffer/Desktop/School/ROB599/ROB599_ws/install/hw3_interfaces' for CMake module files
[1.313s] Level 1:colcon.colcon_core.environment:checking '/home/mike54pfeiffer/Desktop/School/ROB599/ROB599_ws/install/hw3_interfaces' for CMake config files
[1.314s] Level 1:colcon.colcon_core.shell:create_environment_hook('hw3_interfaces', 'cmake_prefix_path')
[1.314s] INFO:colcon.colcon_core.shell:Creating environment hook '/home/mike54pfeiffer/Desktop/School/ROB599/ROB599_ws/install/hw3_interfaces/share/hw3_interfaces/hook/cmake_prefix_path.ps1'
[1.314s] INFO:colcon.colcon_core.shell:Creating environment descriptor '/home/mike54pfeiffer/Desktop/School/ROB599/ROB599_ws/install/hw3_interfaces/share/hw3_interfaces/hook/cmake_prefix_path.dsv'
[1.315s] INFO:colcon.colcon_core.shell:Creating environment hook '/home/mike54pfeiffer/Desktop/School/ROB599/ROB599_ws/install/hw3_interfaces/share/hw3_interfaces/hook/cmake_prefix_path.sh'
[1.316s] Level 1:colcon.colcon_core.environment:checking '/home/mike54pfeiffer/Desktop/School/ROB599/ROB599_ws/install/hw3_interfaces/lib'
[1.316s] Level 1:colcon.colcon_core.shell:create_environment_hook('hw3_interfaces', 'ld_library_path_lib')
[1.316s] INFO:colcon.colcon_core.shell:Creating environment hook '/home/mike54pfeiffer/Desktop/School/ROB599/ROB599_ws/install/hw3_interfaces/share/hw3_interfaces/hook/ld_library_path_lib.ps1'
[1.317s] INFO:colcon.colcon_core.shell:Creating environment descriptor '/home/mike54pfeiffer/Desktop/School/ROB599/ROB599_ws/install/hw3_interfaces/share/hw3_interfaces/hook/ld_library_path_lib.dsv'
[1.317s] INFO:colcon.colcon_core.shell:Creating environment hook '/home/mike54pfeiffer/Desktop/School/ROB599/ROB599_ws/install/hw3_interfaces/share/hw3_interfaces/hook/ld_library_path_lib.sh'
[1.318s] Level 1:colcon.colcon_core.environment:checking '/home/mike54pfeiffer/Desktop/School/ROB599/ROB599_ws/install/hw3_interfaces/bin'
[1.318s] Level 1:colcon.colcon_core.environment:checking '/home/mike54pfeiffer/Desktop/School/ROB599/ROB599_ws/install/hw3_interfaces/lib/pkgconfig/hw3_interfaces.pc'
[1.318s] Level 1:colcon.colcon_core.environment:checking '/home/mike54pfeiffer/Desktop/School/ROB599/ROB599_ws/install/hw3_interfaces/lib/python3.12/site-packages'
[1.318s] Level 1:colcon.colcon_core.shell:create_environment_hook('hw3_interfaces', 'pythonpath')
[1.319s] INFO:colcon.colcon_core.shell:Creating environment hook '/home/mike54pfeiffer/Desktop/School/ROB599/ROB599_ws/install/hw3_interfaces/share/hw3_interfaces/hook/pythonpath.ps1'
[1.320s] INFO:colcon.colcon_core.shell:Creating environment descriptor '/home/mike54pfeiffer/Desktop/School/ROB599/ROB599_ws/install/hw3_interfaces/share/hw3_interfaces/hook/pythonpath.dsv'
[1.320s] INFO:colcon.colcon_core.shell:Creating environment hook '/home/mike54pfeiffer/Desktop/School/ROB599/ROB599_ws/install/hw3_interfaces/share/hw3_interfaces/hook/pythonpath.sh'
[1.321s] Level 1:colcon.colcon_core.environment:checking '/home/mike54pfeiffer/Desktop/School/ROB599/ROB599_ws/install/hw3_interfaces/bin'
[1.322s] INFO:colcon.colcon_core.shell:Creating package script '/home/mike54pfeiffer/Desktop/School/ROB599/ROB599_ws/install/hw3_interfaces/share/hw3_interfaces/package.ps1'
[1.323s] INFO:colcon.colcon_core.shell:Creating package descriptor '/home/mike54pfeiffer/Desktop/School/ROB599/ROB599_ws/install/hw3_interfaces/share/hw3_interfaces/package.dsv'
[1.323s] INFO:colcon.colcon_core.shell:Creating package script '/home/mike54pfeiffer/Desktop/School/ROB599/ROB599_ws/install/hw3_interfaces/share/hw3_interfaces/package.sh'
[1.324s] INFO:colcon.colcon_core.shell:Creating package script '/home/mike54pfeiffer/Desktop/School/ROB599/ROB599_ws/install/hw3_interfaces/share/hw3_interfaces/package.bash'
[1.325s] INFO:colcon.colcon_core.shell:Creating package script '/home/mike54pfeiffer/Desktop/School/ROB599/ROB599_ws/install/hw3_interfaces/share/hw3_interfaces/package.zsh'
[1.326s] Level 1:colcon.colcon_core.environment:create_file_with_runtime_dependencies(/home/mike54pfeiffer/Desktop/School/ROB599/ROB599_ws/install/hw3_interfaces/share/colcon-core/packages/hw3_interfaces)
[1.327s] INFO:colcon.colcon_ros.task.ament_python.build:Building ROS package in '/home/mike54pfeiffer/Desktop/School/ROB599/ROB599_ws/src/hw3' with build type 'ament_python'
[1.327s] Level 1:colcon.colcon_core.shell:create_environment_hook('hw3', 'ament_prefix_path')
[1.328s] INFO:colcon.colcon_core.shell:Creating environment hook '/home/mike54pfeiffer/Desktop/School/ROB599/ROB599_ws/install/hw3/share/hw3/hook/ament_prefix_path.ps1'
[1.329s] INFO:colcon.colcon_core.shell:Creating environment descriptor '/home/mike54pfeiffer/Desktop/School/ROB599/ROB599_ws/install/hw3/share/hw3/hook/ament_prefix_path.dsv'
[1.330s] INFO:colcon.colcon_core.shell:Creating environment hook '/home/mike54pfeiffer/Desktop/School/ROB599/ROB599_ws/install/hw3/share/hw3/hook/ament_prefix_path.sh'
[1.331s] INFO:colcon.colcon_core.shell:Skip shell extension 'powershell' for command environment: Not usable outside of PowerShell
[1.331s] DEBUG:colcon.colcon_core.shell:Skip shell extension 'dsv' for command environment
[1.616s] INFO:colcon.colcon_core.task.python.build:Building Python package in '/home/mike54pfeiffer/Desktop/School/ROB599/ROB599_ws/src/hw3'
[1.616s] INFO:colcon.colcon_core.shell:Skip shell extension 'powershell' for command environment: Not usable outside of PowerShell
[1.616s] DEBUG:colcon.colcon_core.shell:Skip shell extension 'dsv' for command environment
[1.751s] DEBUG:colcon.colcon_core.event_handler.log_command:Invoked command in '/home/mike54pfeiffer/Desktop/School/ROB599/ROB599_ws/build/rob599_msgs' returned '0': CMAKE_PREFIX_PATH=${CMAKE_PREFIX_PATH}:/home/mike54pfeiffer/Desktop/School/ROB599/ROB599_ws/install/rob599_basic:/home/mike54pfeiffer/Desktop/School/ROB599/ROB599_ws/install/hw4:/home/mike54pfeiffer/Desktop/School/ROB599/ROB599_ws/install/hw3:/home/mike54pfeiffer/Desktop/School/ROB599/ROB599_ws/install/hw2:/opt/ros/jazzy DEBUGINFOD_URLS=https://debuginfod.ubuntu.com /usr/bin/cmake --build /home/mike54pfeiffer/Desktop/School/ROB599/ROB599_ws/build/rob599_msgs -- -j12 -l12
[1.752s] DEBUG:colcon.colcon_core.event_handler.log_command:Invoking command in '/home/mike54pfeiffer/Desktop/School/ROB599/ROB599_ws/build/rob599_msgs': CMAKE_PREFIX_PATH=${CMAKE_PREFIX_PATH}:/home/mike54pfeiffer/Desktop/School/ROB599/ROB599_ws/install/rob599_basic:/home/mike54pfeiffer/Desktop/School/ROB599/ROB599_ws/install/hw4:/home/mike54pfeiffer/Desktop/School/ROB599/ROB599_ws/install/hw3:/home/mike54pfeiffer/Desktop/School/ROB599/ROB599_ws/install/hw2:/opt/ros/jazzy DEBUGINFOD_URLS=https://debuginfod.ubuntu.com /usr/bin/cmake --install /home/mike54pfeiffer/Desktop/School/ROB599/ROB599_ws/build/rob599_msgs
[1.838s] Level 1:colcon.colcon_core.environment:create_environment_scripts_only(rob599_msgs)
[1.838s] Level 1:colcon.colcon_core.environment:checking '/home/mike54pfeiffer/Desktop/School/ROB599/ROB599_ws/install/rob599_msgs' for CMake module files
[1.839s] DEBUG:colcon.colcon_core.event_handler.log_command:Invoked command in '/home/mike54pfeiffer/Desktop/School/ROB599/ROB599_ws/build/rob599_msgs' returned '0': CMAKE_PREFIX_PATH=${CMAKE_PREFIX_PATH}:/home/mike54pfeiffer/Desktop/School/ROB599/ROB599_ws/install/rob599_basic:/home/mike54pfeiffer/Desktop/School/ROB599/ROB599_ws/install/hw4:/home/mike54pfeiffer/Desktop/School/ROB599/ROB599_ws/install/hw3:/home/mike54pfeiffer/Desktop/School/ROB599/ROB599_ws/install/hw2:/opt/ros/jazzy DEBUGINFOD_URLS=https://debuginfod.ubuntu.com /usr/bin/cmake --install /home/mike54pfeiffer/Desktop/School/ROB599/ROB599_ws/build/rob599_msgs
[1.840s] Level 1:colcon.colcon_core.environment:checking '/home/mike54pfeiffer/Desktop/School/ROB599/ROB599_ws/install/rob599_msgs' for CMake config files
[1.841s] Level 1:colcon.colcon_core.shell:create_environment_hook('rob599_msgs', 'cmake_prefix_path')
[1.841s] INFO:colcon.colcon_core.shell:Creating environment hook '/home/mike54pfeiffer/Desktop/School/ROB599/ROB599_ws/install/rob599_msgs/share/rob599_msgs/hook/cmake_prefix_path.ps1'
[1.841s] INFO:colcon.colcon_core.shell:Creating environment descriptor '/home/mike54pfeiffer/Desktop/School/ROB599/ROB599_ws/install/rob599_msgs/share/rob599_msgs/hook/cmake_prefix_path.dsv'
[1.842s] INFO:colcon.colcon_core.shell:Creating environment hook '/home/mike54pfeiffer/Desktop/School/ROB599/ROB599_ws/install/rob599_msgs/share/rob599_msgs/hook/cmake_prefix_path.sh'
[1.842s] Level 1:colcon.colcon_core.environment:checking '/home/mike54pfeiffer/Desktop/School/ROB599/ROB599_ws/install/rob599_msgs/lib'
[1.842s] Level 1:colcon.colcon_core.shell:create_environment_hook('rob599_msgs', 'ld_library_path_lib')
[1.842s] INFO:colcon.colcon_core.shell:Creating environment hook '/home/mike54pfeiffer/Desktop/School/ROB599/ROB599_ws/install/rob599_msgs/share/rob599_msgs/hook/ld_library_path_lib.ps1'
[1.843s] INFO:colcon.colcon_core.shell:Creating environment descriptor '/home/mike54pfeiffer/Desktop/School/ROB599/ROB599_ws/install/rob599_msgs/share/rob599_msgs/hook/ld_library_path_lib.dsv'
[1.843s] INFO:colcon.colcon_core.shell:Creating environment hook '/home/mike54pfeiffer/Desktop/School/ROB599/ROB599_ws/install/rob599_msgs/share/rob599_msgs/hook/ld_library_path_lib.sh'
[1.843s] Level 1:colcon.colcon_core.environment:checking '/home/mike54pfeiffer/Desktop/School/ROB599/ROB599_ws/install/rob599_msgs/bin'
[1.843s] Level 1:colcon.colcon_core.environment:checking '/home/mike54pfeiffer/Desktop/School/ROB599/ROB599_ws/install/rob599_msgs/lib/pkgconfig/rob599_msgs.pc'
[1.843s] Level 1:colcon.colcon_core.environment:checking '/home/mike54pfeiffer/Desktop/School/ROB599/ROB599_ws/install/rob599_msgs/lib/python3.12/site-packages'
[1.844s] Level 1:colcon.colcon_core.shell:create_environment_hook('rob599_msgs', 'pythonpath')
[1.844s] INFO:colcon.colcon_core.shell:Creating environment hook '/home/mike54pfeiffer/Desktop/School/ROB599/ROB599_ws/install/rob599_msgs/share/rob599_msgs/hook/pythonpath.ps1'
[1.844s] INFO:colcon.colcon_core.shell:Creating environment descriptor '/home/mike54pfeiffer/Desktop/School/ROB599/ROB599_ws/install/rob599_msgs/share/rob599_msgs/hook/pythonpath.dsv'
[1.844s] INFO:colcon.colcon_core.shell:Creating environment hook '/home/mike54pfeiffer/Desktop/School/ROB599/ROB599_ws/install/rob599_msgs/share/rob599_msgs/hook/pythonpath.sh'
[1.845s] Level 1:colcon.colcon_core.environment:checking '/home/mike54pfeiffer/Desktop/School/ROB599/ROB599_ws/install/rob599_msgs/bin'
[1.845s] INFO:colcon.colcon_core.shell:Creating package script '/home/mike54pfeiffer/Desktop/School/ROB599/ROB599_ws/install/rob599_msgs/share/rob599_msgs/package.ps1'
[1.846s] INFO:colcon.colcon_core.shell:Creating package descriptor '/home/mike54pfeiffer/Desktop/School/ROB599/ROB599_ws/install/rob599_msgs/share/rob599_msgs/package.dsv'
[1.846s] INFO:colcon.colcon_core.shell:Creating package script '/home/mike54pfeiffer/Desktop/School/ROB599/ROB599_ws/install/rob599_msgs/share/rob599_msgs/package.sh'
[1.846s] INFO:colcon.colcon_core.shell:Creating package script '/home/mike54pfeiffer/Desktop/School/ROB599/ROB599_ws/install/rob599_msgs/share/rob599_msgs/package.bash'
[1.847s] INFO:colcon.colcon_core.shell:Creating package script '/home/mike54pfeiffer/Desktop/School/ROB599/ROB599_ws/install/rob599_msgs/share/rob599_msgs/package.zsh'
[1.847s] Level 1:colcon.colcon_core.environment:create_file_with_runtime_dependencies(/home/mike54pfeiffer/Desktop/School/ROB599/ROB599_ws/install/rob599_msgs/share/colcon-core/packages/rob599_msgs)
[1.848s] Level 1:colcon.colcon_core.environment:create_environment_scripts_only(rob599_msgs)
[1.848s] Level 1:colcon.colcon_core.environment:checking '/home/mike54pfeiffer/Desktop/School/ROB599/ROB599_ws/install/rob599_msgs' for CMake module files
[1.848s] Level 1:colcon.colcon_core.environment:checking '/home/mike54pfeiffer/Desktop/School/ROB599/ROB599_ws/install/rob599_msgs' for CMake config files
[1.849s] Level 1:colcon.colcon_core.shell:create_environment_hook('rob599_msgs', 'cmake_prefix_path')
[1.849s] INFO:colcon.colcon_core.shell:Creating environment hook '/home/mike54pfeiffer/Desktop/School/ROB599/ROB599_ws/install/rob599_msgs/share/rob599_msgs/hook/cmake_prefix_path.ps1'
[1.849s] INFO:colcon.colcon_core.shell:Creating environment descriptor '/home/mike54pfeiffer/Desktop/School/ROB599/ROB599_ws/install/rob599_msgs/share/rob599_msgs/hook/cmake_prefix_path.dsv'
[1.850s] INFO:colcon.colcon_core.shell:Creating environment hook '/home/mike54pfeiffer/Desktop/School/ROB599/ROB599_ws/install/rob599_msgs/share/rob599_msgs/hook/cmake_prefix_path.sh'
[1.850s] Level 1:colcon.colcon_core.environment:checking '/home/mike54pfeiffer/Desktop/School/ROB599/ROB599_ws/install/rob599_msgs/lib'
[1.850s] Level 1:colcon.colcon_core.shell:create_environment_hook('rob599_msgs', 'ld_library_path_lib')
[1.850s] INFO:colcon.colcon_core.shell:Creating environment hook '/home/mike54pfeiffer/Desktop/School/ROB599/ROB599_ws/install/rob599_msgs/share/rob599_msgs/hook/ld_library_path_lib.ps1'
[1.851s] INFO:colcon.colcon_core.shell:Creating environment descriptor '/home/mike54pfeiffer/Desktop/School/ROB599/ROB599_ws/install/rob599_msgs/share/rob599_msgs/hook/ld_library_path_lib.dsv'
[1.851s] INFO:colcon.colcon_core.shell:Creating environment hook '/home/mike54pfeiffer/Desktop/School/ROB599/ROB599_ws/install/rob599_msgs/share/rob599_msgs/hook/ld_library_path_lib.sh'
[1.851s] Level 1:colcon.colcon_core.environment:checking '/home/mike54pfeiffer/Desktop/School/ROB599/ROB599_ws/install/rob599_msgs/bin'
[1.852s] Level 1:colcon.colcon_core.environment:checking '/home/mike54pfeiffer/Desktop/School/ROB599/ROB599_ws/install/rob599_msgs/lib/pkgconfig/rob599_msgs.pc'
[1.852s] Level 1:colcon.colcon_core.environment:checking '/home/mike54pfeiffer/Desktop/School/ROB599/ROB599_ws/install/rob599_msgs/lib/python3.12/site-packages'
[1.852s] Level 1:colcon.colcon_core.shell:create_environment_hook('rob599_msgs', 'pythonpath')
[1.852s] INFO:colcon.colcon_core.shell:Creating environment hook '/home/mike54pfeiffer/Desktop/School/ROB599/ROB599_ws/install/rob599_msgs/share/rob599_msgs/hook/pythonpath.ps1'
[1.852s] INFO:colcon.colcon_core.shell:Creating environment descriptor '/home/mike54pfeiffer/Desktop/School/ROB599/ROB599_ws/install/rob599_msgs/share/rob599_msgs/hook/pythonpath.dsv'
[1.853s] INFO:colcon.colcon_core.shell:Creating environment hook '/home/mike54pfeiffer/Desktop/School/ROB599/ROB599_ws/install/rob599_msgs/share/rob599_msgs/hook/pythonpath.sh'
[1.853s] Level 1:colcon.colcon_core.environment:checking '/home/mike54pfeiffer/Desktop/School/ROB599/ROB599_ws/install/rob599_msgs/bin'
[1.853s] INFO:colcon.colcon_core.shell:Creating package script '/home/mike54pfeiffer/Desktop/School/ROB599/ROB599_ws/install/rob599_msgs/share/rob599_msgs/package.ps1'
[1.854s] INFO:colcon.colcon_core.shell:Creating package descriptor '/home/mike54pfeiffer/Desktop/School/ROB599/ROB599_ws/install/rob599_msgs/share/rob599_msgs/package.dsv'
[1.854s] INFO:colcon.colcon_core.shell:Creating package script '/home/mike54pfeiffer/Desktop/School/ROB599/ROB599_ws/install/rob599_msgs/share/rob599_msgs/package.sh'
[1.854s] INFO:colcon.colcon_core.shell:Creating package script '/home/mike54pfeiffer/Desktop/School/ROB599/ROB599_ws/install/rob599_msgs/share/rob599_msgs/package.bash'
[1.855s] INFO:colcon.colcon_core.shell:Creating package script '/home/mike54pfeiffer/Desktop/School/ROB599/ROB599_ws/install/rob599_msgs/share/rob599_msgs/package.zsh'
[1.855s] Level 1:colcon.colcon_core.environment:create_file_with_runtime_dependencies(/home/mike54pfeiffer/Desktop/School/ROB599/ROB599_ws/install/rob599_msgs/share/colcon-core/packages/rob599_msgs)
[2.190s] DEBUG:colcon.colcon_core.event_handler.log_command:Invoking command in '/home/mike54pfeiffer/Desktop/School/ROB599/ROB599_ws/src/rob599_basic': DEBUGINFOD_URLS=https://debuginfod.ubuntu.com PYTHONPATH=/home/mike54pfeiffer/Desktop/School/ROB599/ROB599_ws/build/rob599_basic/prefix_override:/usr/lib/python3/dist-packages/colcon_core/task/python/colcon_distutils_commands:/home/mike54pfeiffer/Desktop/School/ROB599/ROB599_ws/install/rob599_basic/lib/python3.12/site-packages:${PYTHONPATH} /usr/bin/python3 -W ignore:setup.py install is deprecated -W ignore:easy_install command is deprecated setup.py egg_info --egg-base ../../build/rob599_basic build --build-base /home/mike54pfeiffer/Desktop/School/ROB599/ROB599_ws/build/rob599_basic/build install --record /home/mike54pfeiffer/Desktop/School/ROB599/ROB599_ws/build/rob599_basic/install.log --single-version-externally-managed install_data
[2.192s] DEBUG:colcon.colcon_core.event_handler.log_command:Invoking command in '/home/mike54pfeiffer/Desktop/School/ROB599/ROB599_ws/src/hw4': DEBUGINFOD_URLS=https://debuginfod.ubuntu.com PYTHONPATH=/home/mike54pfeiffer/Desktop/School/ROB599/ROB599_ws/build/hw4/prefix_override:/usr/lib/python3/dist-packages/colcon_core/task/python/colcon_distutils_commands:/home/mike54pfeiffer/Desktop/School/ROB599/ROB599_ws/install/hw4/lib/python3.12/site-packages:${PYTHONPATH} /usr/bin/python3 -W ignore:setup.py install is deprecated -W ignore:easy_install command is deprecated setup.py egg_info --egg-base ../../build/hw4 build --build-base /home/mike54pfeiffer/Desktop/School/ROB599/ROB599_ws/build/hw4/build install --record /home/mike54pfeiffer/Desktop/School/ROB599/ROB599_ws/build/hw4/install.log --single-version-externally-managed install_data
[2.195s] DEBUG:colcon.colcon_core.event_handler.log_command:Invoking command in '/home/mike54pfeiffer/Desktop/School/ROB599/ROB599_ws/src/hw2': DEBUGINFOD_URLS=https://debuginfod.ubuntu.com PYTHONPATH=/home/mike54pfeiffer/Desktop/School/ROB599/ROB599_ws/build/hw2/prefix_override:/usr/lib/python3/dist-packages/colcon_core/task/python/colcon_distutils_commands:/home/mike54pfeiffer/Desktop/School/ROB599/ROB599_ws/install/hw2/lib/python3.12/site-packages:${PYTHONPATH} /usr/bin/python3 -W ignore:setup.py install is deprecated -W ignore:easy_install command is deprecated setup.py egg_info --egg-base ../../build/hw2 build --build-base /home/mike54pfeiffer/Desktop/School/ROB599/ROB599_ws/build/hw2/build install --record /home/mike54pfeiffer/Desktop/School/ROB599/ROB599_ws/build/hw2/install.log --single-version-externally-managed install_data
[2.365s] DEBUG:colcon.colcon_core.event_handler.log_command:Invoking command in '/home/mike54pfeiffer/Desktop/School/ROB599/ROB599_ws/src/hw3': CMAKE_PREFIX_PATH=/home/mike54pfeiffer/Desktop/School/ROB599/ROB599_ws/install/hw3_interfaces:/home/mike54pfeiffer/Desktop/School/ROB599/ROB599_ws/install/rob599_msgs:/opt/ros/jazzy/opt/sdformat_vendor:/opt/ros/jazzy/opt/gz_math_vendor:/opt/ros/jazzy/opt/gz_utils_vendor:/opt/ros/jazzy/opt/gz_tools_vendor:/opt/ros/jazzy/opt/gz_cmake_vendor DEBUGINFOD_URLS=https://debuginfod.ubuntu.com LD_LIBRARY_PATH=/home/mike54pfeiffer/Desktop/School/ROB599/ROB599_ws/install/hw3_interfaces/lib:/home/mike54pfeiffer/Desktop/School/ROB599/ROB599_ws/install/rob599_msgs/lib:/opt/ros/jazzy/opt/sdformat_vendor/lib:/opt/ros/jazzy/opt/rviz_ogre_vendor/lib:/opt/ros/jazzy/lib/x86_64-linux-gnu:/opt/ros/jazzy/opt/gz_math_vendor/lib:/opt/ros/jazzy/opt/gz_utils_vendor/lib:/opt/ros/jazzy/opt/gz_tools_vendor/lib:/opt/ros/jazzy/opt/gz_cmake_vendor/lib:/opt/ros/jazzy/lib PYTHONPATH=/home/mike54pfeiffer/Desktop/School/ROB599/ROB599_ws/build/hw3/prefix_override:/usr/lib/python3/dist-packages/colcon_core/task/python/colcon_distutils_commands:/home/mike54pfeiffer/Desktop/School/ROB599/ROB599_ws/install/hw3/lib/python3.12/site-packages:/home/mike54pfeiffer/Desktop/School/ROB599/ROB599_ws/install/hw3_interfaces/lib/python3.12/site-packages:/home/mike54pfeiffer/Desktop/School/ROB599/ROB599_ws/install/rob599_msgs/lib/python3.12/site-packages:/home/mike54pfeiffer/Desktop/School/ROB599/ROB599_ws/install/rob599_basic/lib/python3.12/site-packages:/home/mike54pfeiffer/Desktop/School/ROB599/ROB599_ws/install/hw4/lib/python3.12/site-packages:/home/mike54pfeiffer/Desktop/School/ROB599/ROB599_ws/install/hw3/lib/python3.12/site-packages:/home/mike54pfeiffer/Desktop/School/ROB599/ROB599_ws/install/hw2/lib/python3.12/site-packages:/opt/ros/jazzy/lib/python3.12/site-packages /usr/bin/python3 -W ignore:setup.py install is deprecated -W ignore:easy_install command is deprecated setup.py egg_info --egg-base ../../build/hw3 build --build-base /home/mike54pfeiffer/Desktop/School/ROB599/ROB599_ws/build/hw3/build install --record /home/mike54pfeiffer/Desktop/School/ROB599/ROB599_ws/build/hw3/install.log --single-version-externally-managed install_data
[2.883s] Level 1:colcon.colcon_core.environment:checking '/home/mike54pfeiffer/Desktop/School/ROB599/ROB599_ws/install/hw4' for CMake module files
[2.884s] DEBUG:colcon.colcon_core.event_handler.log_command:Invoked command in '/home/mike54pfeiffer/Desktop/School/ROB599/ROB599_ws/src/hw4' returned '0': DEBUGINFOD_URLS=https://debuginfod.ubuntu.com PYTHONPATH=/home/mike54pfeiffer/Desktop/School/ROB599/ROB599_ws/build/hw4/prefix_override:/usr/lib/python3/dist-packages/colcon_core/task/python/colcon_distutils_commands:/home/mike54pfeiffer/Desktop/School/ROB599/ROB599_ws/install/hw4/lib/python3.12/site-packages:${PYTHONPATH} /usr/bin/python3 -W ignore:setup.py install is deprecated -W ignore:easy_install command is deprecated setup.py egg_info --egg-base ../../build/hw4 build --build-base /home/mike54pfeiffer/Desktop/School/ROB599/ROB599_ws/build/hw4/build install --record /home/mike54pfeiffer/Desktop/School/ROB599/ROB599_ws/build/hw4/install.log --single-version-externally-managed install_data
[2.884s] Level 1:colcon.colcon_core.environment:checking '/home/mike54pfeiffer/Desktop/School/ROB599/ROB599_ws/install/hw4' for CMake config files
[2.885s] Level 1:colcon.colcon_core.environment:checking '/home/mike54pfeiffer/Desktop/School/ROB599/ROB599_ws/install/hw4/lib'
[2.886s] Level 1:colcon.colcon_core.environment:checking '/home/mike54pfeiffer/Desktop/School/ROB599/ROB599_ws/install/hw4/bin'
[2.886s] Level 1:colcon.colcon_core.environment:checking '/home/mike54pfeiffer/Desktop/School/ROB599/ROB599_ws/install/hw4/lib/pkgconfig/hw4.pc'
[2.886s] Level 1:colcon.colcon_core.environment:checking '/home/mike54pfeiffer/Desktop/School/ROB599/ROB599_ws/install/hw4/lib/python3.12/site-packages'
[2.886s] Level 1:colcon.colcon_core.shell:create_environment_hook('hw4', 'pythonpath')
[2.886s] INFO:colcon.colcon_core.shell:Creating environment hook '/home/mike54pfeiffer/Desktop/School/ROB599/ROB599_ws/install/hw4/share/hw4/hook/pythonpath.ps1'
[2.887s] INFO:colcon.colcon_core.shell:Creating environment descriptor '/home/mike54pfeiffer/Desktop/School/ROB599/ROB599_ws/install/hw4/share/hw4/hook/pythonpath.dsv'
[2.887s] INFO:colcon.colcon_core.shell:Creating environment hook '/home/mike54pfeiffer/Desktop/School/ROB599/ROB599_ws/install/hw4/share/hw4/hook/pythonpath.sh'
[2.888s] Level 1:colcon.colcon_core.environment:checking '/home/mike54pfeiffer/Desktop/School/ROB599/ROB599_ws/install/hw4/bin'
[2.888s] Level 1:colcon.colcon_core.environment:create_environment_scripts_only(hw4)
[2.888s] INFO:colcon.colcon_core.shell:Creating package script '/home/mike54pfeiffer/Desktop/School/ROB599/ROB599_ws/install/hw4/share/hw4/package.ps1'
[2.889s] INFO:colcon.colcon_core.shell:Creating package descriptor '/home/mike54pfeiffer/Desktop/School/ROB599/ROB599_ws/install/hw4/share/hw4/package.dsv'
[2.889s] INFO:colcon.colcon_core.shell:Creating package script '/home/mike54pfeiffer/Desktop/School/ROB599/ROB599_ws/install/hw4/share/hw4/package.sh'
[2.889s] INFO:colcon.colcon_core.shell:Creating package script '/home/mike54pfeiffer/Desktop/School/ROB599/ROB599_ws/install/hw4/share/hw4/package.bash'
[2.890s] INFO:colcon.colcon_core.shell:Creating package script '/home/mike54pfeiffer/Desktop/School/ROB599/ROB599_ws/install/hw4/share/hw4/package.zsh'
[2.890s] Level 1:colcon.colcon_core.environment:create_file_with_runtime_dependencies(/home/mike54pfeiffer/Desktop/School/ROB599/ROB599_ws/install/hw4/share/colcon-core/packages/hw4)
[2.892s] Level 1:colcon.colcon_core.environment:checking '/home/mike54pfeiffer/Desktop/School/ROB599/ROB599_ws/install/hw2' for CMake module files
[2.892s] DEBUG:colcon.colcon_core.event_handler.log_command:Invoked command in '/home/mike54pfeiffer/Desktop/School/ROB599/ROB599_ws/src/hw2' returned '0': DEBUGINFOD_URLS=https://debuginfod.ubuntu.com PYTHONPATH=/home/mike54pfeiffer/Desktop/School/ROB599/ROB599_ws/build/hw2/prefix_override:/usr/lib/python3/dist-packages/colcon_core/task/python/colcon_distutils_commands:/home/mike54pfeiffer/Desktop/School/ROB599/ROB599_ws/install/hw2/lib/python3.12/site-packages:${PYTHONPATH} /usr/bin/python3 -W ignore:setup.py install is deprecated -W ignore:easy_install command is deprecated setup.py egg_info --egg-base ../../build/hw2 build --build-base /home/mike54pfeiffer/Desktop/School/ROB599/ROB599_ws/build/hw2/build install --record /home/mike54pfeiffer/Desktop/School/ROB599/ROB599_ws/build/hw2/install.log --single-version-externally-managed install_data
[2.893s] Level 1:colcon.colcon_core.environment:checking '/home/mike54pfeiffer/Desktop/School/ROB599/ROB599_ws/install/hw2' for CMake config files
[2.894s] Level 1:colcon.colcon_core.environment:checking '/home/mike54pfeiffer/Desktop/School/ROB599/ROB599_ws/install/hw2/lib'
[2.894s] Level 1:colcon.colcon_core.environment:checking '/home/mike54pfeiffer/Desktop/School/ROB599/ROB599_ws/install/hw2/bin'
[2.894s] Level 1:colcon.colcon_core.environment:checking '/home/mike54pfeiffer/Desktop/School/ROB599/ROB599_ws/install/hw2/lib/pkgconfig/hw2.pc'
[2.894s] Level 1:colcon.colcon_core.environment:checking '/home/mike54pfeiffer/Desktop/School/ROB599/ROB599_ws/install/hw2/lib/python3.12/site-packages'
[2.894s] Level 1:colcon.colcon_core.shell:create_environment_hook('hw2', 'pythonpath')
[2.895s] INFO:colcon.colcon_core.shell:Creating environment hook '/home/mike54pfeiffer/Desktop/School/ROB599/ROB599_ws/install/hw2/share/hw2/hook/pythonpath.ps1'
[2.895s] INFO:colcon.colcon_core.shell:Creating environment descriptor '/home/mike54pfeiffer/Desktop/School/ROB599/ROB599_ws/install/hw2/share/hw2/hook/pythonpath.dsv'
[2.895s] INFO:colcon.colcon_core.shell:Creating environment hook '/home/mike54pfeiffer/Desktop/School/ROB599/ROB599_ws/install/hw2/share/hw2/hook/pythonpath.sh'
[2.896s] Level 1:colcon.colcon_core.environment:checking '/home/mike54pfeiffer/Desktop/School/ROB599/ROB599_ws/install/hw2/bin'
[2.896s] Level 1:colcon.colcon_core.environment:create_environment_scripts_only(hw2)
[2.896s] INFO:colcon.colcon_core.shell:Creating package script '/home/mike54pfeiffer/Desktop/School/ROB599/ROB599_ws/install/hw2/share/hw2/package.ps1'
[2.897s] INFO:colcon.colcon_core.shell:Creating package descriptor '/home/mike54pfeiffer/Desktop/School/ROB599/ROB599_ws/install/hw2/share/hw2/package.dsv'
[2.897s] INFO:colcon.colcon_core.shell:Creating package script '/home/mike54pfeiffer/Desktop/School/ROB599/ROB599_ws/install/hw2/share/hw2/package.sh'
[2.898s] INFO:colcon.colcon_core.shell:Creating package script '/home/mike54pfeiffer/Desktop/School/ROB599/ROB599_ws/install/hw2/share/hw2/package.bash'
[2.898s] INFO:colcon.colcon_core.shell:Creating package script '/home/mike54pfeiffer/Desktop/School/ROB599/ROB599_ws/install/hw2/share/hw2/package.zsh'
[2.898s] Level 1:colcon.colcon_core.environment:create_file_with_runtime_dependencies(/home/mike54pfeiffer/Desktop/School/ROB599/ROB599_ws/install/hw2/share/colcon-core/packages/hw2)
[2.900s] Level 1:colcon.colcon_core.environment:checking '/home/mike54pfeiffer/Desktop/School/ROB599/ROB599_ws/install/rob599_basic' for CMake module files
[2.901s] DEBUG:colcon.colcon_core.event_handler.log_command:Invoked command in '/home/mike54pfeiffer/Desktop/School/ROB599/ROB599_ws/src/rob599_basic' returned '0': DEBUGINFOD_URLS=https://debuginfod.ubuntu.com PYTHONPATH=/home/mike54pfeiffer/Desktop/School/ROB599/ROB599_ws/build/rob599_basic/prefix_override:/usr/lib/python3/dist-packages/colcon_core/task/python/colcon_distutils_commands:/home/mike54pfeiffer/Desktop/School/ROB599/ROB599_ws/install/rob599_basic/lib/python3.12/site-packages:${PYTHONPATH} /usr/bin/python3 -W ignore:setup.py install is deprecated -W ignore:easy_install command is deprecated setup.py egg_info --egg-base ../../build/rob599_basic build --build-base /home/mike54pfeiffer/Desktop/School/ROB599/ROB599_ws/build/rob599_basic/build install --record /home/mike54pfeiffer/Desktop/School/ROB599/ROB599_ws/build/rob599_basic/install.log --single-version-externally-managed install_data
[2.901s] Level 1:colcon.colcon_core.environment:checking '/home/mike54pfeiffer/Desktop/School/ROB599/ROB599_ws/install/rob599_basic' for CMake config files
[2.902s] Level 1:colcon.colcon_core.environment:checking '/home/mike54pfeiffer/Desktop/School/ROB599/ROB599_ws/install/rob599_basic/lib'
[2.902s] Level 1:colcon.colcon_core.environment:checking '/home/mike54pfeiffer/Desktop/School/ROB599/ROB599_ws/install/rob599_basic/bin'
[2.902s] Level 1:colcon.colcon_core.environment:checking '/home/mike54pfeiffer/Desktop/School/ROB599/ROB599_ws/install/rob599_basic/lib/pkgconfig/rob599_basic.pc'
[2.903s] Level 1:colcon.colcon_core.environment:checking '/home/mike54pfeiffer/Desktop/School/ROB599/ROB599_ws/install/rob599_basic/lib/python3.12/site-packages'
[2.903s] Level 1:colcon.colcon_core.shell:create_environment_hook('rob599_basic', 'pythonpath')
[2.903s] INFO:colcon.colcon_core.shell:Creating environment hook '/home/mike54pfeiffer/Desktop/School/ROB599/ROB599_ws/install/rob599_basic/share/rob599_basic/hook/pythonpath.ps1'
[2.904s] INFO:colcon.colcon_core.shell:Creating environment descriptor '/home/mike54pfeiffer/Desktop/School/ROB599/ROB599_ws/install/rob599_basic/share/rob599_basic/hook/pythonpath.dsv'
[2.904s] INFO:colcon.colcon_core.shell:Creating environment hook '/home/mike54pfeiffer/Desktop/School/ROB599/ROB599_ws/install/rob599_basic/share/rob599_basic/hook/pythonpath.sh'
[2.905s] Level 1:colcon.colcon_core.environment:checking '/home/mike54pfeiffer/Desktop/School/ROB599/ROB599_ws/install/rob599_basic/bin'
[2.905s] Level 1:colcon.colcon_core.environment:create_environment_scripts_only(rob599_basic)
[2.905s] INFO:colcon.colcon_core.shell:Creating package script '/home/mike54pfeiffer/Desktop/School/ROB599/ROB599_ws/install/rob599_basic/share/rob599_basic/package.ps1'
[2.906s] INFO:colcon.colcon_core.shell:Creating package descriptor '/home/mike54pfeiffer/Desktop/School/ROB599/ROB599_ws/install/rob599_basic/share/rob599_basic/package.dsv'
[2.906s] INFO:colcon.colcon_core.shell:Creating package script '/home/mike54pfeiffer/Desktop/School/ROB599/ROB599_ws/install/rob599_basic/share/rob599_basic/package.sh'
[2.906s] INFO:colcon.colcon_core.shell:Creating package script '/home/mike54pfeiffer/Desktop/School/ROB599/ROB599_ws/install/rob599_basic/share/rob599_basic/package.bash'
[2.907s] INFO:colcon.colcon_core.shell:Creating package script '/home/mike54pfeiffer/Desktop/School/ROB599/ROB599_ws/install/rob599_basic/share/rob599_basic/package.zsh'
[2.907s] Level 1:colcon.colcon_core.environment:create_file_with_runtime_dependencies(/home/mike54pfeiffer/Desktop/School/ROB599/ROB599_ws/install/rob599_basic/share/colcon-core/packages/rob599_basic)
[3.052s] Level 1:colcon.colcon_core.environment:checking '/home/mike54pfeiffer/Desktop/School/ROB599/ROB599_ws/install/hw3' for CMake module files
[3.053s] DEBUG:colcon.colcon_core.event_handler.log_command:Invoked command in '/home/mike54pfeiffer/Desktop/School/ROB599/ROB599_ws/src/hw3' returned '0': CMAKE_PREFIX_PATH=/home/mike54pfeiffer/Desktop/School/ROB599/ROB599_ws/install/hw3_interfaces:/home/mike54pfeiffer/Desktop/School/ROB599/ROB599_ws/install/rob599_msgs:/opt/ros/jazzy/opt/sdformat_vendor:/opt/ros/jazzy/opt/gz_math_vendor:/opt/ros/jazzy/opt/gz_utils_vendor:/opt/ros/jazzy/opt/gz_tools_vendor:/opt/ros/jazzy/opt/gz_cmake_vendor DEBUGINFOD_URLS=https://debuginfod.ubuntu.com LD_LIBRARY_PATH=/home/mike54pfeiffer/Desktop/School/ROB599/ROB599_ws/install/hw3_interfaces/lib:/home/mike54pfeiffer/Desktop/School/ROB599/ROB599_ws/install/rob599_msgs/lib:/opt/ros/jazzy/opt/sdformat_vendor/lib:/opt/ros/jazzy/opt/rviz_ogre_vendor/lib:/opt/ros/jazzy/lib/x86_64-linux-gnu:/opt/ros/jazzy/opt/gz_math_vendor/lib:/opt/ros/jazzy/opt/gz_utils_vendor/lib:/opt/ros/jazzy/opt/gz_tools_vendor/lib:/opt/ros/jazzy/opt/gz_cmake_vendor/lib:/opt/ros/jazzy/lib PYTHONPATH=/home/mike54pfeiffer/Desktop/School/ROB599/ROB599_ws/build/hw3/prefix_override:/usr/lib/python3/dist-packages/colcon_core/task/python/colcon_distutils_commands:/home/mike54pfeiffer/Desktop/School/ROB599/ROB599_ws/install/hw3/lib/python3.12/site-packages:/home/mike54pfeiffer/Desktop/School/ROB599/ROB599_ws/install/hw3_interfaces/lib/python3.12/site-packages:/home/mike54pfeiffer/Desktop/School/ROB599/ROB599_ws/install/rob599_msgs/lib/python3.12/site-packages:/home/mike54pfeiffer/Desktop/School/ROB599/ROB599_ws/install/rob599_basic/lib/python3.12/site-packages:/home/mike54pfeiffer/Desktop/School/ROB599/ROB599_ws/install/hw4/lib/python3.12/site-packages:/home/mike54pfeiffer/Desktop/School/ROB599/ROB599_ws/install/hw3/lib/python3.12/site-packages:/home/mike54pfeiffer/Desktop/School/ROB599/ROB599_ws/install/hw2/lib/python3.12/site-packages:/opt/ros/jazzy/lib/python3.12/site-packages /usr/bin/python3 -W ignore:setup.py install is deprecated -W ignore:easy_install command is deprecated setup.py egg_info --egg-base ../../build/hw3 build --build-base /home/mike54pfeiffer/Desktop/School/ROB599/ROB599_ws/build/hw3/build install --record /home/mike54pfeiffer/Desktop/School/ROB599/ROB599_ws/build/hw3/install.log --single-version-externally-managed install_data
[3.053s] Level 1:colcon.colcon_core.environment:checking '/home/mike54pfeiffer/Desktop/School/ROB599/ROB599_ws/install/hw3' for CMake config files
[3.053s] Level 1:colcon.colcon_core.environment:checking '/home/mike54pfeiffer/Desktop/School/ROB599/ROB599_ws/install/hw3/lib'
[3.054s] Level 1:colcon.colcon_core.environment:checking '/home/mike54pfeiffer/Desktop/School/ROB599/ROB599_ws/install/hw3/bin'
[3.054s] Level 1:colcon.colcon_core.environment:checking '/home/mike54pfeiffer/Desktop/School/ROB599/ROB599_ws/install/hw3/lib/pkgconfig/hw3.pc'
[3.054s] Level 1:colcon.colcon_core.environment:checking '/home/mike54pfeiffer/Desktop/School/ROB599/ROB599_ws/install/hw3/lib/python3.12/site-packages'
[3.054s] Level 1:colcon.colcon_core.shell:create_environment_hook('hw3', 'pythonpath')
[3.054s] INFO:colcon.colcon_core.shell:Creating environment hook '/home/mike54pfeiffer/Desktop/School/ROB599/ROB599_ws/install/hw3/share/hw3/hook/pythonpath.ps1'
[3.055s] INFO:colcon.colcon_core.shell:Creating environment descriptor '/home/mike54pfeiffer/Desktop/School/ROB599/ROB599_ws/install/hw3/share/hw3/hook/pythonpath.dsv'
[3.055s] INFO:colcon.colcon_core.shell:Creating environment hook '/home/mike54pfeiffer/Desktop/School/ROB599/ROB599_ws/install/hw3/share/hw3/hook/pythonpath.sh'
[3.056s] Level 1:colcon.colcon_core.environment:checking '/home/mike54pfeiffer/Desktop/School/ROB599/ROB599_ws/install/hw3/bin'
[3.056s] Level 1:colcon.colcon_core.environment:create_environment_scripts_only(hw3)
[3.056s] INFO:colcon.colcon_core.shell:Creating package script '/home/mike54pfeiffer/Desktop/School/ROB599/ROB599_ws/install/hw3/share/hw3/package.ps1'
[3.057s] INFO:colcon.colcon_core.shell:Creating package descriptor '/home/mike54pfeiffer/Desktop/School/ROB599/ROB599_ws/install/hw3/share/hw3/package.dsv'
[3.057s] INFO:colcon.colcon_core.shell:Creating package script '/home/mike54pfeiffer/Desktop/School/ROB599/ROB599_ws/install/hw3/share/hw3/package.sh'
[3.057s] INFO:colcon.colcon_core.shell:Creating package script '/home/mike54pfeiffer/Desktop/School/ROB599/ROB599_ws/install/hw3/share/hw3/package.bash'
[3.058s] INFO:colcon.colcon_core.shell:Creating package script '/home/mike54pfeiffer/Desktop/School/ROB599/ROB599_ws/install/hw3/share/hw3/package.zsh'
[3.058s] Level 1:colcon.colcon_core.environment:create_file_with_runtime_dependencies(/home/mike54pfeiffer/Desktop/School/ROB599/ROB599_ws/install/hw3/share/colcon-core/packages/hw3)
[3.058s] DEBUG:colcon.colcon_parallel_executor.executor.parallel:closing loop
[3.058s] DEBUG:colcon.colcon_parallel_executor.executor.parallel:loop closed
[3.059s] DEBUG:colcon.colcon_parallel_executor.executor.parallel:run_until_complete finished with '0'
[3.059s] DEBUG:colcon.colcon_core.event_reactor:joining thread
[3.068s] INFO:colcon.colcon_core.plugin_system:Skipping extension 'colcon_notification.desktop_notification.terminal_notifier': Not used on non-Darwin systems
[3.068s] INFO:colcon.colcon_core.plugin_system:Skipping extension 'colcon_notification.desktop_notification.win32': Not used on non-Windows systems
[3.068s] INFO:colcon.colcon_notification.desktop_notification:Sending desktop notification using 'notify2'
[3.087s] DEBUG:colcon.colcon_core.event_reactor:joined thread
[3.087s] INFO:colcon.colcon_core.shell:Creating prefix script '/home/mike54pfeiffer/Desktop/School/ROB599/ROB599_ws/install/local_setup.ps1'
[3.088s] INFO:colcon.colcon_core.shell:Creating prefix util module '/home/mike54pfeiffer/Desktop/School/ROB599/ROB599_ws/install/_local_setup_util_ps1.py'
[3.089s] INFO:colcon.colcon_core.shell:Creating prefix chain script '/home/mike54pfeiffer/Desktop/School/ROB599/ROB599_ws/install/setup.ps1'
[3.091s] INFO:colcon.colcon_core.shell:Creating prefix script '/home/mike54pfeiffer/Desktop/School/ROB599/ROB599_ws/install/local_setup.sh'
[3.091s] INFO:colcon.colcon_core.shell:Creating prefix util module '/home/mike54pfeiffer/Desktop/School/ROB599/ROB599_ws/install/_local_setup_util_sh.py'
[3.092s] INFO:colcon.colcon_core.shell:Creating prefix chain script '/home/mike54pfeiffer/Desktop/School/ROB599/ROB599_ws/install/setup.sh'
[3.092s] INFO:colcon.colcon_core.shell:Creating prefix script '/home/mike54pfeiffer/Desktop/School/ROB599/ROB599_ws/install/local_setup.bash'
[3.093s] INFO:colcon.colcon_core.shell:Creating prefix chain script '/home/mike54pfeiffer/Desktop/School/ROB599/ROB599_ws/install/setup.bash'
[3.094s] INFO:colcon.colcon_core.shell:Creating prefix script '/home/mike54pfeiffer/Desktop/School/ROB599/ROB599_ws/install/local_setup.zsh'
[3.095s] INFO:colcon.colcon_core.shell:Creating prefix chain script '/home/mike54pfeiffer/Desktop/School/ROB599/ROB599_ws/install/setup.zsh'
