[0.315s] DEBUG:colcon:Command line arguments: ['/usr/bin/colcon', 'build']
[0.315s] DEBUG:colcon:Parsed command line arguments: Namespace(log_base=None, log_level=None, verb_name='build', build_base='build', install_base='install', merge_install=False, symlink_install=False, test_result_base=None, continue_on_error=False, executor='parallel', parallel_workers=12, event_handlers=None, ignore_user_meta=False, metas=['./colcon.meta'], base_paths=['.'], packages_ignore=None, packages_ignore_regex=None, paths=None, packages_up_to=None, packages_up_to_regex=None, packages_above=None, packages_above_and_dependencies=None, packages_above_depth=None, packages_select_by_dep=None, packages_skip_by_dep=None, packages_skip_up_to=None, packages_select_build_failed=False, packages_skip_build_finished=False, packages_select_test_failures=False, packages_skip_test_passed=False, packages_select=None, packages_skip=None, packages_select_regex=None, packages_skip_regex=None, packages_start=None, packages_end=None, allow_overriding=[], cmake_args=None, cmake_target=None, cmake_target_skip_unavailable=False, cmake_clean_cache=False, cmake_clean_first=False, cmake_force_configure=False, ament_cmake_args=None, catkin_cmake_args=None, catkin_skip_building_tests=False, mixin_files=None, mixin=None, verb_parser=<colcon_mixin.mixin.mixin_argument.MixinArgumentDecorator object at 0x7a75825cf0b0>, verb_extension=<colcon_core.verb.build.BuildVerb object at 0x7a75825cec00>, main=<bound method BuildVerb.main of <colcon_core.verb.build.BuildVerb object at 0x7a75825cec00>>, mixin_verb=('build',))
[0.381s] Level 1:colcon.colcon_core.package_discovery:discover_packages(colcon_meta) check parameters
[0.381s] Level 1:colcon.colcon_core.package_discovery:discover_packages(recursive) check parameters
[0.381s] Level 1:colcon.colcon_core.package_discovery:discover_packages(ignore) check parameters
[0.381s] Level 1:colcon.colcon_core.package_discovery:discover_packages(path) check parameters
[0.381s] Level 1:colcon.colcon_core.package_discovery:discover_packages(colcon_meta) discover
[0.381s] Level 1:colcon.colcon_core.package_discovery:discover_packages(recursive) discover
[0.381s] INFO:colcon.colcon_core.package_discovery:Crawling recursively for packages in '/home/mike54pfeiffer/Desktop/School/ROB599/ROB599_ws'
[0.381s] Level 1:colcon.colcon_core.package_identification:_identify(.) by extensions ['ignore', 'ignore_ament_install']
[0.381s] Level 1:colcon.colcon_core.package_identification:_identify(.) by extension 'ignore'
[0.381s] Level 1:colcon.colcon_core.package_identification:_identify(.) by extension 'ignore_ament_install'
[0.381s] Level 1:colcon.colcon_core.package_identification:_identify(.) by extensions ['colcon_pkg']
[0.381s] Level 1:colcon.colcon_core.package_identification:_identify(.) by extension 'colcon_pkg'
[0.381s] Level 1:colcon.colcon_core.package_identification:_identify(.) by extensions ['colcon_meta']
[0.382s] Level 1:colcon.colcon_core.package_identification:_identify(.) by extension 'colcon_meta'
[0.382s] Level 1:colcon.colcon_core.package_identification:_identify(.) by extensions ['ros']
[0.382s] Level 1:colcon.colcon_core.package_identification:_identify(.) by extension 'ros'
[0.416s] Level 1:colcon.colcon_core.package_identification:_identify(.) by extensions ['cmake', 'python']
[0.416s] Level 1:colcon.colcon_core.package_identification:_identify(.) by extension 'cmake'
[0.416s] Level 1:colcon.colcon_core.package_identification:_identify(.) by extension 'python'
[0.417s] Level 1:colcon.colcon_core.package_identification:_identify(.) by extensions ['python_setup_py']
[0.417s] Level 1:colcon.colcon_core.package_identification:_identify(.) by extension 'python_setup_py'
[0.417s] Level 1:colcon.colcon_core.package_identification:_identify(build) by extensions ['ignore', 'ignore_ament_install']
[0.417s] Level 1:colcon.colcon_core.package_identification:_identify(build) by extension 'ignore'
[0.417s] Level 1:colcon.colcon_core.package_identification:_identify(build) ignored
[0.417s] Level 1:colcon.colcon_core.package_identification:_identify(install) by extensions ['ignore', 'ignore_ament_install']
[0.417s] Level 1:colcon.colcon_core.package_identification:_identify(install) by extension 'ignore'
[0.417s] Level 1:colcon.colcon_core.package_identification:_identify(install) ignored
[0.417s] Level 1:colcon.colcon_core.package_identification:_identify(log) by extensions ['ignore', 'ignore_ament_install']
[0.417s] Level 1:colcon.colcon_core.package_identification:_identify(log) by extension 'ignore'
[0.417s] Level 1:colcon.colcon_core.package_identification:_identify(log) ignored
[0.418s] Level 1:colcon.colcon_core.package_identification:_identify(src) by extensions ['ignore', 'ignore_ament_install']
[0.418s] Level 1:colcon.colcon_core.package_identification:_identify(src) by extension 'ignore'
[0.418s] Level 1:colcon.colcon_core.package_identification:_identify(src) by extension 'ignore_ament_install'
[0.418s] Level 1:colcon.colcon_core.package_identification:_identify(src) by extensions ['colcon_pkg']
[0.418s] Level 1:colcon.colcon_core.package_identification:_identify(src) by extension 'colcon_pkg'
[0.418s] Level 1:colcon.colcon_core.package_identification:_identify(src) by extensions ['colcon_meta']
[0.418s] Level 1:colcon.colcon_core.package_identification:_identify(src) by extension 'colcon_meta'
[0.418s] Level 1:colcon.colcon_core.package_identification:_identify(src) by extensions ['ros']
[0.418s] Level 1:colcon.colcon_core.package_identification:_identify(src) by extension 'ros'
[0.418s] Level 1:colcon.colcon_core.package_identification:_identify(src) by extensions ['cmake', 'python']
[0.418s] Level 1:colcon.colcon_core.package_identification:_identify(src) by extension 'cmake'
[0.418s] Level 1:colcon.colcon_core.package_identification:_identify(src) by extension 'python'
[0.418s] Level 1:colcon.colcon_core.package_identification:_identify(src) by extensions ['python_setup_py']
[0.418s] Level 1:colcon.colcon_core.package_identification:_identify(src) by extension 'python_setup_py'
[0.418s] Level 1:colcon.colcon_core.package_identification:_identify(src/hw2) by extensions ['ignore', 'ignore_ament_install']
[0.418s] Level 1:colcon.colcon_core.package_identification:_identify(src/hw2) by extension 'ignore'
[0.418s] Level 1:colcon.colcon_core.package_identification:_identify(src/hw2) by extension 'ignore_ament_install'
[0.419s] Level 1:colcon.colcon_core.package_identification:_identify(src/hw2) by extensions ['colcon_pkg']
[0.419s] Level 1:colcon.colcon_core.package_identification:_identify(src/hw2) by extension 'colcon_pkg'
[0.419s] Level 1:colcon.colcon_core.package_identification:_identify(src/hw2) by extensions ['colcon_meta']
[0.419s] Level 1:colcon.colcon_core.package_identification:_identify(src/hw2) by extension 'colcon_meta'
[0.419s] Level 1:colcon.colcon_core.package_identification:_identify(src/hw2) by extensions ['ros']
[0.419s] Level 1:colcon.colcon_core.package_identification:_identify(src/hw2) by extension 'ros'
[0.422s] DEBUG:colcon.colcon_core.package_identification:Package 'src/hw2' with type 'ros.ament_python' and name 'hw2'
[0.422s] Level 1:colcon.colcon_core.package_identification:_identify(src/hw3) by extensions ['ignore', 'ignore_ament_install']
[0.422s] Level 1:colcon.colcon_core.package_identification:_identify(src/hw3) by extension 'ignore'
[0.422s] Level 1:colcon.colcon_core.package_identification:_identify(src/hw3) by extension 'ignore_ament_install'
[0.422s] Level 1:colcon.colcon_core.package_identification:_identify(src/hw3) by extensions ['colcon_pkg']
[0.423s] Level 1:colcon.colcon_core.package_identification:_identify(src/hw3) by extension 'colcon_pkg'
[0.423s] Level 1:colcon.colcon_core.package_identification:_identify(src/hw3) by extensions ['colcon_meta']
[0.423s] Level 1:colcon.colcon_core.package_identification:_identify(src/hw3) by extension 'colcon_meta'
[0.423s] Level 1:colcon.colcon_core.package_identification:_identify(src/hw3) by extensions ['ros']
[0.423s] Level 1:colcon.colcon_core.package_identification:_identify(src/hw3) by extension 'ros'
[0.423s] DEBUG:colcon.colcon_core.package_identification:Package 'src/hw3' with type 'ros.ament_python' and name 'hw3'
[0.424s] Level 1:colcon.colcon_core.package_identification:_identify(src/hw3_interfaces) by extensions ['ignore', 'ignore_ament_install']
[0.424s] Level 1:colcon.colcon_core.package_identification:_identify(src/hw3_interfaces) by extension 'ignore'
[0.424s] Level 1:colcon.colcon_core.package_identification:_identify(src/hw3_interfaces) by extension 'ignore_ament_install'
[0.424s] Level 1:colcon.colcon_core.package_identification:_identify(src/hw3_interfaces) by extensions ['colcon_pkg']
[0.424s] Level 1:colcon.colcon_core.package_identification:_identify(src/hw3_interfaces) by extension 'colcon_pkg'
[0.424s] Level 1:colcon.colcon_core.package_identification:_identify(src/hw3_interfaces) by extensions ['colcon_meta']
[0.424s] Level 1:colcon.colcon_core.package_identification:_identify(src/hw3_interfaces) by extension 'colcon_meta'
[0.424s] Level 1:colcon.colcon_core.package_identification:_identify(src/hw3_interfaces) by extensions ['ros']
[0.424s] Level 1:colcon.colcon_core.package_identification:_identify(src/hw3_interfaces) by extension 'ros'
[0.425s] DEBUG:colcon.colcon_core.package_identification:Package 'src/hw3_interfaces' with type 'ros.ament_cmake' and name 'hw3_interfaces'
[0.425s] Level 1:colcon.colcon_core.package_identification:_identify(src/rob599_basic) by extensions ['ignore', 'ignore_ament_install']
[0.425s] Level 1:colcon.colcon_core.package_identification:_identify(src/rob599_basic) by extension 'ignore'
[0.425s] Level 1:colcon.colcon_core.package_identification:_identify(src/rob599_basic) by extension 'ignore_ament_install'
[0.425s] Level 1:colcon.colcon_core.package_identification:_identify(src/rob599_basic) by extensions ['colcon_pkg']
[0.425s] Level 1:colcon.colcon_core.package_identification:_identify(src/rob599_basic) by extension 'colcon_pkg'
[0.425s] Level 1:colcon.colcon_core.package_identification:_identify(src/rob599_basic) by extensions ['colcon_meta']
[0.425s] Level 1:colcon.colcon_core.package_identification:_identify(src/rob599_basic) by extension 'colcon_meta'
[0.425s] Level 1:colcon.colcon_core.package_identification:_identify(src/rob599_basic) by extensions ['ros']
[0.425s] Level 1:colcon.colcon_core.package_identification:_identify(src/rob599_basic) by extension 'ros'
[0.426s] DEBUG:colcon.colcon_core.package_identification:Package 'src/rob599_basic' with type 'ros.ament_python' and name 'rob599_basic'
[0.426s] Level 1:colcon.colcon_core.package_identification:_identify(src/rob599_msgs) by extensions ['ignore', 'ignore_ament_install']
[0.426s] Level 1:colcon.colcon_core.package_identification:_identify(src/rob599_msgs) by extension 'ignore'
[0.426s] Level 1:colcon.colcon_core.package_identification:_identify(src/rob599_msgs) by extension 'ignore_ament_install'
[0.426s] Level 1:colcon.colcon_core.package_identification:_identify(src/rob599_msgs) by extensions ['colcon_pkg']
[0.426s] Level 1:colcon.colcon_core.package_identification:_identify(src/rob599_msgs) by extension 'colcon_pkg'
[0.426s] Level 1:colcon.colcon_core.package_identification:_identify(src/rob599_msgs) by extensions ['colcon_meta']
[0.426s] Level 1:colcon.colcon_core.package_identification:_identify(src/rob599_msgs) by extension 'colcon_meta'
[0.426s] Level 1:colcon.colcon_core.package_identification:_identify(src/rob599_msgs) by extensions ['ros']
[0.426s] Level 1:colcon.colcon_core.package_identification:_identify(src/rob599_msgs) by extension 'ros'
[0.427s] DEBUG:colcon.colcon_core.package_identification:Package 'src/rob599_msgs' with type 'ros.ament_cmake' and name 'rob599_msgs'
[0.427s] Level 1:colcon.colcon_core.package_discovery:discover_packages(recursive) using defaults
[0.427s] Level 1:colcon.colcon_core.package_discovery:discover_packages(ignore) discover
[0.427s] Level 1:colcon.colcon_core.package_discovery:discover_packages(ignore) using defaults
[0.427s] Level 1:colcon.colcon_core.package_discovery:discover_packages(path) discover
[0.427s] Level 1:colcon.colcon_core.package_discovery:discover_packages(path) using defaults
[0.454s] Level 1:colcon.colcon_core.package_discovery:discover_packages(prefix_path) check parameters
[0.454s] Level 1:colcon.colcon_core.package_discovery:discover_packages(prefix_path) discover
[0.459s] DEBUG:colcon.colcon_installed_package_information.package_discovery:Found 5 installed packages in /home/mike54pfeiffer/Desktop/School/ROB599/ROB599_ws/install
[0.462s] DEBUG:colcon.colcon_installed_package_information.package_discovery:Found 318 installed packages in /opt/ros/jazzy
[0.464s] Level 1:colcon.colcon_core.package_discovery:discover_packages(prefix_path) using defaults
[0.556s] Level 5:colcon.colcon_core.verb:set package 'hw2' build argument 'cmake_args' from command line to 'None'
[0.556s] Level 5:colcon.colcon_core.verb:set package 'hw2' build argument 'cmake_target' from command line to 'None'
[0.556s] Level 5:colcon.colcon_core.verb:set package 'hw2' build argument 'cmake_target_skip_unavailable' from command line to 'False'
[0.556s] Level 5:colcon.colcon_core.verb:set package 'hw2' build argument 'cmake_clean_cache' from command line to 'False'
[0.556s] Level 5:colcon.colcon_core.verb:set package 'hw2' build argument 'cmake_clean_first' from command line to 'False'
[0.556s] Level 5:colcon.colcon_core.verb:set package 'hw2' build argument 'cmake_force_configure' from command line to 'False'
[0.556s] Level 5:colcon.colcon_core.verb:set package 'hw2' build argument 'ament_cmake_args' from command line to 'None'
[0.556s] Level 5:colcon.colcon_core.verb:set package 'hw2' build argument 'catkin_cmake_args' from command line to 'None'
[0.556s] Level 5:colcon.colcon_core.verb:set package 'hw2' build argument 'catkin_skip_building_tests' from command line to 'False'
[0.556s] DEBUG:colcon.colcon_core.verb:Building package 'hw2' with the following arguments: {'ament_cmake_args': None, 'build_base': '/home/mike54pfeiffer/Desktop/School/ROB599/ROB599_ws/build/hw2', 'catkin_cmake_args': None, 'catkin_skip_building_tests': False, 'cmake_args': None, 'cmake_clean_cache': False, 'cmake_clean_first': False, 'cmake_force_configure': False, 'cmake_target': None, 'cmake_target_skip_unavailable': False, 'install_base': '/home/mike54pfeiffer/Desktop/School/ROB599/ROB599_ws/install/hw2', 'merge_install': False, 'path': '/home/mike54pfeiffer/Desktop/School/ROB599/ROB599_ws/src/hw2', 'symlink_install': False, 'test_result_base': None}
[0.557s] Level 5:colcon.colcon_core.verb:set package 'hw3_interfaces' build argument 'cmake_args' from command line to 'None'
[0.557s] Level 5:colcon.colcon_core.verb:set package 'hw3_interfaces' build argument 'cmake_target' from command line to 'None'
[0.557s] Level 5:colcon.colcon_core.verb:set package 'hw3_interfaces' build argument 'cmake_target_skip_unavailable' from command line to 'False'
[0.557s] Level 5:colcon.colcon_core.verb:set package 'hw3_interfaces' build argument 'cmake_clean_cache' from command line to 'False'
[0.557s] Level 5:colcon.colcon_core.verb:set package 'hw3_interfaces' build argument 'cmake_clean_first' from command line to 'False'
[0.557s] Level 5:colcon.colcon_core.verb:set package 'hw3_interfaces' build argument 'cmake_force_configure' from command line to 'False'
[0.557s] Level 5:colcon.colcon_core.verb:set package 'hw3_interfaces' build argument 'ament_cmake_args' from command line to 'None'
[0.557s] Level 5:colcon.colcon_core.verb:set package 'hw3_interfaces' build argument 'catkin_cmake_args' from command line to 'None'
[0.557s] Level 5:colcon.colcon_core.verb:set package 'hw3_interfaces' build argument 'catkin_skip_building_tests' from command line to 'False'
[0.557s] DEBUG:colcon.colcon_core.verb:Building package 'hw3_interfaces' with the following arguments: {'ament_cmake_args': None, 'build_base': '/home/mike54pfeiffer/Desktop/School/ROB599/ROB599_ws/build/hw3_interfaces', 'catkin_cmake_args': None, 'catkin_skip_building_tests': False, 'cmake_args': None, 'cmake_clean_cache': False, 'cmake_clean_first': False, 'cmake_force_configure': False, 'cmake_target': None, 'cmake_target_skip_unavailable': False, 'install_base': '/home/mike54pfeiffer/Desktop/School/ROB599/ROB599_ws/install/hw3_interfaces', 'merge_install': False, 'path': '/home/mike54pfeiffer/Desktop/School/ROB599/ROB599_ws/src/hw3_interfaces', 'symlink_install': False, 'test_result_base': None}
[0.557s] Level 5:colcon.colcon_core.verb:set package 'rob599_basic' build argument 'cmake_args' from command line to 'None'
[0.557s] Level 5:colcon.colcon_core.verb:set package 'rob599_basic' build argument 'cmake_target' from command line to 'None'
[0.557s] Level 5:colcon.colcon_core.verb:set package 'rob599_basic' build argument 'cmake_target_skip_unavailable' from command line to 'False'
[0.557s] Level 5:colcon.colcon_core.verb:set package 'rob599_basic' build argument 'cmake_clean_cache' from command line to 'False'
[0.557s] Level 5:colcon.colcon_core.verb:set package 'rob599_basic' build argument 'cmake_clean_first' from command line to 'False'
[0.557s] Level 5:colcon.colcon_core.verb:set package 'rob599_basic' build argument 'cmake_force_configure' from command line to 'False'
[0.557s] Level 5:colcon.colcon_core.verb:set package 'rob599_basic' build argument 'ament_cmake_args' from command line to 'None'
[0.557s] Level 5:colcon.colcon_core.verb:set package 'rob599_basic' build argument 'catkin_cmake_args' from command line to 'None'
[0.557s] Level 5:colcon.colcon_core.verb:set package 'rob599_basic' build argument 'catkin_skip_building_tests' from command line to 'False'
[0.557s] DEBUG:colcon.colcon_core.verb:Building package 'rob599_basic' with the following arguments: {'ament_cmake_args': None, 'build_base': '/home/mike54pfeiffer/Desktop/School/ROB599/ROB599_ws/build/rob599_basic', 'catkin_cmake_args': None, 'catkin_skip_building_tests': False, 'cmake_args': None, 'cmake_clean_cache': False, 'cmake_clean_first': False, 'cmake_force_configure': False, 'cmake_target': None, 'cmake_target_skip_unavailable': False, 'install_base': '/home/mike54pfeiffer/Desktop/School/ROB599/ROB599_ws/install/rob599_basic', 'merge_install': False, 'path': '/home/mike54pfeiffer/Desktop/School/ROB599/ROB599_ws/src/rob599_basic', 'symlink_install': False, 'test_result_base': None}
[0.558s] Level 5:colcon.colcon_core.verb:set package 'rob599_msgs' build argument 'cmake_args' from command line to 'None'
[0.558s] Level 5:colcon.colcon_core.verb:set package 'rob599_msgs' build argument 'cmake_target' from command line to 'None'
[0.558s] Level 5:colcon.colcon_core.verb:set package 'rob599_msgs' build argument 'cmake_target_skip_unavailable' from command line to 'False'
[0.558s] Level 5:colcon.colcon_core.verb:set package 'rob599_msgs' build argument 'cmake_clean_cache' from command line to 'False'
[0.558s] Level 5:colcon.colcon_core.verb:set package 'rob599_msgs' build argument 'cmake_clean_first' from command line to 'False'
[0.558s] Level 5:colcon.colcon_core.verb:set package 'rob599_msgs' build argument 'cmake_force_configure' from command line to 'False'
[0.558s] Level 5:colcon.colcon_core.verb:set package 'rob599_msgs' build argument 'ament_cmake_args' from command line to 'None'
[0.558s] Level 5:colcon.colcon_core.verb:set package 'rob599_msgs' build argument 'catkin_cmake_args' from command line to 'None'
[0.558s] Level 5:colcon.colcon_core.verb:set package 'rob599_msgs' build argument 'catkin_skip_building_tests' from command line to 'False'
[0.558s] DEBUG:colcon.colcon_core.verb:Building package 'rob599_msgs' with the following arguments: {'ament_cmake_args': None, 'build_base': '/home/mike54pfeiffer/Desktop/School/ROB599/ROB599_ws/build/rob599_msgs', 'catkin_cmake_args': None, 'catkin_skip_building_tests': False, 'cmake_args': None, 'cmake_clean_cache': False, 'cmake_clean_first': False, 'cmake_force_configure': False, 'cmake_target': None, 'cmake_target_skip_unavailable': False, 'install_base': '/home/mike54pfeiffer/Desktop/School/ROB599/ROB599_ws/install/rob599_msgs', 'merge_install': False, 'path': '/home/mike54pfeiffer/Desktop/School/ROB599/ROB599_ws/src/rob599_msgs', 'symlink_install': False, 'test_result_base': None}
[0.558s] Level 5:colcon.colcon_core.verb:set package 'hw3' build argument 'cmake_args' from command line to 'None'
[0.558s] Level 5:colcon.colcon_core.verb:set package 'hw3' build argument 'cmake_target' from command line to 'None'
[0.558s] Level 5:colcon.colcon_core.verb:set package 'hw3' build argument 'cmake_target_skip_unavailable' from command line to 'False'
[0.558s] Level 5:colcon.colcon_core.verb:set package 'hw3' build argument 'cmake_clean_cache' from command line to 'False'
[0.558s] Level 5:colcon.colcon_core.verb:set package 'hw3' build argument 'cmake_clean_first' from command line to 'False'
[0.558s] Level 5:colcon.colcon_core.verb:set package 'hw3' build argument 'cmake_force_configure' from command line to 'False'
[0.558s] Level 5:colcon.colcon_core.verb:set package 'hw3' build argument 'ament_cmake_args' from command line to 'None'
[0.558s] Level 5:colcon.colcon_core.verb:set package 'hw3' build argument 'catkin_cmake_args' from command line to 'None'
[0.558s] Level 5:colcon.colcon_core.verb:set package 'hw3' build argument 'catkin_skip_building_tests' from command line to 'False'
[0.558s] DEBUG:colcon.colcon_core.verb:Building package 'hw3' with the following arguments: {'ament_cmake_args': None, 'build_base': '/home/mike54pfeiffer/Desktop/School/ROB599/ROB599_ws/build/hw3', 'catkin_cmake_args': None, 'catkin_skip_building_tests': False, 'cmake_args': None, 'cmake_clean_cache': False, 'cmake_clean_first': False, 'cmake_force_configure': False, 'cmake_target': None, 'cmake_target_skip_unavailable': False, 'install_base': '/home/mike54pfeiffer/Desktop/School/ROB599/ROB599_ws/install/hw3', 'merge_install': False, 'path': '/home/mike54pfeiffer/Desktop/School/ROB599/ROB599_ws/src/hw3', 'symlink_install': False, 'test_result_base': None}
[0.558s] INFO:colcon.colcon_core.executor:Executing jobs using 'parallel' executor
[0.560s] DEBUG:colcon.colcon_parallel_executor.executor.parallel:run_until_complete
[0.560s] INFO:colcon.colcon_ros.task.ament_cmake.build:Building ROS package in '/home/mike54pfeiffer/Desktop/School/ROB599/ROB599_ws/src/hw3_interfaces' with build type 'ament_cmake'
[0.560s] INFO:colcon.colcon_cmake.task.cmake.build:Building CMake package in '/home/mike54pfeiffer/Desktop/School/ROB599/ROB599_ws/src/hw3_interfaces'
[0.564s] INFO:colcon.colcon_core.plugin_system:Skipping extension 'colcon_core.shell.bat': Not used on non-Windows systems
[0.564s] INFO:colcon.colcon_core.shell:Skip shell extension 'powershell' for command environment: Not usable outside of PowerShell
[0.564s] DEBUG:colcon.colcon_core.shell:Skip shell extension 'dsv' for command environment
[0.570s] INFO:colcon.colcon_ros.task.ament_python.build:Building ROS package in '/home/mike54pfeiffer/Desktop/School/ROB599/ROB599_ws/src/hw2' with build type 'ament_python'
[0.570s] Level 1:colcon.colcon_core.shell:create_environment_hook('hw2', 'ament_prefix_path')
[0.570s] INFO:colcon.colcon_core.shell:Creating environment hook '/home/mike54pfeiffer/Desktop/School/ROB599/ROB599_ws/install/hw2/share/hw2/hook/ament_prefix_path.ps1'
[0.572s] INFO:colcon.colcon_core.shell:Creating environment descriptor '/home/mike54pfeiffer/Desktop/School/ROB599/ROB599_ws/install/hw2/share/hw2/hook/ament_prefix_path.dsv'
[0.573s] INFO:colcon.colcon_core.shell:Creating environment hook '/home/mike54pfeiffer/Desktop/School/ROB599/ROB599_ws/install/hw2/share/hw2/hook/ament_prefix_path.sh'
[0.574s] INFO:colcon.colcon_core.shell:Skip shell extension 'powershell' for command environment: Not usable outside of PowerShell
[0.574s] DEBUG:colcon.colcon_core.shell:Skip shell extension 'dsv' for command environment
[0.579s] INFO:colcon.colcon_ros.task.ament_python.build:Building ROS package in '/home/mike54pfeiffer/Desktop/School/ROB599/ROB599_ws/src/rob599_basic' with build type 'ament_python'
[0.579s] Level 1:colcon.colcon_core.shell:create_environment_hook('rob599_basic', 'ament_prefix_path')
[0.579s] INFO:colcon.colcon_core.shell:Creating environment hook '/home/mike54pfeiffer/Desktop/School/ROB599/ROB599_ws/install/rob599_basic/share/rob599_basic/hook/ament_prefix_path.ps1'
[0.580s] INFO:colcon.colcon_core.shell:Creating environment descriptor '/home/mike54pfeiffer/Desktop/School/ROB599/ROB599_ws/install/rob599_basic/share/rob599_basic/hook/ament_prefix_path.dsv'
[0.581s] INFO:colcon.colcon_core.shell:Creating environment hook '/home/mike54pfeiffer/Desktop/School/ROB599/ROB599_ws/install/rob599_basic/share/rob599_basic/hook/ament_prefix_path.sh'
[0.582s] INFO:colcon.colcon_core.shell:Skip shell extension 'powershell' for command environment: Not usable outside of PowerShell
[0.582s] DEBUG:colcon.colcon_core.shell:Skip shell extension 'dsv' for command environment
[0.586s] INFO:colcon.colcon_ros.task.ament_cmake.build:Building ROS package in '/home/mike54pfeiffer/Desktop/School/ROB599/ROB599_ws/src/rob599_msgs' with build type 'ament_cmake'
[0.587s] INFO:colcon.colcon_cmake.task.cmake.build:Building CMake package in '/home/mike54pfeiffer/Desktop/School/ROB599/ROB599_ws/src/rob599_msgs'
[0.587s] INFO:colcon.colcon_core.shell:Skip shell extension 'powershell' for command environment: Not usable outside of PowerShell
[0.587s] DEBUG:colcon.colcon_core.shell:Skip shell extension 'dsv' for command environment
[0.598s] DEBUG:colcon.colcon_core.event_handler.log_command:Invoking command in '/home/mike54pfeiffer/Desktop/School/ROB599/ROB599_ws/build/hw3_interfaces': CMAKE_PREFIX_PATH=${CMAKE_PREFIX_PATH}:/home/mike54pfeiffer/Desktop/School/ROB599/ROB599_ws/install/rob599_basic:/home/mike54pfeiffer/Desktop/School/ROB599/ROB599_ws/install/hw3:/home/mike54pfeiffer/Desktop/School/ROB599/ROB599_ws/install/hw2:/opt/ros/jazzy DEBUGINFOD_URLS=https://debuginfod.ubuntu.com /usr/bin/cmake --build /home/mike54pfeiffer/Desktop/School/ROB599/ROB599_ws/build/hw3_interfaces -- -j12 -l12
[0.927s] INFO:colcon.colcon_core.task.python.build:Building Python package in '/home/mike54pfeiffer/Desktop/School/ROB599/ROB599_ws/src/hw2'
[0.927s] INFO:colcon.colcon_core.shell:Skip shell extension 'powershell' for command environment: Not usable outside of PowerShell
[0.927s] DEBUG:colcon.colcon_core.shell:Skip shell extension 'dsv' for command environment
[1.161s] INFO:colcon.colcon_core.task.python.build:Building Python package in '/home/mike54pfeiffer/Desktop/School/ROB599/ROB599_ws/src/rob599_basic'
[1.161s] INFO:colcon.colcon_core.shell:Skip shell extension 'powershell' for command environment: Not usable outside of PowerShell
[1.161s] DEBUG:colcon.colcon_core.shell:Skip shell extension 'dsv' for command environment
[1.170s] DEBUG:colcon.colcon_core.event_handler.log_command:Invoking command in '/home/mike54pfeiffer/Desktop/School/ROB599/ROB599_ws/build/rob599_msgs': CMAKE_PREFIX_PATH=${CMAKE_PREFIX_PATH}:/home/mike54pfeiffer/Desktop/School/ROB599/ROB599_ws/install/rob599_basic:/home/mike54pfeiffer/Desktop/School/ROB599/ROB599_ws/install/hw3:/home/mike54pfeiffer/Desktop/School/ROB599/ROB599_ws/install/hw2:/opt/ros/jazzy DEBUGINFOD_URLS=https://debuginfod.ubuntu.com /usr/bin/cmake --build /home/mike54pfeiffer/Desktop/School/ROB599/ROB599_ws/build/rob599_msgs -- -j12 -l12
[1.724s] DEBUG:colcon.colcon_core.event_handler.log_command:Invoked command in '/home/mike54pfeiffer/Desktop/School/ROB599/ROB599_ws/build/rob599_msgs' returned '0': CMAKE_PREFIX_PATH=${CMAKE_PREFIX_PATH}:/home/mike54pfeiffer/Desktop/School/ROB599/ROB599_ws/install/rob599_basic:/home/mike54pfeiffer/Desktop/School/ROB599/ROB599_ws/install/hw3:/home/mike54pfeiffer/Desktop/School/ROB599/ROB599_ws/install/hw2:/opt/ros/jazzy DEBUGINFOD_URLS=https://debuginfod.ubuntu.com /usr/bin/cmake --build /home/mike54pfeiffer/Desktop/School/ROB599/ROB599_ws/build/rob599_msgs -- -j12 -l12
[1.736s] DEBUG:colcon.colcon_core.event_handler.log_command:Invoking command in '/home/mike54pfeiffer/Desktop/School/ROB599/ROB599_ws/build/rob599_msgs': CMAKE_PREFIX_PATH=${CMAKE_PREFIX_PATH}:/home/mike54pfeiffer/Desktop/School/ROB599/ROB599_ws/install/rob599_basic:/home/mike54pfeiffer/Desktop/School/ROB599/ROB599_ws/install/hw3:/home/mike54pfeiffer/Desktop/School/ROB599/ROB599_ws/install/hw2:/opt/ros/jazzy DEBUGINFOD_URLS=https://debuginfod.ubuntu.com /usr/bin/cmake --install /home/mike54pfeiffer/Desktop/School/ROB599/ROB599_ws/build/rob599_msgs
[1.919s] Level 1:colcon.colcon_core.environment:create_environment_scripts_only(rob599_msgs)
[1.920s] DEBUG:colcon.colcon_core.event_handler.log_command:Invoked command in '/home/mike54pfeiffer/Desktop/School/ROB599/ROB599_ws/build/rob599_msgs' returned '0': CMAKE_PREFIX_PATH=${CMAKE_PREFIX_PATH}:/home/mike54pfeiffer/Desktop/School/ROB599/ROB599_ws/install/rob599_basic:/home/mike54pfeiffer/Desktop/School/ROB599/ROB599_ws/install/hw3:/home/mike54pfeiffer/Desktop/School/ROB599/ROB599_ws/install/hw2:/opt/ros/jazzy DEBUGINFOD_URLS=https://debuginfod.ubuntu.com /usr/bin/cmake --install /home/mike54pfeiffer/Desktop/School/ROB599/ROB599_ws/build/rob599_msgs
[1.928s] Level 1:colcon.colcon_core.environment:checking '/home/mike54pfeiffer/Desktop/School/ROB599/ROB599_ws/install/rob599_msgs' for CMake module files
[1.928s] Level 1:colcon.colcon_core.environment:checking '/home/mike54pfeiffer/Desktop/School/ROB599/ROB599_ws/install/rob599_msgs' for CMake config files
[1.931s] Level 1:colcon.colcon_core.shell:create_environment_hook('rob599_msgs', 'cmake_prefix_path')
[1.931s] INFO:colcon.colcon_core.shell:Creating environment hook '/home/mike54pfeiffer/Desktop/School/ROB599/ROB599_ws/install/rob599_msgs/share/rob599_msgs/hook/cmake_prefix_path.ps1'
[1.932s] INFO:colcon.colcon_core.shell:Creating environment descriptor '/home/mike54pfeiffer/Desktop/School/ROB599/ROB599_ws/install/rob599_msgs/share/rob599_msgs/hook/cmake_prefix_path.dsv'
[1.932s] INFO:colcon.colcon_core.shell:Creating environment hook '/home/mike54pfeiffer/Desktop/School/ROB599/ROB599_ws/install/rob599_msgs/share/rob599_msgs/hook/cmake_prefix_path.sh'
[1.934s] Level 1:colcon.colcon_core.environment:checking '/home/mike54pfeiffer/Desktop/School/ROB599/ROB599_ws/install/rob599_msgs/lib'
[1.934s] Level 1:colcon.colcon_core.shell:create_environment_hook('rob599_msgs', 'ld_library_path_lib')
[1.934s] INFO:colcon.colcon_core.shell:Creating environment hook '/home/mike54pfeiffer/Desktop/School/ROB599/ROB599_ws/install/rob599_msgs/share/rob599_msgs/hook/ld_library_path_lib.ps1'
[1.934s] INFO:colcon.colcon_core.shell:Creating environment descriptor '/home/mike54pfeiffer/Desktop/School/ROB599/ROB599_ws/install/rob599_msgs/share/rob599_msgs/hook/ld_library_path_lib.dsv'
[1.935s] INFO:colcon.colcon_core.shell:Creating environment hook '/home/mike54pfeiffer/Desktop/School/ROB599/ROB599_ws/install/rob599_msgs/share/rob599_msgs/hook/ld_library_path_lib.sh'
[1.938s] Level 1:colcon.colcon_core.environment:checking '/home/mike54pfeiffer/Desktop/School/ROB599/ROB599_ws/install/rob599_msgs/bin'
[1.938s] Level 1:colcon.colcon_core.environment:checking '/home/mike54pfeiffer/Desktop/School/ROB599/ROB599_ws/install/rob599_msgs/lib/pkgconfig/rob599_msgs.pc'
[1.939s] Level 1:colcon.colcon_core.environment:checking '/home/mike54pfeiffer/Desktop/School/ROB599/ROB599_ws/install/rob599_msgs/lib/python3.12/site-packages'
[1.939s] Level 1:colcon.colcon_core.shell:create_environment_hook('rob599_msgs', 'pythonpath')
[1.939s] INFO:colcon.colcon_core.shell:Creating environment hook '/home/mike54pfeiffer/Desktop/School/ROB599/ROB599_ws/install/rob599_msgs/share/rob599_msgs/hook/pythonpath.ps1'
[1.940s] INFO:colcon.colcon_core.shell:Creating environment descriptor '/home/mike54pfeiffer/Desktop/School/ROB599/ROB599_ws/install/rob599_msgs/share/rob599_msgs/hook/pythonpath.dsv'
[1.941s] INFO:colcon.colcon_core.shell:Creating environment hook '/home/mike54pfeiffer/Desktop/School/ROB599/ROB599_ws/install/rob599_msgs/share/rob599_msgs/hook/pythonpath.sh'
[1.943s] Level 1:colcon.colcon_core.environment:checking '/home/mike54pfeiffer/Desktop/School/ROB599/ROB599_ws/install/rob599_msgs/bin'
[1.943s] INFO:colcon.colcon_core.shell:Creating package script '/home/mike54pfeiffer/Desktop/School/ROB599/ROB599_ws/install/rob599_msgs/share/rob599_msgs/package.ps1'
[1.947s] INFO:colcon.colcon_core.shell:Creating package descriptor '/home/mike54pfeiffer/Desktop/School/ROB599/ROB599_ws/install/rob599_msgs/share/rob599_msgs/package.dsv'
[1.948s] INFO:colcon.colcon_core.shell:Creating package script '/home/mike54pfeiffer/Desktop/School/ROB599/ROB599_ws/install/rob599_msgs/share/rob599_msgs/package.sh'
[1.949s] INFO:colcon.colcon_core.shell:Creating package script '/home/mike54pfeiffer/Desktop/School/ROB599/ROB599_ws/install/rob599_msgs/share/rob599_msgs/package.bash'
[1.950s] INFO:colcon.colcon_core.shell:Creating package script '/home/mike54pfeiffer/Desktop/School/ROB599/ROB599_ws/install/rob599_msgs/share/rob599_msgs/package.zsh'
[1.951s] Level 1:colcon.colcon_core.environment:create_file_with_runtime_dependencies(/home/mike54pfeiffer/Desktop/School/ROB599/ROB599_ws/install/rob599_msgs/share/colcon-core/packages/rob599_msgs)
[1.953s] Level 1:colcon.colcon_core.environment:create_environment_scripts_only(rob599_msgs)
[1.953s] Level 1:colcon.colcon_core.environment:checking '/home/mike54pfeiffer/Desktop/School/ROB599/ROB599_ws/install/rob599_msgs' for CMake module files
[1.954s] Level 1:colcon.colcon_core.environment:checking '/home/mike54pfeiffer/Desktop/School/ROB599/ROB599_ws/install/rob599_msgs' for CMake config files
[1.955s] Level 1:colcon.colcon_core.shell:create_environment_hook('rob599_msgs', 'cmake_prefix_path')
[1.955s] INFO:colcon.colcon_core.shell:Creating environment hook '/home/mike54pfeiffer/Desktop/School/ROB599/ROB599_ws/install/rob599_msgs/share/rob599_msgs/hook/cmake_prefix_path.ps1'
[1.956s] INFO:colcon.colcon_core.shell:Creating environment descriptor '/home/mike54pfeiffer/Desktop/School/ROB599/ROB599_ws/install/rob599_msgs/share/rob599_msgs/hook/cmake_prefix_path.dsv'
[1.956s] INFO:colcon.colcon_core.shell:Creating environment hook '/home/mike54pfeiffer/Desktop/School/ROB599/ROB599_ws/install/rob599_msgs/share/rob599_msgs/hook/cmake_prefix_path.sh'
[1.957s] Level 1:colcon.colcon_core.environment:checking '/home/mike54pfeiffer/Desktop/School/ROB599/ROB599_ws/install/rob599_msgs/lib'
[1.957s] Level 1:colcon.colcon_core.shell:create_environment_hook('rob599_msgs', 'ld_library_path_lib')
[1.957s] INFO:colcon.colcon_core.shell:Creating environment hook '/home/mike54pfeiffer/Desktop/School/ROB599/ROB599_ws/install/rob599_msgs/share/rob599_msgs/hook/ld_library_path_lib.ps1'
[1.957s] INFO:colcon.colcon_core.shell:Creating environment descriptor '/home/mike54pfeiffer/Desktop/School/ROB599/ROB599_ws/install/rob599_msgs/share/rob599_msgs/hook/ld_library_path_lib.dsv'
[1.958s] INFO:colcon.colcon_core.shell:Creating environment hook '/home/mike54pfeiffer/Desktop/School/ROB599/ROB599_ws/install/rob599_msgs/share/rob599_msgs/hook/ld_library_path_lib.sh'
[1.958s] Level 1:colcon.colcon_core.environment:checking '/home/mike54pfeiffer/Desktop/School/ROB599/ROB599_ws/install/rob599_msgs/bin'
[1.958s] Level 1:colcon.colcon_core.environment:checking '/home/mike54pfeiffer/Desktop/School/ROB599/ROB599_ws/install/rob599_msgs/lib/pkgconfig/rob599_msgs.pc'
[1.958s] Level 1:colcon.colcon_core.environment:checking '/home/mike54pfeiffer/Desktop/School/ROB599/ROB599_ws/install/rob599_msgs/lib/python3.12/site-packages'
[1.959s] Level 1:colcon.colcon_core.shell:create_environment_hook('rob599_msgs', 'pythonpath')
[1.959s] INFO:colcon.colcon_core.shell:Creating environment hook '/home/mike54pfeiffer/Desktop/School/ROB599/ROB599_ws/install/rob599_msgs/share/rob599_msgs/hook/pythonpath.ps1'
[1.959s] INFO:colcon.colcon_core.shell:Creating environment descriptor '/home/mike54pfeiffer/Desktop/School/ROB599/ROB599_ws/install/rob599_msgs/share/rob599_msgs/hook/pythonpath.dsv'
[1.959s] INFO:colcon.colcon_core.shell:Creating environment hook '/home/mike54pfeiffer/Desktop/School/ROB599/ROB599_ws/install/rob599_msgs/share/rob599_msgs/hook/pythonpath.sh'
[1.960s] Level 1:colcon.colcon_core.environment:checking '/home/mike54pfeiffer/Desktop/School/ROB599/ROB599_ws/install/rob599_msgs/bin'
[1.960s] INFO:colcon.colcon_core.shell:Creating package script '/home/mike54pfeiffer/Desktop/School/ROB599/ROB599_ws/install/rob599_msgs/share/rob599_msgs/package.ps1'
[1.961s] INFO:colcon.colcon_core.shell:Creating package descriptor '/home/mike54pfeiffer/Desktop/School/ROB599/ROB599_ws/install/rob599_msgs/share/rob599_msgs/package.dsv'
[1.961s] INFO:colcon.colcon_core.shell:Creating package script '/home/mike54pfeiffer/Desktop/School/ROB599/ROB599_ws/install/rob599_msgs/share/rob599_msgs/package.sh'
[1.962s] INFO:colcon.colcon_core.shell:Creating package script '/home/mike54pfeiffer/Desktop/School/ROB599/ROB599_ws/install/rob599_msgs/share/rob599_msgs/package.bash'
[1.963s] INFO:colcon.colcon_core.shell:Creating package script '/home/mike54pfeiffer/Desktop/School/ROB599/ROB599_ws/install/rob599_msgs/share/rob599_msgs/package.zsh'
[1.963s] Level 1:colcon.colcon_core.environment:create_file_with_runtime_dependencies(/home/mike54pfeiffer/Desktop/School/ROB599/ROB599_ws/install/rob599_msgs/share/colcon-core/packages/rob599_msgs)
[2.251s] DEBUG:colcon.colcon_core.event_handler.log_command:Invoking command in '/home/mike54pfeiffer/Desktop/School/ROB599/ROB599_ws/src/hw2': DEBUGINFOD_URLS=https://debuginfod.ubuntu.com PYTHONPATH=/home/mike54pfeiffer/Desktop/School/ROB599/ROB599_ws/build/hw2/prefix_override:/usr/lib/python3/dist-packages/colcon_core/task/python/colcon_distutils_commands:/home/mike54pfeiffer/Desktop/School/ROB599/ROB599_ws/install/hw2/lib/python3.12/site-packages:${PYTHONPATH} /usr/bin/python3 -W ignore:setup.py install is deprecated -W ignore:easy_install command is deprecated setup.py egg_info --egg-base ../../build/hw2 build --build-base /home/mike54pfeiffer/Desktop/School/ROB599/ROB599_ws/build/hw2/build install --record /home/mike54pfeiffer/Desktop/School/ROB599/ROB599_ws/build/hw2/install.log --single-version-externally-managed install_data
[2.254s] DEBUG:colcon.colcon_core.event_handler.log_command:Invoking command in '/home/mike54pfeiffer/Desktop/School/ROB599/ROB599_ws/src/rob599_basic': DEBUGINFOD_URLS=https://debuginfod.ubuntu.com PYTHONPATH=/home/mike54pfeiffer/Desktop/School/ROB599/ROB599_ws/build/rob599_basic/prefix_override:/usr/lib/python3/dist-packages/colcon_core/task/python/colcon_distutils_commands:/home/mike54pfeiffer/Desktop/School/ROB599/ROB599_ws/install/rob599_basic/lib/python3.12/site-packages:${PYTHONPATH} /usr/bin/python3 -W ignore:setup.py install is deprecated -W ignore:easy_install command is deprecated setup.py egg_info --egg-base ../../build/rob599_basic build --build-base /home/mike54pfeiffer/Desktop/School/ROB599/ROB599_ws/build/rob599_basic/build install --record /home/mike54pfeiffer/Desktop/School/ROB599/ROB599_ws/build/rob599_basic/install.log --single-version-externally-managed install_data
[3.360s] Level 1:colcon.colcon_core.environment:checking '/home/mike54pfeiffer/Desktop/School/ROB599/ROB599_ws/install/rob599_basic' for CMake module files
[3.360s] DEBUG:colcon.colcon_core.event_handler.log_command:Invoked command in '/home/mike54pfeiffer/Desktop/School/ROB599/ROB599_ws/src/rob599_basic' returned '0': DEBUGINFOD_URLS=https://debuginfod.ubuntu.com PYTHONPATH=/home/mike54pfeiffer/Desktop/School/ROB599/ROB599_ws/build/rob599_basic/prefix_override:/usr/lib/python3/dist-packages/colcon_core/task/python/colcon_distutils_commands:/home/mike54pfeiffer/Desktop/School/ROB599/ROB599_ws/install/rob599_basic/lib/python3.12/site-packages:${PYTHONPATH} /usr/bin/python3 -W ignore:setup.py install is deprecated -W ignore:easy_install command is deprecated setup.py egg_info --egg-base ../../build/rob599_basic build --build-base /home/mike54pfeiffer/Desktop/School/ROB599/ROB599_ws/build/rob599_basic/build install --record /home/mike54pfeiffer/Desktop/School/ROB599/ROB599_ws/build/rob599_basic/install.log --single-version-externally-managed install_data
[3.361s] Level 1:colcon.colcon_core.environment:checking '/home/mike54pfeiffer/Desktop/School/ROB599/ROB599_ws/install/rob599_basic' for CMake config files
[3.362s] Level 1:colcon.colcon_core.environment:checking '/home/mike54pfeiffer/Desktop/School/ROB599/ROB599_ws/install/rob599_basic/lib'
[3.362s] Level 1:colcon.colcon_core.environment:checking '/home/mike54pfeiffer/Desktop/School/ROB599/ROB599_ws/install/rob599_basic/bin'
[3.363s] Level 1:colcon.colcon_core.environment:checking '/home/mike54pfeiffer/Desktop/School/ROB599/ROB599_ws/install/rob599_basic/lib/pkgconfig/rob599_basic.pc'
[3.363s] Level 1:colcon.colcon_core.environment:checking '/home/mike54pfeiffer/Desktop/School/ROB599/ROB599_ws/install/rob599_basic/lib/python3.12/site-packages'
[3.363s] Level 1:colcon.colcon_core.shell:create_environment_hook('rob599_basic', 'pythonpath')
[3.364s] INFO:colcon.colcon_core.shell:Creating environment hook '/home/mike54pfeiffer/Desktop/School/ROB599/ROB599_ws/install/rob599_basic/share/rob599_basic/hook/pythonpath.ps1'
[3.365s] INFO:colcon.colcon_core.shell:Creating environment descriptor '/home/mike54pfeiffer/Desktop/School/ROB599/ROB599_ws/install/rob599_basic/share/rob599_basic/hook/pythonpath.dsv'
[3.366s] INFO:colcon.colcon_core.shell:Creating environment hook '/home/mike54pfeiffer/Desktop/School/ROB599/ROB599_ws/install/rob599_basic/share/rob599_basic/hook/pythonpath.sh'
[3.368s] Level 1:colcon.colcon_core.environment:checking '/home/mike54pfeiffer/Desktop/School/ROB599/ROB599_ws/install/rob599_basic/bin'
[3.368s] Level 1:colcon.colcon_core.environment:create_environment_scripts_only(rob599_basic)
[3.368s] INFO:colcon.colcon_core.shell:Creating package script '/home/mike54pfeiffer/Desktop/School/ROB599/ROB599_ws/install/rob599_basic/share/rob599_basic/package.ps1'
[3.369s] INFO:colcon.colcon_core.shell:Creating package descriptor '/home/mike54pfeiffer/Desktop/School/ROB599/ROB599_ws/install/rob599_basic/share/rob599_basic/package.dsv'
[3.370s] INFO:colcon.colcon_core.shell:Creating package script '/home/mike54pfeiffer/Desktop/School/ROB599/ROB599_ws/install/rob599_basic/share/rob599_basic/package.sh'
[3.371s] INFO:colcon.colcon_core.shell:Creating package script '/home/mike54pfeiffer/Desktop/School/ROB599/ROB599_ws/install/rob599_basic/share/rob599_basic/package.bash'
[3.371s] INFO:colcon.colcon_core.shell:Creating package script '/home/mike54pfeiffer/Desktop/School/ROB599/ROB599_ws/install/rob599_basic/share/rob599_basic/package.zsh'
[3.372s] Level 1:colcon.colcon_core.environment:create_file_with_runtime_dependencies(/home/mike54pfeiffer/Desktop/School/ROB599/ROB599_ws/install/rob599_basic/share/colcon-core/packages/rob599_basic)
[3.374s] Level 1:colcon.colcon_core.environment:checking '/home/mike54pfeiffer/Desktop/School/ROB599/ROB599_ws/install/hw2' for CMake module files
[3.375s] DEBUG:colcon.colcon_core.event_handler.log_command:Invoked command in '/home/mike54pfeiffer/Desktop/School/ROB599/ROB599_ws/src/hw2' returned '0': DEBUGINFOD_URLS=https://debuginfod.ubuntu.com PYTHONPATH=/home/mike54pfeiffer/Desktop/School/ROB599/ROB599_ws/build/hw2/prefix_override:/usr/lib/python3/dist-packages/colcon_core/task/python/colcon_distutils_commands:/home/mike54pfeiffer/Desktop/School/ROB599/ROB599_ws/install/hw2/lib/python3.12/site-packages:${PYTHONPATH} /usr/bin/python3 -W ignore:setup.py install is deprecated -W ignore:easy_install command is deprecated setup.py egg_info --egg-base ../../build/hw2 build --build-base /home/mike54pfeiffer/Desktop/School/ROB599/ROB599_ws/build/hw2/build install --record /home/mike54pfeiffer/Desktop/School/ROB599/ROB599_ws/build/hw2/install.log --single-version-externally-managed install_data
[3.376s] Level 1:colcon.colcon_core.environment:checking '/home/mike54pfeiffer/Desktop/School/ROB599/ROB599_ws/install/hw2' for CMake config files
[3.377s] Level 1:colcon.colcon_core.environment:checking '/home/mike54pfeiffer/Desktop/School/ROB599/ROB599_ws/install/hw2/lib'
[3.377s] Level 1:colcon.colcon_core.environment:checking '/home/mike54pfeiffer/Desktop/School/ROB599/ROB599_ws/install/hw2/bin'
[3.377s] Level 1:colcon.colcon_core.environment:checking '/home/mike54pfeiffer/Desktop/School/ROB599/ROB599_ws/install/hw2/lib/pkgconfig/hw2.pc'
[3.378s] Level 1:colcon.colcon_core.environment:checking '/home/mike54pfeiffer/Desktop/School/ROB599/ROB599_ws/install/hw2/lib/python3.12/site-packages'
[3.378s] Level 1:colcon.colcon_core.shell:create_environment_hook('hw2', 'pythonpath')
[3.378s] INFO:colcon.colcon_core.shell:Creating environment hook '/home/mike54pfeiffer/Desktop/School/ROB599/ROB599_ws/install/hw2/share/hw2/hook/pythonpath.ps1'
[3.380s] INFO:colcon.colcon_core.shell:Creating environment descriptor '/home/mike54pfeiffer/Desktop/School/ROB599/ROB599_ws/install/hw2/share/hw2/hook/pythonpath.dsv'
[3.380s] INFO:colcon.colcon_core.shell:Creating environment hook '/home/mike54pfeiffer/Desktop/School/ROB599/ROB599_ws/install/hw2/share/hw2/hook/pythonpath.sh'
[3.381s] Level 1:colcon.colcon_core.environment:checking '/home/mike54pfeiffer/Desktop/School/ROB599/ROB599_ws/install/hw2/bin'
[3.381s] Level 1:colcon.colcon_core.environment:create_environment_scripts_only(hw2)
[3.382s] INFO:colcon.colcon_core.shell:Creating package script '/home/mike54pfeiffer/Desktop/School/ROB599/ROB599_ws/install/hw2/share/hw2/package.ps1'
[3.383s] INFO:colcon.colcon_core.shell:Creating package descriptor '/home/mike54pfeiffer/Desktop/School/ROB599/ROB599_ws/install/hw2/share/hw2/package.dsv'
[3.383s] INFO:colcon.colcon_core.shell:Creating package script '/home/mike54pfeiffer/Desktop/School/ROB599/ROB599_ws/install/hw2/share/hw2/package.sh'
[3.384s] INFO:colcon.colcon_core.shell:Creating package script '/home/mike54pfeiffer/Desktop/School/ROB599/ROB599_ws/install/hw2/share/hw2/package.bash'
[3.385s] INFO:colcon.colcon_core.shell:Creating package script '/home/mike54pfeiffer/Desktop/School/ROB599/ROB599_ws/install/hw2/share/hw2/package.zsh'
[3.385s] Level 1:colcon.colcon_core.environment:create_file_with_runtime_dependencies(/home/mike54pfeiffer/Desktop/School/ROB599/ROB599_ws/install/hw2/share/colcon-core/packages/hw2)
[4.864s] DEBUG:colcon.colcon_core.event_handler.log_command:Invoked command in '/home/mike54pfeiffer/Desktop/School/ROB599/ROB599_ws/build/hw3_interfaces' returned '0': CMAKE_PREFIX_PATH=${CMAKE_PREFIX_PATH}:/home/mike54pfeiffer/Desktop/School/ROB599/ROB599_ws/install/rob599_basic:/home/mike54pfeiffer/Desktop/School/ROB599/ROB599_ws/install/hw3:/home/mike54pfeiffer/Desktop/School/ROB599/ROB599_ws/install/hw2:/opt/ros/jazzy DEBUGINFOD_URLS=https://debuginfod.ubuntu.com /usr/bin/cmake --build /home/mike54pfeiffer/Desktop/School/ROB599/ROB599_ws/build/hw3_interfaces -- -j12 -l12
[4.865s] DEBUG:colcon.colcon_core.event_handler.log_command:Invoking command in '/home/mike54pfeiffer/Desktop/School/ROB599/ROB599_ws/build/hw3_interfaces': CMAKE_PREFIX_PATH=${CMAKE_PREFIX_PATH}:/home/mike54pfeiffer/Desktop/School/ROB599/ROB599_ws/install/rob599_basic:/home/mike54pfeiffer/Desktop/School/ROB599/ROB599_ws/install/hw3:/home/mike54pfeiffer/Desktop/School/ROB599/ROB599_ws/install/hw2:/opt/ros/jazzy DEBUGINFOD_URLS=https://debuginfod.ubuntu.com /usr/bin/cmake --install /home/mike54pfeiffer/Desktop/School/ROB599/ROB599_ws/build/hw3_interfaces
[4.967s] Level 1:colcon.colcon_core.environment:create_environment_scripts_only(hw3_interfaces)
[4.968s] Level 1:colcon.colcon_core.environment:checking '/home/mike54pfeiffer/Desktop/School/ROB599/ROB599_ws/install/hw3_interfaces' for CMake module files
[4.968s] DEBUG:colcon.colcon_core.event_handler.log_command:Invoked command in '/home/mike54pfeiffer/Desktop/School/ROB599/ROB599_ws/build/hw3_interfaces' returned '0': CMAKE_PREFIX_PATH=${CMAKE_PREFIX_PATH}:/home/mike54pfeiffer/Desktop/School/ROB599/ROB599_ws/install/rob599_basic:/home/mike54pfeiffer/Desktop/School/ROB599/ROB599_ws/install/hw3:/home/mike54pfeiffer/Desktop/School/ROB599/ROB599_ws/install/hw2:/opt/ros/jazzy DEBUGINFOD_URLS=https://debuginfod.ubuntu.com /usr/bin/cmake --install /home/mike54pfeiffer/Desktop/School/ROB599/ROB599_ws/build/hw3_interfaces
[4.969s] Level 1:colcon.colcon_core.environment:checking '/home/mike54pfeiffer/Desktop/School/ROB599/ROB599_ws/install/hw3_interfaces' for CMake config files
[4.970s] Level 1:colcon.colcon_core.shell:create_environment_hook('hw3_interfaces', 'cmake_prefix_path')
[4.970s] INFO:colcon.colcon_core.shell:Creating environment hook '/home/mike54pfeiffer/Desktop/School/ROB599/ROB599_ws/install/hw3_interfaces/share/hw3_interfaces/hook/cmake_prefix_path.ps1'
[4.972s] INFO:colcon.colcon_core.shell:Creating environment descriptor '/home/mike54pfeiffer/Desktop/School/ROB599/ROB599_ws/install/hw3_interfaces/share/hw3_interfaces/hook/cmake_prefix_path.dsv'
[4.972s] INFO:colcon.colcon_core.shell:Creating environment hook '/home/mike54pfeiffer/Desktop/School/ROB599/ROB599_ws/install/hw3_interfaces/share/hw3_interfaces/hook/cmake_prefix_path.sh'
[4.974s] Level 1:colcon.colcon_core.environment:checking '/home/mike54pfeiffer/Desktop/School/ROB599/ROB599_ws/install/hw3_interfaces/lib'
[4.974s] Level 1:colcon.colcon_core.shell:create_environment_hook('hw3_interfaces', 'ld_library_path_lib')
[4.974s] INFO:colcon.colcon_core.shell:Creating environment hook '/home/mike54pfeiffer/Desktop/School/ROB599/ROB599_ws/install/hw3_interfaces/share/hw3_interfaces/hook/ld_library_path_lib.ps1'
[4.975s] INFO:colcon.colcon_core.shell:Creating environment descriptor '/home/mike54pfeiffer/Desktop/School/ROB599/ROB599_ws/install/hw3_interfaces/share/hw3_interfaces/hook/ld_library_path_lib.dsv'
[4.975s] INFO:colcon.colcon_core.shell:Creating environment hook '/home/mike54pfeiffer/Desktop/School/ROB599/ROB599_ws/install/hw3_interfaces/share/hw3_interfaces/hook/ld_library_path_lib.sh'
[4.975s] Level 1:colcon.colcon_core.environment:checking '/home/mike54pfeiffer/Desktop/School/ROB599/ROB599_ws/install/hw3_interfaces/bin'
[4.975s] Level 1:colcon.colcon_core.environment:checking '/home/mike54pfeiffer/Desktop/School/ROB599/ROB599_ws/install/hw3_interfaces/lib/pkgconfig/hw3_interfaces.pc'
[4.976s] Level 1:colcon.colcon_core.environment:checking '/home/mike54pfeiffer/Desktop/School/ROB599/ROB599_ws/install/hw3_interfaces/lib/python3.12/site-packages'
[4.976s] Level 1:colcon.colcon_core.shell:create_environment_hook('hw3_interfaces', 'pythonpath')
[4.976s] INFO:colcon.colcon_core.shell:Creating environment hook '/home/mike54pfeiffer/Desktop/School/ROB599/ROB599_ws/install/hw3_interfaces/share/hw3_interfaces/hook/pythonpath.ps1'
[4.977s] INFO:colcon.colcon_core.shell:Creating environment descriptor '/home/mike54pfeiffer/Desktop/School/ROB599/ROB599_ws/install/hw3_interfaces/share/hw3_interfaces/hook/pythonpath.dsv'
[4.977s] INFO:colcon.colcon_core.shell:Creating environment hook '/home/mike54pfeiffer/Desktop/School/ROB599/ROB599_ws/install/hw3_interfaces/share/hw3_interfaces/hook/pythonpath.sh'
[4.978s] Level 1:colcon.colcon_core.environment:checking '/home/mike54pfeiffer/Desktop/School/ROB599/ROB599_ws/install/hw3_interfaces/bin'
[4.978s] INFO:colcon.colcon_core.shell:Creating package script '/home/mike54pfeiffer/Desktop/School/ROB599/ROB599_ws/install/hw3_interfaces/share/hw3_interfaces/package.ps1'
[4.979s] INFO:colcon.colcon_core.shell:Creating package descriptor '/home/mike54pfeiffer/Desktop/School/ROB599/ROB599_ws/install/hw3_interfaces/share/hw3_interfaces/package.dsv'
[4.980s] INFO:colcon.colcon_core.shell:Creating package script '/home/mike54pfeiffer/Desktop/School/ROB599/ROB599_ws/install/hw3_interfaces/share/hw3_interfaces/package.sh'
[4.980s] INFO:colcon.colcon_core.shell:Creating package script '/home/mike54pfeiffer/Desktop/School/ROB599/ROB599_ws/install/hw3_interfaces/share/hw3_interfaces/package.bash'
[4.981s] INFO:colcon.colcon_core.shell:Creating package script '/home/mike54pfeiffer/Desktop/School/ROB599/ROB599_ws/install/hw3_interfaces/share/hw3_interfaces/package.zsh'
[4.982s] Level 1:colcon.colcon_core.environment:create_file_with_runtime_dependencies(/home/mike54pfeiffer/Desktop/School/ROB599/ROB599_ws/install/hw3_interfaces/share/colcon-core/packages/hw3_interfaces)
[4.983s] Level 1:colcon.colcon_core.environment:create_environment_scripts_only(hw3_interfaces)
[4.983s] Level 1:colcon.colcon_core.environment:checking '/home/mike54pfeiffer/Desktop/School/ROB599/ROB599_ws/install/hw3_interfaces' for CMake module files
[4.984s] Level 1:colcon.colcon_core.environment:checking '/home/mike54pfeiffer/Desktop/School/ROB599/ROB599_ws/install/hw3_interfaces' for CMake config files
[4.984s] Level 1:colcon.colcon_core.shell:create_environment_hook('hw3_interfaces', 'cmake_prefix_path')
[4.984s] INFO:colcon.colcon_core.shell:Creating environment hook '/home/mike54pfeiffer/Desktop/School/ROB599/ROB599_ws/install/hw3_interfaces/share/hw3_interfaces/hook/cmake_prefix_path.ps1'
[4.985s] INFO:colcon.colcon_core.shell:Creating environment descriptor '/home/mike54pfeiffer/Desktop/School/ROB599/ROB599_ws/install/hw3_interfaces/share/hw3_interfaces/hook/cmake_prefix_path.dsv'
[4.986s] INFO:colcon.colcon_core.shell:Creating environment hook '/home/mike54pfeiffer/Desktop/School/ROB599/ROB599_ws/install/hw3_interfaces/share/hw3_interfaces/hook/cmake_prefix_path.sh'
[4.986s] Level 1:colcon.colcon_core.environment:checking '/home/mike54pfeiffer/Desktop/School/ROB599/ROB599_ws/install/hw3_interfaces/lib'
[4.986s] Level 1:colcon.colcon_core.shell:create_environment_hook('hw3_interfaces', 'ld_library_path_lib')
[4.987s] INFO:colcon.colcon_core.shell:Creating environment hook '/home/mike54pfeiffer/Desktop/School/ROB599/ROB599_ws/install/hw3_interfaces/share/hw3_interfaces/hook/ld_library_path_lib.ps1'
[4.987s] INFO:colcon.colcon_core.shell:Creating environment descriptor '/home/mike54pfeiffer/Desktop/School/ROB599/ROB599_ws/install/hw3_interfaces/share/hw3_interfaces/hook/ld_library_path_lib.dsv'
[4.987s] INFO:colcon.colcon_core.shell:Creating environment hook '/home/mike54pfeiffer/Desktop/School/ROB599/ROB599_ws/install/hw3_interfaces/share/hw3_interfaces/hook/ld_library_path_lib.sh'
[4.988s] Level 1:colcon.colcon_core.environment:checking '/home/mike54pfeiffer/Desktop/School/ROB599/ROB599_ws/install/hw3_interfaces/bin'
[4.988s] Level 1:colcon.colcon_core.environment:checking '/home/mike54pfeiffer/Desktop/School/ROB599/ROB599_ws/install/hw3_interfaces/lib/pkgconfig/hw3_interfaces.pc'
[4.988s] Level 1:colcon.colcon_core.environment:checking '/home/mike54pfeiffer/Desktop/School/ROB599/ROB599_ws/install/hw3_interfaces/lib/python3.12/site-packages'
[4.988s] Level 1:colcon.colcon_core.shell:create_environment_hook('hw3_interfaces', 'pythonpath')
[4.988s] INFO:colcon.colcon_core.shell:Creating environment hook '/home/mike54pfeiffer/Desktop/School/ROB599/ROB599_ws/install/hw3_interfaces/share/hw3_interfaces/hook/pythonpath.ps1'
[4.988s] INFO:colcon.colcon_core.shell:Creating environment descriptor '/home/mike54pfeiffer/Desktop/School/ROB599/ROB599_ws/install/hw3_interfaces/share/hw3_interfaces/hook/pythonpath.dsv'
[4.989s] INFO:colcon.colcon_core.shell:Creating environment hook '/home/mike54pfeiffer/Desktop/School/ROB599/ROB599_ws/install/hw3_interfaces/share/hw3_interfaces/hook/pythonpath.sh'
[4.989s] Level 1:colcon.colcon_core.environment:checking '/home/mike54pfeiffer/Desktop/School/ROB599/ROB599_ws/install/hw3_interfaces/bin'
[4.990s] INFO:colcon.colcon_core.shell:Creating package script '/home/mike54pfeiffer/Desktop/School/ROB599/ROB599_ws/install/hw3_interfaces/share/hw3_interfaces/package.ps1'
[4.991s] INFO:colcon.colcon_core.shell:Creating package descriptor '/home/mike54pfeiffer/Desktop/School/ROB599/ROB599_ws/install/hw3_interfaces/share/hw3_interfaces/package.dsv'
[4.991s] INFO:colcon.colcon_core.shell:Creating package script '/home/mike54pfeiffer/Desktop/School/ROB599/ROB599_ws/install/hw3_interfaces/share/hw3_interfaces/package.sh'
[4.992s] INFO:colcon.colcon_core.shell:Creating package script '/home/mike54pfeiffer/Desktop/School/ROB599/ROB599_ws/install/hw3_interfaces/share/hw3_interfaces/package.bash'
[4.992s] INFO:colcon.colcon_core.shell:Creating package script '/home/mike54pfeiffer/Desktop/School/ROB599/ROB599_ws/install/hw3_interfaces/share/hw3_interfaces/package.zsh'
[4.992s] Level 1:colcon.colcon_core.environment:create_file_with_runtime_dependencies(/home/mike54pfeiffer/Desktop/School/ROB599/ROB599_ws/install/hw3_interfaces/share/colcon-core/packages/hw3_interfaces)
[4.993s] INFO:colcon.colcon_ros.task.ament_python.build:Building ROS package in '/home/mike54pfeiffer/Desktop/School/ROB599/ROB599_ws/src/hw3' with build type 'ament_python'
[4.993s] Level 1:colcon.colcon_core.shell:create_environment_hook('hw3', 'ament_prefix_path')
[4.993s] INFO:colcon.colcon_core.shell:Creating environment hook '/home/mike54pfeiffer/Desktop/School/ROB599/ROB599_ws/install/hw3/share/hw3/hook/ament_prefix_path.ps1'
[4.994s] INFO:colcon.colcon_core.shell:Creating environment descriptor '/home/mike54pfeiffer/Desktop/School/ROB599/ROB599_ws/install/hw3/share/hw3/hook/ament_prefix_path.dsv'
[4.994s] INFO:colcon.colcon_core.shell:Creating environment hook '/home/mike54pfeiffer/Desktop/School/ROB599/ROB599_ws/install/hw3/share/hw3/hook/ament_prefix_path.sh'
[4.995s] INFO:colcon.colcon_core.shell:Skip shell extension 'powershell' for command environment: Not usable outside of PowerShell
[4.995s] DEBUG:colcon.colcon_core.shell:Skip shell extension 'dsv' for command environment
[5.402s] INFO:colcon.colcon_core.task.python.build:Building Python package in '/home/mike54pfeiffer/Desktop/School/ROB599/ROB599_ws/src/hw3'
[5.402s] INFO:colcon.colcon_core.shell:Skip shell extension 'powershell' for command environment: Not usable outside of PowerShell
[5.402s] DEBUG:colcon.colcon_core.shell:Skip shell extension 'dsv' for command environment
[6.155s] DEBUG:colcon.colcon_core.event_handler.log_command:Invoking command in '/home/mike54pfeiffer/Desktop/School/ROB599/ROB599_ws/src/hw3': CMAKE_PREFIX_PATH=/home/mike54pfeiffer/Desktop/School/ROB599/ROB599_ws/install/hw3_interfaces:/home/mike54pfeiffer/Desktop/School/ROB599/ROB599_ws/install/rob599_msgs:/opt/ros/jazzy/opt/sdformat_vendor:/opt/ros/jazzy/opt/gz_math_vendor:/opt/ros/jazzy/opt/gz_utils_vendor:/opt/ros/jazzy/opt/gz_tools_vendor:/opt/ros/jazzy/opt/gz_cmake_vendor DEBUGINFOD_URLS=https://debuginfod.ubuntu.com LD_LIBRARY_PATH=/home/mike54pfeiffer/Desktop/School/ROB599/ROB599_ws/install/hw3_interfaces/lib:/home/mike54pfeiffer/Desktop/School/ROB599/ROB599_ws/install/rob599_msgs/lib:/opt/ros/jazzy/opt/sdformat_vendor/lib:/opt/ros/jazzy/opt/rviz_ogre_vendor/lib:/opt/ros/jazzy/lib/x86_64-linux-gnu:/opt/ros/jazzy/opt/gz_math_vendor/lib:/opt/ros/jazzy/opt/gz_utils_vendor/lib:/opt/ros/jazzy/opt/gz_tools_vendor/lib:/opt/ros/jazzy/opt/gz_cmake_vendor/lib:/opt/ros/jazzy/lib PYTHONPATH=/home/mike54pfeiffer/Desktop/School/ROB599/ROB599_ws/build/hw3/prefix_override:/usr/lib/python3/dist-packages/colcon_core/task/python/colcon_distutils_commands:/home/mike54pfeiffer/Desktop/School/ROB599/ROB599_ws/install/hw3/lib/python3.12/site-packages:/home/mike54pfeiffer/Desktop/School/ROB599/ROB599_ws/install/hw3_interfaces/lib/python3.12/site-packages:/home/mike54pfeiffer/Desktop/School/ROB599/ROB599_ws/install/rob599_msgs/lib/python3.12/site-packages:/home/mike54pfeiffer/Desktop/School/ROB599/ROB599_ws/install/rob599_basic/lib/python3.12/site-packages:/home/mike54pfeiffer/Desktop/School/ROB599/ROB599_ws/install/hw3/lib/python3.12/site-packages:/home/mike54pfeiffer/Desktop/School/ROB599/ROB599_ws/install/hw2/lib/python3.12/site-packages:/opt/ros/jazzy/lib/python3.12/site-packages /usr/bin/python3 -W ignore:setup.py install is deprecated -W ignore:easy_install command is deprecated setup.py egg_info --egg-base ../../build/hw3 build --build-base /home/mike54pfeiffer/Desktop/School/ROB599/ROB599_ws/build/hw3/build install --record /home/mike54pfeiffer/Desktop/School/ROB599/ROB599_ws/build/hw3/install.log --single-version-externally-managed install_data
[6.737s] Level 1:colcon.colcon_core.environment:checking '/home/mike54pfeiffer/Desktop/School/ROB599/ROB599_ws/install/hw3' for CMake module files
[6.738s] DEBUG:colcon.colcon_core.event_handler.log_command:Invoked command in '/home/mike54pfeiffer/Desktop/School/ROB599/ROB599_ws/src/hw3' returned '0': CMAKE_PREFIX_PATH=/home/mike54pfeiffer/Desktop/School/ROB599/ROB599_ws/install/hw3_interfaces:/home/mike54pfeiffer/Desktop/School/ROB599/ROB599_ws/install/rob599_msgs:/opt/ros/jazzy/opt/sdformat_vendor:/opt/ros/jazzy/opt/gz_math_vendor:/opt/ros/jazzy/opt/gz_utils_vendor:/opt/ros/jazzy/opt/gz_tools_vendor:/opt/ros/jazzy/opt/gz_cmake_vendor DEBUGINFOD_URLS=https://debuginfod.ubuntu.com LD_LIBRARY_PATH=/home/mike54pfeiffer/Desktop/School/ROB599/ROB599_ws/install/hw3_interfaces/lib:/home/mike54pfeiffer/Desktop/School/ROB599/ROB599_ws/install/rob599_msgs/lib:/opt/ros/jazzy/opt/sdformat_vendor/lib:/opt/ros/jazzy/opt/rviz_ogre_vendor/lib:/opt/ros/jazzy/lib/x86_64-linux-gnu:/opt/ros/jazzy/opt/gz_math_vendor/lib:/opt/ros/jazzy/opt/gz_utils_vendor/lib:/opt/ros/jazzy/opt/gz_tools_vendor/lib:/opt/ros/jazzy/opt/gz_cmake_vendor/lib:/opt/ros/jazzy/lib PYTHONPATH=/home/mike54pfeiffer/Desktop/School/ROB599/ROB599_ws/build/hw3/prefix_override:/usr/lib/python3/dist-packages/colcon_core/task/python/colcon_distutils_commands:/home/mike54pfeiffer/Desktop/School/ROB599/ROB599_ws/install/hw3/lib/python3.12/site-packages:/home/mike54pfeiffer/Desktop/School/ROB599/ROB599_ws/install/hw3_interfaces/lib/python3.12/site-packages:/home/mike54pfeiffer/Desktop/School/ROB599/ROB599_ws/install/rob599_msgs/lib/python3.12/site-packages:/home/mike54pfeiffer/Desktop/School/ROB599/ROB599_ws/install/rob599_basic/lib/python3.12/site-packages:/home/mike54pfeiffer/Desktop/School/ROB599/ROB599_ws/install/hw3/lib/python3.12/site-packages:/home/mike54pfeiffer/Desktop/School/ROB599/ROB599_ws/install/hw2/lib/python3.12/site-packages:/opt/ros/jazzy/lib/python3.12/site-packages /usr/bin/python3 -W ignore:setup.py install is deprecated -W ignore:easy_install command is deprecated setup.py egg_info --egg-base ../../build/hw3 build --build-base /home/mike54pfeiffer/Desktop/School/ROB599/ROB599_ws/build/hw3/build install --record /home/mike54pfeiffer/Desktop/School/ROB599/ROB599_ws/build/hw3/install.log --single-version-externally-managed install_data
[6.739s] Level 1:colcon.colcon_core.environment:checking '/home/mike54pfeiffer/Desktop/School/ROB599/ROB599_ws/install/hw3' for CMake config files
[6.739s] Level 1:colcon.colcon_core.environment:checking '/home/mike54pfeiffer/Desktop/School/ROB599/ROB599_ws/install/hw3/lib'
[6.739s] Level 1:colcon.colcon_core.environment:checking '/home/mike54pfeiffer/Desktop/School/ROB599/ROB599_ws/install/hw3/bin'
[6.740s] Level 1:colcon.colcon_core.environment:checking '/home/mike54pfeiffer/Desktop/School/ROB599/ROB599_ws/install/hw3/lib/pkgconfig/hw3.pc'
[6.740s] Level 1:colcon.colcon_core.environment:checking '/home/mike54pfeiffer/Desktop/School/ROB599/ROB599_ws/install/hw3/lib/python3.12/site-packages'
[6.740s] Level 1:colcon.colcon_core.shell:create_environment_hook('hw3', 'pythonpath')
[6.740s] INFO:colcon.colcon_core.shell:Creating environment hook '/home/mike54pfeiffer/Desktop/School/ROB599/ROB599_ws/install/hw3/share/hw3/hook/pythonpath.ps1'
[6.740s] INFO:colcon.colcon_core.shell:Creating environment descriptor '/home/mike54pfeiffer/Desktop/School/ROB599/ROB599_ws/install/hw3/share/hw3/hook/pythonpath.dsv'
[6.741s] INFO:colcon.colcon_core.shell:Creating environment hook '/home/mike54pfeiffer/Desktop/School/ROB599/ROB599_ws/install/hw3/share/hw3/hook/pythonpath.sh'
[6.741s] Level 1:colcon.colcon_core.environment:checking '/home/mike54pfeiffer/Desktop/School/ROB599/ROB599_ws/install/hw3/bin'
[6.741s] Level 1:colcon.colcon_core.environment:create_environment_scripts_only(hw3)
[6.741s] INFO:colcon.colcon_core.shell:Creating package script '/home/mike54pfeiffer/Desktop/School/ROB599/ROB599_ws/install/hw3/share/hw3/package.ps1'
[6.742s] INFO:colcon.colcon_core.shell:Creating package descriptor '/home/mike54pfeiffer/Desktop/School/ROB599/ROB599_ws/install/hw3/share/hw3/package.dsv'
[6.742s] INFO:colcon.colcon_core.shell:Creating package script '/home/mike54pfeiffer/Desktop/School/ROB599/ROB599_ws/install/hw3/share/hw3/package.sh'
[6.742s] INFO:colcon.colcon_core.shell:Creating package script '/home/mike54pfeiffer/Desktop/School/ROB599/ROB599_ws/install/hw3/share/hw3/package.bash'
[6.742s] INFO:colcon.colcon_core.shell:Creating package script '/home/mike54pfeiffer/Desktop/School/ROB599/ROB599_ws/install/hw3/share/hw3/package.zsh'
[6.743s] Level 1:colcon.colcon_core.environment:create_file_with_runtime_dependencies(/home/mike54pfeiffer/Desktop/School/ROB599/ROB599_ws/install/hw3/share/colcon-core/packages/hw3)
[6.743s] DEBUG:colcon.colcon_parallel_executor.executor.parallel:closing loop
[6.743s] DEBUG:colcon.colcon_parallel_executor.executor.parallel:loop closed
[6.743s] DEBUG:colcon.colcon_parallel_executor.executor.parallel:run_until_complete finished with '0'
[6.743s] DEBUG:colcon.colcon_core.event_reactor:joining thread
[6.753s] INFO:colcon.colcon_core.plugin_system:Skipping extension 'colcon_notification.desktop_notification.terminal_notifier': Not used on non-Darwin systems
[6.753s] INFO:colcon.colcon_core.plugin_system:Skipping extension 'colcon_notification.desktop_notification.win32': Not used on non-Windows systems
[6.753s] INFO:colcon.colcon_notification.desktop_notification:Sending desktop notification using 'notify2'
[6.789s] DEBUG:colcon.colcon_core.event_reactor:joined thread
[6.789s] INFO:colcon.colcon_core.shell:Creating prefix script '/home/mike54pfeiffer/Desktop/School/ROB599/ROB599_ws/install/local_setup.ps1'
[6.790s] INFO:colcon.colcon_core.shell:Creating prefix util module '/home/mike54pfeiffer/Desktop/School/ROB599/ROB599_ws/install/_local_setup_util_ps1.py'
[6.791s] INFO:colcon.colcon_core.shell:Creating prefix chain script '/home/mike54pfeiffer/Desktop/School/ROB599/ROB599_ws/install/setup.ps1'
[6.792s] INFO:colcon.colcon_core.shell:Creating prefix script '/home/mike54pfeiffer/Desktop/School/ROB599/ROB599_ws/install/local_setup.sh'
[6.793s] INFO:colcon.colcon_core.shell:Creating prefix util module '/home/mike54pfeiffer/Desktop/School/ROB599/ROB599_ws/install/_local_setup_util_sh.py'
[6.793s] INFO:colcon.colcon_core.shell:Creating prefix chain script '/home/mike54pfeiffer/Desktop/School/ROB599/ROB599_ws/install/setup.sh'
[6.794s] INFO:colcon.colcon_core.shell:Creating prefix script '/home/mike54pfeiffer/Desktop/School/ROB599/ROB599_ws/install/local_setup.bash'
[6.795s] INFO:colcon.colcon_core.shell:Creating prefix chain script '/home/mike54pfeiffer/Desktop/School/ROB599/ROB599_ws/install/setup.bash'
[6.796s] INFO:colcon.colcon_core.shell:Creating prefix script '/home/mike54pfeiffer/Desktop/School/ROB599/ROB599_ws/install/local_setup.zsh'
[6.796s] INFO:colcon.colcon_core.shell:Creating prefix chain script '/home/mike54pfeiffer/Desktop/School/ROB599/ROB599_ws/install/setup.zsh'
