[  2%] Built target hw4_interfaces__rosidl_generator_type_description
[  2%] Built target ament_cmake_python_copy_hw4_interfaces
[  5%] Built target hw4_interfaces__cpp
[ 20%] Built target hw4_interfaces__rosidl_generator_c
[ 32%] Built target hw4_interfaces__rosidl_typesupport_introspection_cpp
[ 38%] Built target hw4_interfaces__rosidl_typesupport_c
[ 55%] Built target hw4_interfaces__rosidl_typesupport_fastrtps_c
[ 55%] Built target hw4_interfaces__rosidl_typesupport_introspection_c
[ 64%] Built target hw4_interfaces__rosidl_typesupport_fastrtps_cpp
[ 73%] Built target hw4_interfaces__rosidl_typesupport_cpp
[ 73%] Built target hw4_interfaces
[ 76%] Built target hw4_interfaces__py
[ 82%] Built target hw4_interfaces__rosidl_generator_py
[100%] Built target hw4_interfaces_s__rosidl_typesupport_introspection_c
[100%] Built target hw4_interfaces_s__rosidl_typesupport_fastrtps_c
[100%] Built target hw4_interfaces_s__rosidl_typesupport_c
running egg_info
writing hw4_interfaces.egg-info/PKG-INFO
writing dependency_links to hw4_interfaces.egg-info/dependency_links.txt
writing top-level names to hw4_interfaces.egg-info/top_level.txt
reading manifest file 'hw4_interfaces.egg-info/SOURCES.txt'
writing manifest file 'hw4_interfaces.egg-info/SOURCES.txt'
[100%] Built target ament_cmake_python_build_hw4_interfaces_egg
