[  2%] Built target hw4_interfaces__rosidl_generator_type_description
[  2%] Built target ament_cmake_python_copy_hw4_interfaces
[ 17%] Built target hw4_interfaces__rosidl_generator_c
[ 20%] Built target hw4_interfaces__cpp
[ 29%] Built target hw4_interfaces__rosidl_typesupport_c
[ 38%] Built target hw4_interfaces__rosidl_typesupport_fastrtps_c
[ 47%] Built target hw4_interfaces__rosidl_typesupport_introspection_cpp
[ 55%] Built target hw4_interfaces__rosidl_typesupport_introspection_c
[ 64%] Built target hw4_interfaces__rosidl_typesupport_cpp
[ 73%] Built target hw4_interfaces__rosidl_typesupport_fastrtps_cpp
[ 73%] Built target hw4_interfaces
[ 76%] Built target hw4_interfaces__py
[ 82%] Built target hw4_interfaces__rosidl_generator_py
[ 94%] Built target hw4_interfaces_s__rosidl_typesupport_introspection_c
[ 94%] Built target hw4_interfaces_s__rosidl_typesupport_c
[100%] Built target hw4_interfaces_s__rosidl_typesupport_fastrtps_c
running egg_info
writing hw4_interfaces.egg-info/PKG-INFO
writing dependency_links to hw4_interfaces.egg-info/dependency_links.txt
writing top-level names to hw4_interfaces.egg-info/top_level.txt
reading manifest file 'hw4_interfaces.egg-info/SOURCES.txt'
writing manifest file 'hw4_interfaces.egg-info/SOURCES.txt'
[100%] Built target ament_cmake_python_build_hw4_interfaces_egg
-- Install configuration: ""
-- Up-to-date: /home/mike54pfeiffer/Desktop/School/ROB599/ROB599_ws/install/hw4_interfaces/share/ament_index/resource_index/rosidl_interfaces/hw4_interfaces
-- Up-to-date: /home/mike54pfeiffer/Desktop/School/ROB599/ROB599_ws/install/hw4_interfaces/share/hw4_interfaces/action/RocketLaunch.json
-- Up-to-date: /home/mike54pfeiffer/Desktop/School/ROB599/ROB599_ws/install/hw4_interfaces/include/hw4_interfaces/hw4_interfaces
-- Up-to-date: /home/mike54pfeiffer/Desktop/School/ROB599/ROB599_ws/install/hw4_interfaces/include/hw4_interfaces/hw4_interfaces/action
-- Up-to-date: /home/mike54pfeiffer/Desktop/School/ROB599/ROB599_ws/install/hw4_interfaces/include/hw4_interfaces/hw4_interfaces/action/rocket_launch.h
-- Up-to-date: /home/mike54pfeiffer/Desktop/School/ROB599/ROB599_ws/install/hw4_interfaces/include/hw4_interfaces/hw4_interfaces/action/detail
-- Up-to-date: /home/mike54pfeiffer/Desktop/School/ROB599/ROB599_ws/install/hw4_interfaces/include/hw4_interfaces/hw4_interfaces/action/detail/rocket_launch__struct.h
-- Up-to-date: /home/mike54pfeiffer/Desktop/School/ROB599/ROB599_ws/install/hw4_interfaces/include/hw4_interfaces/hw4_interfaces/action/detail/rocket_launch__functions.c
-- Up-to-date: /home/mike54pfeiffer/Desktop/School/ROB599/ROB599_ws/install/hw4_interfaces/include/hw4_interfaces/hw4_interfaces/action/detail/rocket_launch__functions.h
-- Up-to-date: /home/mike54pfeiffer/Desktop/School/ROB599/ROB599_ws/install/hw4_interfaces/include/hw4_interfaces/hw4_interfaces/action/detail/rocket_launch__type_support.h
-- Up-to-date: /home/mike54pfeiffer/Desktop/School/ROB599/ROB599_ws/install/hw4_interfaces/include/hw4_interfaces/hw4_interfaces/action/detail/rocket_launch__type_support.c
-- Up-to-date: /home/mike54pfeiffer/Desktop/School/ROB599/ROB599_ws/install/hw4_interfaces/include/hw4_interfaces/hw4_interfaces/action/detail/rocket_launch__description.c
-- Up-to-date: /home/mike54pfeiffer/Desktop/School/ROB599/ROB599_ws/install/hw4_interfaces/include/hw4_interfaces/hw4_interfaces/msg
-- Up-to-date: /home/mike54pfeiffer/Desktop/School/ROB599/ROB599_ws/install/hw4_interfaces/include/hw4_interfaces/hw4_interfaces/msg/rosidl_generator_c__visibility_control.h
-- Up-to-date: /home/mike54pfeiffer/Desktop/School/ROB599/ROB599_ws/install/hw4_interfaces/share/hw4_interfaces/environment/library_path.sh
-- Up-to-date: /home/mike54pfeiffer/Desktop/School/ROB599/ROB599_ws/install/hw4_interfaces/share/hw4_interfaces/environment/library_path.dsv
-- Up-to-date: /home/mike54pfeiffer/Desktop/School/ROB599/ROB599_ws/install/hw4_interfaces/lib/libhw4_interfaces__rosidl_generator_c.so
-- Up-to-date: /home/mike54pfeiffer/Desktop/School/ROB599/ROB599_ws/install/hw4_interfaces/include/hw4_interfaces/hw4_interfaces
-- Up-to-date: /home/mike54pfeiffer/Desktop/School/ROB599/ROB599_ws/install/hw4_interfaces/include/hw4_interfaces/hw4_interfaces/action
-- Up-to-date: /home/mike54pfeiffer/Desktop/School/ROB599/ROB599_ws/install/hw4_interfaces/include/hw4_interfaces/hw4_interfaces/action/detail
-- Up-to-date: /home/mike54pfeiffer/Desktop/School/ROB599/ROB599_ws/install/hw4_interfaces/include/hw4_interfaces/hw4_interfaces/action/detail/rocket_launch__rosidl_typesupport_fastrtps_c.h
-- Up-to-date: /home/mike54pfeiffer/Desktop/School/ROB599/ROB599_ws/install/hw4_interfaces/include/hw4_interfaces/hw4_interfaces/msg
-- Up-to-date: /home/mike54pfeiffer/Desktop/School/ROB599/ROB599_ws/install/hw4_interfaces/include/hw4_interfaces/hw4_interfaces/msg/rosidl_typesupport_fastrtps_c__visibility_control.h
-- Up-to-date: /home/mike54pfeiffer/Desktop/School/ROB599/ROB599_ws/install/hw4_interfaces/lib/libhw4_interfaces__rosidl_typesupport_fastrtps_c.so
-- Up-to-date: /home/mike54pfeiffer/Desktop/School/ROB599/ROB599_ws/install/hw4_interfaces/include/hw4_interfaces/hw4_interfaces
-- Up-to-date: /home/mike54pfeiffer/Desktop/School/ROB599/ROB599_ws/install/hw4_interfaces/include/hw4_interfaces/hw4_interfaces/action
-- Up-to-date: /home/mike54pfeiffer/Desktop/School/ROB599/ROB599_ws/install/hw4_interfaces/include/hw4_interfaces/hw4_interfaces/action/detail
-- Up-to-date: /home/mike54pfeiffer/Desktop/School/ROB599/ROB599_ws/install/hw4_interfaces/include/hw4_interfaces/hw4_interfaces/action/detail/rocket_launch__type_support.c
-- Up-to-date: /home/mike54pfeiffer/Desktop/School/ROB599/ROB599_ws/install/hw4_interfaces/include/hw4_interfaces/hw4_interfaces/action/detail/rocket_launch__rosidl_typesupport_introspection_c.h
-- Up-to-date: /home/mike54pfeiffer/Desktop/School/ROB599/ROB599_ws/install/hw4_interfaces/include/hw4_interfaces/hw4_interfaces/msg
-- Up-to-date: /home/mike54pfeiffer/Desktop/School/ROB599/ROB599_ws/install/hw4_interfaces/include/hw4_interfaces/hw4_interfaces/msg/rosidl_typesupport_introspection_c__visibility_control.h
-- Up-to-date: /home/mike54pfeiffer/Desktop/School/ROB599/ROB599_ws/install/hw4_interfaces/lib/libhw4_interfaces__rosidl_typesupport_introspection_c.so
-- Up-to-date: /home/mike54pfeiffer/Desktop/School/ROB599/ROB599_ws/install/hw4_interfaces/lib/libhw4_interfaces__rosidl_typesupport_c.so
-- Up-to-date: /home/mike54pfeiffer/Desktop/School/ROB599/ROB599_ws/install/hw4_interfaces/include/hw4_interfaces/hw4_interfaces
-- Up-to-date: /home/mike54pfeiffer/Desktop/School/ROB599/ROB599_ws/install/hw4_interfaces/include/hw4_interfaces/hw4_interfaces/action
-- Up-to-date: /home/mike54pfeiffer/Desktop/School/ROB599/ROB599_ws/install/hw4_interfaces/include/hw4_interfaces/hw4_interfaces/action/detail
-- Up-to-date: /home/mike54pfeiffer/Desktop/School/ROB599/ROB599_ws/install/hw4_interfaces/include/hw4_interfaces/hw4_interfaces/action/detail/rocket_launch__traits.hpp
-- Up-to-date: /home/mike54pfeiffer/Desktop/School/ROB599/ROB599_ws/install/hw4_interfaces/include/hw4_interfaces/hw4_interfaces/action/detail/rocket_launch__struct.hpp
-- Up-to-date: /home/mike54pfeiffer/Desktop/School/ROB599/ROB599_ws/install/hw4_interfaces/include/hw4_interfaces/hw4_interfaces/action/detail/rocket_launch__type_support.hpp
-- Up-to-date: /home/mike54pfeiffer/Desktop/School/ROB599/ROB599_ws/install/hw4_interfaces/include/hw4_interfaces/hw4_interfaces/action/detail/rocket_launch__builder.hpp
-- Up-to-date: /home/mike54pfeiffer/Desktop/School/ROB599/ROB599_ws/install/hw4_interfaces/include/hw4_interfaces/hw4_interfaces/action/rocket_launch.hpp
-- Up-to-date: /home/mike54pfeiffer/Desktop/School/ROB599/ROB599_ws/install/hw4_interfaces/include/hw4_interfaces/hw4_interfaces/msg
-- Up-to-date: /home/mike54pfeiffer/Desktop/School/ROB599/ROB599_ws/install/hw4_interfaces/include/hw4_interfaces/hw4_interfaces/msg/rosidl_generator_cpp__visibility_control.hpp
-- Up-to-date: /home/mike54pfeiffer/Desktop/School/ROB599/ROB599_ws/install/hw4_interfaces/include/hw4_interfaces/hw4_interfaces
-- Up-to-date: /home/mike54pfeiffer/Desktop/School/ROB599/ROB599_ws/install/hw4_interfaces/include/hw4_interfaces/hw4_interfaces/action
-- Up-to-date: /home/mike54pfeiffer/Desktop/School/ROB599/ROB599_ws/install/hw4_interfaces/include/hw4_interfaces/hw4_interfaces/action/detail
-- Up-to-date: /home/mike54pfeiffer/Desktop/School/ROB599/ROB599_ws/install/hw4_interfaces/include/hw4_interfaces/hw4_interfaces/action/detail/dds_fastrtps
-- Up-to-date: /home/mike54pfeiffer/Desktop/School/ROB599/ROB599_ws/install/hw4_interfaces/include/hw4_interfaces/hw4_interfaces/action/detail/rocket_launch__rosidl_typesupport_fastrtps_cpp.hpp
-- Up-to-date: /home/mike54pfeiffer/Desktop/School/ROB599/ROB599_ws/install/hw4_interfaces/include/hw4_interfaces/hw4_interfaces/msg
-- Up-to-date: /home/mike54pfeiffer/Desktop/School/ROB599/ROB599_ws/install/hw4_interfaces/include/hw4_interfaces/hw4_interfaces/msg/rosidl_typesupport_fastrtps_cpp__visibility_control.h
-- Up-to-date: /home/mike54pfeiffer/Desktop/School/ROB599/ROB599_ws/install/hw4_interfaces/lib/libhw4_interfaces__rosidl_typesupport_fastrtps_cpp.so
-- Up-to-date: /home/mike54pfeiffer/Desktop/School/ROB599/ROB599_ws/install/hw4_interfaces/include/hw4_interfaces/hw4_interfaces
-- Up-to-date: /home/mike54pfeiffer/Desktop/School/ROB599/ROB599_ws/install/hw4_interfaces/include/hw4_interfaces/hw4_interfaces/action
-- Up-to-date: /home/mike54pfeiffer/Desktop/School/ROB599/ROB599_ws/install/hw4_interfaces/include/hw4_interfaces/hw4_interfaces/action/detail
-- Up-to-date: /home/mike54pfeiffer/Desktop/School/ROB599/ROB599_ws/install/hw4_interfaces/include/hw4_interfaces/hw4_interfaces/action/detail/rocket_launch__rosidl_typesupport_introspection_cpp.hpp
-- Up-to-date: /home/mike54pfeiffer/Desktop/School/ROB599/ROB599_ws/install/hw4_interfaces/include/hw4_interfaces/hw4_interfaces/action/detail/rocket_launch__type_support.cpp
-- Up-to-date: /home/mike54pfeiffer/Desktop/School/ROB599/ROB599_ws/install/hw4_interfaces/lib/libhw4_interfaces__rosidl_typesupport_introspection_cpp.so
-- Up-to-date: /home/mike54pfeiffer/Desktop/School/ROB599/ROB599_ws/install/hw4_interfaces/lib/libhw4_interfaces__rosidl_typesupport_cpp.so
-- Up-to-date: /home/mike54pfeiffer/Desktop/School/ROB599/ROB599_ws/install/hw4_interfaces/share/hw4_interfaces/environment/pythonpath.sh
-- Up-to-date: /home/mike54pfeiffer/Desktop/School/ROB599/ROB599_ws/install/hw4_interfaces/share/hw4_interfaces/environment/pythonpath.dsv
-- Up-to-date: /home/mike54pfeiffer/Desktop/School/ROB599/ROB599_ws/install/hw4_interfaces/lib/python3.12/site-packages/hw4_interfaces-0.0.0-py3.12.egg-info
-- Installing: /home/mike54pfeiffer/Desktop/School/ROB599/ROB599_ws/install/hw4_interfaces/lib/python3.12/site-packages/hw4_interfaces-0.0.0-py3.12.egg-info/dependency_links.txt
-- Installing: /home/mike54pfeiffer/Desktop/School/ROB599/ROB599_ws/install/hw4_interfaces/lib/python3.12/site-packages/hw4_interfaces-0.0.0-py3.12.egg-info/top_level.txt
-- Installing: /home/mike54pfeiffer/Desktop/School/ROB599/ROB599_ws/install/hw4_interfaces/lib/python3.12/site-packages/hw4_interfaces-0.0.0-py3.12.egg-info/SOURCES.txt
-- Installing: /home/mike54pfeiffer/Desktop/School/ROB599/ROB599_ws/install/hw4_interfaces/lib/python3.12/site-packages/hw4_interfaces-0.0.0-py3.12.egg-info/PKG-INFO
-- Up-to-date: /home/mike54pfeiffer/Desktop/School/ROB599/ROB599_ws/install/hw4_interfaces/lib/python3.12/site-packages/hw4_interfaces
-- Up-to-date: /home/mike54pfeiffer/Desktop/School/ROB599/ROB599_ws/install/hw4_interfaces/lib/python3.12/site-packages/hw4_interfaces/action
-- Up-to-date: /home/mike54pfeiffer/Desktop/School/ROB599/ROB599_ws/install/hw4_interfaces/lib/python3.12/site-packages/hw4_interfaces/action/_rocket_launch.py
-- Up-to-date: /home/mike54pfeiffer/Desktop/School/ROB599/ROB599_ws/install/hw4_interfaces/lib/python3.12/site-packages/hw4_interfaces/action/__init__.py
-- Up-to-date: /home/mike54pfeiffer/Desktop/School/ROB599/ROB599_ws/install/hw4_interfaces/lib/python3.12/site-packages/hw4_interfaces/action/_rocket_launch_s.c
-- Up-to-date: /home/mike54pfeiffer/Desktop/School/ROB599/ROB599_ws/install/hw4_interfaces/lib/python3.12/site-packages/hw4_interfaces/hw4_interfaces_s__rosidl_typesupport_introspection_c.so
-- Up-to-date: /home/mike54pfeiffer/Desktop/School/ROB599/ROB599_ws/install/hw4_interfaces/lib/python3.12/site-packages/hw4_interfaces/__init__.py
-- Up-to-date: /home/mike54pfeiffer/Desktop/School/ROB599/ROB599_ws/install/hw4_interfaces/lib/python3.12/site-packages/hw4_interfaces/hw4_interfaces_s__rosidl_typesupport_fastrtps_c.so
-- Up-to-date: /home/mike54pfeiffer/Desktop/School/ROB599/ROB599_ws/install/hw4_interfaces/lib/python3.12/site-packages/hw4_interfaces/_hw4_interfaces_s.ep.rosidl_typesupport_introspection_c.c
-- Up-to-date: /home/mike54pfeiffer/Desktop/School/ROB599/ROB599_ws/install/hw4_interfaces/lib/python3.12/site-packages/hw4_interfaces/hw4_interfaces_s__rosidl_typesupport_c.so
-- Up-to-date: /home/mike54pfeiffer/Desktop/School/ROB599/ROB599_ws/install/hw4_interfaces/lib/python3.12/site-packages/hw4_interfaces/_hw4_interfaces_s.ep.rosidl_typesupport_c.c
-- Up-to-date: /home/mike54pfeiffer/Desktop/School/ROB599/ROB599_ws/install/hw4_interfaces/lib/python3.12/site-packages/hw4_interfaces/_hw4_interfaces_s.ep.rosidl_typesupport_fastrtps_c.c
Listing '/home/mike54pfeiffer/Desktop/School/ROB599/ROB599_ws/install/hw4_interfaces/lib/python3.12/site-packages/hw4_interfaces'...
Listing '/home/mike54pfeiffer/Desktop/School/ROB599/ROB599_ws/install/hw4_interfaces/lib/python3.12/site-packages/hw4_interfaces/action'...
-- Up-to-date: /home/mike54pfeiffer/Desktop/School/ROB599/ROB599_ws/install/hw4_interfaces/lib/python3.12/site-packages/hw4_interfaces/hw4_interfaces_s__rosidl_typesupport_fastrtps_c.so
-- Up-to-date: /home/mike54pfeiffer/Desktop/School/ROB599/ROB599_ws/install/hw4_interfaces/lib/python3.12/site-packages/hw4_interfaces/hw4_interfaces_s__rosidl_typesupport_introspection_c.so
-- Up-to-date: /home/mike54pfeiffer/Desktop/School/ROB599/ROB599_ws/install/hw4_interfaces/lib/python3.12/site-packages/hw4_interfaces/hw4_interfaces_s__rosidl_typesupport_c.so
-- Up-to-date: /home/mike54pfeiffer/Desktop/School/ROB599/ROB599_ws/install/hw4_interfaces/lib/libhw4_interfaces__rosidl_generator_py.so
-- Up-to-date: /home/mike54pfeiffer/Desktop/School/ROB599/ROB599_ws/install/hw4_interfaces/share/hw4_interfaces/action/RocketLaunch.idl
-- Up-to-date: /home/mike54pfeiffer/Desktop/School/ROB599/ROB599_ws/install/hw4_interfaces/share/hw4_interfaces/action/RocketLaunch.action
-- Up-to-date: /home/mike54pfeiffer/Desktop/School/ROB599/ROB599_ws/install/hw4_interfaces/share/ament_index/resource_index/package_run_dependencies/hw4_interfaces
-- Up-to-date: /home/mike54pfeiffer/Desktop/School/ROB599/ROB599_ws/install/hw4_interfaces/share/ament_index/resource_index/parent_prefix_path/hw4_interfaces
-- Up-to-date: /home/mike54pfeiffer/Desktop/School/ROB599/ROB599_ws/install/hw4_interfaces/share/hw4_interfaces/environment/ament_prefix_path.sh
-- Up-to-date: /home/mike54pfeiffer/Desktop/School/ROB599/ROB599_ws/install/hw4_interfaces/share/hw4_interfaces/environment/ament_prefix_path.dsv
-- Up-to-date: /home/mike54pfeiffer/Desktop/School/ROB599/ROB599_ws/install/hw4_interfaces/share/hw4_interfaces/environment/path.sh
-- Up-to-date: /home/mike54pfeiffer/Desktop/School/ROB599/ROB599_ws/install/hw4_interfaces/share/hw4_interfaces/environment/path.dsv
-- Up-to-date: /home/mike54pfeiffer/Desktop/School/ROB599/ROB599_ws/install/hw4_interfaces/share/hw4_interfaces/local_setup.bash
-- Up-to-date: /home/mike54pfeiffer/Desktop/School/ROB599/ROB599_ws/install/hw4_interfaces/share/hw4_interfaces/local_setup.sh
-- Up-to-date: /home/mike54pfeiffer/Desktop/School/ROB599/ROB599_ws/install/hw4_interfaces/share/hw4_interfaces/local_setup.zsh
-- Up-to-date: /home/mike54pfeiffer/Desktop/School/ROB599/ROB599_ws/install/hw4_interfaces/share/hw4_interfaces/local_setup.dsv
-- Installing: /home/mike54pfeiffer/Desktop/School/ROB599/ROB599_ws/install/hw4_interfaces/share/hw4_interfaces/package.dsv
-- Up-to-date: /home/mike54pfeiffer/Desktop/School/ROB599/ROB599_ws/install/hw4_interfaces/share/ament_index/resource_index/packages/hw4_interfaces
-- Up-to-date: /home/mike54pfeiffer/Desktop/School/ROB599/ROB599_ws/install/hw4_interfaces/share/hw4_interfaces/cmake/export_hw4_interfaces__rosidl_generator_cExport.cmake
-- Up-to-date: /home/mike54pfeiffer/Desktop/School/ROB599/ROB599_ws/install/hw4_interfaces/share/hw4_interfaces/cmake/export_hw4_interfaces__rosidl_generator_cExport-noconfig.cmake
-- Up-to-date: /home/mike54pfeiffer/Desktop/School/ROB599/ROB599_ws/install/hw4_interfaces/share/hw4_interfaces/cmake/export_hw4_interfaces__rosidl_typesupport_fastrtps_cExport.cmake
-- Up-to-date: /home/mike54pfeiffer/Desktop/School/ROB599/ROB599_ws/install/hw4_interfaces/share/hw4_interfaces/cmake/export_hw4_interfaces__rosidl_typesupport_fastrtps_cExport-noconfig.cmake
-- Up-to-date: /home/mike54pfeiffer/Desktop/School/ROB599/ROB599_ws/install/hw4_interfaces/share/hw4_interfaces/cmake/hw4_interfaces__rosidl_typesupport_introspection_cExport.cmake
-- Up-to-date: /home/mike54pfeiffer/Desktop/School/ROB599/ROB599_ws/install/hw4_interfaces/share/hw4_interfaces/cmake/hw4_interfaces__rosidl_typesupport_introspection_cExport-noconfig.cmake
-- Up-to-date: /home/mike54pfeiffer/Desktop/School/ROB599/ROB599_ws/install/hw4_interfaces/share/hw4_interfaces/cmake/hw4_interfaces__rosidl_typesupport_cExport.cmake
-- Up-to-date: /home/mike54pfeiffer/Desktop/School/ROB599/ROB599_ws/install/hw4_interfaces/share/hw4_interfaces/cmake/hw4_interfaces__rosidl_typesupport_cExport-noconfig.cmake
-- Up-to-date: /home/mike54pfeiffer/Desktop/School/ROB599/ROB599_ws/install/hw4_interfaces/share/hw4_interfaces/cmake/export_hw4_interfaces__rosidl_generator_cppExport.cmake
-- Up-to-date: /home/mike54pfeiffer/Desktop/School/ROB599/ROB599_ws/install/hw4_interfaces/share/hw4_interfaces/cmake/export_hw4_interfaces__rosidl_typesupport_fastrtps_cppExport.cmake
-- Up-to-date: /home/mike54pfeiffer/Desktop/School/ROB599/ROB599_ws/install/hw4_interfaces/share/hw4_interfaces/cmake/export_hw4_interfaces__rosidl_typesupport_fastrtps_cppExport-noconfig.cmake
-- Up-to-date: /home/mike54pfeiffer/Desktop/School/ROB599/ROB599_ws/install/hw4_interfaces/share/hw4_interfaces/cmake/hw4_interfaces__rosidl_typesupport_introspection_cppExport.cmake
-- Up-to-date: /home/mike54pfeiffer/Desktop/School/ROB599/ROB599_ws/install/hw4_interfaces/share/hw4_interfaces/cmake/hw4_interfaces__rosidl_typesupport_introspection_cppExport-noconfig.cmake
-- Up-to-date: /home/mike54pfeiffer/Desktop/School/ROB599/ROB599_ws/install/hw4_interfaces/share/hw4_interfaces/cmake/hw4_interfaces__rosidl_typesupport_cppExport.cmake
-- Up-to-date: /home/mike54pfeiffer/Desktop/School/ROB599/ROB599_ws/install/hw4_interfaces/share/hw4_interfaces/cmake/hw4_interfaces__rosidl_typesupport_cppExport-noconfig.cmake
-- Up-to-date: /home/mike54pfeiffer/Desktop/School/ROB599/ROB599_ws/install/hw4_interfaces/share/hw4_interfaces/cmake/export_hw4_interfaces__rosidl_generator_pyExport.cmake
-- Up-to-date: /home/mike54pfeiffer/Desktop/School/ROB599/ROB599_ws/install/hw4_interfaces/share/hw4_interfaces/cmake/export_hw4_interfaces__rosidl_generator_pyExport-noconfig.cmake
-- Up-to-date: /home/mike54pfeiffer/Desktop/School/ROB599/ROB599_ws/install/hw4_interfaces/share/hw4_interfaces/cmake/rosidl_cmake-extras.cmake
-- Up-to-date: /home/mike54pfeiffer/Desktop/School/ROB599/ROB599_ws/install/hw4_interfaces/share/hw4_interfaces/cmake/ament_cmake_export_dependencies-extras.cmake
-- Up-to-date: /home/mike54pfeiffer/Desktop/School/ROB599/ROB599_ws/install/hw4_interfaces/share/hw4_interfaces/cmake/ament_cmake_export_include_directories-extras.cmake
-- Up-to-date: /home/mike54pfeiffer/Desktop/School/ROB599/ROB599_ws/install/hw4_interfaces/share/hw4_interfaces/cmake/ament_cmake_export_libraries-extras.cmake
-- Up-to-date: /home/mike54pfeiffer/Desktop/School/ROB599/ROB599_ws/install/hw4_interfaces/share/hw4_interfaces/cmake/ament_cmake_export_targets-extras.cmake
-- Up-to-date: /home/mike54pfeiffer/Desktop/School/ROB599/ROB599_ws/install/hw4_interfaces/share/hw4_interfaces/cmake/rosidl_cmake_export_typesupport_targets-extras.cmake
-- Up-to-date: /home/mike54pfeiffer/Desktop/School/ROB599/ROB599_ws/install/hw4_interfaces/share/hw4_interfaces/cmake/rosidl_cmake_export_typesupport_libraries-extras.cmake
-- Up-to-date: /home/mike54pfeiffer/Desktop/School/ROB599/ROB599_ws/install/hw4_interfaces/share/hw4_interfaces/cmake/hw4_interfacesConfig.cmake
-- Up-to-date: /home/mike54pfeiffer/Desktop/School/ROB599/ROB599_ws/install/hw4_interfaces/share/hw4_interfaces/cmake/hw4_interfacesConfig-version.cmake
-- Up-to-date: /home/mike54pfeiffer/Desktop/School/ROB599/ROB599_ws/install/hw4_interfaces/share/hw4_interfaces/package.xml
